ARM GAS  C:\Users\Pasquale\AppData\Local\Temp\cc6P0Z1G.s 			page 1


   1              		.cpu cortex-m4
   2              		.eabi_attribute 20, 1
   3              		.eabi_attribute 21, 1
   4              		.eabi_attribute 23, 3
   5              		.eabi_attribute 24, 1
   6              		.eabi_attribute 25, 1
   7              		.eabi_attribute 26, 1
   8              		.eabi_attribute 30, 2
   9              		.eabi_attribute 34, 1
  10              		.eabi_attribute 18, 4
  11              		.file	"chcore_v7m.c"
  12              		.section	.gnu.lto_.profile.eda50bbf,"",%progbits
  13 0000 789C6363 		.ascii	"x\234cc```\001bF\006]\011\000\000\352\000Q"
  13      60606001 
  13      6246065D 
  13      090000EA 
  13      0051
  14              		.text
  15              		.section	.gnu.lto_.icf.eda50bbf,"",%progbits
  16 0000 789C6363 		.ascii	"x\234cc``\020a@\000f\206\265k\357\034fd^\266}\3715v"
  16      60601061 
  16      40006686 
  16      B56BEF1C 
  16      66645EB6 
  17 0018 96278F56 		.ascii	"\226'\217V\237bd\000\000a\224\011<"
  17      9F626400 
  17      00619409 
  17      3C
  18              		.text
  19              		.section	.gnu.lto_.jmpfuncs.eda50bbf,"",%progbits
  20 0000 789C6363 		.ascii	"x\234cc``\340e@\000f(\301\002\242\001\002c\000\036"
  20      6060E065 
  20      40006628 
  20      C102A201 
  20      0263001E 
  21              		.text
  22              		.section	.gnu.lto_.inline.eda50bbf,"",%progbits
  23 0000 789C6363 		.ascii	"x\234cc``pe@\000f\006\006^\021F\006&\201\015\271\014"
  23      60607065 
  23      40006606 
  23      065E1146 
  23      0626810D 
  24 0016 6C0BE499 		.ascii	"l\013\344\231@bL\334`\011v6\2408\307\001;\2708\013\003"
  24      40624CDC 
  24      60097636 
  24      A038C701 
  24      3BB8380B 
  25 002b 17375088 		.ascii	"\0277P\210\347L\004\\\210\221\013D\002\000\3677\006"
  25      E74C045C 
  25      88910B44 
  25      0200F737 
  25      06
  26 003c 72       		.ascii	"r"
  27              		.text
  28              		.section	.gnu.lto_.pureconst.eda50bbf,"",%progbits
  29 0000 789C6363 		.ascii	"x\234cc``\340\002bf\206]\214\314\273\030Yv1\002\000"
  29      6060E002 
ARM GAS  C:\Users\Pasquale\AppData\Local\Temp\cc6P0Z1G.s 			page 2


  29      6266865D 
  29      8CCCBB18 
  29      59763102 
  30 0015 0C38024C 		.ascii	"\0148\002L"
  31              		.text
  32              		.section	.gnu.lto__port_irq_epilogue.part.0.eda50bbf,"",%progbits
  33 0000 789C9D54 		.ascii	"x\234\235T\377k\024W\020\237\331\267\273w\271\236\021"
  33      FF6B1457 
  33      109FD9B7 
  33      BB77B99E 
  33      11
  34 0011 823F5490 		.ascii	"\202?T\220r\201\006\021$\253\224\322\366\007\177\250"
  34      72810611 
  34      24AB94D2 
  34      F6077FA8 
  35 0021 81823F1C 		.ascii	"\201\202?\034-\271?@\3325j\250\311\035wg\311oy&9\357"
  35      2DB93F40 
  35      DA356AA8 
  35      C91D7767 
  35      C96F7926 
  36 0037 6C821449 		.ascii	"l\202\024I\316plz\207B\323R\322\326\306j\022\253\211"
  36      CE706C7A 
  36      8742D352 
  36      D2D6C66A 
  36      12AB89
  37 004a F9E6B7C6 		.ascii	"\371\346\267\306\324\244Q\250El\022S\277\2266H\250\202"
  37      D4A451A8 
  37      456C1253 
  37      BF963648 
  37      A882
  38 005c 4967DE6E 		.ascii	"Ig\336n\214m\251\224.w\357\275\23173\237\231\371\314"
  38      8C6DA994 
  38      2E77EFBD 
  38      9937339F 
  38      99F9CC
  39 006f AE09002F 		.ascii	"\256\011\000/\031\000'h\177\213\376\350\0034?\272L\007"
  39      19002768 
  39      7F8BFEE8 
  39      03343FBA 
  39      4C07
  40 0081 1335B56B 		.ascii	"\0235\265k\232\310\254\007\031\320y\015\0124X\273\317"
  40      9AC8AC07 
  40      19D0790D 
  40      0A3458BB 
  40      CF
  41 0092 AF2F1F0C 		.ascii	"\257/\037\014D>H?B\275\251\011\335\300zl\021\255\002"
  41      443E483F 
  41      42BDA909 
  41      DDC07A6C 
  41      11AD02
  42 00a5 07D373BD 		.ascii	"\007\323s\275\332\206NI\317\300\341\207\276\3752\365"
  42      DA864E49 
  42      CFC0E187 
  42      BEFD32F5 
  43 00b5 A22300B2 		.ascii	"\242#\000\262\364\347\007\273q\003\220\331\364\261\305"
  43      F4E707BB 
  43      710390D9 
ARM GAS  C:\Users\Pasquale\AppData\Local\Temp\cc6P0Z1G.s 			page 3


  43      F4B1C5
  44 00c4 B655A6CE 		.ascii	"\266U\246\316z<\216\246Z\220\364W\232\276rD\263p\004"
  44      7A3C8EA6 
  44      5A90F457 
  44      9ABE7244 
  44      B37004
  45 00d7 A24EE2EF 		.ascii	"\242N\342\357c\271\231b\0265\014\221\370\341\205\331"
  45      63B99962 
  45      16350C91 
  45      F8E185D9 
  46 00e7 23ABC5EB 		.ascii	"#\253\305\353\310\021\356\366\337y\024,;*e\203\034X"
  46      C811EEF6 
  46      DF79142C 
  46      3B2A6583 
  46      1C58
  47 00f9 C8971C6D 		.ascii	"\310\227\034m\224\347\245\356\010\201'Qp\324\023\270"
  47      94E7A5EE 
  47      08812751 
  47      70D413B8 
  48 0109 0EBFC175 		.ascii	"\016\277\301u\012u\005\020{\260\314\005\353%\324\247"
  48      0A750510 
  48      7BB0CC05 
  48      EB25D4A7 
  49 0119 FA2695EF 		.ascii	"\372&\225\357\302\247kt\340\213\254P\020s\315#g|b\213"
  49      C2A76B74 
  49      E08BAC50 
  49      1073CD23 
  49      677C628B 
  50 012d 3A5FBA76 		.ascii	":_\272vgJ\363\340~i\177\271\277\347\266\224\207$:B\307"
  50      674AF3E0 
  50      7E697FB9 
  50      BFE7B694 
  50      87243A42 
  51 0142 53CF05FC 		.ascii	"S\317\005\374\226\001\373\010\3604\227I\013\002\010"
  51      9601FB08 
  51      F0349749 
  51      0B0208
  52 0151 D692CDB1 		.ascii	"\326\222\315\261\007\217\316\232\034\364\220j\326'\215"
  52      078FCE9A 
  52      1CF4906A 
  52      D6278D
  53 0160 295583DB 		.ascii	")U\203\333\226g\343\341\031,\343\324\277\2340\244\\"
  53      9667E3E1 
  53      192CE3D4 
  53      BF9C30A4 
  53      5C
  54 0171 5C4A4BF9 		.ascii	"\\JK\371\343+%A\004\216\243\001\337\010\265\352\340"
  54      E32B2541 
  54      048EA301 
  54      DF08B5EA 
  54      E0
  55 0182 08C3A0C5 		.ascii	"\010\303\240\305\004\310P\313\231\243\014\011\264\213"
  55      04C850CB 
  55      99A30C09 
  55      B48B
  56 0190 034253FB 		.ascii	"\003BS\373=\3347\335\335\2620\216nF\000in|\366`6\257"
  56      3DDC37DD 
ARM GAS  C:\Users\Pasquale\AppData\Local\Temp\cc6P0Z1G.s 			page 4


  56      DDB2308E 
  56      6E460069 
  56      6E7CF660 
  57 01a6 97B6625E 		.ascii	"\227\266b^\266\207\034\341\343\012\236L\247f\212t\215"
  57      B6871CE1 
  57      E30A9E4C 
  57      A7668A74 
  57      8D
  58 01b7 D0FBB154 		.ascii	"\320\373\261T\3254:\335\335g\222\006\007P\317Q\217\000"
  58      D5343ADD 
  58      DD679206 
  58      0750CF51 
  58      8F00
  59 01c9 CFA20E73 		.ascii	"\317\242\016s\330\020R\205Q2\254%\371f\363\301\221\022"
  59      D8105285 
  59      5132AC25 
  59      F966F3C1 
  59      9112
  60 01db EEA42A1F 		.ascii	"\356\244*\037\356b\303|\3723\301\212\234\320<\233\220"
  60      EE62C37C 
  60      FA33C18A 
  60      9CD03C9B 
  60      90
  61 01ec BAEF611F 		.ascii	"\272\357a\037\215,\032\235\375]\223;\\\023A*\202\233"
  61      8D2C1A9D 
  61      FD5D933B 
  61      5C13412A 
  61      829B
  62 01fe FC79386B 		.ascii	"\374y8k\270\303psiii5\016R;\376\352)8\366\303\333\035"
  62      B8C37073 
  62      69696935 
  62      0E523BFE 
  62      EA2938F6 
  63 0215 A900EBC8 		.ascii	"\251\000\353\310g\266s\276\255\210}\204\353C*\347\267"
  63      67B673BE 
  63      AD887D84 
  63      EB432AE7 
  63      B7
  64 0226 CC8D6001 		.ascii	"\314\215`\001?&\262\374\024\030\207\270\251\244?\267"
  64      3F26B2FC 
  64      141887B8 
  64      A9A43FB7 
  65 0236 383A26AC 		.ascii	"8:&\254.\246\276\260\323\021E8\214\005lS\203\212#h\361"
  65      2EA6BEB0 
  65      D3114538 
  65      8C056C53 
  65      838A2368 
  66 024b 34DE7A3C 		.ascii	"4\336z<\256\202\005\220\214\3748J\236\252\226\323Sk"
  66      AE820590 
  66      8CFC384A 
  66      9EAA96D3 
  66      536B
  67 025d DC4C754E 		.ascii	"\334LuNa9%\216yo\266\303/\332Q\315L\313\347\363_\010"
  67      6139258E 
  67      796FB6C3 
  67      2FDA51CD 
  67      4CCBE7F3 
ARM GAS  C:\Users\Pasquale\AppData\Local\Temp\cc6P0Z1G.s 			page 5


  68 0273 6F66AEE6 		.ascii	"of\256\346\20399\320\024\342\2019\367\317\201\301\363"
  68      833939D0 
  68      14E28139 
  68      F7CF81C1 
  68      F3
  69 0284 5C8D0E2E 		.ascii	"\\\215\016.97&\360o\243y\370j\300`\033o<\265g\337!\274"
  69      393726F0 
  69      6FA379F8 
  69      6AC0601B 
  69      6F3CB567 
  70 029b 40DDB8C8 		.ascii	"@\335\270\310\\^T\323\005\235\354}$\377\365\037\201"
  70      5C5E54D3 
  70      059DEC7D 
  70      24FFF51F 
  70      81
  71 02ac D2E31EA1 		.ascii	"\322\343\036\241/\260C\327\314)\351W\204^\362\010\375"
  71      2FB043D7 
  71      CC29E957 
  71      845EF208 
  71      FD
  72 02bd 29D7D71A 		.ascii	")\327\327\032`B\277cBu\272\031[&\224[\314\200p\037\033"
  72      6042BF63 
  72      4275BA19 
  72      5B26945B 
  72      CC80701F 
  73 02d2 0BFD6D6B 		.ascii	"\013\375mk\335z\015r\352\355\275\177\335W\377D\372\035"
  73      DD7A0D72 
  73      EAEDBD7F 
  73      DD57FF44 
  73      FA1D
  74 02e4 11CC52F9 		.ascii	"\021\314R\371\200\227\261\236fn\025\334\302\246\353"
  74      8097B19E 
  74      666E15DC 
  74      C2A6EB
  75 02f3 43C3B862 		.ascii	"C\303\270b\232M\015\216\373\270\201\224\027\216{\265"
  75      9A4D0D8E 
  75      FBB88194 
  75      178E7BB5 
  76 0303 1E209FCC 		.ascii	"\036 \237\314zA\215|\234\356\270V@\257u\377\205\246"
  76      7A418D7C 
  76      9CEEB856 
  76      40AF75FF 
  76      85A6
  77 0315 5AA6E97B 		.ascii	"Z\246\351{E\023\027\212W\024M\313\011e\310b\236\334"
  77      4513178A 
  77      57144DCB 
  77      0965C862 
  77      9EDC
  78 0327 8BB3AA94 		.ascii	"\213\263\252\224\011\312\212\321\364\247h\017\376\007"
  78      09CA8AD1 
  78      F4A7680F 
  78      FE07
  79 0335 DAE40ADA 		.ascii	"\332\344\012\332\017\377\206F\237R\234\362\320\014\365"
  79      0FFF8646 
  79      9F529CF2 
  79      D00CF5
  80 0344 92FD8A9A 		.ascii	"\222\375\212\232\373\301\313\220+)Hz\265\274\334\242"
ARM GAS  C:\Users\Pasquale\AppData\Local\Temp\cc6P0Z1G.s 			page 6


  80      FBC1CB90 
  80      2B29487A 
  80      B5BCDCA2 
  81 0354 9FBDBBFA 		.ascii	"\237\275\273\372\275\352hb\363\033\233\255h\302\262"
  81      BDEA6862 
  81      F31B9BAD 
  81      68C2B2
  82 0363 A33535D1 		.ascii	"\24355\321Z+\026\215'\023\326\233\225\341\212p\035Y"
  82      5A2B168D 
  82      2713D69B 
  82      95E18A70 
  82      1D59
  83 0375 D8D178D5 		.ascii	"\330\321x\325\366\017^\253)\267A\267\223u13^\225\330"
  83      F60F5EAB 
  83      29B741B7 
  83      93753133 
  83      5E95D8
  84 0388 BB27B9F5 		.ascii	"\273'\271\3659\021\252\352\222\354oU\204#\333\"V\005"
  84      3911AAEA 
  84      92EC6F55 
  84      8423DB22 
  84      5605
  85 039a 05B0B6D5 		.ascii	"\005\260\266\325\332{\366\356\250\262\354\232Dub\373"
  85      DA7BF6EE 
  85      A8B2EC9A 
  85      447562FB 
  86 03aa 2EDB2EDF 		.ascii	".\333.\337\015\301pe$T\266ic(\226\210\201\330\022\207"
  86      0DC17065 
  86      2454B669 
  86      63289688 
  86      81D81287 
  87 03be E26434F6 		.ascii	"\342d4\366\366\316w\342Q;\222|\327~?\030\216T\362\335"
  87      F6CE77E2 
  87      513B927C 
  87      D77E3F18 
  87      8E54F2DD 
  88 03d2 4632022D 		.ascii	"F2\002-\016\177\002\332?\334\375"
  88      0E7F02DA 
  88      3FDCFD
  89              		.text
  90              		.section	.gnu.lto_SVC_Handler.eda50bbf,"",%progbits
  91 0000 789C9D93 		.ascii	"x\234\235\223\337o\024U\024\307\317\231;;\273\320\345"
  91      DF6F1455 
  91      14C7CF99 
  91      3B3BBBD0 
  91      E5
  92 0011 477C3336 		.ascii	"G|36d\033m\002\011\351\310\203\001\037x\320\276\300"
  92      641B6D02 
  92      09E9C883 
  92      011F78D0 
  92      BEC0
  93 0023 C346D2FD 		.ascii	"\303F\322\375\003\010\014\013\335\3102\233\331\205T"
  93      03080C0B 
  93      DDC8329B 
  93      D98554
  94 0032 5EB8EC16 		.ascii	"^\270\354\026\026l!\006\313\262\331\254Tk\014\020B\213"
  94      166C2106 
ARM GAS  C:\Users\Pasquale\AppData\Local\Temp\cc6P0Z1G.s 			page 7


  94      CBB2D9AC 
  94      546B0C10 
  94      428B
  95 0044 2C5A28B8 		.ascii	",Z(\270]\213\264\374\260\255\024\210/\006\265\305\002"
  95      5D8BB4FC 
  95      B0AD1488 
  95      2F06B5C5 
  95      02
  96 0055 6D626213 		.ascii	"mbb\023\011\004(\236sg\320R\210&Nv's\357\371\236\357"
  96      0904289E 
  96      7367D052 
  96      88264E76 
  96      2773EFF9 
  97 006b 39E77367 		.ascii	"9\347sg\014\000\330\256\003\314C\200\327\350\031\005"
  97      0C00D8AE 
  97      03CC4380 
  97      D7E81905 
  98 007b A0F6D110 		.ascii	"\240\366\321\020\300\316\200\206\310\0172\200\260C\303"
  98      C0CE8086 
  98      C80F3280 
  98      B043C3
  99 008a 1DD82ADA 		.ascii	"\035\330*\332\004\366e\307\317jK\216H\272*\207\036\277"
  99      04F665C7 
  99      CF6A4B8E 
  99      48BA2A87 
  99      1EBF
 100 009c 2A8F56B0 		.ascii	"*\217V\260(\000r\364\347\013K\270\004Hv\255\371dQ\264"
 100      280072F4 
 100      E70B4BB8 
 100      044876AD 
 100      F96451B4 
 101 00b0 88A240D4 		.ascii	"\210\242@\324i\371\307`al>/5\014\321\362\303\313\267"
 101      69F9C760 
 101      616C3E2F 
 101      350CD1F2 
 101      C3CBB7
 102 00c3 3B168815 		.ascii	";\026\210\025\310\312\211\336{\017\203\265\237K\231"
 102      C8CA89DE 
 102      7B0F83B5 
 102      9F4B99
 103 00d2 9695FEFC 		.ascii	"\226\225\376\374\242\216\214\274$\365\242\020\3705\012"
 103      A28E8CBC 
 103      24F5A210 
 103      F8350A
 104 00e1 72C5AFB0 		.ascii	"r\305\257\260\032Oc\265r'\371\350\227\323\007\347\031"
 104      1A4F63B5 
 104      7227F9E8 
 104      97D307E7 
 104      19
 105 00f2 3A7663AD 		.ascii	":vc\255[\024\317\240\001\324\274\306[$\030o\271X\366"
 105      5B14CFA0 
 105      01D4BCC6 
 105      5B24186F 
 105      B958F6
 106 0105 8B95CAFB 		.ascii	"\213\225\312\373\352\217\367nj\236\367\235\374\033\275"
 106      EA8FF76E 
 106      6A9EF79D 
ARM GAS  C:\Users\Pasquale\AppData\Local\Temp\cc6P0Z1G.s 			page 8


 106      FC1BBD
 107 0114 67EE4A79 		.ascii	"g\356Jy@R\303:\236}\321\035{\260\266k\304W\221\323O"
 107      4052C33A 
 107      9E7DD11D 
 107      7BB0B66B 
 107      C45791D3 
 108 0129 B3345C75 		.ascii	"\2634\\uv\340VA\363#\024\205\217\224\344\256\253\273"
 108      76E05641 
 108      F3231485 
 108      8F94E4AE 
 108      ABBB
 109 013b 4F0901F6 		.ascii	"O\011\001\366Pu\342#+\260Wh\374\224\251\300$\356\034"
 109      5075E223 
 109      2BB05768 
 109      FC94A9C0 
 109      24EE1C
 110 014e 2DB5DE1F 		.ascii	"-\265\336\037\306\277;mvI\2354V\251Ns\002gN\301Fx\016"
 110      C6BF3B6D 
 110      76499D34 
 110      56A94E73 
 110      02674EC1 
 111 0165 0D3CCF43 		.ascii	"\015<\317C\234w'\311rvn\177\256]\257i\303v\231\017\025"
 111      9C7727C9 
 111      72766E7F 
 111      AE5DAF69 
 111      C376990F 
 112 017a 85C1494F 		.ascii	"\205\301IOFw\215\315\3215j\364\033\254Q0\372GK=\006"
 112      46778DCD 
 112      D1356AF4 
 112      1BAC5130 
 112      FA474B3D 
 113 018f ED6019F5 		.ascii	"\355`\031\365\202\360Q\244\027u\030\307\364/\252\011"
 113      82F051A4 
 113      177518C7 
 113      F42FAA09 
 114 019f 36E4121C 		.ascii	"6\344\022\034\342\315\226|\346\025n\302\355\177\002"
 114      E2CD967C 
 114      E6156EC2 
 114      ED7F02
 115 01ae D353D9BD 		.ascii	"\323S\331\275\2027\012Bx\232\220\212ws\216 E\246\270"
 115      82370A42 
 115      789A908A 
 115      77738E20 
 115      45A6B8
 116 01c1 7BB054ED 		.ascii	"{\260T\355J\250\202\230y\224\210!\254\020\272\347\263"
 116      4AA88298 
 116      79948821 
 116      AC10BAE7 
 116      B3
 117 01d2 74D7F749 		.ascii	"t\327\367I)\350f!o=\223P\372\300\344\355O\002\"\217"
 117      29E86621 
 117      6F3D9350 
 117      FAC0E4ED 
 117      4F02228F 
 118 01e6 0A43EBF1 		.ascii	"\012C\353\361\251N\341\235\317\375M\005Yi\016\361\331"
 118      A94EE19D 
 118      CFFD4D05 
ARM GAS  C:\Users\Pasquale\AppData\Local\Temp\cc6P0Z1G.s 			page 9


 118      59690EF1 
 118      D9
 119 01f7 7CFB92B3 		.ascii	"|\373\222\263\351cs\364\000\337\032\231\015\370\343"
 119      E96373F4 
 119      00DF1A99 
 119      0DF8E3
 120 0206 B2C1128F 		.ascii	"\262\301\022\217\2616\2031\340\005\352\355;FK7\302\013"
 120      B1368331 
 120      E005EAED 
 120      3B464B37 
 120      C20B
 121 0218 4738B9A3 		.ascii	"G8\271\243\375\324\203\2715\247=\276~N81vN\006\024\337"
 121      FDD483B9 
 121      35A73DBE 
 121      7E4E3831 
 121      764E0614 
 122 022d 8B1EDF9F 		.ascii	"\213\036\337\237\012=ms\231o?\363\245\\\034\300\177"
 122      0A3D6D73 
 122      996F3FF3 
 122      A55C1CC0 
 122      7F
 123 023e A6510569 		.ascii	"\246Q\005i\245\252}qe\244\267Jt\273s\035\353\374,\377"
 123      A5AA7D71 
 123      65A4B74A 
 123      74BB731D 
 123      EBFC2CFF 
 124 0252 EC9D7EDA 		.ascii	"\354\235~\332\265\370p\246e\237\3744\275\220g\273\364"
 124      B5F870A6 
 124      659FFC34 
 124      BD9067BB 
 124      F4
 125 0263 92D92EAB 		.ascii	"\222\331.\253\0277\267\253o\330\317`u\004\274B\261I"
 125      1737B7AB 
 125      6FD8CF60 
 125      7504BC42 
 125      B149
 126 0275 4CD3AC3D 		.ascii	"L\323\254=?\2770\353\015\303\233S\300\254\320\243\256"
 126      3FBF30EB 
 126      0DC39B53 
 126      C0ACD0A3 
 126      AE
 127 0286 15C7C8FD 		.ascii	"\025\307\310\375*\007\365\331\301\211\303\202K\001~"
 127      2A07F5D9 
 127      C189C382 
 127      4B017E
 128 0295 CF61DF73 		.ascii	"\317a\337s\214\006i\234!f4\304\214\020\376\374OF\303"
 128      8C06699C 
 128      216634C4 
 128      8C10FEFC 
 128      4F46C3
 129 02a8 1EA3E9F6 		.ascii	"\036\243\351\366_\313U\314\350\007\324U\333\200\327"
 129      5FCB55CC 
 129      E807D455 
 129      DB80D7
 130 02b7 D4377FB4 		.ascii	"\3247\177\264|\341\267`\315n\315\315\016\260v\252\363"
 130      7CE1B760 
 130      CD6ECDCD 
ARM GAS  C:\Users\Pasquale\AppData\Local\Temp\cc6P0Z1G.s 			page 10


 130      0EB076AA 
 130      F3
 131 02c8 D4CD2A95 		.ascii	"\324\315*\225=\302\331x\335\243\251\020\000\374\316"
 131      3DC2D978 
 131      DDA3A910 
 131      00FCCE
 132 02d7 EFE8F1D7 		.ascii	"\357\350\361\327\325\027\315\327\036BN\337\025\351\337"
 132      D517CDD7 
 132      1E424EDF 
 132      15E9DF
 133 02e6 AAAB33E9 		.ascii	"\252\2533\351g5\306\326\307\354\344\262\267\227\231"
 133      6735C6D6 
 133      C7ECE4B2 
 133      B79799
 134 02f5 76D2B4EC 		.ascii	"v\322\264\354x\334\336b&l'\2254\337i\010\327\207\233"
 134      78DCDE62 
 134      266C2795 
 134      34DF6908 
 134      D7879B
 135 0308 4861D94E 		.ascii	"Ha\331Nt\355\266\345\361:\013t+\325\2240\234hr\353\346"
 135      74EDB6E5 
 135      F13A0B74 
 135      2BD59430 
 135      9C6872EB 
 136 031d D4BBFFE2 		.ascii	"\324\273\377\342\020mJq\276Y\037\216\254\216\230\365"
 136      106D4A71 
 136      BE591F8E 
 136      AC8E98F5 
 137 032d 6460AEDE 		.ascii	"d`\256\336bm\336\272!jZ\361d,\271v\223e\3255B0\334\020"
 137      626DDEBA 
 137      216A5AF1 
 137      642CB976 
 137      9365D535 
 138 0345 09D5BEB9 		.ascii	"\011\325\276\2714\224H&@\254t`~\312N\274\267q\215c["
 138      34944826 
 138      40AC7460 
 138      7ECA4EBC 
 138      B7718D63 
 139 035a 91D43AEB 		.ascii	"\221\324:\353\375`8\322\300\261\245$\002\315\001\377"
 139      FD6038D2 
 139      C0B1A524 
 139      02CD01FF 
 140 036a FA75C9E8 		.ascii	"\372u\311\350\032'\366\177\232o\204\205\354\306\016"
 140      1A27F67F 
 140      9A6F8485 
 140      ECC60E
 141 0379 0927A61C 		.ascii	"\011'\246\034\375\361h\334v>\200\277\000\313\346\273"
 141      FDF168DC 
 141      763E80BF 
 141      00CBE6BB 
 142 0389 09       		.ascii	"\011"
 143              		.text
 144              		.section	.gnu.lto__port_irq_epilogue.eda50bbf,"",%progbits
 145 0000 789C9D53 		.ascii	"x\234\235S\333K\223a\030\177\237\357\375\276mm\032^"
 145      DB4B9361 
 145      187F9FEF 
 145      FDBE6D6D 
ARM GAS  C:\Users\Pasquale\AppData\Local\Temp\cc6P0Z1G.s 			page 11


 145      1A5E
 146 0012 2678312F 		.ascii	"&x1/\204\004\361K0\262\213.\312+\211A\350\037 \271F"
 146      8404F14B 
 146      30B28B2E 
 146      CA2B8941 
 146      E81F20B9 
 147 0027 0E9A93CD 		.ascii	"\016\232\223\315\302\256\366\356\340)\213\242t\015["
 147      C2AEF6EE 
 147      E0298BA2 
 147      740D5B
 148 0036 6A4AE4C0 		.ascii	"jJ\344\300C\331q\036\327\254,\317\212A\344E\344\011"
 148      43D9711E 
 148      D7AC2CCF 
 148      8A41E445 
 148      E409
 149 0048 B2151DBC 		.ascii	"\262\025\035\274P0\355y\277-\223\011\006\275\354\373"
 149      5030ED79 
 149      BF2D9309 
 149      06BDECFB 
 150 0058 BEF77D4E 		.ascii	"\276\367}N\277\347\371\275\277\251\010!?)!\263\370="
 150      BFE7F9BD 
 150      BFA90821 
 150      3F2921B3 
 150      F83D
 151 006a 860FA808 		.ascii	"\206\017\250\010\010\327&\010qj\004\201.&\023\246\025"
 151      08D72608 
 151      716A0481 
 151      2E2613A6 
 151      15
 152 007b DBB3094B 		.ascii	"\333\263\011K\240 q3\210\321\257S#\001\360\015\323\000"
 152      A0207133 
 152      88D1AF53 
 152      2301F00D 
 152      D300
 153 008d 71085494 		.ascii	"q\010T\224\300\001\227i\035\205p\325rPH\277\307p\205"
 153      C0019769 
 153      1D8570D5 
 153      725048BF 
 153      C77085
 154 00a0 6EAEAA2B 		.ascii	"n\256\252+Y\305\001?\002x\361\341\013\036B:\301\260"
 154      59C5013F 
 154      0278F1E1 
 154      0B1E423A 
 154      C1B0
 155 00b2 F9079BF5 		.ascii	"\371\007\233\365\211*1j\207G\034\0277]3R\210mnU\261"
 155      892A316A 
 155      87471C17 
 155      375D3352 
 155      886D6E55 
 156 00c7 D0462BDC 		.ascii	"\320F+\334>\251\021\210\237\002\345/B\2521\022\021Y"
 156      3EA91188 
 156      9F02E52F 
 156      42AA3112 
 156      1159
 157 00d9 88D45081 		.ascii	"\210\324P\201\357\334!\262\014\002/6\355\271\357\247"
 157      EFDC21B2 
 157      0C022F36 
ARM GAS  C:\Users\Pasquale\AppData\Local\Temp\cc6P0Z1G.s 			page 12


 157      EDB9EFA7 
 158 00e9 B5D44F05 		.ascii	"\265\324O\005\020\361\370}\274aa??R\320\343\361\356"
 158      10F1F87D 
 158      BC61613F 
 158      3F52D0E3 
 158      F1EE
 159 00fb C8CCA08E 		.ascii	"\310\314\240\216\346\000\217\014t\336\361%\244\2652"
 159      E6008F0C 
 159      74DEF125 
 159      A4B532
 160 010a E662A161 		.ascii	"\346b\241a\337\301[\356\332+\254\331\225\344\247\"<"
 160      DFC15BEE 
 160      DA2BACD9 
 160      95E4A722 
 160      3C
 161 011b 058ACDC0 		.ascii	"\005\212\315\300\023H\201\307\220\022m\366\031\244a"
 161      134881C7 
 161      90126DF6 
 161      19A461
 162 012a 52D527D6 		.ascii	"R\325'\326/\362z\"\350!\210\276\317\340\232\357\275"
 162      2FF27A22 
 162      E82188BE 
 162      CFE09AEF 
 162      BD
 163 013b DAF301B6 		.ascii	"\332\363\001\266\007\361(\363\336XS+\263x)\2208\327"
 163      07F128F3 
 163      DE58532B 
 163      B3782990 
 163      38D7
 164 014d 902FA30D 		.ascii	"\220/\243\015\253\367p\247\020\357\234\301\001\021\212"
 164      ABF770A7 
 164      10EF9CC1 
 164      01118A
 165 015c 402F77D3 		.ascii	"@/w\323\235\374@\037\250\240\237\323\203/@\222\202\034"
 165      9DFC401F 
 165      A8A09FD3 
 165      832F4092 
 165      821C
 166 016e B4A5A97B 		.ascii	"\264\245\251{M\233:\002M\314\247\367S\211't,\3642\215"
 166      4D9B3A02 
 166      4DCCA7F7 
 166      53892774 
 166      2CF4328D 
 167 0182 2860D303 		.ascii	"(`\323\003\220J\270\345[dvN@\013\014\342\255\361\266"
 167      904AB8E5 
 167      5B64764E 
 167      400B0CE2 
 167      ADF1B6
 168 0195 0984147E 		.ascii	"\011\204\024~\332\006\206\226\022R\307c\331*\036\373"
 168      DA068696 
 168      1252C763 
 168      D92A1EFB 
 169 01a5 A3B3FBAD 		.ascii	"\243\263\373\255N\311~\316\263!\014\"\222\353\322+\024"
 169      4EC97ECE 
 169      B3210C22 
 169      92EBD22B 
 169      14
ARM GAS  C:\Users\Pasquale\AppData\Local\Temp\cc6P0Z1G.s 			page 13


 170 01b6 10B202E1 		.ascii	"\020\262\002\341\236\365\226\255w\300\247k\240\002f"
 170      9EF596AD 
 170      77C0A76B 
 170      A00266
 171 01c5 782BC293 		.ascii	"x+\302\223jN\212Z\231\325\031\354\253\223\242G\366\336"
 171      6A4E8A5A 
 171      99D519EC 
 171      AB93A247 
 171      F6DE
 172 01d7 CDF6A369 		.ascii	"\315\366\243iezuJj\206F'\216\2108\032x\201\324\016\361"
 172      657A754A 
 172      6A864627 
 172      8E88381A 
 172      7881D40E 
 173 01ec 3ED079FD 		.ascii	">\320y\375R \240\225;\230\307\311}\373\340%4C\275\242"
 173      5220A095 
 173      3B98C7C9 
 173      7DFBE025 
 173      3443BDA2 
 174 0200 11780532 		.ascii	"\021x\0052\002\2727*\003R\024\216F\021\277\214-\265"
 174      02BA372A 
 174      0352148E 
 174      4611BF8C 
 174      2DB5
 175 0212 28D700C0 		.ascii	"(\327\000\300\222`\030\013-\201gn(;\026\204\021]\221"
 175      9260180B 
 175      2D81676E 
 175      283B1684 
 175      115D91
 176 0225 E07A6234 		.ascii	"\340zb4\202\300\353\330%\326 \241\213\311(\226\010P"
 176      82C0EBD8 
 176      25D620A1 
 176      8BC92896 
 176      0850
 177 0237 45681818 		.ascii	"Eh\030\030\014F\346\324\216_L\343\247Z/\025\021\364"
 177      0C46E6D4 
 177      8E5F4CE3 
 177      A75A2F15 
 177      11F4
 178 0249 0D385066 		.ascii	"\0158Pf:%^$\355\331\177\305\025'\231\306\177HfD\221"
 178      3A255E24 
 178      EDD97FC5 
 178      152799C6 
 178      7F486644 
 179 025e CC363B22 		.ascii	"\3146;\"v2\272\227d\032t1\311H\273%\223\023\300\352"
 179      7632BA97 
 179      641A7431 
 179      C948BB25 
 179      9313C0EA 
 180 0272 63DCA98A 		.ascii	"c\334\251\212w\2564R\016E`|\267d&P)\223\\2\223;$\263"
 180      77AE3452 
 180      0E45607C 
 180      B7642650 
 180      29935C32 
 181 028a D9F47140 		.ascii	"\331\364q@\367G\015\243\212\032\246\0245\304_\375\364"
 181      F7470DA3 
 181      8A1AA614 
ARM GAS  C:\Users\Pasquale\AppData\Local\Temp\cc6P0Z1G.s 			page 14


 181      35C45FFD 
 181      F4
 182 029b F6D5F3FA 		.ascii	"\366\325\363\372\012!R\354\357\366\025\031QV5\012\034"
 182      0A2152EC 
 182      EFF61519 
 182      5156350A 
 182      1C
 183 02ac 4D783A9C 		.ascii	"Mx:\234\231)\343\317Xl.2[\355YG\263d\253]6Z-\026k\211"
 183      9929E3CF 
 183      586C2E32 
 183      5BED5947 
 183      B364AB5D 
 184 02c6 5C6AB595 		.ascii	"\\j\265\225\331\345\343\371\206\\C9F\030\2556S\341\205"
 184      D9E5E3F9 
 184      865C4339 
 184      4618AD36 
 184      53E185
 185 02d9 23964C23 		.ascii	"#\226L#Q\027\235\266\233N\331\314\377\223]LN\354\221"
 185      51179DB6 
 185      9B4ED9CC 
 185      FF935D4C 
 185      4EEC91
 186 02ec 652A2FE3 		.ascii	"e*/\3439r\256\241 \257@\316\305$9\257\304x\356\374\031"
 186      3972AEA1 
 186      20AF40CE 
 186      C52439AF 
 186      C478EEFC 
 187 0301 936CB4D8 		.ascii	"\223l\264\330\315\366\302\263F#\226H2\024\344\353y\023"
 187      CDF6C2B3 
 187      46239648 
 187      3214E4EB 
 187      7913
 188 0313 A5367386 		.ascii	"\2456s\206>\355\020\021lDm1Y\254\266\213\3447\377\233"
 188      3EED1011 
 188      6C446D31 
 188      59ACB68B 
 188      E437FF9B 
 189 0327 894F     		.ascii	"\211O"
 190              		.text
 191              		.section	.gnu.lto_.symbol_nodes.eda50bbf,"",%progbits
 192 0000 789C6363 		.ascii	"x\234cc``\250\001b\006\246\015L\365\014\014\023\316"
 192      6060A801 
 192      6206A60D 
 192      4CF50C0C 
 192      13CE
 193 0012 3130D433 		.ascii	"10\32430\356l9\330\340\300\300\300\270\212\251\236\021"
 193      30EE6C39 
 193      D8E0C0C0 
 193      C0B88AA9 
 193      9E11
 194 0024 2CC6C0D0 		.ascii	",\306\300\320\260\000$\260\232\251\236\011Y\200i9S="
 194      B00024B0 
 194      9AA99E09 
 194      59806939 
 194      533D
 195 0036 335417C3 		.ascii	"3T\027\303\256\006G\240\310\012\246z\026\024\021\306"
 195      AE0647A0 
ARM GAS  C:\Users\Pasquale\AppData\Local\Temp\cc6P0Z1G.s 			page 15


 195      C80AA67A 
 195      161411C6 
 196 0046 954CF5AC 		.ascii	"\225L\365\2540M c\231\031X\031\226\264\277\221gfa`x"
 196      304D2063 
 196      99195819 
 196      96B4BF91 
 196      67666160 
 197 005b F4528701 		.ascii	"\364R\207\001\000\326\333\037@"
 197      00D6DB1F 
 197      40
 198              		.text
 199              		.section	.gnu.lto_.refs.eda50bbf,"",%progbits
 200 0000 789C6363 		.ascii	"x\234cc``\340\004b&\006&F~&&\001\006\000\001\213\000"
 200      6060E004 
 200      62260626 
 200      467E2626 
 200      01060001 
 201 0016 38       		.ascii	"8"
 202              		.text
 203              		.section	.gnu.lto_.decls.eda50bbf,"",%progbits
 204 0000 789CBD58 		.ascii	"x\234\275XyP\024W\032\237\327o8\006\006\260\220dM\025"
 204      79501457 
 204      1A9FD76F 
 204      380606B0 
 204      90644D15 
 205 0014 556B65A9 		.ascii	"Uke\251\222\177\302\221\270\225\354\326\326V\020u\345"
 205      927FC291 
 205      B895ECD6 
 205      D6561075 
 205      E5
 206 0025 0F37D690 		.ascii	"\0177\326\220\2446\265TM\3100\0216\\\231\0317\372\307"
 206      A436B554 
 206      4DC83011 
 206      365C9919 
 206      37FAC7
 207 0038 EE360114 		.ascii	"\3566\001\024E\003**\227\202\200\007\012\212\007x \267"
 207      45032A2A 
 207      97828007 
 207      0A8A0778 
 207      20B7
 208 004a 80A2A001 		.ascii	"\200\242\240\001E0 \210\010\210\310\345\201\012\312"
 208      45302088 
 208      0888C8E5 
 208      810ACA
 209 0059 7EEFBDEE 		.ascii	"~\357\275\356\351\246\001\263\233\332\332.\276\356\371"
 209      E9A601B3 
 209      9BDADA2E 
 209      BEEEF9
 210 0068 DEFBDEEF 		.ascii	"\336\373\336\357;\337\205\255J\245\372\307\"\225\312"
 210      3BDF85AD 
 210      4AA5FAC7 
 210      2295CA
 211 0077 4DAD52C5 		.ascii	"M\255R\305!\225j\032\036\370\251\252RI\217-P)P9P%P5"
 211      21956A1A 
 211      1EF8A9AA 
 211      52498F2D 
 211      50295039 
ARM GAS  C:\Users\Pasquale\AppData\Local\Temp\cc6P0Z1G.s 			page 16


 212 008f D045A0AB 		.ascii	"\320E\240\253\252\331\317w\200\341\002\337/\201\\\201"
 212      AAD9CF77 
 212      80E102DF 
 212      2F815C81 
 213 009f DC800681 		.ascii	"\334\200\006\201\306\200\226\000\325\003M\002\365\003"
 213      C6809600 
 213      D5034D02 
 213      F503
 214 00ad 3503E981 		.ascii	"5\003\351\201^\001\275\006\272\0024\015\304\001\365"
 214      5E01BD06 
 214      BA02340D 
 214      C401F5
 215 00bc 01DD95E9 		.ascii	"\001\335\225\351V\003\256\0061\235\242\035\312'\236"
 215      5603AE06 
 215      319DA21D 
 215      CA279E
 216 00cb C8BC41F7 		.ascii	"\310\274A\367\244\240\313\031I~U\313\260\027\000\271"
 216      A4A0CB19 
 216      497E55CB 
 216      B01700B9 
 217 00db 02BD8566 		.ascii	"\002\275\205fco\2066\255\200\275D\206?&\303\214\000"
 217      636F8636 
 217      AD80BD44 
 217      863F26C3 
 217      8C00
 218 00ed FA06C817 		.ascii	"\372\006\310\027(\022\350<\264\023\250/\340e'\304,\032"
 218      2812E83C 
 218      B413A82F 
 218      E06527C4 
 218      2C1A
 219 00ff 7E9B041D 		.ascii	"~\233\004\035\304/Q\247\362I\301\350|UY\205c\027\352"
 219      C42F51A7 
 219      F249C1E8 
 219      7C555985 
 219      6317EA
 220 0112 44100FB4 		.ascii	"D\020\017\264\200\266\"\304\336\360%D\371i\361A\254"
 220      80B622C4 
 220      DEF02544 
 220      F969F141 
 220      AC
 221 0123 1D5A39F6 		.ascii	"\035Z9\366\021D\011#\016A\326\026N\300\340D\\\372'\000"
 221      11440923 
 221      0E41D616 
 221      4EC0E044 
 221      5CFA2700 
 222 0137 20392AEB 		.ascii	" 9*\353g\352\304\207y\306~\310\306\261&NR&\0332\313"
 222      67EAC487 
 222      79C67EC8 
 222      C6B1264E 
 222      52261B32 
 223 014c 5695B5DB 		.ascii	"V\225\265\333j\224\344$\022\202psh\3531m7\272\003\275"
 223      6A94E424 
 223      12827073 
 223      68EB316D 
 223      37BA03BD 
 224 0160 5FA854C9 		.ascii	"_\250T\311\366\020ch\235\332V^\242\305\034\375]\264"
 224      F6106368 
ARM GAS  C:\Users\Pasquale\AppData\Local\Temp\cc6P0Z1G.s 			page 17


 224      9DDA565E 
 224      A2C51CFD 
 224      5DB4
 225 0172 F972BA0B 		.ascii	"\371r\272\013v\247\277_l\312(\261\365*\340\331c\237"
 225      76A7BF5F 
 225      6CCA28B1 
 225      F52AE0D9 
 225      639F
 226 0184 8F55A804 		.ascii	"\217U\250\004a1\240\265\323\023\225.\211\030\271: \016"
 226      6131A0B5 
 226      D313952E 
 226      8918B93A 
 226      200E
 227 0196 D8E6D1AB 		.ascii	"\330\346\321\253{\035\201us@\013\200-\330:\235b\263"
 227      7B1D8175 
 227      73400B80 
 227      2DD83A9D 
 227      62B3
 228 01a8 68371998 		.ascii	"h7\031\230\034\313/\340\320\227o\243s\310\035\235E\356"
 228      1CCB2FE0 
 228      D0976FA3 
 228      73C81D9D 
 228      45EE
 229 01ba 60CE7904 		.ascii	"`\316y\004\223\004E\252\031\322\343\242Mm\334\273\331"
 229      930445AA 
 229      19D2E3A2 
 229      4D6DDCBB 
 229      D9
 230 01cb 7C65375F 		.ascii	"|e7_y+\3033\353\352\306\204\3530\356K*\207\212\021F"
 230      792BC333 
 230      EBEAC684 
 230      EB30EE4B 
 230      2A878A11 
 231 01e0 679017F1 		.ascii	"g\220\027\361\242\230hG\247Q7B\247P\0278Q\212\336\205"
 231      A2986847 
 231      A7513742 
 231      A7501738 
 231      518ADE85 
 232 01f4 F18F1A4F 		.ascii	"\361\217\032O\236t\301\311\210\032\375f\305e3\024\337"
 232      9E74C1C9 
 232      881AFD66 
 232      C5653314 
 232      DF
 233 0205 4C385362 		.ascii	"L8Sb\017\212\273y\276r\242`\351\353\242\001>\301\201"
 233      0F8ABB79 
 233      BE72A260 
 233      E9EBA201 
 233      3EC181
 234 0218 0AA10B92 		.ascii	"\012\241\013\222\326\013\202\317\250\234j\273\333}`"
 234      D60B82CF 
 234      A89C6ABB 
 234      DB7D60
 235 0227 DC117730 		.ascii	"\334\021w0m\235\361;\246\\\004\204\361\177\246\363\325"
 235      6D9DF13B 
 235      A65C0484 
 235      F17FA6F3 
 235      D5
ARM GAS  C:\Users\Pasquale\AppData\Local\Temp\cc6P0Z1G.s 			page 18


 236 0238 1C1D5D21 		.ascii	"\034\035]!\215\256\020GW\322\321\207k\237\034\300x\224"
 236      8DAE1047 
 236      57D2D187 
 236      6B9F1CC0 
 236      7894
 237 024a 8DDE543C 		.ascii	"\215\336T<1\352\014\243\263\251\343\037\365\237\346"
 237      31EA0CA3 
 237      B3A9E31F 
 237      F59FE6
 238 0259 F978B05B 		.ascii	"\371x\260[M1\252$\214*\245\337\325\024\253k\364q\275"
 238      4D31AA24 
 238      8C2AA5DF 
 238      D514AB6B 
 238      F471BD
 239 026c 239E6258 		.ascii	"#\236bXWN\236i\301\002V\363\257\323\371\312\357y>\206"
 239      574E9E69 
 239      C10256F3 
 239      AFD3F9CA 
 239      EF793E86 
 240 0280 59532321 		.ascii	"YS#!\325(\221.R\244\354\324g\017lq\022+\201\306\332"
 240      D528912E 
 240      52A4ECD4 
 240      670F6C71 
 240      122B81C6 
 241 0295 96543B9C 		.ascii	"\226T;\234O\031u\306\305\222aG\244qG\020B\344\271\211"
 241      4F1975C6 
 241      C5926147 
 241      A4714710 
 241      42E4B989 
 242 02a9 E7013636 		.ascii	"\347\00166\031\346\031\372\300\035\371\270\253P\003"
 242      19E619FA 
 242      C01DF9B8 
 242      AB5003
 243 02b8 F244F508 		.ascii	"\362D\365\010\026\012t\011D.C\224\323y{\332\222\316"
 243      160A7409 
 243      442E4394 
 243      D3797BDA 
 243      92CE
 244 02ca 27F0FC02 		.ascii	"'\360\374\002\372\363\240XC*\302\242:!&,\013\323u\243"
 244      FAF3A058 
 244      432AC2A2 
 244      3A21262C 
 244      0BD375A3 
 245 02de 05F6F28C 		.ascii	"\005\366\362\214\021\021)eWf\244\354Q\377\336\003\032"
 245      11112965 
 245      5766A4EC 
 245      51FFDE03 
 245      1A
 246 02ef 21E0D38D 		.ascii	"!\340\323\215\177x)\244\014\204P\255\344f\255\030\364"
 246      7F7829A4 
 246      0C8450AD 
 246      E466AD18 
 246      F4
 247 0300 ABD4BD1F 		.ascii	"\253\324\275\037\343\21221+U5\260c\215\351\367\234Y"
 247      E38A3231 
 247      2B5535B0 
 247      638DE9F7 
ARM GAS  C:\Users\Pasquale\AppData\Local\Temp\cc6P0Z1G.s 			page 19


 247      9C59
 248 0312 A92E0676 		.ascii	"\251.\006v8\356~\267#\353]\004lLqn\222\026\267\261X"
 248      38EE7EB7 
 248      23EB5D04 
 248      6C4C716E 
 248      9216B7B1 
 249 0327 64758C15 		.ascii	"du\214\025\332\341N\312p\255\323\003\003\016H\353\271"
 249      DAE14ECA 
 249      70ADD303 
 249      030E48EB 
 249      B9
 250 0338 8544213B 		.ascii	"\205D!;\226\327\254\"\305\325\004\2266\202\245\250\005"
 250      96D7AC22 
 250      C5D50496 
 250      3682A5A8 
 250      05
 251 0349 22A1D70A 		.ascii	"\"\241\327\012&P\217+':\226f\226\363\374b\324\214\264"
 251      26508F2B 
 251      273A9666 
 251      96F3FC62 
 251      D48CB4
 252 035c E847C93E 		.ascii	"\350G\311>\275\226y\263{\317\2216\015N\305T\2278\203"
 252      BD9679B3 
 252      7BCF9136 
 252      0D4EC554 
 252      973883
 253 036f 5CD90C7A 		.ascii	"\\\331\014z\230y\373\266\026g\260\276S\365c\365\032"
 253      9879FBB6 
 253      1667B0BE 
 253      53F563F5 
 253      1A
 254 0380 9CC398F4 		.ascii	"\234\303\230\364\322'\0156L\320\036\330\366\353E\211"
 254      D2270D36 
 254      4CD01ED8 
 254      F6EB4589 
 255 0390 CEF820EB 		.ascii	"\316\370 \353\333\230[\363\302\011\3473\346\360`\327"
 255      DB985BF3 
 255      C209E733 
 255      E6F060D7 
 256 03a0 14C6058C 		.ascii	"\024\306\005\214\231<W\313\333\343\343\2149T\337^\357"
 256      993C57CB 
 256      DBE3E38C 
 256      3954DF5E 
 256      EF
 257 03b1 824F3246 		.ascii	"\202O2F\214\207+\213\307\261\201\212L\007\026\036\036"
 257      8C872B8B 
 257      C7B1818A 
 257      4C07161E 
 257      1E
 258 03c2 66B6C3AE 		.ascii	"f\266\303\256\246\263\353\221\007y<=\026zx\344\020\357"
 258      A6B3EB91 
 258      07793C3D 
 258      167A78E4 
 258      10EF
 259 03d4 C974B9D6 		.ascii	"\311t\271\326<\300\363;\264\324\267\333\340[?Z(\005"
 259      3CC0F33B 
 259      B4D4B7DB 
ARM GAS  C:\Users\Pasquale\AppData\Local\Temp\cc6P0Z1G.s 			page 20


 259      E05B3F5A 
 259      2805
 260 03e6 A38DE6CE 		.ascii	"\243\215\346\316\027^*6\240\341/P\223q\230J\337PJ_S"
 260      175E2A36 
 260      A0E12F50 
 260      9371984A 
 260      DF504A5F 
 261 03fb 4A8F7F22 		.ascii	"J\217\177\"I\267\317\215\335\204$\361\036\231\370OJ"
 261      49B7CF8D 
 261      DD8424F1 
 261      1E99F84F 
 261      4A
 262 040c 716FA5F4 		.ascii	"qo\245\364m\231t\307\234\322\324\022\226\302\326k\013"
 262      6D9974C7 
 262      9CD2D412 
 262      96C2D66B 
 262      0B
 263 041d 62781E11 		.ascii	"bx\036\021!\225\220>\225\025\251\265\3155'\226\277\344"
 263      2195903E 
 263      9515A9B5 
 263      CD352796 
 263      BFE4
 264 042f 43A1AECF 		.ascii	"C\241\256\317\355\025\323\274\235\2267\020R\253`\342"
 264      ED15D3BC 
 264      9D963710 
 264      52AB60E2 
 265 043f B9C31A0C 		.ascii	"\271\303\032\014\022\235\302\020\300E\367\241|z\221"
 265      129DC210 
 265      C045F7A1 
 265      7C7A91
 266 044e 07BA07D4 		.ascii	"\007\272\007\324\015\324\003\364\000h\000\350.P\037"
 266      0DD403F4 
 266      006800E8 
 266      2E501F
 267 045d F29069AE 		.ascii	"\362\220i\256\226\205\263U\251\370\346\254\000\275\224"
 267      9685B355 
 267      A9F8E6AC 
 267      00BD94
 268 046c B97C6B6E 		.ascii	"\271|knq\3523\244\377u\032\377\312Q+\253q\271\254\012"
 268      71EA33A4 
 268      FF751AFF 
 268      CA512BAB 
 268      71B9AC0A 
 269 0480 0D222D9D 		.ascii	"\015\"-\235Y\360%\353\337\245\374\243df-q@d#r\201\246"
 269      59F025EB 
 269      DFA5FCA3 
 269      64662D71 
 269      40642372 
 270 0496 E343E75E 		.ascii	"\343C\347^8\261&Z\325I\343yv\270\234V\032\327\325>\331"
 270      38B1265A 
 270      D549E379 
 270      76B89C56 
 270      1AD7D53E 
 271 04ab E18C1C3C 		.ascii	"\341\214\034<\023\254\350*\311\214\021\010\000\014\""
 271      13ACE82A 
 271      C98C1108 
 271      000C22
ARM GAS  C:\Users\Pasquale\AppData\Local\Temp\cc6P0Z1G.s 			page 21


 272 04ba 314643D0 		.ascii	"1FC\320\370\020\032Y\016\256\275\370c\3328\231F\303"
 272      F8101A59 
 272      0EAEBDF8 
 272      63DA3899 
 272      46C3
 273 04cc C8013D92 		.ascii	"\310\001=\222\246\321\022\007fr~\336\366\034[\\\244"
 273      A6D11207 
 273      66727EDE 
 273      F61C5B5C 
 273      A4
 274 04dd A63A4A33 		.ascii	"\246:J3\356\327r\363\351\030\237_G\322o\006\332\210"
 274      EED772F3 
 274      E9189F5F 
 274      47D26F06 
 274      DA88
 275 04ef 8E31D031 		.ascii	"\2161\3201*\351\000\225\344\003\255\240(uc\307I\265"
 275      2AE90095 
 275      E403ADA0 
 275      287563C7 
 275      49B5
 276 0501 430219C0 		.ascii	"C\002\031\300b\003SF\012\315c\"\012\005D\027.\220\256"
 276      62035346 
 276      0ACD6322 
 276      0A054417 
 276      2E90AE
 277 0514 1E2F3AA4 		.ascii	"\036/:\244e\363\012\313\326\0317\266\316\334|^\366R"
 277      65F30ACB 
 277      D61937B6 
 277      CEDC7C5E 
 277      F652
 278 0526 8B77D9D0 		.ascii	"\213w\331\320e\266 \366\310\250\032y\262e\326A\266\\"
 278      65B620F6 
 278      C8A81A79 
 278      B265D641 
 278      B65C
 279 0538 BE046B9E 		.ascii	"\276\004k\236I\313%]SG\377E\232\351:K\276\324Q>\227"
 279      49CB255D 
 279      5347FF45 
 279      9AE93A4B 
 279      BED4513E 
 280 054d C78BAC8B 		.ascii	"\307\213\254\213\362\004\270\371\222Z\363\002\000\237"
 280      F204B8F9 
 280      925AF302 
 280      009F
 281 055b 3373D2FB 		.ascii	"3s\322\373\217\026!\327d\241\020?F\024\373)\364?\241"
 281      8F1621D7 
 281      64A1103F 
 281      4614FB29 
 281      F43FA1
 282 056e D64F2257 		.ascii	"\326O\"W\321\007\312\300\210\355\243\343;m\347uwJt\327"
 282      D107CAC0 
 282      88EDA3E3 
 282      3B6DE775 
 282      774A74D7 
 283 0582 87C27F5F 		.ascii	"\207\302\177_:<\251V\302K\313\370+\012?\305\340_Q\370"
 283      3A3CA956 
 283      C24BCBF8 
ARM GAS  C:\Users\Pasquale\AppData\Local\Temp\cc6P0Z1G.s 			page 22


 283      2B0A3FC5 
 283      E05F51F8 
 284 0596 96C60759 		.ascii	"\226\306\007YX^id\025\227\360_\013\225\366\232VZ\326"
 284      585E6964 
 284      1597F05F 
 284      0B95F69A 
 284      565AD6
 285 05a9 D4649AB3 		.ascii	"\324d\232\263\\\270l\206\360\264 <M\205[;\232S58\235"
 285      5CB86C86 
 285      F0B4203C 
 285      4D855B3B 
 285      9A533538 
 286 05be C6161D29 		.ascii	"\306\026\035)\334W\344\214\363\030\223X]\223i\253\346"
 286      DC57E48C 
 286      F3189358 
 286      5D9369AB 
 286      E6
 287 05cf 542886C3 		.ascii	"T(\206\303\254x\372\222\006\252\324\362\355gl\206\335"
 287      AC78FA92 
 287      06AAD4F2 
 287      ED676C86 
 287      DD
 288 05e0 B19C7CFB 		.ascii	"\261\234|\373I<\322\177\313N<\252\034\303#\375I\333"
 288      493CD27F 
 288      CB4E3CAA 
 288      1CC323FD 
 288      49DB
 289 05f2 F8EC18FE 		.ascii	"\370\354\030\376\343K\034\021\204\365R\250\033\364="
 289      E34B1C11 
 289      84F552A8 
 289      1BF43D
 290 0601 A726DCCC 		.ascii	"\247&\334\314\3156\216#\273\321\320\301[\013\360\323"
 290      CD368E23 
 290      BBD1D0C1 
 290      5B0BF0D3 
 291 0611 F9CCA93F 		.ascii	"\371\314\251?\\\\\205\324\034+9\242\027\332\366\264"
 291      5C5C85D4 
 291      1C2B39A2 
 291      17DAF6B4 
 292 0621 E49C779A 		.ascii	"\344\234w\232\367L\223@-\334\304\011&\036-/\333\242"
 292      F74C9340 
 292      2DDCC409 
 292      261E2D2F 
 292      DBA2
 293 0633 164C1C6E 		.ascii	"\026L\034nx;7\226?\014\303\362\020\221C\361V\0037\202"
 293      783B3796 
 293      3F0CC3F2 
 293      109143F1 
 293      56033782 
 294 0647 81F14A03 		.ascii	"\201\361J\0037S\003{'\013\317\013\373\201-\260\025W"
 294      3753037B 
 294      270BCF0B 
 294      FB812DB0 
 294      1557
 295 0659 E32E38CE 		.ascii	"\343.8\316[\005\211\234P\005[8Z\006O\266\304O\010{\255"
 295      5B05899C 
 295      50055B38 
ARM GAS  C:\Users\Pasquale\AppData\Local\Temp\cc6P0Z1G.s 			page 23


 295      5A064FB6 
 295      C44F087B 
 296 066e 1DD982FA 		.ascii	"\035\331\202\3722\177\320\262\242\377\210\030\327\223"
 296      327FD0B2 
 296      A2FF8818 
 296      D793
 297 067c 7265560D 		.ascii	"reV\015n\343\334\321V\216\200\375\300\271\212\220\224"
 297      6EE3DCD1 
 297      568E80FD 
 297      C0B98A90 
 297      94
 298 068d 8111977B 		.ascii	"\201\021\227{\013\253\235\3614\013\327\261\236]\343"
 298      0BAB9DF1 
 298      340BD7B1 
 298      9E5DE3
 299 069c 36826F13 		.ascii	"6\202o\023\005>\371\261\211,\374\254\032\2228\353\254"
 299      053EF9B1 
 299      892CFCAC 
 299      1A9238EB 
 299      AC
 300 06ad 4D527A96 		.ascii	"MRz\226L=\353\316\352\337\351\204Sl)X\332\345\301\023"
 300      4C3DEBCE 
 300      EADFE984 
 300      536C2958 
 300      DAE5C113 
 301 06c1 0E0258F3 		.ascii	"\016\002X\363>\314\216L\373\331\221i\273\004\265]\011"
 301      3ECC8E4C 
 301      FBD99169 
 301      BB04B55D 
 301      09
 302 06d2 B58342DD 		.ascii	"\265\203B\335\352\253\016\301\331\266\363d1c\254\"M"
 302      EAAB0EC1 
 302      D9B6F364 
 302      3163AC22 
 302      4D
 303 06e3 23D5C94F 		.ascii	"#\325\311O#?X\353\204\244a\2475\015)\220\206\235J\015"
 303      233F58EB 
 303      84A461A7 
 303      350D2990 
 303      869D4A0D 
 304 06f7 BBA88682 		.ascii	"\273\250\206\202\306\372\016!\222\011\210\234\223\036"
 304      C6FA0E21 
 304      9209889C 
 304      931E
 305 0705 B4E76A18 		.ascii	"\264\347j\030?J\267\355\251\275g\004\336\015\330W]\311"
 305      3F4AB7ED 
 305      A9BD6704 
 305      DE0DD857 
 305      5DC9
 306 0717 C9762CD2 		.ascii	"\311v,\322\331D\374ng\377\026g|\214Y8\224\232\030\353"
 306      D944FC6E 
 306      67FF1667 
 306      7C8C5938 
 306      949A18EB 
 307 072b 326F0E33 		.ascii	"2o\0163\304\0346\262\225\342F\347\375\335Z)KjZ\212i"
 307      C41C36B2 
 307      95E246E7 
ARM GAS  C:\Users\Pasquale\AppData\Local\Temp\cc6P0Z1G.s 			page 24


 307      FDDD5A29 
 307      4B6A5A8A 
 308 0740 90A5549A 		.ascii	"\220\245T\232\245L\232%:\210M\374\366\355\302E\240\233"
 308      A54C9A25 
 308      3A884DFC 
 308      F6EDC245 
 308      A09B
 309 0752 F0C5CDB7 		.ascii	"\360\305\315\267\236i\360Y\246\270}\367\226!\033\242"
 309      9E69F059 
 309      A6B87DF7 
 309      96211BA2 
 310 0762 38161427 		.ascii	"8\026\024'\374\354Z\014#\362\372N\214h\344\312\263\270"
 310      FCEC5A0C 
 310      23F2FA4E 
 310      8C68E4CA 
 310      B3B8
 311 0774 37286FE9 		.ascii	"7(o\351\333\037'\254\261\327\011_\322w\271N<\274\220"
 311      DB1F27AC 
 311      B1D7095F 
 311      D277B94E 
 311      3CBC90
 312 0787 2894D635 		.ascii	"(\224\3265_F\270\214\031\323\235\\3=\177\024\362\304"
 312      5F46B88C 
 312      19D39D5C 
 312      333D7F14 
 312      F2C4
 313 0799 283C6186 		.ascii	"(<a\206<M.Z\251\014B\016\330\301\266\313\003\324\216"
 313      3C4D2E5A 
 313      A90C420E 
 313      D8C1B6CB 
 313      03D48E
 314 07ac 3CD18EB4 		.ascii	"<\321\216\264\275\203\3078\245\325\363J'\326\026\327"
 314      BD83C738 
 314      A5D5F34A 
 314      27D616D7 
 315 07bc 09A9BD44 		.ascii	"\011\251\275D\327\240\327\247\032\354p5\263r\347\216"
 315      D7A0D7A7 
 315      1AEC7035 
 315      B372E78E 
 316 07cc E70DF6B8 		.ascii	"\347\015\366\270"
 317 07d0 8E316786 		.ascii	"\2161g\206\217\236qb\222\225r\336M\340\037\037\035="
 317      8F9E7162 
 317      929572DE 
 317      4DE01F1F 
 317      1D3D
 318 07e2 608B1B04 		.ascii	"`\213\033\004\341\342\334\021{\245\311G\301\010vb*\344"
 318      E1E2DC11 
 318      7BA5C947 
 318      C1087662 
 318      2AE4
 319 07f4 A4259884 		.ascii	"\244%\230\204&&\357&V\232<\257\2648\221]\331DN}\261"
 319      2626EF26 
 319      569A3CAF 
 319      B438915D 
 319      D9444E7D 
 320 0809 7FD00937 		.ascii	"\177\320\01171\275\251\315'V\2109\376\371\375\226\234"
 320      31BDA9CD 
ARM GAS  C:\Users\Pasquale\AppData\Local\Temp\cc6P0Z1G.s 			page 25


 320      27568839 
 320      FEF9FD96 
 320      9C
 321 081a E287A78E 		.ascii	"\342\207\247\216;\343\0266\272\364\314\205:\3418\353"
 321      3BE31636 
 321      BAF4CC85 
 321      3AE138EB 
 322 082a 43968882 		.ascii	"C\226\210\202\252&G\334\306\372\246\222\263Ni\360\035"
 322      AA2647DC 
 322      C6FAA692 
 322      B34E69F0 
 322      1D
 323 083b C6643CEE 		.ascii	"\306d<\356| \024\274'\331^s\367\355\320\340{\254o:9"
 323      7C2014BC 
 323      27D95E73 
 323      F7EDD0E0 
 323      7BAC6F3A 
 324 0850 21CD0E0F 		.ascii	"!\315\016\0170&\245)%\327\021?b\314\344@J;b\243\264"
 324      3026A529 
 324      25D7113F 
 324      62CCE440 
 324      4A3B62A3 
 325 0865 B26A7513 		.ascii	"\262ju\023\252\365\330\263\037\3668\342\307L\366V{\334"
 325      AAF5D8B3 
 325      1FF638E2 
 325      C74CF656 
 325      7BDC
 326 0877 3941D611 		.ascii	"9A\326\021\330\330\202\362\022\233y\353\245\\\254\227"
 326      D8D882F2 
 326      129B79EB 
 326      A55CAC97 
 327 0887 32B6F21D 		.ascii	"2\266\362\035\217\357\315\267\207\301\356p\026B\262"
 327      8FEFCDB7 
 327      87C1EE70 
 327      1642B2
 328 0896 83903B3B 		.ascii	"\203\220;;\010\235\256|\\\250\306\023T\021w\242\260"
 328      089DAE7C 
 328      5CA8C613 
 328      541177A2 
 328      B0
 329 08a7 F76FC8D3 		.ascii	"\367o\310\323A<\336x\305\303\315\212C5\220\200*i\345"
 329      413CDE78 
 329      C5C3CD8A 
 329      43359080 
 329      2A69E5
 330 08ba 7127A19F 		.ascii	"q'\241\237cw\257\346<\011(\015j%\344\253\202\351\317"
 330      6377AFE6 
 330      3C09280D 
 330      6A25E4AB 
 330      82E9CF
 331 08cd CF3A7CD1 		.ascii	"\317:|\321\011\307\330Q\005w\012G\232\260\244!\3517"
 331      09C7D851 
 331      05770A47 
 331      9AB0A421 
 331      E937
 332 08df 675BC9E1 		.ascii	"g[\311\341\246\0164\\\2244\324p\363\250\250\235[\305"
 332      A60E345C 
ARM GAS  C:\Users\Pasquale\AppData\Local\Temp\cc6P0Z1G.s 			page 26


 332      9434D470 
 332      F3A8A89D 
 332      5BC5
 333 08f1 B6637915 		.ascii	"\266cy\025\266\362\345\233\340\225B\377y:7\353i\311"
 333      B6F2E59B 
 333      E09542FF 
 333      793A37EB 
 333      69C9
 334 0903 945B1786 		.ascii	"\224[\027\206\213\233\037\"V\027\377\021zS_\3425G9\372"
 334      8B9B1F22 
 334      5617FF11 
 334      7A535FE2 
 334      354739FA 
 335 0917 A537A197 		.ascii	"\2457\241\2275w|\2147So\321\323\246\216\273\010ocL\334"
 335      35777C8C 
 335      37536FD1 
 335      D3A68EBB 
 335      086F634C 
 336 092c 95CB87EC 		.ascii	"\225\313\207\354\360v\306\014\3457^\262\305{\030\323"
 336      F076C60C 
 336      E5375EB2 
 336      C57B18D3 
 337 093c DBF7F22C 		.ascii	"\333\367\362,\306\231\21498\224\263M\203\367\013cz\207"
 337      C6998C39 
 337      3894B34D 
 337      83F70B63 
 337      7A87
 338 094e 9B84BBD7 		.ascii	"\233\204\273\327V\222\273\311\321\222\033b\225\220;"
 338      5692BBC9 
 338      D1921B62 
 338      95903B
 339 095d D6E0D3FB 		.ascii	"\326\340\323\373\323\366\370\020\025\376\325\211\346"
 339      D3F6F810 
 339      15FED589 
 339      E6
 340 096a ABD91A72 		.ascii	"\253\331\032r#Z\350!=\236\3027\207O\211\341+G\036\341"
 340      235AE821 
 340      3D9EC237 
 340      874F89E1 
 340      2B471EE1 
 341 097e 8C6B0D50 		.ascii	"\214k\015P6\325\010\035\344\\Q.\304\274\225[h]\021\320"
 341      36D5081D 
 341      E45C512E 
 341      C4BC955B 
 341      685D11D0 
 342 0992 7E4E76E3 		.ascii	"~Nv\343\211\203\021\325\353\341\025\003\373\035H_\020"
 342      898311D5 
 342      EBE11503 
 342      FB1D485F 
 342      10
 343 09a3 A445DF67 		.ascii	"\244E\337g\336\217Rba\277\332\300\316\363d\312\036\026"
 343      DE8F5262 
 343      61BFDAC0 
 343      CEF364CA 
 343      1E16
 344 09b5 A4AD93EE 		.ascii	"\244\255\223\356\0207\317\275\343G\300\273N;\211<\271"
 344      1037CFBD 
ARM GAS  C:\Users\Pasquale\AppData\Local\Temp\cc6P0Z1G.s 			page 27


 344      E347C0BB 
 344      4E3B893C 
 344      B9
 345 09c6 74F44026 		.ascii	"t\364@&\356s\036\250\035\350\036\320\000\320O@\035@"
 345      EE731EA8 
 345      1DE81ED0 
 345      00D04F40 
 345      1D40
 346 09d8 37807A81 		.ascii	"7\200z\201\372\200\272\200\356\002u\003\335\002\352"
 346      FA80BA80 
 346      EE027503 
 346      DD02EA
 347 09e7 077A0074 		.ascii	"\007z\000t\033\350&P\013P\033\320\035\240NN\274\250"
 347      1BE82650 
 347      0B501BD0 
 347      1DA04E4E 
 347      BCA8
 348 09f9 C481A5E3 		.ascii	"\304\201\245\343\353\231\245'\300\322\223JK\217\313"
 348      EB99A527 
 348      C0D2934A 
 348      4B8FCB
 349 0a08 A340E2D6 		.ascii	"\243@\342\326\263!\206JgC\024\366\011\322\342\332\217"
 349      B321864A 
 349      674314F6 
 349      09D2E2DA 
 349      8F
 350 0a19 F6CE8819 		.ascii	"\366\316\210\031`\337\216\222\260\233\224\3303\256}"
 350      60DF8E92 
 350      B09B94D8 
 350      33AE7D
 351 0a28 24660DB2 		.ascii	"$f\015\262\230\345\317\0353\031\366\270\014\373\212"
 351      98E5CF1D 
 351      3319F6B8 
 351      0CFB8A
 352 0a37 52FA2652 		.ascii	"R\372&RH\277\224I7\314--\232B\3017H\342\315J\361\335"
 352      48BF9449 
 352      37CC2D2D 
 352      9A42C137 
 352      48E2CD4A 
 353 0a4d 7253C8EC 		.ascii	"rS\310\354\035\024\202\002[\037JW\006e\017\247\004\277"
 353      1D148202 
 353      5B1F4A57 
 353      06650FA7 
 353      04BF
 354 0a5f 2D8BF819 		.ascii	"-\213\370\031%x\311,\361A\231\370i\245\370\251Y\342"
 354      2578C92C 
 354      F14199F8 
 354      69A5F8A9 
 354      59E2
 355 0a71 3D32F1E2 		.ascii	"=2\361\342\271\305e\267\347\272\021Wz{\006\251\231\267"
 355      B9C565B7 
 355      E7BA1157 
 355      7A7B06A9 
 355      99B7
 356 0a83 6702D537 		.ascii	"g\002\3257\342\306n\317\004\253Q\211\325\246\214q\203"
 356      E2C66ECF 
 356      04AB5189 
ARM GAS  C:\Users\Pasquale\AppData\Local\Temp\cc6P0Z1G.s 			page 28


 356      D5A68C71 
 356      83
 357 0a94 4CF339A5 		.ascii	"L\3639\245\364\035\244Lws\224\224\356ks\026\207\014"
 357      F41DA44C 
 357      77739494 
 357      EE6B7316 
 357      870C
 358 0aa6 BB59867D 		.ascii	"\273Y\206}v\356\230\311\263-\223.\232\273\246gDXV\034"
 358      76EE98C9 
 358      B32D932E 
 358      9ABBA667 
 358      4458561C 
 359 0aba 57E776D3 		.ascii	"W\347v\323j8Y\011\204t\303y\002\025\010\342\342\266"
 359      6A385909 
 359      8474C379 
 359      021508E2 
 359      E2B6
 360 0acc 8C8E48B6 		.ascii	"\214\216H\266\220\025\263kW\223\032\217\260%\277\363"
 360      9015B36B 
 360      57931A8F 
 360      B025BFF3 
 361 0adc C1E94447 		.ascii	"\301\351DG\264\320s\316)\217\206`\246\377?f=\313\373"
 361      B4D073CE 
 361      298F8660 
 361      A6FF3F66 
 361      3DCBFB
 362 0aef EB17B670 		.ascii	"\353\027\266p}E\017A\341\240\264\335\220*\240v\347\366"
 362      7D450F41 
 362      E1A0B4DD 
 362      902AA076 
 362      E7F6
 363 0b01 F5D4A8E5 		.ascii	"\365\324\250\345\227\271\207\234\374\177\014\2178v\231"
 363      97B9879C 
 363      FC7F0C8F 
 363      387699
 364 0b10 83EF5C37 		.ascii	"\203\357\\7\277\3633n~\303\202\3600\025\256y\326Zh\207"
 364      BFF3336E 
 364      7EC382F0 
 364      3015AE79 
 364      D65A6887 
 365 0b24 9FB355BD 		.ascii	"\237\263U\275\275\261T\272-x\034\236y[\030\221\354\032"
 365      BDB154BA 
 365      2D781C9E 
 365      795B1891 
 365      EC1A
 366 0b36 511EC047 		.ascii	"Q\036\300G\351\001\374\340\304\363Dg\234h\317\376I6"
 366      E901FCE0 
 366      C4F34467 
 366      9C68CFFE 
 366      4936
 367 0b48 71523CD0 		.ascii	"qR<\3207g\314\274,\214IHcJ\244q\356]\325;\372\350(\223"
 367      3767CCBC 
 367      2C8C4948 
 367      634AA471 
 367      EE5DD53B 
 368 0b60 451F66FA 		.ascii	"E\037f\372Vo\214\016\013\217Z\273\316\350\025\035l\262"
 368      566F8C0E 
ARM GAS  C:\Users\Pasquale\AppData\Local\Temp\cc6P0Z1G.s 			page 29


 368      0B8F5ABB 
 368      CEE8151D 
 368      6CB2
 369 0b72 78F92CF5 		.ascii	"x\371,\365\362\362\206?Ch\330WaQf\337\337\371zG\231"
 369      F2F2863F 
 369      4368D857 
 369      615166DF 
 369      DFF97A47 
 370 0b87 BD0D5111 		.ascii	"\275\015Q\021\021Q\221\336d\214\331\333O\267\332\177"
 370      115191DE 
 370      648CD9DB 
 370      4FB7DA7F 
 371 0b97 F57A9030 		.ascii	"\365z\2200D\231\214\372\277\177\030\341e\260\377\323"
 371      44998CFA 
 371      BF7F18E1 
 371      65B0FFD3 
 372 0ba7 9F3F5BEC 		.ascii	"\237?[\354\357\353\253\372\355/\031\255z\213Yc\376."
 372      EFEBABFA 
 372      ED2F19AD 
 372      7A8B5963 
 372      FE2E
 373 0bb9 CC6208D5 		.ascii	"\314b\010\325\177m\212\212\320\207\231M\277\004+T\265"
 373      7F6D8A8A 
 373      D087994D 
 373      BF042B54 
 373      B5
 374 0bca 906119D7 		.ascii	"\220a\031\327\207Y\254H\216\201\237\373\353W\005G\206"
 374      8759AC48 
 374      8E819FFB 
 374      EB570547 
 374      86
 375 0bdb 841B4DAE 		.ascii	"\204\033M\256\263=\177\307\020\032h\010\0150\2571\031"
 375      B33D7FC7 
 375      101A6808 
 375      0D30AF31 
 375      19
 376 0bec 8D11D196 		.ascii	"\215\021\321\226\260\250H\235\361\333ua&c\210\215~Y"
 376      B0A8489D 
 376      F1DB7561 
 376      2663888D 
 376      7E59
 377 0bfe 5454B8E7 		.ascii	"TT\270\347\\\206\230,\336a\221\206\360u!F\3500\033B"
 377      5C86982C 
 377      DE619186 
 377      F0752146 
 377      E8301B42 
 378 0c12 4340B77A 		.ascii	"C@\267z}\264\331do2\256\0156E\350-\276\377\235\3750"
 378      7DB4D964 
 378      6F32AE0D 
 378      3645E82D 
 378      BEFF9DFD 
 379 0c27 9E8B36D8 		.ascii	"\236\2136\330\206\233\364\226\320\020l\362}\2373}\300"
 379      869BF496 
 379      D0106CF2 
 379      7D9F337D 
 379      C0
 380 0c38 99E0EDCB 		.ascii	"\231\340\355\313\231|\034\005\247,\006\313z\007\275"
ARM GAS  C:\Users\Pasquale\AppData\Local\Temp\cc6P0Z1G.s 			page 30


 380      997C1C05 
 380      A72C06CB 
 380      7A07BD
 381 0c47 7E5D58A4 		.ascii	"~]X\244\345\203\367\365\226\257\015\277\017\242\370"
 381      E583F7F5 
 381      96AF0DBF 
 381      0FA2F8
 382 0c56 66CBBA90 		.ascii	"f\313\272\220\260\250 \013Xk\016Z\033\271n1\375\265"
 382      B0A8200B 
 382      586B0E5A 
 382      1BB96E31 
 382      FDB5
 383 0c68 18EC586C 		.ascii	"\030\354Xl\214\370\312\030\022b\014\011\372\320\313"
 383      8CF8CA18 
 383      12620C09 
 383      FAD0CB
 384 0c77 67F1FB3E 		.ascii	"g\361\373>\276\037~\2734\010\332\337\213\214\2124\276"
 384      BE1F7EBB 
 384      3408DADF 
 384      8B8C8A34 
 384      BE
 385 0c88 670CFE2A 		.ascii	"g\014\376*,H\360#(\"\030\260\"\215A\372\020\343\327"
 385      2C48F023 
 385      282218B0 
 385      228D41FA 
 385      10E3D7
 386 0c9b C1EBC22D 		.ascii	"\301\353\302-z\313\206h\243\031\354\262\027\365\375"
 386      7ACB8668 
 386      A319ECB2 
 386      17F5FD
 387 0caa F57FAACF 		.ascii	"\365\177\252\317\274\301\034\2447[B\000\234\004\317"
 387      BCC11CA4 
 387      375B4200 
 387      9C04CF
 388 0cb9 101A6CD2 		.ascii	"\020\032l\322\350\365k\215\026\375\232\3005N\301\341"
 388      E8F56B8D 
 388      16FD9AC0 
 388      354EC1E1 
 389 0cc9 DF056F30 		.ascii	"\337\005o0\353\303\"\303\301\246eo\210%D\205D\322\333"
 389      EBC322C3 
 389      C1A6656F 
 389      88254485 
 389      44D2DB
 390 0cdc 7F756040 		.ascii	"\177u`@\240\267?\204\322;@\314L\2049\314\254_k0\000"
 390      A0B73F84 
 390      D23B40CC 
 390      4C8439CC 
 390      AC5F6B30 
 391 0cf1 3E409B19 		.ascii	">@\233\031\264\033\015\346\272\310\360(\3037R\215\310"
 391      B41B0DE6 
 391      BAC8F028 
 391      C337528D 
 391      C8
 392 0d02 1A9D98E8 		.ascii	"\032\235\230\3502\277\300\025kt\001\032\335\212\300"
 392      32BFC015 
 392      6B74011A 
 392      DD8AC0
ARM GAS  C:\Users\Pasquale\AppData\Local\Temp\cc6P0Z1G.s 			page 31


 393 0d11 15BACF57 		.ascii	"\025\272\317W,\367Q\007\004\372\351\324\253W\257\324"
 393      2CF75107 
 393      04FAE9D4 
 393      AB57AFD4 
 394 0d21 61BFE53A 		.ascii	"a\277\345:\274\034\276kV\352\324~+\003u\352e+\375t6"
 394      BC1CBE6B 
 394      56EAD47E 
 394      2B0375EA 
 394      652BFD74 
 395 0d36 D00502CB 		.ascii	"\320\005\002\313\011\277\212\274\374\341e\023\270\312"
 395      09BF8ABC 
 395      FCE16513 
 395      B8CA
 396 0d44 3F508703 		.ascii	"?P\207\003W\255\321\260\304}\244\267\330\011_\354\357"
 396      57ADD1B0 
 396      C47DA4B7 
 396      D8095FEC 
 396      EF
 397 0d55 0F3DFE3A 		.ascii	"\017=\376:\033\277\000\235\277N\375\371\247\237\350"
 397      1BBF009D 
 397      BF4EFDF9 
 397      A79FE8
 398 0d64 D401206D 		.ascii	"\324\001 m\343\277\346\263\200\345\360\366\363\327\371"
 398      E3BFE6B3 
 398      80E5F0F6 
 398      F3D7F9
 399 0d73 FD42D7C9 		.ascii	"\375B\327\311\2240D,%\351\013\364_\246\377\024r\351"
 399      9430442C 
 399      25E90BF4 
 399      5FA6FF14 
 399      72E9
 400 0d85 4A7D9CE1 		.ascii	"J}\234\341\266\306\332\364ol\344y\356"
 400      B6C6DAF4 
 400      6F6CE479 
 400      EE
 401              		.text
 402              		.section	.gnu.lto_.symtab.eda50bbf,"",%progbits
 403 0000 5356435F 		.ascii	"SVC_Handler\000"
 403      48616E64 
 403      6C657200 
 404 000c 00       		.ascii	"\000"
 405 000d 00       		.ascii	"\000"
 406 000e 00       		.ascii	"\000"
 407 000f 00000000 		.ascii	"\000\000\000\000\000\000\000\000"
 407      00000000 
 408 0017 C2000000 		.ascii	"\302\000\000\000"
 409 001b 5F706F72 		.ascii	"_port_irq_epilogue\000"
 409      745F6972 
 409      715F6570 
 409      696C6F67 
 409      756500
 410 002e 00       		.ascii	"\000"
 411 002f 00       		.ascii	"\000"
 412 0030 00       		.ascii	"\000"
 413 0031 00000000 		.ascii	"\000\000\000\000\000\000\000\000"
 413      00000000 
 414 0039 C4000000 		.ascii	"\304\000\000\000"
ARM GAS  C:\Users\Pasquale\AppData\Local\Temp\cc6P0Z1G.s 			page 32


 415 003d 5F706F72 		.ascii	"_port_switch_from_isr\000"
 415      745F7377 
 415      69746368 
 415      5F66726F 
 415      6D5F6973 
 416 0053 00       		.ascii	"\000"
 417 0054 02       		.ascii	"\002"
 418 0055 00       		.ascii	"\000"
 419 0056 00000000 		.ascii	"\000\000\000\000\000\000\000\000"
 419      00000000 
 420 005e BE000000 		.ascii	"\276\000\000\000"
 421 0062 5F706F72 		.ascii	"_port_exit_from_isr\000"
 421      745F6578 
 421      69745F66 
 421      726F6D5F 
 421      69737200 
 422 0076 00       		.ascii	"\000"
 423 0077 02       		.ascii	"\002"
 424 0078 00       		.ascii	"\000"
 425 0079 00000000 		.ascii	"\000\000\000\000\000\000\000\000"
 425      00000000 
 426 0081 C0000000 		.ascii	"\300\000\000\000"
 427 0085 63685363 		.ascii	"chSchIsPreemptionRequired\000"
 427      68497350 
 427      7265656D 
 427      7074696F 
 427      6E526571 
 428 009f 00       		.ascii	"\000"
 429 00a0 02       		.ascii	"\002"
 430 00a1 00       		.ascii	"\000"
 431 00a2 00000000 		.ascii	"\000\000\000\000\000\000\000\000"
 431      00000000 
 432 00aa CC000000 		.ascii	"\314\000\000\000"
 433              		.text
 434              		.section	.gnu.lto_.opts,"",%progbits
 435 0000 272D666D 		.ascii	"'-fmath-errno' '-fsigned-zeros' '-ftrapping-math' '"
 435      6174682D 
 435      6572726E 
 435      6F272027 
 435      2D667369 
 436 0033 2D666E6F 		.ascii	"-fno-trapv' '-fno-openmp' '-fno-openacc' '-mcpu=cor"
 436      2D747261 
 436      70762720 
 436      272D666E 
 436      6F2D6F70 
 437 0066 7465782D 		.ascii	"tex-m4' '-mthumb' '-O2' '-fomit-frame-pointer' '-fa"
 437      6D342720 
 437      272D6D74 
 437      68756D62 
 437      2720272D 
 438 0099 6C69676E 		.ascii	"lign-functions=16' '-ffunction-sections' '-fdata-se"
 438      2D66756E 
 438      6374696F 
 438      6E733D31 
 438      36272027 
 439 00cc 6374696F 		.ascii	"ctions' '-fno-common' '-flto'\000"
 439      6E732720 
ARM GAS  C:\Users\Pasquale\AppData\Local\Temp\cc6P0Z1G.s 			page 33


 439      272D666E 
 439      6F2D636F 
 439      6D6D6F6E 
 440              		.text
 441              		.comm	__gnu_lto_v1,1,1
 442              		.comm	__gnu_lto_slim,1,1
 443              		.ident	"GCC: (GNU Tools for Arm Embedded Processors 7-2017-q4-major) 7.2.1 20170904 (release) [ARM
ARM GAS  C:\Users\Pasquale\AppData\Local\Temp\cc6P0Z1G.s 			page 34


DEFINED SYMBOLS
                            *ABS*:00000000 chcore_v7m.c
                            *COM*:00000001 __gnu_lto_v1
                            *COM*:00000001 __gnu_lto_slim

NO UNDEFINED SYMBOLS
