ARM GAS  C:\Users\Pasquale\AppData\Local\Temp\ccJk2UlP.s 			page 1


   1              		.cpu cortex-m4
   2              		.eabi_attribute 20, 1
   3              		.eabi_attribute 21, 1
   4              		.eabi_attribute 23, 3
   5              		.eabi_attribute 24, 1
   6              		.eabi_attribute 25, 1
   7              		.eabi_attribute 26, 1
   8              		.eabi_attribute 30, 2
   9              		.eabi_attribute 34, 1
  10              		.eabi_attribute 18, 4
  11              		.file	"chdynamic.c"
  12              		.section	.gnu.lto_.profile.eda529c2,"",%progbits
  13 0000 789C6363 		.ascii	"x\234cc```\001bF\206\014\003\000\001x\000\244"
  13      60606001 
  13      6246860C 
  13      03000178 
  13      00A4
  14              		.text
  15              		.section	.gnu.lto_.icf.eda529c2,"",%progbits
  16 0000 789C6363 		.ascii	"x\234cc``\340c@\000&\206g\357/<ef\274\330\326\374\231"
  16      6060E063 
  16      40002686 
  16      67EF2F3C 
  16      6566BCD8 
  17 0017 83010034 		.ascii	"\203\001\0004,\006z"
  17      2C067A
  18              		.text
  19              		.section	.gnu.lto_.jmpfuncs.eda529c2,"",%progbits
  20 0000 789C858F 		.ascii	"x\234\205\217=\012\302P\020\204g\336\313\317S\220\\"
  20      3D0AC250 
  20      108467DE 
  20      CBCF5390 
  20      5C
  21 0011 20E0513C 		.ascii	" \340Q<\207GIe\245\010\266b!\271\203\205\177\210M\020"
  21      87474965 
  21      A508B662 
  21      21B98385 
  21      7F884D10 
  22 0025 45B0F122 		.ascii	"E\260\361\"\226\202\010B\334\215& Q\\\230bavf\277\000"
  22      96820842 
  22      DC8D2620 
  22      515C9862 
  22      617666BF 
  23 003a 4097A8C6 		.ascii	"@\227\250\306 `1\035\246\026\275\324RdDV\344\211|\017"
  23      2060311D 
  23      A616BDD4 
  23      52644456 
  23      E4897C0F 
  24 004e E4D08C2D 		.ascii	"\344\320\214-\027\373\343\300\215lj\365b\316\230\231"
  24      17FBE3C0 
  24      8D6C6AF5 
  24      62CE9899 
  25 005e 47887299 		.ascii	"G\210r\231\010\024\307\354\262\271\267\324\021\022\\"
  25      0814C7EC 
  25      B2B9B7D4 
  25      11125C
  26 006d 304669D1 		.ascii	"0Fi\321\236jy\250\237\2328\351\357\316\241\372\235\370"
ARM GAS  C:\Users\Pasquale\AppData\Local\Temp\ccJk2UlP.s 			page 2


  26      9E6A79A8 
  26      9F9A38E9 
  26      EFCEA1FA 
  26      9DF8
  27 007f 9792280A 		.ascii	"\227\222(\012L\002\3423\333$\004\352u\323\355\365\344"
  27      4C02E233 
  27      DB2404EA 
  27      75D3EDF5 
  27      E4
  28 0090 EB79838E 		.ascii	"\353y\203\216\253w\235+\352\350\027Pm\001h\376\004:"
  28      AB779D2B 
  28      EAE81750 
  28      6D0168FE 
  28      043A
  29 00a2 E4B72C7A 		.ascii	"\344\267,z\001\031\256k@\177\011\312\227\315\227\227"
  29      0119AE6B 
  29      407F09CA 
  29      97CD9797 
  30 00b2 F104A81A 		.ascii	"\361\004\250\032[$"
  30      5B24
  31              		.text
  32              		.section	.gnu.lto_.inline.eda529c2,"",%progbits
  33 0000 789C6363 		.ascii	"x\234cc``\010g@\000&\006\011)CF\006&\211\206\365\214"
  33      60600867 
  33      40002606 
  33      09294346 
  33      06268986 
  34 0016 0C6C0BE4 		.ascii	"\014l\013\344\231@\202\314<@\211\011~`\232\221\201\225"
  34      994082CC 
  34      3C408909 
  34      7E609A91 
  34      8195
  35 0028 0F2832C1 		.ascii	"\017(2\301\017\310g\204\250\225>q\204\221\201}\207\032"
  35      0FC86784 
  35      A8953E71 
  35      8491817D 
  35      871A
  36 003a 16B56012 		.ascii	"\026\265`\022\310\003\000\347\203\012\211"
  36      C80300E7 
  36      830A89
  37              		.text
  38              		.section	.gnu.lto_.pureconst.eda529c2,"",%progbits
  39 0000 789C6363 		.ascii	"x\234cc```\007b&\206]\214\214\273\030\001\005\342\001"
  39      60606007 
  39      6226865D 
  39      8C8CBB18 
  39      0105E201 
  40 0014 87       		.ascii	"\207"
  41              		.text
  42              		.section	.gnu.lto_chThdCreateFromHeap.eda529c2,"",%progbits
  43 0000 789C7D55 		.ascii	"x\234}UkLSg\030\376\336\363\235\266\247\264\3656\346"
  43      6B4C5367 
  43      18FEDEF3 
  43      9DB6A7B4 
  43      F536E6
  44 0013 9C310EB3 		.ascii	"\2341\016\263\021tqT\177\230\271\375Y\246\3112\177\220"
  44      11747154 
ARM GAS  C:\Users\Pasquale\AppData\Local\Temp\ccJk2UlP.s 			page 3


  44      7F98B9FD 
  44      59A6C932 
  44      7F90
  45 0025 2CFA7789 		.ascii	",\372w\211\301\332i\223\3256-n\272?\034\001/\3100\352"
  45      C1DA6993 
  45      D5362D6E 
  45      BA3F1C01 
  45      2FC830EA 
  46 0039 B4B2D221 		.ascii	"\264\262\322!\352\230,\306\353\020E.VP\300\013\212\014"
  46      EA982CC6 
  46      EB10452E 
  46      5650C00B 
  46      8A0C
  47 004b 9D022217 		.ascii	"\235\002\"\027A\201\322\251!F\215\227\275\357w\016\013"
  47      4181D2A9 
  47      21468D97 
  47      BDEF770E 
  47      0B
  48 005c 14B481E6 		.ascii	"\024\264\201\346\234\357}\236\367\372\274_\215\2141"
  48      9CEF7D9E 
  48      F7FABC5F 
  48      8D8C31
  49 006b A7C2583C 		.ascii	"\247\302X<0\266\000\237\301\300@\332~\225\261\015\212"
  49      30B6009F 
  49      C1C040DA 
  49      7E95B10D 
  49      8A
  50 007c 24C97946 		.ascii	"$\311yF\246\306\361\247u\214\251V\016\262v.\003\320"
  50      A6C6F1A7 
  50      758CA956 
  50      0EB2762E 
  50      03D0
  51 008e 83AA004B 		.ascii	"\203\252\000K\227\270\014\351\3603\337\305\341z\326"
  51      97B80CE9 
  51      F033DFC5 
  51      E17AD6
  52 009d B110CFE1 		.ascii	"\261\020\317\341!\316@\306\327G\015\301\356\011\364"
  52      21CE40C6 
  52      D7470DC1 
  52      EE09F4
  53 00ac 0A9080AF 		.ascii	"\012\220\200\257\221hm\211u\316AU\315P\303{\232\215"
  53      91686D89 
  53      75CE4155 
  53      CD50C37B 
  53      9A8D
  54 00be F9258DAA 		.ascii	"\371%\215\2529\304%\026@x\011\314\200\277`\006E?\011"
  54      39C42516 
  54      407809CC 
  54      80BF6006 
  54      453F09
  55 00d1 73105C12 		.ascii	"s\020\\\022\315{l\346\037\003\303\347\333\015u/'$\025"
  55      CD7B6CE6 
  55      1F03C3E7 
  55      DB0D752F 
  55      272415
  56 00e4 09E25011 		.ascii	"\011\342P\021W?\012q\016\245\300G\022\361\210\301)H"
  56      573F0A71 
ARM GAS  C:\Users\Pasquale\AppData\Local\Temp\ccJk2UlP.s 			page 4


  56      0EA5C047 
  56      12F188C1 
  56      2948
  57 00f6 42F8FE0D 		.ascii	"B\370\376\0157.\333\370<A\355\310>\234+\353\324{\007"
  57      372EDBF8 
  57      3C41EDC8 
  57      3E9C2BEB 
  57      D47B07
  58 0109 055586D3 		.ascii	"\005U\206\323\261T\231A\231\240ft\225\336\004\276@P"
  58      B1549941 
  58      99A06674 
  58      95DE04BE 
  58      4050
  59 011b 2F9C2B7E 		.ascii	"/\234+~n\323\251\355\301\251E\231\352\327!n\2003\261"
  59      6ED3A9ED 
  59      C1A94599 
  59      EAD7216E 
  59      8033B1
  60 012e 64EC56B9 		.ascii	"d\354V\271 \037\312\270?\310\371\347\202\334U\337\271"
  60      201FCAB8 
  60      3FC8F9E7 
  60      82DC55DF 
  60      B9
  61 013f CBA093AF 		.ascii	"\313\240\223\257hq\215P\021K52\250\024\324+\375\345"
  61      68718D50 
  61      114B3532 
  61      A814D42B 
  61      FDE5
  62 0151 2715FE85 		.ascii	"'\025\376\205\240\276h\254:m\325\251\275\301\231\277"
  62      A0BE68AC 
  62      3A6DD5A9 
  62      BDC199BF 
  63 0161 8BB826A8 		.ascii	"\213\270&\250\212%\233\030\234\025\344\0015\247\022"
  63      8A259B18 
  63      9C15E401 
  63      35A712
  64 0170 F822412E 		.ascii	"\370\"A.\332\366\364\2704\034\367\017\021W\201p,Uap"
  64      DAF6F4B8 
  64      341CF70F 
  64      11578170 
  64      2C556170 
  65 0184 0E92081F 		.ascii	"\016\222\010\037\315\352\351\260h\023\233\206\257\307"
  65      CDEAE9B0 
  65      68139B86 
  65      AFC7
  66 0192 2AB206F5 		.ascii	"*\262\006\365\211\205\201:\337Y\021\215\343_\011\327"
  66      8985813A 
  66      DF59118D 
  66      E35F09D7 
  67 01a2 87EFB5AD 		.ascii	"\207\357\265\255M<\240\206U5\034\315\237\271SU\353U"
  67      4D3CA086 
  67      55351CCD 
  67      9FB95355 
  67      EB55
  68 01b4 39C4CD70 		.ascii	"9\304\315p^\363^\203\336\253\305\004\031\241\303\003"
  68      5EF35E83 
  68      DEABC504 
ARM GAS  C:\Users\Pasquale\AppData\Local\Temp\ccJk2UlP.s 			page 5


  68      19A1C303 
  69 01c4 DD8764BE 		.ascii	"\335\207d\276D0\377\334\361[\251\021\251\224\324\223"
  69      4430FFDC 
  69      F15BA911 
  69      A994D493 
  70 01d4 E0947D99 		.ascii	"\340\224}\231\032U\201\332\321\211\351\324\363=/\232"
  70      1A5581DA 
  70      D189E9D4 
  70      F33D2F9A 
  71 01e4 2C3C4550 		.ascii	",<EP\007\266\324\037Ttj48}\230*A\375\270\324\256\343"
  71      07B6D41F 
  71      54746A34 
  71      387D982A 
  71      41FDB8D4 
  72 01fa AF76DB8C 		.ascii	"\257v\333\2142\\\204D\250\303\377\013\220H\362BU]\002"
  72      325C8444 
  72      A8C3FF0B 
  72      9048F242 
  72      555D02
  73 020d 23FC0FC8 		.ascii	"#\374\017\310R\361\023\256-0\212\363\000\207\021\\\006"
  73      52F113AE 
  73      2D308AF3 
  73      0087115C 
  73      06
  74 021e 97117A05 		.ascii	"\227\021z\005\214,\006^\023\234\275\234\221!\200\232"
  74      8C2C065E 
  74      139CBD9C 
  74      9121809A 
  75 022e A5565F6A 		.ascii	"\245V_j:k\341\353\264\012\217\354\313\263\352i\326\025"
  75      3A6BE1EB 
  75      B40A8FEC 
  75      CBB3EA69 
  75      D615
  76 0240 CF2EC8CC 		.ascii	"\317.\310\314\311U\0133&\205x\034\\}K\242\232\343h\001"
  76      C9550B33 
  76      2685781C 
  76      5C7D4BA2 
  76      9AE36801 
  77 0254 CAF91A66 		.ascii	"\312\371\032f\012\015\344\234\217J\246\021\223\271\216"
  77      0A0DE49C 
  77      8F4AA611 
  77      93B98E
  78 0263 C9D017EE 		.ascii	"\311\320\027\356'\037Y\332\321&CX}\365z3\256\323\264"
  78      271F59DA 
  78      D1264358 
  78      7DF57A33 
  78      AED3B4
  79 0276 605BDFC0 		.ascii	"`[\337\300\207\323\001\207k\221\360K2\000m\203\021H"
  79      87D30187 
  79      6B91F04B 
  79      32006D83 
  79      1148
  80 0288 D8386E64 		.ascii	"\3308nd\230\201tj\003\222\334D \355L\006\222A<#\237"
  80      9881746A 
  80      0392DC44 
  80      20ED4C06 
  80      92413C23 
ARM GAS  C:\Users\Pasquale\AppData\Local\Temp\ccJk2UlP.s 			page 6


  81 029d 8C6DC13E 		.ascii	"\214m\301>\341R\253a\226\215\005\342Sf\230E`Saw\256"
  81      E152AB61 
  81      968D05E2 
  81      53669845 
  81      60536177 
  82 02b2 89BA14E4 		.ascii	"\211\272\024\344\012\346UV\026i5\245\277T\225\020\267"
  82      0AE65556 
  82      166935A5 
  82      BF549510 
  82      B7
  83 02c3 06706F18 		.ascii	"\006po\0304A:\013rC\220\033\321\034,\037\272d \375\330"
  83      34413A0B 
  83      7243901B 
  83      D11C2C1F 
  83      BA6420FD 
  84 02d8 4081BF61 		.ascii	"@\201\277aF\210O`\275\220\221 \332\2179\240\023\326"
  84      46884F60 
  84      BD909120 
  84      DA8F39A0 
  84      13D6
  85 02ea 03592D35 		.ascii	"\003Y-5W\363\255\272SH\326\232\222\215\205\343-\203"
  85      57F3ADBA 
  85      5348D69A 
  85      928D85E3 
  85      2D83
  86 02fc 41FB2123 		.ascii	"A\373!#\330W\331m!\000\372\334\036(\3101\331?\241\335"
  86      D857D96D 
  86      2100FADC 
  86      1E28C831 
  86      D93FA1DD 
  87 0310 C39A77D3 		.ascii	"\303\232w\3234\0314\203=\310\315\004\015\230cq\026\015"
  87      34193483 
  87      3DC8CD04 
  87      0D986371 
  87      160D
  88 0322 0784BB41 		.ascii	"\007\204\273A8\005q\231\241M\271e\361ZL\300#\314\227"
  88      38057199 
  88      A14DB965 
  88      F15A4CC0 
  88      23CC97
  89 0335 D8CD5BEF 		.ascii	"\330\315[\357\234\252\2007x\220\310\303M\362\000\"\251"
  89      9CAA8037 
  89      7890C8C3 
  89      4DF20022 
  89      A9
  90 0346 31918C1A 		.ascii	"1\221\214\032N\010\354\037\302\331\306\307\2314\234"
  90      4E08EC1F 
  90      C2D9C6C7 
  90      99349C
  91 0355 4CB85B84 		.ascii	"L\270[\204\2338\0127T\374\250\025\010\247h8\003\341"
  91      9B380A37 
  91      54FCA815 
  91      08A76838 
  91      03E1
  92 0367 6E136E32 		.ascii	"n\023n2vO\032G`\371o\027\030\264@\"\2226\367\251\225"
  92      764F1A47 
  92      60F96F17 
ARM GAS  C:\Users\Pasquale\AppData\Local\Temp\ccJk2UlP.s 			page 7


  92      18B44022 
  92      9236F7A9 
  93 037c 324D230E 		.ascii	"2M#\016\022\240\025m\003x\301\225\3579s7v\023~9m\322"
  93      12A0156D 
  93      0378C195 
  93      EF397337 
  93      76137E39 
  94 0392 37C13056 		.ascii	"7\3010V\365s\277e\320F\266\261\033Q<\033o\212\026R\356"
  94      F573BF65 
  94      D046B6B1 
  94      1B513C1B 
  94      6F8A1652 
  95 03a7 9DB1CA6D 		.ascii	"\235\261\312m\307\221\337%\345\336%\345\002{FQ\367\357"
  95      C791DF25 
  95      E5DE25E5 
  95      027B4651 
  95      F7EF
  96 03b9 3DF1346E 		.ascii	"=\3614n\326Vi\257\232\227\020\3026\320\275\322]\256"
  96      D65669AF 
  96      9A9710C2 
  96      36D0BDD2 
  96      5DAE
  97 03cb 2A32F61A 		.ascii	"*2\366\032:`\226X\216\207\221\346V\011O\240\023d\221"
  97      3A609658 
  97      8E8791E6 
  97      56094FA0 
  97      136491
  98 03de 37832EF1 		.ascii	"7\203.\361\203R\\U\323c\235\225\253\263'\021\366\361"
  98      83525C55 
  98      D3639D95 
  98      ABB32711 
  98      F6F1
  99 03f0 9113372C 		.ascii	"\221\0237,\202\335Ml\270\007\262P\234\350\001C\001g"
  99      82DD4D6C 
  99      B807B250 
  99      9CE80143 
  99      0167
 100 0402 75E4DCA9 		.ascii	"u\344\334\251\001m\360\361\243\025<9\200\227(\203\036"
 100      016DF0F1 
 100      A3153C39 
 100      80972883 
 100      1E
 101 0413 54301A7A 		.ascii	"T0\032zw\354\310\346h\300O\341s\010\361)4\014\3421\350"
 101      77ECC8E6 
 101      68C04FE1 
 101      7308F129 
 101      340CE231 
 102 0428 85F4107F 		.ascii	"\205\364\020\177\207\374\026N\027R\276HR\216\247!\016"
 102      87FC164E 
 102      1752BE48 
 102      528EA721 
 102      0E
 103 0439 3D683F60 		.ascii	"=h?`\322\347\030\330X}\315D\375\226\304\245PQ\335Pk"
 103      D2E718D8 
 103      587DCD44 
 103      FD96C4A5 
 103      5051DD50 
ARM GAS  C:\Users\Pasquale\AppData\Local\Temp\ccJk2UlP.s 			page 8


 104 044e 2C84820D 		.ascii	",\204\202\015\344qj\210\307#\005\356S9hl\336|\253\335"
 104      E4716A88 
 104      C72305EE 
 104      5339686C 
 104      DE7CABDD 
 105 0462 623F4CD1 		.ascii	"b?L\321\260\224w\341\001\024\302nl1\346\323\007v\372"
 105      B09477E1 
 105      0114C26E 
 105      6C31E6D3 
 105      0776FA
 106 0475 013C5FB7 		.ascii	"\001<_\267I!gS\001\240\037Y\021\330X\370z\033\027\031"
 106      49216753 
 106      01A01F59 
 106      11D858F8 
 106      7A1B1719 
 107 0489 8DAEE3BD 		.ascii	"\215\256\343\275\000J\234\301\200\330D\252\361h\244"
 107      004A9CC1 
 107      80D844AA 
 107      F168A4
 108 0498 EC998DB8 		.ascii	"\354\231\215\270\323\260\361\021Z\303\367\205\220\350"
 108      D3B0F111 
 108      5AC3F785 
 108      90E8
 109 04a6 96199967 		.ascii	"\226\031\231g\034\232\007u]\224\3559\363\201v\311\350"
 109      1C9A0775 
 109      5D94ED39 
 109      F38176C9 
 109      E8
 110 04b7 A37AB5B7 		.ascii	"\243z\265\267\263\3122<\205A1\205\250\230Bl\313\377"
 110      B3CA323C 
 110      85413185 
 110      A898426C 
 110      CBFF
 111 04c9 D55ADEB1 		.ascii	"\325Z\336\261oW\313*\021B[gY\277C\372\241\272M\364\237"
 111      6F57CB2A 
 111      11425B67 
 111      59BF43FA 
 111      A1BA4DF4 
 112 04de FA89F45F 		.ascii	"\372\211\364_;\302;\015\013K\325-\330c3\203\207\260"
 112      3BC23B0D 
 112      0B4BD52D 
 112      D8633383 
 112      87B0
 113 04f0 904531B7 		.ascii	"\220E1\267\240X\267' Q\213\244\366\306\374\205X\013"
 113      A058B727 
 113      20518BA4 
 113      F6C6FC85 
 113      580B
 114 0502 6F79DE08 		.ascii	"oy\336\010x3\001\371B{Rr\262\035\377\034\253]+\\\036"
 114      783301F9 
 114      427B5272 
 114      B21DFF1C 
 114      AB5D2B5C 
 115 0517 FFFCCFE6 		.ascii	"\377\374\317\346\333=~\273/\315\356\3679\360p\345\372"
 115      DB3D7EBB 
 115      2FCDEEF7 
 115      39F070E5 
ARM GAS  C:\Users\Pasquale\AppData\Local\Temp\ccJk2UlP.s 			page 9


 115      FA
 116 0528 35A96E97 		.ascii	"5\251n\227#\331\301\014\253\235\251^\257\354w\375\344"
 116      23D9C10C 
 116      AB9DA95E 
 116      AFEC77FD 
 116      E4
 117 0539 94F1CC29 		.ascii	"\224\361\314){}.\217\344\375\216\247\372VIi+\371\217"
 117      7B7D2E8F 
 117      E4FD8EA7 
 117      FA564969 
 117      2BF98F
 118 054c 7EAF94E6 		.ascii	"~\257\224\346}\2237\327\032\307\367kW:\321\340_\357"
 118      7D9337D7 
 118      1AC7F76B 
 118      573AD1E0 
 118      5FEF
 119 055e 4F5ECD4C 		.ascii	"O^\315L+R\375\316o|\256\005\343\341\035\036\267\333"
 119      2B52FDCE 
 119      6F7CAE05 
 119      E3E11D1E 
 119      B7DB
 120 0570 B3C6EEF5 		.ascii	"\263\306\356\365\370\322\374\366/\227\246,NY\207\010"
 120      F8D2FCF6 
 120      2F97A62C 
 120      4E598708 
 121 0580 87C7E75C 		.ascii	"\207\307\347\\\376\303\247nd/z\013\313\271.\2158\366"
 121      FEC3A76E 
 121      642F7A0B 
 121      CBB92E8D 
 121      38F6
 122 0592 C529CB96 		.ascii	"\305)\313\226,\263/F\222}\311pp\267\337\345_\276\312"
 122      2CB32F46 
 122      927DC970 
 122      70B7DFE5 
 122      5FBECA
 123 05a5 E1401793 		.ascii	"\341@\027\223R\226-M\240$\260\214\271\011\211\363\230"
 123      52962D4D 
 123      A024B08C 
 123      B90989F3 
 123      98
 124 05b6 E46326B7 		.ascii	"\344c&\267\323\355\361\255g\377\001\364I\374\354"
 124      D3EDF1AD 
 124      67FF01F4 
 124      49FCEC
 125              		.text
 126              		.section	.gnu.lto_chThdCreateFromMemoryPool.eda529c2,"",%progbits
 127 0000 789C7D55 		.ascii	"x\234}UkL\024W\024\276g\356\354\354\302.\342\203ZKM"
 127      6B4C1457 
 127      14BE67EE 
 127      ECECC22E 
 127      E2835A4B 
 128 0015 8B4909DA 		.ascii	"\213I\011\332([\233\030m\1774\261\246I\375A\322\350"
 128      285B9B18 
 128      6D7F34B1 
 128      A649FD41 
 128      D2E8
 129 0027 AF264D8C 		.ascii	"\257&M\214\256TI\272.\331\305V\1771\002*\226>\324\312"
ARM GAS  C:\Users\Pasquale\AppData\Local\Temp\ccJk2UlP.s 			page 10


 129      AE5449BA 
 129      2ED9C556 
 129      7F31022A 
 129      963ED4CA 
 130 003b AA3885B5 		.ascii	"\2528\205\265\206\212\020\237E\012\010\270\202\002\265"
 130      868A109F 
 130      450A08B8 
 130      8202B5
 131 004a 8248F1C5 		.ascii	"\202H\361\305\373!(\017W1\306\372\252\366\234;\003\221"
 131      FB21280F 
 131      5731C6FA 
 131      AAF69C3B 
 131      0391
 132 005c 05D96C26 		.ascii	"\005\331l&3s\277\357\334s\316\367\235;\012c\354\254"
 132      3373BFEF 
 132      DC73CEF7 
 132      9D3B0A63 
 132      ECAC
 133 006e 85311B30 		.ascii	"\2051\0330\266\010\357\301\304@\332Y\317\330\026\213"
 133      B608EFC1 
 133      C440DA59 
 133      CFD8168B 
 134 007e 24C9FB14 		.ascii	"$\311\373\024\246\206\362\3075\214\2516\016\262\376"
 134      A686F2C7 
 134      358CA936 
 134      0EB2FE
 135 008d 5E06A01B 		.ascii	"^\006\240\033\325\002,Y\3422$\303\017|\017\207+i'4\236"
 135      D5022C59 
 135      E23224C3 
 135      0F7C0F87 
 135      2B692734 
 136 00a2 C135CE40 		.ascii	"\3015\316@\306\307\341\272\254\236)\364\010\020\205"
 136      C6C7E1BA 
 136      AC9E29F4 
 136      081085
 137 00b1 8F4381EA 		.ascii	"\217C\201\352B\333\274\303\252\232\242\372\3676\206"
 137      42DBBCC3 
 137      AA9AA2FA 
 137      F73686
 138 00c0 1E286C50 		.ascii	"\036(lPC4.1/\302\013a6\374\001\263i\367\3230\017\301"
 138      43342E31 
 138      2FC20B61 
 138      36FC01B3 
 138      69F7D330 
 139 00d6 778AABD3 		.ascii	"w\212\253\323-\374}`x\377lK\373\221)1\271\202x\353w"
 139      2DFC7D60 
 139      78FF6C4B 
 139      FB912931 
 139      B98278EB 
 140 00eb AEBEA771 		.ascii	"\256\276\247q\016E\300_%\342+\006\177B\014\302S\272"
 140      0E45C05F 
 140      25E22B06 
 140      7F420CC2 
 140      53BA
 141 00fd 8BAE015F 		.ascii	"\213\256\001_ \250\027\316\345=\015\033\241\316\312"
 141      20A817CE 
 141      E53D0D1B 
ARM GAS  C:\Users\Pasquale\AppData\Local\Temp\ccJk2UlP.s 			page 11


 141      A1CECA
 142 010c 52FDB286 		.ascii	"R\375\262\206\351\026\007se\006%\202[\220r\373.\347"
 142      E9160773 
 142      65062582 
 142      5B9072FB 
 142      2EE7
 143 011e 1F0A6E77 		.ascii	"\037\012nwm\327\036\223\301\275\226\037\231\233\252"
 143      6DD71E93 
 143      C1BD961F 
 143      999BAA
 144 012d 7EAE7113 		.ascii	"~\256q\023\224\006\223\261]g\004\371\322\300\231\323"
 144      940693B1 
 144      5D6704F9 
 144      D2C099D3 
 145 013d 16BE5890 		.ascii	"\026\276X\220\2377T\024\333\014r\353a\221\263\002e\301"
 145      9F375414 
 145      DB0C72EB 
 145      6191B302 
 145      65C1
 146 014f 548541B9 		.ascii	"T\205A\271\240\016\252\031\345\300?\026\324\334\237"
 146      A00EAA19 
 146      E5C03F16 
 146      D4DC9F
 147 015e 1E9F940C 		.ascii	"\036\237\224\014\352\220\221\263\031*\202\271f\006g"
 147      EA9091B3 
 147      192A82B9 
 147      660667
 148 016d 21860881 		.ascii	"!\206\010\201\264\336N\253\336\366Y\370x\242,\355\256"
 148      B4DE4EAB 
 148      DEF659F8 
 148      78A22CED 
 148      AE
 149 017e D1763FE0 		.ascii	"\321v?\340\363\315\256\262@(\377D\304>z\253uc\364!\325"
 149      F3CDAEB2 
 149      4028FF44 
 149      C43E7AAB 
 149      7563F421 
 150 0193 AFAAFE40 		.ascii	"\257\252\376@\301;\273U\265V\305\350\026\250\324\243"
 150      C13BBB55 
 150      B556C5E8 
 150      16A8D4A3 
 151 01a3 9FC3E87E 		.ascii	"\237\303\350~!\003#\264\177\260\247@\346K\005\363\310"
 151      210323B4 
 151      7FB0A740 
 151      E64B05F3 
 151      C8
 152 01b4 AE5F8B14 		.ascii	"\256_\213\024\244RV}\371\323\017\246\352T3\234\037\233"
 152      A452567D 
 152      F9D30FA6 
 152      EA54339C 
 152      1F9B
 153 01c6 98413DDF 		.ascii	"\230A=\337\373\274\321\312?\023\324\301\364\332\303"
 153      FBBCD1CA 
 153      3F13D4C1 
 153      F4DAC3
 154 01d5 1683DA9E 		.ascii	"\026\203\332\236\0379B\225\240zBj\367\311\027\231a\212"
 154      1F394295 
ARM GAS  C:\Users\Pasquale\AppData\Local\Temp\ccJk2UlP.s 			page 12


 154      A07A426A 
 154      F7C91799 
 154      618A
 155 01e7 0C35100D 		.ascii	"\0145\020\015\027 \332\207\210*\210&\233\240;jA\201"
 155      1720DA87 
 155      882A8826 
 155      9BA03B6A 
 155      4181
 156 01f9 514C9A8A 		.ascii	"QL\232\212?\177\3751E\274\367rx\205\316\340/\204^\004"
 156      3F7FFD31 
 156      45BCF772 
 156      7885CEE0 
 156      2F845E04 
 157 020d 8505C1AB 		.ascii	"\205\005\301\253\366\317]\305h\301\213\336\243v_l<k"
 157      F6CF5DC5 
 157      68C18BDE 
 157      A3765F6C 
 157      3C6B
 158 021f E5897A91 		.ascii	"\345\211z\221\307\016\356\263\031\231\326\344\314\315"
 158      C70EEEB3 
 158      1999D6E4 
 158      CCCD
 159 022d 4ECDF851 		.ascii	"N\315\370Q\365\245L\325x\010\\\232$W=p \033mY\207\231"
 159      F5A54CD5 
 159      78085C9A 
 159      24573D70 
 159      201B6D59 
 160 0243 C2DF149C 		.ascii	"\302\337\024\234\217I\246\036\223\271\214\311\320\005"
 160      8F49A61E 
 160      93B98CC9 
 160      D005
 161 0251 E78C8F54 		.ascii	"\347\214\217TG\245\035o4\371\325\027/\267\343XD\344"
 161      47A51D6F 
 161      34F9D517 
 161      2FB7E358 
 161      44E4
 162 0263 176EAB6B 		.ascii	"\027n\253k\223\337\006\0248T\302\213\225\343ER\200\274"
 162      93DF0614 
 162      3854C28B 
 162      95E34552 
 162      80BC
 163 0275 6D61C408 		.ascii	"ma\304\010\001\362j\030\220\351\302\201\3743\015\310"
 163      01F26A18 
 163      90E9C281 
 163      FC330DC8 
 164 0285 09118C62 		.ascii	"\011\021\214b2\226\216}\302\341T\375l\007\026\210w\251"
 164      32968E7D 
 164      C2E154FD 
 164      6C071688 
 164      77A9
 165 0297 7E360469 		.ascii	"~6\004i\276\236L3u)\213[0\257\222\222\241\026s\362\177"
 165      BE9E4C33 
 165      75298B5B 
 165      30AF9292 
 165      A11673F2 
 166 02ac AA45E336 		.ascii	"\252E\3436/\332\237A\003$\263,\256h<\214\365AJ\224h"
 166      2FDA9F41 
ARM GAS  C:\Users\Pasquale\AppData\Local\Temp\ccJk2UlP.s 			page 13


 166      0324B32C 
 166      AE683C8C 
 166      F5414A94 
 167 02c1 34EE8670 		.ascii	"4\356\206p\326\013i\315U\365\0056\203\016\261z\371;"
 167      D60B69CD 
 167      55F50536 
 167      830EB17A 
 167      F93B
 168 02d3 B0443C17 		.ascii	"\260D<\0270\374\000\244d\365\227\367Z\011\200\301wz"
 168      30FC00A4 
 168      64F597F7 
 168      5A0980C1 
 168      777A
 169 02e5 B333CCF6 		.ascii	"\2633\314\366\0054iX]&\351\306\340\012\330\263x\010"
 169      05346958 
 169      5D26E9C6 
 169      E00AD8B3 
 169      7808
 170 02f7 41BD21C1 		.ascii	"A\275!\3018\253\216\003\3025\022\316B\270\322\376\332"
 170      38AB8E03 
 170      C23512CE 
 170      42B8D2FE 
 170      DA
 171 0308 DE19FA9E 		.ascii	"\336\031\372\236$\271wk\345e3\331Z\227\271\254\262\256"
 171      24B9776B 
 171      E56533D9 
 171      5A97B9AC 
 171      B2AE
 172 031a 5AF141F6 		.ascii	"Z\361A\366\026l}\224\306\247`\356\360\017\011\203kM"
 172      166C7D94 
 172      C6A760EE 
 172      F00F0983 
 172      6B4D
 173 032c DB6FB45B 		.ascii	"\333o\264[\355GU})\034\232\300\007\231\330\014\014\177"
 173      ED47557D 
 173      291C9AC0 
 173      0799D80C 
 173      0C7F
 174 033e 15EC183B 		.ascii	"\025\354\030;U\333\366\245\036Y\302\3150>\355\327\364"
 174      55DBF6A5 
 174      1E59C2CD 
 174      303EEDD7 
 174      F4
 175 034f 7DDBF532 		.ascii	"}\333\3652xMn\302|\327(7I\224;\256\006\223\216\223\011"
 175      784D6EC2 
 175      7CD72837 
 175      49943BAE 
 175      06938E93 
 176 0364 779D7061 		.ascii	"w\235pa\023\343\024\035g\"\334\015\302\205\217\301="
 176      13E3141D 
 176      6722DC0D 
 176      C2858FC1 
 176      3D
 177 0375 CC1B6E01 		.ascii	"\314\033n\001\302\231u\234B\270\233\204\233\206\272"
 177      C299759C 
 177      42B89B84 
 177      9B86BA
ARM GAS  C:\Users\Pasquale\AppData\Local\Temp\ccJk2UlP.s 			page 14


 178 0384 481398F4 		.ascii	"H\023\230\364\300\344&\205f\210F\322\366~\265\\\246"
 178      C0E42685 
 178      668846D2 
 178      F67EB55C 
 178      A6
 179 0395 EE854014 		.ascii	"\356\205@\024\264\340\332 \236\223\317\274\245\035\301"
 179      B4E0DA20 
 179      9E93CFBC 
 179      A51DC1
 180 03a4 D3F44BB1 		.ascii	"\323\364K\261\325\230&\323\370\311\231\377\025\203V"
 180      D59826D3 
 180      F8C999FF 
 180      158356
 181 03b3 5A1B3F55 		.ascii	"Z\033?U9s\361\300i&\367\267\215w\177;\232\251\203\334"
 181      3973F1C0 
 181      6926F7B7 
 181      8D777F3B 
 181      9AA983DC 
 182 03c7 DF41EE07 		.ascii	"\337A\356\0076L\273\376\226s\352q\350\234\024)G\335"
 182      364CBBFE 
 182      9673EA71 
 182      E89C1429 
 182      47DD
 183 03d9 872A4D15 		.ascii	"\207*M\025\307S\317\031\325\"\243P\320\011s\204\224"
 183      C753CF19 
 183      D522A350 
 183      D0097384 
 183      94
 184 03ea F7879A5A 		.ascii	"\367\207\232Z$|\003] \213\274\031t\213\217K^EU\257m"
 184      247C035D 
 184      208BBC19 
 184      748B8F4B 
 184      5E4555AF 
 185 03ff CE56833D 		.ascii	"\316V\203=\215\260\017\216\235\272j\025\354\036b\303"
 185      8DB00F8E 
 185      9DBA6A15 
 185      EC1E62C3 
 186 040f 2D908597 		.ascii	"-\220\205\227E\017\030\015AgF\333\005\320\205\217\030"
 186      450F180D 
 186      416746DB 
 186      05D0858F 
 186      18
 187 0420 3B05D3BD 		.ascii	";\005\323\275x\2402\350\305)\300\205\276]\273vp\\\300"
 187      78A032E8 
 187      C529C085 
 187      BE5DBB76 
 187      705CC0
 188 0433 9FEF2968 		.ascii	"\237\357)h|\006\211A<\006}\220\254\361\010\212\353\213"
 188      7C068941 
 188      3C067D90 
 188      ACF1088A 
 188      EB8B
 189 0445 14435243 		.ascii	"\024CRCC\022A\">\274\323\236k6t\034u\2534\316\255\276"
 189      43124122 
 189      3EBCD39E 
 189      6B36741C 
 189      75AB34CE 
ARM GAS  C:\Users\Pasquale\AppData\Local\Temp\ccJk2UlP.s 			page 15


 190 045b 991A7F03 		.ascii	"\231\032\177\003)p{B\273\316\204;\302\256f\022\257\037"
 190      29707B42 
 190      BBCE843B 
 190      C2AE6612 
 190      AF1F
 191 046d ECF4157B 		.ascii	"\354\364\025{\371\257?\234\202\275\011\022\014 K\014"
 191      F9AF3F9C 
 191      82BD0912 
 191      0C204B0C 
 192 047d 5CC7E866 		.ascii	"\\\307\350f\223F/\250x\370\3104\032\335\014\203\"\272"
 192      93462FA8 
 192      78F8C834 
 192      1ADD0C83 
 192      22BA
 193 048f 85A20F91 		.ascii	"\205\242\017\221\257\024l\314V\337\241\275\\\3247\266"
 193      AF146CCC 
 193      56DFA1BD 
 193      5CD437B6 
 194 049f 2BB3BC04 		.ascii	"+\263\274\004\204\273\342l\240\216\035\037*y\022F\231"
 194      84BBE26C 
 194      A08E1D1F 
 194      2A791246 
 194      99
 195 04b0 BC853206 		.ascii	"\274\2052\006`\266\306#\205-\351\334{\265\352\020\\"
 195      60B6C623 
 195      852DE9DC 
 195      7BB5EA10 
 195      5C
 196 04c1 BE67B8EC 		.ascii	"\276g\270\354\211\267\364]\375\3303\204\177\221\323"
 196      89B7F45D 
 196      FDD83384 
 196      7F91D3
 197 04d0 55611DD1 		.ascii	"Ua\035\321\364\236\320\364\276\3204X\300a]\300\316\256"
 197      F49ED0F4 
 197      BED03458 
 197      C0615DC0 
 197      CEAE
 198 04e2 9F9BD789 		.ascii	"\237\233\327\211-\364cG6N\265\001\250l\025j\222:H\337"
 198      2DF46347 
 198      364EB501 
 198      A86C156A 
 198      923A48DF 
 199 04f6 DFE9DF6D 		.ascii	"\337\351\337mZR\244\246\243bxV>\200%,\200\271e\211\341"
 199      5A52A4A6 
 199      A3627856 
 199      3E80252C 
 199      80B96589 
 200 050b 7D049C5A 		.ascii	"}\004\234Z\"\2657\024,\301Z\370\323\322+\200g%P,\334"
 200      22B53714 
 200      2CC15AF8 
 200      D3D22B80 
 200      6725502C 
 201 0520 312636D6 		.ascii	"1&6\326\216\177\307\372\2045\011.\317\302\217\026\332"
 201      8E7FC7FA 
 201      8435092E 
 201      CFC28F16 
 201      DA
ARM GAS  C:\Users\Pasquale\AppData\Local\Temp\ccJk2UlP.s 			page 16


 202 0531 5D1EBB3B 		.ascii	"]\036\273;\311\356q;\360\345\332\315\033V;\023\034\261"
 202      C9EE713B 
 202      F0E5DACD 
 202      1B563B13 
 202      1CB1
 203 0543 0E263913 		.ascii	"\016&9\023e\274\217\227\023\335\011.)\361k\276\332\275"
 203      65BC8F97 
 203      13DD092E 
 203      29F16BBE 
 203      DABD
 204 0555 4E4A5ACB 		.ascii	"NJZ\313\277\363$JI\211\257\213\222\260\301\361\315\306"
 204      BFF3244A 
 204      4989AF8B 
 204      92B0C1F1 
 204      CDC6
 205 0567 B5F1B8E0 		.ascii	"\265\361\270\340\331\354\211]\317\314kV{\342\277p',"
 205      D9EC895D 
 205      CFCC6B56 
 205      7BE2BF70 
 205      272C
 206 0579 9A08EF70 		.ascii	"\232\010\357p9\235\256\015\366D\227;\311c_\272\"nY\334"
 206      399DAE0D 
 206      F644973B 
 206      C9635FBA 
 206      226E59DC 
 207 058d 2644385C 		.ascii	"&D8\\\356\370U\337.v\"\373\323IX\361\233\222\210c_\026"
 207      EEF855DF 
 207      2E7622FB 
 207      D34958F1 
 207      9B928863 
 208 05a3 B772F94A 		.ascii	"\267r\371J\3732$\331\227\217l\356\364$xV\255s80\304"
 208      FB3224D9 
 208      978F6CEE 
 208      F4247856 
 208      AD733830 
 209 05b8 D4B8952B 		.ascii	"\324\270\225+\242(\011,c~T\364\007Lr3\2633\336\351r"
 209      A228092C 
 209      637E54F4 
 209      074C7233 
 209      B333DEE9 
 210 05cd 6F66FF03 		.ascii	"of\377\003\242\365\032\363"
 210      A2F51AF3 
 211              		.text
 212              		.section	.gnu.lto_.symbol_nodes.eda529c2,"",%progbits
 213 0000 789C55C9 		.ascii	"x\234U\311=\016@@\024\004\340y\263\3131\234\205\223"
 213      3D0E4040 
 213      1404E079 
 213      B3CB319C 
 213      8593
 214 0012 BDED242A 		.ascii	"\275\355$*\265Z\342/.\240V;\201B\341\034\342\241\261"
 214      B55AE22F 
 214      2EA0563B 
 214      8142E11C 
 214      E2A1B1
 215 0025 C56426DF 		.ascii	"\305d&\337\244\000\032\013\330Q\201z\003\254\226P\230"
 215      A4001A0B 
 215      D851817A 
ARM GAS  C:\Users\Pasquale\AppData\Local\Temp\ccJk2UlP.s 			page 17


 215      03AC9650 
 215      98
 216 0036 F4548944 		.ascii	"\364T\211D&*_\001B\310\015F\252\213`\240\372\010fj\362"
 216      262A5F01 
 216      42C80D46 
 216      AA8B60A0 
 216      FA08666A 
 217 004b 07078FF6 		.ascii	"\007\007\217\366\270\304\331Z\313=s \332\312Z\222\317"
 217      B8C4D95A 
 217      CB3D7320 
 217      DACA5A92 
 217      CF
 218 005c ED391F17 		.ascii	"\3559\037\027\3424\307\015\211\266'H"
 218      E234C70D 
 218      89B62748 
 219              		.text
 220              		.section	.gnu.lto_.refs.eda529c2,"",%progbits
 221 0000 789C6363 		.ascii	"x\234cc```\004b\006\000\000D\000\010"
 221      60606004 
 221      62060000 
 221      440008
 222              		.text
 223              		.section	.gnu.lto_.decls.eda529c2,"",%progbits
 224 0000 789CB53A 		.ascii	"x\234\265:kPT\351\225\375\335\257_@7L\300\314\232\011"
 224      6B5054E9 
 224      95FDDDAF 
 224      5F40374C 
 224      C0CC9A09 
 225 0014 B56BA648 		.ascii	"\265k\246H\206l2\242\316df\262\225J\315\304\354f\246"
 225      866C32A2 
 225      CE6466B2 
 225      954ACDC4 
 225      EC66A6
 226 0027 2AB3958A 		.ascii	"*\263\225\212\233\332\232Z7\035\006z\224\031^\351n\306"
 226      9BDA9A5A 
 226      371D067A 
 226      94195EE9 
 226      6EC6
 227 0039 71F7479A 		.ascii	"q\367G\232\207\017\004E\005\025\032\030\021A\221\267"
 227      870F0445 
 227      05151A18 
 227      114191B7 
 228 0049 22A2808A 		.ascii	"\"\242\200\212\240\210 \210/\024\345%**\312KPD\024\366"
 228      A0882088 
 228      2F14E525 
 228      2A2ACA4B 
 228      504414F6 
 229 005d 7C8FDBF7 		.ascii	"|\217\333\367v\323\255\316\326n\027\207{\317w\317w\336"
 229      76D3ADCE 
 229      D66E1787 
 229      7BCF77CF 
 229      77DE
 230 006f E77CDF7D 		.ascii	"\347|\337}\250\025\012\305\364\"\205\242Z\243Ph\005"
 230      A8150AC5 
 230      F42285A2 
 230      5AA35068 
 230      05
ARM GAS  C:\Users\Pasquale\AppData\Local\Temp\ccJk2UlP.s 			page 18


 231 0080 8562167E 		.ascii	"\205b\026~\030\306N\000x\001\024!v\376+8\336&\343p4"
 231      18C64E00 
 231      78011421 
 231      76FE2B38 
 231      DE26E370 
 232 0095 C0D11F40 		.ascii	"\300\321\037@\015p\001\360\317\3408\010G\005\037{\004"
 232      0D7001F0 
 232      CFE03808 
 232      47051F7B 
 232      04
 233 00a6 E7CF0104 		.ascii	"\347\317\001\004\201\361\364\006\360\025\024s~\367A"
 233      81F1F406 
 233      F0151473 
 233      7EF741
 234 00b5 D01B70F4 		.ascii	"\320\033p\364\005\230\007\360%r/\357<\034\373\341\370"
 234      059807F0 
 234      25722FEF 
 234      3C1CFBE1 
 234      F8
 235 00c6 2E1CFD04 		.ascii	".\034\375\004&S\017\307\357\003\274\001\360C\201\351"
 235      26530FC7 
 235      EF03BC01 
 235      F04381E9 
 236 00d6 A281E357 		.ascii	"\242\201\343Wp\374\021b:\372\013L'\004G0Q\321\014\343"
 236      70FC1162 
 236      3AFA0B4C 
 236      27044730 
 236      51D10CE3 
 237 00ea 4D006D00 		.ascii	"M\000m\000-\000\255\000\247\0012\000<\270\356\377\000"
 237      2D00AD00 
 237      A7013200 
 237      3CB8EEFF 
 237      00
 238 00fb B43F0278 		.ascii	"\264?\002x\213\353\376S\200\237q[\004\027vL\203\035"
 238      8BEBFE53 
 238      809F715B 
 238      0417764C 
 238      831D
 239 010d 3F74B283 		.ascii	"?t\262\203\370\303\235\015\237q;~\016\274\276\007p\227"
 239      F8C39D0D 
 239      9F713B7E 
 239      0EBCBE07 
 239      7097
 240 011f DBFC5D6C 		.ascii	"\333\374]l\361\220\331r\333\215=\341\334\246\347N6\371"
 240      F190D972 
 240      DB8D3DE1 
 240      DCA6E74E 
 240      36F9
 241 0131 BAB08984 		.ascii	"\272\260\211\204\357\027N\266\245at>\241<\013'a\344"
 241      EF174EB6 
 241      A561743E 
 241      A13C0B27 
 241      61E4
 242 0143 EB899480 		.ascii	"\353\211\224\200\216\265\332nz\003:\317\023-\000\324"
 242      8EB5DA6E 
 242      7A033ACF 
 242      132D00D4 
ARM GAS  C:\Users\Pasquale\AppData\Local\Temp\ccJk2UlP.s 			page 19


 243 0153 5633D1AC 		.ascii	"V3\321\254bW\265\200^\030=\233\355\305\320\327\000="
 243      6257B580 
 243      5E183D9B 
 243      EDC5D0D7 
 243      003D
 244 0165 3470A6D1 		.ascii	"4p\246\321\223\021[\021\340U\303EUz\206\327\021\336"
 244      93115B11 
 244      E055C345 
 244      557A86D7 
 244      11DE
 245 0177 47C6AD07 		.ascii	"G\306\255\007\365X@\344\374\344D\357\036\035\366\240"
 245      F55840E4 
 245      FCE444EF 
 245      1E1DF6A0 
 246 0187 E70F7B0A 		.ascii	"\347\017{\012\012=\2607=\357n\332WD\344\177\346\211"
 246      0A3DB037 
 246      3DEF6EDA 
 246      5744E47F 
 246      E689
 247 0199 4866FAC0 		.ascii	"Hf\372\300P\331\203#Sz6D(nUo{\015\317\243\247\325\203"
 247      50D98323 
 247      537A3644 
 247      286E556F 
 247      7B0DCFA3 
 248 01b0 57BBF40B 		.ascii	"W\273\364\013\213\255\354\247\375o\005:\206\260hI\336"
 248      8BADECA7 
 248      FD6F053A 
 248      86B06849 
 248      DE
 249 01c1 D448950E 		.ascii	"\324H\225\016\377\226\020\012\255\355\223\325Z\344\031"
 249      FF96100A 
 249      ADED93D5 
 249      5AE419
 250 01d0 B8DE6A8D 		.ascii	"\270\336j\215\263\346\304[=>V\240\203\310\037U \177"
 250      B3E6C45B 
 250      3D3E56A0 
 250      83C81F55 
 250      207F
 251 01e2 05AA4781 		.ascii	"\005\252G\201\204\367q\264P\201\216\302`-\014\356!\014"
 251      84F771B4 
 251      50818EC2 
 251      602D0CEE 
 251      210C
 252 01f4 EB7A33DE 		.ascii	"\353z3\336\254\351\261Z\027\240\023\010L@\230\322\200"
 252      ACE9B15A 
 252      17A01308 
 252      4C4098D2 
 252      80
 253 0205 EB3EF364 		.ascii	"\353>\363d\"6wM\325z\341rD\225\311_{\371\2167\256dH"
 253      2236774D 
 253      D57AE172 
 253      4495C95F 
 253      7BF98E37 
 254 021c 717D46B3 		.ascii	"q}F\263\027>\301\220\334\330\313-z\334\310\220\336\351"
 254      173EC190 
 254      DCD8CB2D 
 254      7ADCC890 
ARM GAS  C:\Users\Pasquale\AppData\Local\Temp\ccJk2UlP.s 			page 20


 254      DEE9
 255 022e 9E4A8C5B 		.ascii	"\236J\214[\030R83\321\354\203\333\031r\375\333\306{"
 255      18523833 
 255      D1EC83DB 
 255      1972FDDB 
 255      C67B
 256 0240 3ADCC390 		.ascii	":\334\303\220\254[\0337\251\224$NDv\244\222\2145\224"
 256      AC5B1B37 
 256      A994244E 
 256      4476A492 
 256      8C3594
 257 0253 4CD7613A 		.ascii	"L\327a:\006\3526#:v\253q\350\226\306N\327\302\006O\315"
 257      06EA3623 
 257      3A76AB71 
 257      E896C64E 
 257      D7C2064F 
 258 0268 4ED6F9B0 		.ascii	"N\326\371\260\270\010\2620\315ca\032\030\257N\326\314"
 258      B808B230 
 258      CD63611A 
 258      18AF4ED6 
 258      CC
 259 0279 DF4E2CDC 		.ascii	"\337N,\334\034o}M@\006\035j\003\273[\301n\005:\207\346"
 259      1C6F7D4D 
 259      40061D6A 
 259      03BB5BC1 
 259      6E053A87 
 260 028e C3FFB3C0 		.ascii	"\303\377\263\300\210\232\330\034{\374\244\227n\203\335"
 260      889AD81C 
 260      7BFCA497 
 260      6E83DD
 261 029d 6FE4BADD 		.ascii	"o\344\272\335u\012\324\216t\334)@{l\272\250U\300w\250"
 261      750AD48E 
 261      74DC2940 
 261      7B6CBAA8 
 261      55C077A8 
 262 02b1 01C27071 		.ascii	"\001\302pqy\2637\322\005\272\231\212.\202\327\245\331"
 262      79B337D2 
 262      05BA998A 
 262      2E82D7A5 
 262      D9
 263 02c2 CCDF23C7 		.ascii	"\314\337#\307\026e\\ \376\276\000\027\316K\376\006:"
 263      16655C20 
 263      FEBE0017 
 263      CE4BFE06 
 263      3A
 264 02d3 26216DFB 		.ascii	"&!m\373\325B\037\234\307R\350\360\321\241%\314H\177"
 264      D5421F9C 
 264      C752E8F0 
 264      D1A125CC 
 264      487F
 265 02e5 920BDD63 		.ascii	"\222\013\335cu\334\310>\222|\005e\245W 6\214\264h2\241"
 265      75DCC83E 
 265      927C0565 
 265      A5572036 
 265      8CB46832 
 266 02fa D2071F64 		.ascii	"\322\007\037d\210\230\226\276<-\013\006\2626\351\030"
 266      889896BE 
ARM GAS  C:\Users\Pasquale\AppData\Local\Temp\ccJk2UlP.s 			page 21


 266      3C2D0B06 
 266      B236E918 
 267 030a FE01A097 		.ascii	"\376\001\240\227\332{\3621\256\026\034\322\361\255\271"
 267      DA7BF231 
 267      AE161CD2 
 267      F1ADB9
 268 0319 E9F8164B 		.ascii	"\351\370\026K\307\013)\017\3634\270\201\222\013\275"
 268      C70B290F 
 268      F334B881 
 268      920BBD
 269 0328 9DD35DDE 		.ascii	"\235\323]\336\356\362\254\017,~\213\347Y7\014v\331\363"
 269      EEF2AC0F 
 269      2C7E8BE7 
 269      59370C76 
 269      D9F3
 270 033a 6CB2F3D7 		.ascii	"l\262\363\327\031\017\211\335\275\020\303\036\311\356"
 270      190F89DD 
 270      BD10C31E 
 270      C9EE
 271 0348 B7789EED 		.ascii	"\267x\236\355\313\333\222\253\306\225\230\312\250\311"
 271      CBDB92AB 
 271      C69598CA 
 271      A8C9
 272 0356 BC7D4A70 		.ascii	"\274}Jp'\343\246{\031#o6\256\261Z\005\324\0172nH2@$"
 272      27E3A67B 
 272      19236F36 
 272      AEB15A05 
 272      D40F326E 
 273 036e 13624D9B 		.ascii	"\023bM\233\336\251\3076%\0252\022\237\231\357\326\220"
 273      DEA9C736 
 273      25153212 
 273      9F99EFD6 
 273      90
 274 037f 01B742AE 		.ascii	"\001\267B\256$\343\236\247\304\220\333 \344\226$\244"
 274      24E39EA7 
 274      C490DB20 
 274      E49624A4 
 275 038f 5F14D255 		.ascii	"_\024\322U\261\261A\213oR!\250\246\252\266\221w\223"
 275      B1B1418B 
 275      6F5221A8 
 275      A6AAB691 
 275      7793
 276 03a1 4580C6DF 		.ascii	"E\200\306\337\312\276\341\215\357\263k\215)\011\311"
 276      CABEE18D 
 276      EFB36B8D 
 276      2909C9
 277 03b0 9E788269 		.ascii	"\236x\202i\363\350\374\203\014\265;m\036\270\325\246"
 277      F3E8FC83 
 277      0CB53B6D 
 277      1EB8D5A6 
 278 03c0 59FD21BA 		.ascii	"Y\375!\272\017\212\014\272P$s\274\373\236\007\223\035"
 278      0F8A0CBA 
 278      502473BC 
 278      FB9E0793 
 278      1D
 279 03d1 483C5C3D 		.ascii	"H<\\=\236\257\306V\025\353M7/6\251p\"Cr\352o\274\215"
 279      9EAFC656 
ARM GAS  C:\Users\Pasquale\AppData\Local\Temp\ccJk2UlP.s 			page 22


 279      15EB4D37 
 279      2F36A970 
 279      224372EA 
 280 03e8 6DECBC7A 		.ascii	"m\354\274z[\355\220\026\357dH\377\354\314\227\270\214"
 280      5BED9016 
 280      EF6448FF 
 280      ECCC97B8 
 280      8C
 281 03f9 9D271627 		.ascii	"\235'\026'6z\343*\206\344\036\257y\240\301\247\031\""
 281      367AE32A 
 281      86E41EAF 
 281      79A0C1A7 
 281      1922
 282 040b 36505FD6 		.ascii	"6P_\326@\013\006{\237a\334\301\256\335\350:]\356\215"
 282      400B067B 
 282      9F61DCC1 
 282      AEDDE83A 
 282      5DEE8D
 283 041e AF32A466 		.ascii	"\2572\244f2\263\306\007\3672\244\365\346\354CO<\300"
 283      32B3C607 
 283      F732A4F5 
 283      E6EC434F 
 283      3CC0
 284 0430 902ADB4C 		.ascii	"\220*\333L\235\022\0171d\315\306\222\035\244\307\252"
 284      9D120F31 
 284      64CDC692 
 284      1DA4C7AA 
 285 0440 59426A48 		.ascii	"YBjH\013\030}zH\311\206\210\331\337\300PvF\327~o<F\247"
 285      0B187D7A 
 285      48C98688 
 285      D9DFC050 
 285      7646D77E 
 286 0458 08C72E1E 		.ascii	"\010\307.\036N\320\243@O1\327\336\313\030%!\232\005"
 286      4ED0A340 
 286      4F31D7DE 
 286      CB182521 
 286      9A05
 287 046a CF3C973C 		.ascii	"\317<\227<\243&\216YOH\234\035<\003\016Vs\007?\203\301"
 287      A3268E59 
 287      4F489C1D 
 287      3C030E56 
 287      73073F83 
 288 047f 6918245D 		.ascii	"i\030$]{j\364\240\022O3\031\025\251\317\322\275%\031"
 288      7B6AF4A0 
 288      124F3319 
 288      15A9CFD2 
 288      BD2519
 289 0492 234B2A69 		.ascii	"#K*i\256\305\011\240\223`\2271\213\334\012\211\025\\"
 289      AEC509A0 
 289      93609731 
 289      8BDC0A89 
 289      155C
 290 04a4 0AB9619D 		.ascii	"\012\271a\235\316\320\341x5\025\222Y\237[!\330\205@"
 290      CED0E178 
 290      35159259 
 290      9F5B21D8 
 290      8540
ARM GAS  C:\Users\Pasquale\AppData\Local\Temp\ccJk2UlP.s 			page 23


 291 04b6 AEDDA7B9 		.ascii	"\256\335\247\271\266\006\204\304KB@\246;!\011\256\205"
 291      B60684C4 
 291      4B4240A6 
 291      3B2109AE 
 291      85
 292 04c7 3C4D3D52 		.ascii	"<M=R\351\205\023\251\020\224\264mh\2177Na\310\364\335"
 292      E98513A9 
 292      1094B46D 
 292      688F374E 
 292      61C8F4DD 
 293 04db B44EC4A2 		.ascii	"\264N\304\242\247\0034\256\246s\213\017\3571\264\366"
 293      A70334AE 
 293      A6738B0F 
 293      EF31B4F6 
 294 04eb 9FAE9F51 		.ascii	"\237\256\237Q\342,F{%\371\342u5\316c\252V\265tMc\273"
 294      E22C467B 
 294      25F9E275 
 294      35CE63AA 
 294      56B5744D 
 295 0501 AA4F551F 		.ascii	"\252OU\037\242\215\240e\322+i\231\354Z\313\306s9\343"
 295      A28DA065 
 295      D22B6999 
 295      EC5ACBC6 
 295      7339E3
 296 0514 5A5CC884 		.ascii	"Z\\\310\204\035\331\262\0252\261\234!=\351I5^\270\201"
 296      1DD9B215 
 296      32B19C21 
 296      3DE94935 
 296      5EB881
 297 0527 21C7521E 		.ascii	"!\307R\036\036\366\300\315\014Y\367\244\277\334\007"
 297      1EF6C0CD 
 297      0C59F7A4 
 297      BFDC07
 298 0536 5F64C860 		.ascii	"_d\310`|\335\015%\276\306\220\2625\267\366i\301\024"
 298      7CDD0D25 
 298      BEC690B2 
 298      35B7F669 
 298      C114
 299 0548 7FC82324 		.ascii	"\177\310#$\353j\376\254\253\035\254\033/Q\342^f\314"
 299      EB6AFEAC 
 299      AB1DAC1B 
 299      2F51E25E 
 299      66CC
 300 055a FE925B5F 		.ascii	"\376\222[_\312\362g\341\232u$\266\351`\320v\311 \177"
 300      CAF267E1 
 300      9A7524B6 
 300      E960D076 
 300      C9207F
 301 056d 6E4F9CD5 		.ascii	"nO\234\325\272\333\212\347+\320;\376h\021X\263\003\254"
 301      BADB8AE7 
 301      2BD03BFE 
 301      681158B3 
 301      03AC
 302 057f F1E7D66C 		.ascii	"\361\347\326l\023\374Q\232@\255\331\267\263\340\244"
 302      13FC519A 
 302      40ADD9B7 
 302      B3E0A4
ARM GAS  C:\Users\Pasquale\AppData\Local\Temp\ccJk2UlP.s 			page 24


 303 058e 1EDF6302 		.ascii	"\036\337c\002zJF\332\260,{\336\254\240\331\223\011\022"
 303      7A4A46DA 
 303      B02C7BDE 
 303      ACA0D993 
 303      0912
 304 05a0 322409E9 		.ascii	"2$\011\351\202\033\0216\327\"\342R/\026{\3401&\"\356"
 304      821B1136 
 304      D722E252 
 304      2F167BE0 
 304      312622EE 
 305 05b4 D4E6F31A 		.ascii	"\324\346\363\032\261\2058N\377\326\305t{\212u\321\024"
 305      B185384E 
 305      FFD6C574 
 305      7B8A75D1 
 305      14
 306 05c5 CB064DB2 		.ascii	"\313\006M\262$M2\005\336E\266\331\006\346\343)\2368"
 306      244D3205 
 306      DE45B6D9 
 306      06E6E329 
 306      9E38
 307 05d7 C9336518 		.ascii	"\3113e\030\3172qC\233\012\252\324\256\305\345\272\025"
 307      CF327143 
 307      9B0AAAD4 
 307      AEC5E5BA 
 307      15
 308 05e8 7701D264 		.ascii	"w\001\322d\027H\312q!\251;{d\\\211\327i\250\250\274"
 308      1748CA71 
 308      21A93B7B 
 308      645C89D7 
 308      69A8A8BC 
 309 05fc 86B2F31A 		.ascii	"\206\262\363\032\274\221\"B\347\243\226T\251*\256\001"
 309      BC912242 
 309      E7A39654 
 309      A92AAE01 
 310 060c 8F3DC023 		.ascii	"\217=\300#\317\231\207\013M\362]\373m8\341v\037\337"
 310      CF99870B 
 310      4DF25DFB 
 310      6D38E176 
 310      1FDF
 311 061e D5CD27D5 		.ascii	"\325\315'\325\221\226\376\016\336\316\004\017\345\267"
 311      9196FE0E 
 311      DECE040F 
 311      E5B7
 312 062c 1D205D33 		.ascii	"\035 ]3\320\023\375M\2264\201,i\262\266\364\357\360"
 312      D013FD4D 
 312      9634812C 
 312      69B2B6F4 
 312      EFF0
 313 063e C0D94CAD 		.ascii	"\300\331L\255\214G\007\247\355+Hy\274\365{\261\213\025"
 313      8C4707A7 
 313      ED2B4879 
 313      BCF57BB1 
 313      8B15
 314 0650 E830A473 		.ascii	"\3500\244s%\311\361\022\020\035\310E\027\202\350}\202"
 314      25C9F112 
 314      101DC845 
 314      1782E87D 
ARM GAS  C:\Users\Pasquale\AppData\Local\Temp\ccJk2UlP.s 			page 25


 314      82
 315 0661 B416FE24 		.ascii	"\264\026\376$\233\256\205\305`E\221dE w\304\272\204"
 315      9BAE85C5 
 315      60459164 
 315      452077C4 
 315      BA84
 316 0673 82142F5C 		.ascii	"\202\024/\\\300\204\244\245\364_\327\310\333\316i\232"
 316      C084A4A5 
 316      F45FD7C8 
 316      DBCE699A 
 317 0683 38E530B5 		.ascii	"8\3450\265T\232Z,9`\216\"e.\024!%Uv\375\244\022\357"
 317      549A5A2C 
 317      39608E22 
 317      652E1421 
 317      255576FD 
 318 069a 67521E25 		.ascii	"gR\036%\016\345\2707\245\302\255)wFpw\003\354\177\224"
 318      0EE5B837 
 318      A5C2AD29 
 318      77467077 
 318      03EC7F94 
 319 06ae E80028B4 		.ascii	"\350\000(\264_R\250\\\214ju\362\243\004\207\335\025"
 319      5F52A85C 
 319      8C6A75F2 
 319      A30487DD 
 319      15
 320 06bf 21947657 		.ascii	"!\224vW\007\005\035\337\314\306\365\037\352@x\230E\341"
 320      07051DDF 
 320      CCC6F51F 
 320      EA407898 
 320      45E1
 321 06d1 F293A34F 		.ascii	"\362\223\243Oux\234\"\312\342\370\302Q%\012\364G0\013"
 321      75789C22 
 321      CAE2F8C2 
 321      51250AF4 
 321      47300B
 322 06e4 314790BD 		.ascii	"1G\220\275\260\002U\003\253C\002\026\367\3666+\250?"
 322      B0025503 
 322      AB430216 
 322      F7F6362B 
 322      A83F
 323 06f6 FA37320C 		.ascii	"\37272\014\347Zzt\221\023U`\015\271\244@G\300\226\303"
 323      E75A7A74 
 323      91135560 
 323      0DB9A440 
 323      47C096C3 
 324 070a CC1BFBB3 		.ascii	"\314\033\373\263\232\246<<9\365\372\227Q\337x2{R'7\252"
 324      9AA63C3C 
 324      39F5FA97 
 324      51DF7832 
 324      7B522737 
 325 071f C6C1A85A 		.ascii	"\306\301\250Z\273Q'Z\343\367y\341'\314\250\376\347\273"
 325      BB51275A 
 325      E3F779E1 
 325      27CCA8FE 
 325      E7BB
 326 0731 6E69F00C 		.ascii	"ni\360\014C\236\244\237\311\323\343\004-E\266\026\267"
 326      439EA49F 
ARM GAS  C:\Users\Pasquale\AppData\Local\Temp\ccJk2UlP.s 			page 26


 326      C9D3E304 
 326      2D45B616 
 326      B7
 327 0742 5F51E3F5 		.ascii	"_Q\343\365\014\351)\235\251U\343$\206\354\354\032+\321"
 327      0CE9299D 
 327      A955E324 
 327      86ECEC1A 
 327      2BD1
 328 0754 E04D1411 		.ascii	"\340M\024\021:f\357\336\365t\334p\376\345u\251\253\236"
 328      3A66EFDE 
 328      F574DC70 
 328      FEE575A9 
 328      AB9E
 329 0766 04550D8E 		.ascii	"\004U\015\216\333\315\341\254\277\217\265Z\021j\020"
 329      DBCDE1AC 
 329      BF8FB55A 
 329      116A10
 330 0775 74A85E8A 		.ascii	"t\250^\212\216\201o6\373\342\032/j\361\016&jl\370\322"
 330      8E816F36 
 330      FBE21A2F 
 330      6AF10E26 
 330      6A6CF8D2 
 331 0789 333DCE64 		.ascii	"3=\316d\210u\352\33055\336\311\220\353\333\236\364y"
 331      8875EAD8 
 331      3535DEC9 
 331      90EBDB9E 
 331      F479
 332 079b E05C8634 		.ascii	"\340\\\2064]N:\256\304\371\014\331\333\322gU\341\002"
 332      5D4E3AAE 
 332      C4F90CD9 
 332      DBD26755 
 332      E102
 333 07ad 86D46E68 		.ascii	"\206\324nhy\246\305E\014\261U\257\213\363\304\245\014"
 333      79A6C545 
 333      0CB155AF 
 333      8BF3C4A5 
 333      0C
 334 07be 299A1D4F 		.ascii	")\232\035O\321\341\375\014yR{>W`\305\027@n"
 334      D1E1FD0C 
 334      79527B3E 
 334      5760C517 
 334      406E
 335 07d0 10EA929A 		.ascii	"\020\352\222\2320[qr`+\357uv\315\331uZ\024\300~~\201"
 335      305B7172 
 335      602BEF75 
 335      76CDD975 
 335      5A14C07E 
 336 07e6 0101B9C4 		.ascii	"\001\001\271\304\332\272\221\024\325\375\242\015\033"
 336      DABA9114 
 336      D5FDA20D 
 336      1B
 337 07f3 AD39F5CC 		.ascii	"\2559\365\314\232S`\315\025\301O\262~\257@\363\211\004"
 337      9A5360CD 
 337      15C14FB2 
 337      7EAF40F3 
 337      8904
 338 0805 40C1A6F4 		.ascii	"@\301\246\364\377\247\315Z\227\200)\371Yg\362 B\275"
ARM GAS  C:\Users\Pasquale\AppData\Local\Temp\ccJk2UlP.s 			page 27


 338      FFA7CD5A 
 338      978029F9 
 338      5967F220 
 338      42BD
 339 0817 58221E94 		.ascii	"X\"\036\224\021\267\270$\226\263~*\243>\343L]\211\234"
 339      11B7B824 
 339      96B37E2A 
 339      A33EE34C 
 339      5D899C
 340 082a C99BFF2C 		.ascii	"\311\233\377,\221\237v&?4\207\274_F~\302\231\374\021"
 340      919F7626 
 340      3F3487BC 
 340      5F467EC2 
 340      99FC11
 341 083d 72D2FC82 		.ascii	"r\322\374\202\214\272\321\265W(\365\026z;\004\0007>"
 341      8CBAD1B5 
 341      5728F516 
 341      7A3B0400 
 341      373E
 342 084f E81C2473 		.ascii	"\350\034$s\033\\C\255|\006d\006\272\012\011t^\010@\027"
 342      1B5C43AD 
 342      7C066406 
 342      BA0A0974 
 342      5E084017 
 343 0863 00AE015C 		.ascii	"\000\256\001\\\004\350\004\270\004\320\001\320\016p"
 343      04E804B8 
 343      04D001D0 
 343      0E70
 344 0871 5908A0C5 		.ascii	"Y\010\240\305\306\362\253\355\372k4\277\200\203\202"
 344      C6F2ABED 
 344      FA6B34BF 
 344      808382
 345 0880 2797C2AE 		.ascii	"'\227\302\256Xc\217on\274\265i\021\325\254\311\265\331"
 345      58638F6F 
 345      6EBCB569 
 345      11D5ACC9 
 345      B5D9
 346 0892 323B1ECA 		.ascii	"2;\036\312|\332\354\332\247\224\232l\376\372\207\206"
 346      7CDAECDA 
 346      A7949A6C 
 346      FEFA8786 
 347 08a2 55F2FA93 		.ascii	"U\362\372\223\323*\320u{\375\365\324\346N\352\3618M"
 347      D32AD075 
 347      7BFDF5D4 
 347      E64EEAF1 
 347      384D
 348 08b4 3CFC74BC 		.ascii	"<\374t\274\346\020B\001\201~L\036\364.\333\355$\226"
 348      E6104201 
 348      817E4C1E 
 348      F42EDBED 
 348      2496
 349 08c6 513003D5 		.ascii	"Q0\003\325\201\314^\327)\302\215\335\307\214\355u4v"
 349      81CC5ED7 
 349      29C28DDD 
 349      C78CED75 
 349      3476
 350 08d8 0BDFE150 		.ascii	"\013\337\341P\277\332'wqn\304\257=\340\327n\3567R\015"
ARM GAS  C:\Users\Pasquale\AppData\Local\Temp\ccJk2UlP.s 			page 28


 350      BFDA2777 
 350      716EC4AF 
 350      3DE0D76E 
 350      EE37520D 
 351 08ec 71778630 		.ascii	"qw\2060\266\262'\003\367\007\212:\004\274\206!Y\275"
 351      B6B22703 
 351      F7078A3A 
 351      04BC8621 
 351      59BD
 352 08fe F53D7CCB 		.ascii	"\365=|\313~\222\340\207z\323\022u\2746\310\263\212;"
 352      7E92E087 
 352      7AD31275 
 352      BC36C8B3 
 352      8A3B
 353 0910 8F1F77A8 		.ascii	"\217\037w\250q\012#\256\230\335\267\026\343m\014y\226"
 353      710A23AE 
 353      98DDB716 
 353      E36D0C79 
 353      96
 354 0921 7FEEAA16 		.ascii	"\177\356\252\026\177\313\220\023\317;\263<\361^\212"
 354      7FCB9013 
 354      CF3BB33C 
 354      F15E8A
 355 0930 FC2AAFA9 		.ascii	"\374*\257\251\267\321\013\371\005\350\374\002\374\002"
 355      B7D10BF9 
 355      05E8FC02 
 355      FC02
 356 093e C87FF80B 		.ascii	"\310\177\370\013 \347\201\360\243%\026\0300/\200^\011"
 356      20E781F0 
 356      A3251618 
 356      302F805E 
 356      09
 357 094f 005CA723 		.ascii	"\000\\\247#\203\201\001\366_`\240k\003\307ac}\227\033"
 357      838101F6 
 357      5F60A06B 
 357      03C76163 
 357      7D971B
 358 0962 188F03D1 		.ascii	"\030\217\003\321=n s\356l\211\352y\303&\346\334Apn\003"
 358      3D6E2073 
 358      EE6C89EA 
 358      79C326E6 
 358      DC41706E 
 359 0977 A776E15C 		.ascii	"\247v\341\\Y\030\357;\204\221\314cnvH\335\233\220\272"
 359      5918EF3B 
 359      8491CC63 
 359      6E7648DD 
 359      9B90BA
 360 098a FD247577 		.ascii	"\375$uw\203\324!\256A.\234\357\302\001(\007`'\300\267"
 360      83D421AE 
 360      412E9CEF 
 360      C2012807 
 360      6027C0B7 
 361 099e 00D90059 		.ascii	"\000\331\000Y\000\231\0006\200\014\200t\2005\000\261"
 361      00990036 
 361      800C8074 
 361      803500B1 
 362 09ae 00568059 		.ascii	"\000V\200YH\351\021\200a\200\007\016\026<\374=KG\350"
ARM GAS  C:\Users\Pasquale\AppData\Local\Temp\ccJk2UlP.s 			page 29


 362      48E91180 
 362      6180070E 
 362      163CFC3D 
 362      4B47E8
 363 09c1 A8B72096 		.ascii	"\250\267 \226Cr\345;\221\353\252\262\253v\203\317\370"
 363      4372E53B 
 363      91EBAAB2 
 363      AB7683CF 
 363      F8
 364 09d2 FF516DA6 		.ascii	"\377Qm\246\305w7-,r\017z\0359)wmN?\351i\231\307\350"
 364      C577372D 
 364      2C720F7A 
 364      1D392977 
 364      6D4E3FE9 
 365 09ea 47C1A377 		.ascii	"G\301\243w\\\323;\207b\314!\024\243\254\242\034\214"
 365      5CD33B87 
 365      62CC2114 
 365      A3ACA21C 
 365      8C
 366 09fb AD82AB87 		.ascii	"\255\202\253\207\350\3152\030;\306\215}\016\251\376"
 366      E8CD3218 
 366      3BC68D7D 
 366      0EA9FE
 367 0a0a 18147E04 		.ascii	"\030\024~\004\360\320A\351\206\032\325\314A\253\025"
 367      F0D041E9 
 367      861AD5CC 
 367      41AB15
 368 0a19 EE41C679 		.ascii	"\356A\306y>\214\271k\23225&\034\324\030\177\221\032"
 368      3E8CB96B 
 368      9A323526 
 368      1CD4187F 
 368      911A
 369 0a2b 3320FAE5 		.ascii	"3 \372\345j\364\357\305\326\274\3714\267\256\272\326"
 369      6AF4EFC5 
 369      D6BCF934 
 369      B7AEBAD6 
 370 0a3b 416C4950 		.ascii	"AlIP\361\035;4\2614\011&\201l-7\323\276-\012r\235\004"
 370      F11D3B34 
 370      B1340926 
 370      816C2D37 
 370      D3BE2D0A 
 371 0a52 F6EBCF40 		.ascii	"\366\353\317@\211)\256\3204\234?\005e\2368W\311\306"
 371      8929AED0 
 371      349C3F05 
 371      659E3857 
 371      C9C6
 372 0a64 53B22A19 		.ascii	"S\262*\031\005\215\246\334,<\256e\214\360\031\356e\364"
 372      058DA6DC 
 372      2C3CAE65 
 372      8CF019EE 
 372      65F4
 373 0a76 07B23C16 		.ascii	"\007\262<\026\253p.\177Y\213\353)`-n\312\261\305\261"
 373      AB702E7F 
 373      598BEB29 
 373      602D6ECA 
 373      B1C5B1
 374 0a89 8BA79B54 		.ascii	"\213\247\233T\033wo%\233=\342\2161\351\306\232P\333"
ARM GAS  C:\Users\Pasquale\AppData\Local\Temp\ccJk2UlP.s 			page 30


 374      1B776F25 
 374      9B3DE28E 
 374      31E9C69A 
 374      50DB
 375 0a9b 896A5453 		.ascii	"\211jTS\345ds;\346\212\305\300v\015\354\334hT\357H\333"
 375      E564733B 
 375      E68AC5C0 
 375      760DECDC 
 375      6854EF48 
 376 0ab0 91313A9F 		.ascii	"\2211:\237\251;]\242*>\263\326\2729\230>\327\270\347"
 376      A93B5DA2 
 376      2A3EB3D6 
 376      BA39983E 
 376      D7B8E7
 377 0ac3 9CAC771D 		.ascii	"\234\254w\035\223\033X>\374D\012\3210'\267\273gh\016"
 377      931B583E 
 377      FC440AD1 
 377      3027B7BB 
 377      67680E
 378 0ad6 79FD27CC 		.ascii	"y\375'\314\035q\330\017=t\346>\344T\327s\232^\002\324"
 378      1D71D80F 
 378      3D74E63E 
 378      E454D773 
 378      9A5E02D4 
 379 0aea B2ABA6C7 		.ascii	"\262\253\246\307\255\333\311\274w\327\215\367f6\307"
 379      ADDBC9BC 
 379      77D78DF7 
 379      6636C7
 380 0af9 826388E4 		.ascii	"\202c\210\344\011\311ywE\343\2554\037\222\366\361|X"
 380      09C97977 
 380      45E3AD34 
 380      1F92F6F1 
 380      7C58
 381 0b0b 8BE7A1C7 		.ascii	"\213\347\241\307\316\012>\222\331\263\325\225\206\012"
 381      CE0A3E92 
 381      D9B3D595 
 381      860A
 382 0b19 3A8FA8B7 		.ascii	":\217\250\267\003\324\333\016md\033@\032\300f\200\024"
 382      03D4DB0E 
 382      6D641B40 
 382      1AC06680 
 382      14
 383 0b2a 804480F5 		.ascii	"\200D\200\365\000\353\260<K\232?fn!N\237\004\251\204"
 383      00EBB03C 
 383      4B9A3F66 
 383      6E214E9F 
 383      04A984
 384 0b3d 8BDBBD52 		.ascii	"\213\333\275R\333qY?y\3622\352\372_3\326\033\260\016"
 384      DB71593F 
 384      79F232EA 
 384      FA5F33D6 
 384      1BB00E
 385 0b50 4DB92796 		.ascii	"M\271'\226\025}\022\226\027=\314\233S\364\211\320h\327"
 385      157D1296 
 385      173DCC9B 
 385      53F489D0 
 385      68D7
ARM GAS  C:\Users\Pasquale\AppData\Local\Temp\ccJk2UlP.s 			page 31


 386 0b62 9346BB0E 		.ascii	"\223F\273\016\262\210\220\023\2137\201\305\033\301\262"
 386      B2889013 
 386      8B3781C5 
 386      1BC1B2
 387 0b71 64C932F2 		.ascii	"d\3112\362\304\265U5\362\360\256\325\272UG\037\243<"
 387      C4B55535 
 387      F2F0AED5 
 387      BA55471F 
 387      A33C
 388 0b83 45D881FF 		.ascii	"E\330\201\377\334\242\037|\2354\010\261\342\011\255"
 388      DCA21F7C 
 388      9D3408B1 
 388      E209AD
 389 0b92 8B8AE701 		.ascii	"\213\212\347\001_\253\"\351\0144N\273\037\026\313s{"
 389      5FAB22E9 
 389      0C344EBB 
 389      1F16CB73 
 389      7B
 390 0ba3 792CC993 		.ascii	"y,\311\223\221\015\302K\374\324Q\313\275\272\005\034"
 390      910DC24B 
 390      FCD451CB 
 390      BDBA051C 
 391 0bb3 B5C93DB5 		.ascii	"\265\311=\265\314Q[\201Rr\324\026\346(7\353)J\005\367"
 391      CC515B81 
 391      5272D416 
 391      E62837EB 
 391      294A05F7 
 392 0bc7 484BAA3D 		.ascii	"HK\252=)\247\256\222j%\234R\244\212\034\244\215\326"
 392      29A7AE92 
 392      6A259C52 
 392      A48A1CA4 
 392      8DD6
 393 0bd9 DEA46A4E 		.ascii	"\336\244jNsC`1\334\374B;\210S\252\371\352D\254\336\362"
 393      73436031 
 393      DCFC423B 
 393      8853AAF9 
 393      EA44ACDE 
 394 0bee 32EAC15F 		.ascii	"2\352\301_\262\354 \304[\335\0233u\037\037V\023\177"
 394      B2EC20C4 
 394      5BDD1333 
 394      751F1F56 
 394      137F
 395 0c00 03CDDCDD 		.ascii	"\003\315\334\335fG\251o|\2745}\021}\222\221\312\327"
 395      6647A96F 
 395      7CBC357D 
 395      117D9291 
 395      CAD7
 396 0c12 5F7E13C7 		.ascii	"_~\023\307\312\246M\266$\016\276\235n\255\213\305\364"
 396      CAA64DB6 
 396      240EBE9D 
 396      6EAD8BC5 
 396      F4
 397 0c23 61C44E57 		.ascii	"a\304NW\304\357\310v\357\234\226<t\330\355\212V\026"
 397      C4EFC876 
 397      EF9C963C 
 397      74D8ED8A 
 397      5616
ARM GAS  C:\Users\Pasquale\AppData\Local\Temp\ccJk2UlP.s 			page 32


 398 0c35 C481621E 		.ascii	"\304\201b\036D\270\261E\005\316\373\206\271\367(\327"
 398      44B8B145 
 398      05CEFB86 
 398      B9F728D7 
 399 0c45 7EC6CC87 		.ascii	"~\306\314\207[FT\351\232\\\306\275\377\037\245^~\324"
 399      5B4654E9 
 399      9A5CC6BD 
 399      FF1FA55E 
 399      7ED4
 400 0c57 997AEE7D 		.ascii	"\231z\356}\3045\031\3711\327\344\262H\264\025\362\270"
 400      C43519F9 
 400      31D7E4B2 
 400      48B415F2 
 400      B8
 401 0c68 D16DAB33 		.ascii	"\321m\2533\371\334\233\232z\316\235lB\372\\\223\313"
 401      F9DC9B9A 
 401      7ACE9D6C 
 401      42FA5C93 
 401      CB
 402 0c79 B83FFDA9 		.ascii	"\270?\375\251\343J:\344z%\345q\346;\355!7\215\364\301"
 402      E34A3AE4 
 402      7A25E571 
 402      E63BED21 
 402      378DF4C1 
 403 0c8d 04C95992 		.ascii	"\004\311Y\222\335\267\245\234\035\242\215\024\266\277"
 403      DDB7A59C 
 403      1DA28D14 
 403      B6BF
 404 0c9b ED85B999 		.ascii	"\355\205\271\231:|\231>\261\371\273\375c[\3435(p\036"
 404      3A7C993E 
 404      B1F9BBFD 
 404      635BE335 
 404      28701E
 405 0cae DFFCFA05 		.ascii	"\337\374\372\005\2603\330\364\302\366\227\277\003\353"
 405      B033D8F4 
 405      C2F697BF 
 405      03EB
 406 0cbc 5265DFDC 		.ascii	"Re\337\334D\326\265rH\276&\2515\357\301\363\304>;g\341"
 406      44D6B572 
 406      48BE26A9 
 406      35EFC1F3 
 406      C43E3B67 
 407 0cd1 3D09647B 		.ascii	"=\011d{x\253\255\202\312\332\017\215g\257C\343\351\310"
 407      78ABAD82 
 407      CADA0F8D 
 407      67AF43E3 
 407      E9C8
 408 0ce3 F4642617 		.ascii	"\364d&\027@\0139\305\311_u\363\240\240\263\010\363\032"
 408      400B39C5 
 408      C95F75F3 
 408      A0A0B308 
 408      F31A
 409 0cf5 605E08CC 		.ascii	"`^\010\314\3679\364\353\266L\036,\362N\254\0211!\356"
 409      F739F4EB 
 409      B64C1E2C 
 409      F24EAC11 
 409      3121EE
ARM GAS  C:\Users\Pasquale\AppData\Local\Temp\ccJk2UlP.s 			page 33


 410 0d08 EF571B33 		.ascii	"\357W\0333yZ\026A\235\237vI\356\334[\212\035\232p\221"
 410      795A1641 
 410      9D9F7649 
 410      EEDC5B8A 
 410      1D9A7091 
 411 0d1c 8B26DC01 		.ascii	"\213&\334\001W/\223\371\325\240b)W\367\010\234\037\006"
 411      572F93F9 
 411      D5A06229 
 411      57F7089C 
 411      1F06
 412 0d2e 75CB004A 		.ascii	"u\313\000J\034\3741\234\345\233j%:\220\325\377\012\350"
 412      1CFC319C 
 412      E59B6A25 
 412      3A90D5FF 
 412      0AE8
 413 0d40 40A6D877 		.ascii	"@\246\330wo\362\374r-\345\022\237\362b)\327\374\231"
 413      6FF2FC72 
 413      2DE5129F 
 413      F26229D7 
 413      FC99
 414 0d52 D349288F 		.ascii	"\323I(\217\360\031\216N\227\255\236s\242\232\017|_\034"
 414      F0198E4E 
 414      97AD9E73 
 414      A29A0F7C 
 414      5F1C
 415 0d64 D5C7361E 		.ascii	"\325\3076\036\325\003\300\270\372;G\365\0007\340\020"
 415      D503C0B8 
 415      FA3B47F5 
 415      0037E010 
 416 0d74 303F08CC 		.ascii	"0?\010\314+\034\242:l\223E\265\0061!\356\243:`\343Q"
 416      2B1CA23A 
 416      6C9345B5 
 416      063121EE 
 416      A33A60E3 
 417 0d89 ADC46C6F 		.ascii	"\255\304lo7\227\3349\252\345\262\366\252 \363\244\272"
 417      3797DC39 
 417      AAE5B2F6 
 417      AA20F3A4 
 417      BA
 418 0d9a EAB1D1E6 		.ascii	"\352\261\321\346z\000\273\250\271\016\2337\271\266\307"
 418      7A00BBA8 
 418      B90E9B37 
 418      B9B6C7
 419 0da9 55E36DCB 		.ascii	"U\343m\313\342J\223W\232g\270\313\335\266\360\306,V"
 419      E24A9357 
 419      9A67B8CB 
 419      DDB6F0C6 
 419      2C56
 420 0dbb DAA5AEC4 		.ascii	"\332\245\256\3044f\314'\373\031\232{y\330^\207\204V"
 420      3466CC27 
 420      FB199A7B 
 420      79D85E87 
 420      8456
 421 0dcd 2499615A 		.ascii	"$\231aZ\0268N'\371\011\225_Z<]\356I_\025\303B\305\336"
 421      16384E27 
 421      F909955F 
 421      5A3C5DEE 
ARM GAS  C:\Users\Pasquale\AppData\Local\Temp\ccJk2UlP.s 			page 34


 421      495F15C3 
 422 0de4 28E7D892 		.ascii	"(\347\330\222\312\365\362W\301\177y]\366*\370(&\257"
 422      CAF5F257 
 422      C17F795D 
 422      F62AF828 
 422      26AF
 423 0df6 826B317F 		.ascii	"\202k1\177\025\234\023\233t\321\341\271\002\\\227\271"
 423      159C139B 
 423      74D1E1B9 
 423      025C97B9 
 424 0e06 EB1896BD 		.ascii	"\353\030\226\275\012.\253\317{\240\305\251^\364\311"
 424      0A2EABCF 
 424      7BA0C5A9 
 424      5EF4C9
 425 0e15 5C73F9FD 		.ascii	"\\s\371\375b/\024\250\343\015\345\276\352A;}\251N&H"
 425      622F14A8 
 425      E30DE5BE 
 425      EA413B7D 
 425      A94E2648 
 426 0e29 761CA3EE 		.ascii	"v\034\243\356v\303\036\325AJH\022\310\\\220r\372q\311"
 426      76C31ED5 
 426      414A4812 
 426      C85C9072 
 426      FA71C9
 427 0e3c 4E1F7C9A 		.ascii	"N\037|\232JAw27\346x\342V\206\024M\333n\352\360\005"
 427      4A417732 
 427      37E678E2 
 427      5686144D 
 427      DB6EEAF0 
 428 0e51 8694D726 		.ascii	"\206\224\327&\014\361\217\030\352\310\273\216\373\326"
 428      0CF18F18 
 428      EAC8BB8E 
 428      FBD6
 429 0e5f A4A3085F 		.ascii	"\244\243\010_\245\027\265\353;\316\217`Dn\372\003\354"
 429      A517B5EB 
 429      3BCE8F60 
 429      446EFA03 
 429      EC
 430 0e70 8FD3DA6C 		.ascii	"\217\323\332l\376\354\331\0148\252\0214<\203_\270\222"
 430      FEECD90C 
 430      38AA1134 
 430      3C835FB8 
 430      92
 431 0e81 34CF67BD 		.ascii	"4\317g\275\236\254j'\235\311\335\335\244\234\302\376"
 431      9EAC6A27 
 431      9DC9DDDD 
 431      A49CC2FE 
 432 0e91 7C093BC3 		.ascii	"|\011;\303\263\376,\230\330\014Y\337\004\320\006\320"
 432      B3FE2C98 
 432      D80C59DF 
 432      04D006D0 
 433 0ea1 02D00A70 		.ascii	"\002\320\012p\332\241\012\006\331-\232\270$\316\225"
 433      DAA10A06 
 433      D92D9AB8 
 433      24CE95
 434 0eb0 25DF8A66 		.ascii	"%\337\212f\274\221k\277\025\356s\246\2267\025\376\014"
 434      BC916BBF 
ARM GAS  C:\Users\Pasquale\AppData\Local\Temp\ccJk2UlP.s 			page 35


 434      15EE73A6 
 434      963715FE 
 434      0C
 435 0ec1 670726E9 		.ascii	"g\007&\351sf\316\216\215T\237\310\213\204\255\336\265"
 435      7366CE8E 
 435      8D549FC8 
 435      8B84ADDE 
 435      B5
 436 0ed2 5364A287 		.ascii	"Sd\242\207\323\271\013\211S\032\234\311\035\037X\325"
 436      D3B90B89 
 436      531A9CC9 
 436      1D1F58D5 
 437 0ee2 F70E5463 		.ascii	"\367\016Tc\334\305\222%m\370P\022,I~bi\321\204>\017"
 437      DCC59225 
 437      6DF85012 
 437      2C497E62 
 437      69D1843E 
 438 0ef7 93CF49A9 		.ascii	"\223\317I\251r\206\246\274Kw\242v\360\342\253z\224\274"
 438      7286A6BC 
 438      4B77A276 
 438      F0E2AB7A 
 438      94BC
 439 0f09 69BD9455 		.ascii	"i\275\224U\246\227'\365y\207\316~\201\365\000r$\337"
 439      A69727F5 
 439      7987CE7E 
 439      81F50072 
 439      24DF
 440 0f1b 7B4C3FEF 		.ascii	"{L?\357\323\340Q\226U\367m\331\351J\374\230!\351[\213"
 440      D3E05196 
 440      55F76DD9 
 440      E94AFC98 
 440      21E95B8B 
 441 0f2f A19FC6E9 		.ascii	"\241\237\306\351\350#\371\356\307\227\036\251\220\237"
 441      E823F9EE 
 441      C7971EA9 
 441      909F
 442 0f3d 2EC0CDC3 		.ascii	".\300\315\303\241\313`I\007W\261\023T\274\312\325\221"
 442      A1CB6049 
 442      0757B113 
 442      54BCCAD5 
 442      91
 443 0f4e 69D1E1A0 		.ascii	"i\321\341\240\305\025\246\005\363\354d\242fj\202m\331"
 443      C515A605 
 443      F3EC64A2 
 443      666A826D 
 443      D9
 444 0f5f AFF0CED6 		.ascii	"\257\360\316\326\361\302\236\262\216\006\265\3031\250"
 444      F1C29EB2 
 444      8E06B5C3 
 444      31A8
 445 0f6d 0EFDE033 		.ascii	"\016\375\3403\361\013\223+\317&k\245\257I\256a:x.c_"
 445      F10B932B 
 445      CF266BA5 
 445      AF49AE61 
 445      3A782E63 
 446 0f82 A58FDBEF 		.ascii	"\245\217\333\357E\272h\223\270.6\211\353;\254\015\202"
 446      45BA6893 
ARM GAS  C:\Users\Pasquale\AppData\Local\Temp\ccJk2UlP.s 			page 36


 446      B82E3689 
 446      EB3BAC0D 
 446      82
 447 0f93 DC9F5D0E 		.ascii	"\334\237]\016M\242[\336$*z65"
 447      4DA25BDE 
 447      242A7A36 
 447      35
 448 0fa0 E8F131EA 		.ascii	"\350\3611\3524ag\341\006\233\306\361\361\275|*\352\003"
 448      346167E1 
 448      069BC6F1 
 448      F1BD7C2A 
 448      EA03
 449 0fb2 4749B3C5 		.ascii	"GI\263\305\357E~\225N\277\027\351\205\013=R~tc\366\010"
 449      EF457E95 
 449      4EBF17E9 
 449      850B3D52 
 449      7E7463F6 
 450 0fc7 5F9D14D7 		.ascii	"_\235\024\327\223\357\215\350#;?\273\367\022\305Go\242"
 450      93EF8DE8 
 450      233B3FBB 
 450      F712C547 
 450      6FA2
 451 0fd9 FB065E54 		.ascii	"\373\006^TC\003\351\274\201\203\223.b'\342J\347\264"
 451      4303E9BC 
 451      8183932E 
 451      6227E24A 
 451      E7B4
 452 0feb 1FE4AD80 		.ascii	"\037\344\255\200(t\306\231\365\334\202kL\367\245\375"
 452      2874C699 
 452      F5DC826B 
 452      4CF7A5FD 
 453 0ffb 7EC055C5 		.ascii	"~\300U\305u"
 453      75
 454 1000 A4CBD6BB 		.ascii	"\244\313\326\273K\316\242\335\365\025q\317\240\240\344"
 454      4BCEA2DD 
 454      F51571CF 
 454      A0A0E4
 455 100f 24C56E81 		.ascii	"$\305n\201\347n@\326\337\006\350\007\270)e\377\205\355"
 455      E76E40D6 
 455      DF06E807 
 455      B82965FF 
 455      85ED
 456 1021 A78A34B8 		.ascii	"\247\2124\270\205E\240\262\244j\257\036\371\005\272"
 456      8545A0B2 
 456      A46AAF1E 
 456      F905BA
 457 1030 7E80740F 		.ascii	"~\200t\017\270\274\214#_\204\322i\315\336\005\342;R"
 457      B8BC8C23 
 457      5F84D269 
 457      CDDE05E2 
 457      3B52
 458 1042 4C0630DF 		.ascii	"L\0060\337\200\326U\036\230tx\347u\327!\327\007y\305"
 458      80D6551E 
 458      987478E7 
 458      75D721D7 
 458      0779C5
 459 1055 0DD28AAB 		.ascii	"\015\322\212\253>q\364\270W/\352&_\300\241\327\330j"
ARM GAS  C:\Users\Pasquale\AppData\Local\Temp\ccJk2UlP.s 			page 37


 459      3E71F4B8 
 459      572FEA26 
 459      5FC0A1D7 
 459      D86A
 460 1067 86D87F38 		.ascii	"\206\330\1778\022\240\370\254\370Cl\034F\005v\340\244"
 460      12A0F8AC 
 460      F8436C1C 
 460      460576E0 
 460      A4
 461 1078 0411A720 		.ascii	"\004\021\247 \373\210\300y\010\"_\372\307\031 9Wv\235"
 461      FB88C079 
 461      08225FFA 
 461      C7192039 
 461      57769D
 462 108b 89137F0A 		.ascii	"\211\023\177\012F\317\364\221\346\261!A\022&\2332GW"
 462      46CFF491 
 462      E6B12141 
 462      12269B32 
 462      4757
 463 109d 85FDB25D 		.ascii	"\205\375\262])\311H\304\243t\371Ar\251\256\017\365\300"
 463      29C948C4 
 463      A374F941 
 463      72A9AE0F 
 463      F5C0
 464 10af D5CF148A 		.ascii	"\325\317\024\212\315\332\010\366\362k\262`Z\203;i\354"
 464      CDDA08F6 
 464      F26BB260 
 464      5A833B69 
 464      EC
 465 10c0 5CADED6B 		.ascii	"\\\255\355k7No\362f\265\014\3118\314j\371v\312\275:"
 465      374E6FF2 
 465      66B50CC9 
 465      38CC6AF9 
 465      76CABD3A 
 466 10d4 2D1D244B 		.ascii	"-\035$K\302\010\033\264\335mm\364\242\203dU\031e\203"
 466      C2081BB4 
 466      DD6D6DF4 
 466      A2836455 
 466      196583
 467 10e7 7137679F 		.ascii	"q7g\237\353\355\255`\214\015\326m\277\\\300\372\003"
 467      EBEDAD60 
 467      8C0DD66D 
 467      BF5CC0FA 
 467      03
 468 10f8 D92A3F64 		.ascii	"\331*?d\203C\347\257lW\313\373\003\271\243\222\032\304"
 468      8343E7AF 
 468      6C57CBFB 
 468      03B9A392 
 468      1AC4
 469 110a 046D10E3 		.ascii	"\004m\020\343b\203\250>tv\257\352\315\034kN\037\324"
 469      6283A83E 
 469      7476AFEA 
 469      CD1C6B4E 
 469      1FD4
 470 111c 6FB6A6F0 		.ascii	"o\266\246\360\346Z(F\364!!CCR\272\300)\374\177\200\373"
 470      E65A2846 
 470      F4212143 
ARM GAS  C:\Users\Pasquale\AppData\Local\Temp\ccJk2UlP.s 			page 38


 470      4352BAC0 
 470      29FC7F80 
 471 1131 10BA8F7B 		.ascii	"\020\272\217{\301\362G\370M\230}j \277J\215\267\351"
 471      C1F247F8 
 471      4D987D6A 
 471      20BF4A8D 
 471      B7E9
 472 1143 5FCDE849 		.ascii	"_\315\350IWF?qe\364\024\033<\\\333\331\316\354\203\364"
 472      57463F71 
 472      65F4141B 
 472      3C5CDBD9 
 472      CEEC83F4 
 473 1157 434FF9F4 		.ascii	"CO\371\364\322\322T\275{\373\236Q\373\246E\373J\366"
 473      D2D254BD 
 473      7BFB9E51 
 473      FBA645FB 
 473      4AF6
 474 1169 6DAFF6E6 		.ascii	"m\257\366\346\3665\223\233\3008+y%\015T\350\261d\336"
 474      F635939B 
 474      C0382B79 
 474      250D54E8 
 474      B164DE
 475 117c 6367F39E 		.ascii	"cg\363\236S\363\222\312\212\007<q\0313ob\364\312\214"
 475      53F392CA 
 475      8A073C71 
 475      19336F62 
 475      F4CA8C
 476 118f 0F5586DC 		.ascii	"\017U\206\334\3763\373ve\234.\360`\012\202\022\263L"
 476      FE33FB76 
 476      659C2EF0 
 476      600A8212 
 476      B34C
 477 11a1 C1DCC6D6 		.ascii	"\301\334\306\326\307*\267\273\270X%\321\317\252\344"
 477      C72AB7BB 
 477      B85825D1 
 477      CFAAE4
 478 11b0 FA4D3E49 		.ascii	"\372M>I\272\212@\277>\366\024\246$\005\374\277\013Q"
 478      BA8A40BF 
 478      3EF614A6 
 478      2405FCBF 
 478      0B51
 479 11c2 32342329 		.ascii	"24#)8\203\331\233c\024\247$\212m-\354hS\342Z\246\330"
 479      3883D99B 
 479      6314A724 
 479      8A6D2DEC 
 479      6853E25A 
 480 11d8 E4DDFD13 		.ascii	"\344\335\375\023\310\217\267\211\365n\227_\305\313\326"
 480      C88FB789 
 480      F56E975F 
 480      C5CBD6
 481 11e7 DED2FDD7 		.ascii	"\336\322\375\327k\324\362N\220\240\224w\2025J\361EU"
 481      6BD4F24E 
 481      90A09477 
 481      82354AF1 
 481      4555
 482 11f9 6E7177BE 		.ascii	"nqw\276\222Z\015c\334\023\347\022{3<\335Ge\035\265z"
 482      925A0D63 
ARM GAS  C:\Users\Pasquale\AppData\Local\Temp\ccJk2UlP.s 			page 39


 482      DC13E712 
 482      7B333CDD 
 482      47651DB5 
 483 120e AD687563 		.ascii	"\255huc\362\323s\032n5l@[\366\256cV\003\031\212W\332"
 483      F2D3731A 
 483      6E356C40 
 483      5BF6AE63 
 483      5603198A 
 484 1224 AD865366 		.ascii	"\255\206Sf\365zj\365\354\356\236\243z|\3019\333\334"
 484      F57A6AF5 
 484      ECEE9EA3 
 484      7A7CC139 
 484      DBDC
 485 1236 2C971B94 		.ascii	",\227\033\224,\261\316\034\355\366\260\327H\022\033"
 485      2CB1CE1C 
 485      EDF6B0D7 
 485      48121B
 486 1245 6CDFBDF6 		.ascii	"l\337\275\366\266\247\3335t#U6YT\266\251\340X\247VT"
 486      B6A7DB35 
 486      74235536 
 486      5954B6A9 
 486      E058A756 
 487 125a B64B35BB 		.ascii	"\266K5\273\233\207\010\310P\242\244l\242\250\354&\252"
 487      9B8708C8 
 487      50A2A46C 
 487      A2A8EC26 
 487      AA
 488 126b EC894789 		.ascii	"\354\211G\211\033=\361m\246lN\367\371l\225=\221\231"
 488      1B3DF16D 
 488      A66C4EF7 
 488      F96C953D 
 488      9199
 489 127d B6B706E2 		.ascii	"\266\267\006\342\326\270\377\356s\013\325a\263\250C"
 489      D6B8FFEE 
 489      730BD561 
 489      B3A843
 490 128c 795A6FB5 		.ascii	"yZo\265\250\303x\242\246\372\324\332\272?P\"\224\"i"
 490      A8C378A2 
 490      A6FAD4DA 
 490      BA3F5022 
 490      942269
 491 129f 90226AB0 		.ascii	"\220\"j\260\225%IA[5\226\307\223(,\3053\225\305\223"
 491      95254941 
 491      5B3596C7 
 491      93282CC5 
 491      3395C593 
 492 12b3 1C8178CB 		.ascii	"\034\201x\313\350\303T\265\247\364\001\024y\255'\321"
 492      E8C354B5 
 492      A7F40114 
 492      79AD27D1 
 493 12c3 A629C947 		.ascii	"\246)\311G\005A\3649\022\375\360jxZ\351\273\231/L\037"
 493      0541F439 
 493      12FDF06A 
 493      785AE9BB 
 493      992F4C1F 
 494 12d7 22FA7183 		.ascii	"\"\372q\203\244\3736\245\2578\207\"\304\330\351\222"
 494      A4FB36A5 
ARM GAS  C:\Users\Pasquale\AppData\Local\Temp\ccJk2UlP.s 			page 40


 494      AF388722 
 494      C4D8E992 
 495 12e7 6AFEDD9D 		.ascii	"j\376\335\235\032\320\343g\023j\275\334J\333!J\333\256"
 495      1AD0E367 
 495      136ABDDC 
 495      4ADB214A 
 495      DBAE
 496 12f9 A4E22636 		.ascii	"\244\342&6\254\231\344\037A\223\017\354\304\017D\347"
 496      AC99E41F 
 496      41930FEC 
 496      C40F44E7 
 497 1309 B10F448B 		.ascii	"\261\017D\213\372\323Z\220\2632\031J\177\224\256$\314"
 497      FAD35A90 
 497      B332194A 
 497      7F94AE24 
 497      CC
 498 131a 6C54991D 		.ascii	"lT\231\035L\031\033U&\375p\315q\037\271c\32698&\223"
 498      4C191B55 
 498      26FD70CD 
 498      711FB963 
 498      D6393826 
 499 132f 3B26933A 		.ascii	";&\223:\306\332\234as\360b\254\003q\026'\316\242\304"
 499      C6DA9C61 
 499      73F062AC 
 499      03711627 
 499      CEA2C4
 500 1342 EDC335C9 		.ascii	"\355\3035\311^x\214\005\2758y6\315}\037\370\226\006"
 500      5E788C05 
 500      BD387936 
 500      CD7D1FF8 
 500      9606
 501 1354 3892C7F7 		.ascii	"8\222\307\367xr\336\005O\210o\035i\303\3075\335I\344"
 501      7872DE05 
 501      4F886F1D 
 501      69C3C735 
 501      DD49E4
 502 1367 5D6FACF5 		.ascii	"]o\254\365\303\217\011\035\312\226b\234\255t\352T;i"
 502      C38F091D 
 502      CA96629C 
 502      AD74EA54 
 502      3B69
 503 1379 ACFB76DE 		.ascii	"\254\373v\336I\325\343|\366\321v\306\231\301\375\"\263"
 503      49D5E37C 
 503      F6D176C6 
 503      99C1FD22 
 503      B3
 504 138a FB29AAC1 		.ascii	"\373)\252\301\012\330\236\202\001\011HI\271\345H\334"
 504      0AD89E82 
 504      01094849 
 504      B9E548DC 
 505 139a 729CB9ED 		.ascii	"r\234\271\355\242\334\256\014\324\207\342\375\214Ya"
 505      A2DCAE0C 
 505      D487E2FD 
 505      8C5961
 506 13a9 C9B7E5DE 		.ascii	"\311\267\345\336\3708C\222\352\033\262\324\220\307h"
 506      F8384392 
 506      EA1BB2D4 
ARM GAS  C:\Users\Pasquale\AppData\Local\Temp\ccJk2UlP.s 			page 41


 506      90C768
 507 13b8 374D3572 		.ascii	"7M5r\317WPy\002\321\314\356\267\177\030\275\343bn\265"
 507      CF575079 
 507      02D1CCEE 
 507      B77F18BD 
 507      E3626EB5 
 508 13cc FBDBD83D 		.ascii	"\373\333\330=\324\360|1\2633\307\216gx\210\226wj\256"
 508      D4F07C31 
 508      B333C78E 
 508      67788896 
 508      776AAE
 509 13df 8F6C6296 		.ascii	"\217lb\2267\011\204\022\345\212\312\242<\245\222`\216"
 509      37098412 
 509      E58ACAA2 
 509      3CA59260 
 509      8E
 510 13f0 FAEEA5FA 		.ascii	"\372\356\245\372&\257)\214\325\340\315>T\307\256\212"
 510      26AF298C 
 510      D5E0CD3E 
 510      54C7AE8A 
 511 1400 832D3E92 		.ascii	"\203->\222+\3178\272\262@2\276\300\231\331>\312l\017"
 511      2BCF38BA 
 511      B24032BE 
 511      C099D93E 
 511      CA6C0F
 512 1413 B4646F6C 		.ascii	"\264dolc\314\306&\017xH\236\254v\362d\241\304\254\320"
 512      63CCC626 
 512      0F78489E 
 512      AC76F264 
 512      A1C4ACD0 
 513 1427 99591165 		.ascii	"\231Y\021e\266\241r\342\222\303\3077[\034\262\247\230"
 513      B6A172E2 
 513      92C3C737 
 513      5B1CB2A7 
 513      98
 514 1438 674F31CD 		.ascii	"gO1\315\236\212g\271\327\3648\217I\276sgW\032\377\014"
 514      9E8A67B9 
 514      D7F4388F 
 514      49BE7367 
 514      571AFF0C 
 515 144c FA0D40BB 		.ascii	"\372\015@\273SOd\253Y\322\267\223\233\346]\255\343\333"
 515      534F64AB 
 515      59D2B793 
 515      9BE65DAD 
 515      E3DB
 516 145e 3DF10146 		.ascii	"=\361\001F;\261\343l'\377\300\374\007d\325]?4\344\343"
 516      3BB1E36C 
 516      27FFC0FC 
 516      0764D55D 
 516      3F34E4E3 
 517 1472 B6BA0E88 		.ascii	"\266\272\016\210\325\265\237UWcQs\227\306\271~\312\240"
 517      D5B59F55 
 517      57635173 
 517      97C6B97E 
 517      CAA0
 518 1484 7E4A69FD 		.ascii	"~Ji\375T\320\372\241\223\010\365\310\226\234Qo9u\315"
 518      54D0FAA1 
ARM GAS  C:\Users\Pasquale\AppData\Local\Temp\ccJk2UlP.s 			page 42


 518      9308F5C8 
 518      969C516F 
 518      3975CD
 519 1497 8BA8AFF5 		.ascii	"\213\250\257\365\327o\025~\274\333\332^Gw\027\245\267"
 519      D76F157E 
 519      BCDBDA5E 
 519      477717A5 
 519      B7
 520 14a8 13ACB16B 		.ascii	"\023\254\261ka\203}P\351\213\312\301y\260\314\312&\227"
 520      61837D50 
 520      E98BCAC1 
 520      79B0CCCA 
 520      2697
 521 14ba C0C89F21 		.ascii	"\300\310\237!\271*\225?V\250W\032\203C\215&\345\027"
 521      B92A953F 
 521      56A8571A 
 521      83438D26 
 521      E517
 522 14cc 26A35115 		.ascii	"&\243Q\025\035\274\302h\376\311\302\205A\360\027\262"
 522      1DBCC268 
 522      FEC9C285 
 522      41F017B2 
 523 14dc 32ECF3B0 		.ascii	"2\354\363\260(\363\342_.\016\2122\007\231,AfS\010\014"
 523      28F3E25F 
 523      2E0E8A32 
 523      07992C41 
 523      6653080C 
 524 14f0 86AE8E0C 		.ascii	"\206\256\216\014\216\010\013Y\030\242\375\335\277\376"
 524      8E080B59 
 524      18A2FDDD 
 524      BFFE
 525 14fe 69C1D2C5 		.ascii	"i\301\322\305\213\025js\330\177\031\015\226\320\220"
 525      8B156A73 
 525      D87F190D 
 525      96D090
 526 150d 7F5A4EE7 		.ascii	"\177ZN\347\230-1\241aQ\313-QQ\341\346\345+\"c\026\320"
 526      982D31A1 
 526      6151CB2D 
 526      5151E1E6 
 526      E52B2263 
 527 1523 B305C1A6 		.ascii	"\263\005\301\246\210\005\306\210\317\215\241\241\306"
 527      8805C688 
 527      CF8DA1A1 
 527      C6
 528 1530 D0E5EF2F 		.ascii	"\320\345\357/\\\264`\311\242\305\357\377\365\335\345"
 528      5CB460C9 
 528      A2C5EFFF 
 528      F5DDE5
 529 153f E1619F2F 		.ascii	"\341a\237/_\021\022\262\034\256\277\035\031\025i|\333"
 529      5F1112B2 
 529      1CAEBF1D 
 529      1915697C 
 529      DB
 530 1550 18FC7918 		.ascii	"\030\374y\030\020,Y\270xyXdHxL\250q\271\331\002\263"
 530      102C59B8 
 530      78795864 
 530      48784CA8 
ARM GAS  C:\Users\Pasquale\AppData\Local\Temp\ccJk2UlP.s 			page 43


 530      71B9D902 
 531 1565 BE58B852 		.ascii	"\276X\270R\241\2144~c\361\002\225\243\015\\\357\030"
 531      A18C347E 
 531      63F10295 
 531      A30D5CEF 
 531      18
 532 1576 B3315449 		.ascii	"\2631TI4P\222Q\275\354\222\301\242\2156E}\035\006\247"
 532      34509251 
 532      BDEC92C1 
 532      A28D3645 
 532      7D1D06A7 
 533 158a FA0863C4 		.ascii	"\372\010c\304\012\243\345\213\230\310\220%\006\313B"
 533      0AA3E58B 
 533      98C89025 
 533      06CB42
 534 1599 57064699 		.ascii	"W\006F\231A\221 .\020\256\301\214\220(\223\021dz\301"
 534      4191202E 
 534      10AEC18C 
 534      90289311 
 534      647AC1
 535 15ac 69946935 		.ascii	"i\224i5\341\032\215#,\337\250\242VE\032MZ\22318<\332"
 535      E11A8D23 
 535      2CDFA8A2 
 535      56451A4D 
 535      5A933138 
 536 15c2 1416E569 		.ascii	"\024\026\345i0\304\204EZ\336\001\306_\374/]\340h\272"
 536      30C48445 
 536      5ADE01C6 
 536      5FFC2F5D 
 536      E068BA
 537 15d5 68744430 		.ascii	"htD0\360\2124.7\200\351\3011\341\026\203eu\264\321\014"
 537      F08A342E 
 537      3780E9C1 
 537      31E11683 
 537      6575B4D1 
 538 15ea 0A694579 		.ascii	"\012iEy\377\361\177*\317\274\332\274\334\000\236\006"
 538      FFF17F2A 
 538      CFBCDABC 
 538      DC009E06 
 539 15fa E6204463 		.ascii	"\346 Dc!\306\031,\037\272rVHTDDTdPt\224\311b\016\372"
 539      21C6192C 
 539      1FBA7256 
 539      48544444 
 539      54645074 
 540 1613 E88F9F2E 		.ascii	"\350\217\237.\375\364\0332\026\035\026n4\231\203~\267"
 540      FDF41B32 
 540      161D166E 
 540      3499837E 
 540      B7
 541 1624 7429D08B 		.ascii	"t)\320\213\332j\300e\341\240\241\326\030m\214\004\346"
 541      DA6AC065 
 541      E1A0A1D6 
 541      186D8C04 
 541      E6
 542 1635 2BBC8C5F 		.ascii	"+\274\214_\033#-\021\301\346\257 B\021\346\025\177\215"
 542      1B232D11 
 542      C1E6AF20 
ARM GAS  C:\Users\Pasquale\AppData\Local\Temp\ccJk2UlP.s 			page 44


 542      4211E615 
 542      7F8D
 543 1647 31C6185F 		.ascii	"1\306\030_\013Yi\260\254\004\237\206\232\015t@\031m"
 543      0B5969B0 
 543      AC049F86 
 543      9A0D7440 
 543      196D
 544 1659 327EEDE3 		.ascii	"2~\355\3430d\260hV\005\207Y\200\205\217\214\232\360"
 544      3064B068 
 544      56058759 
 544      80858F8C 
 544      9AF0
 545 166b F6962306 		.ascii	"\366\226#\006\013\212Q\033W\021\001\352U\026\220\036"
 545      0B8A511B 
 545      571101EA 
 545      5516901E 
 546 167b 0D07B331 		.ascii	"\015\007\2631\"\032\207DZ<\014\006\356<\015?\252`\024"
 546      221A8744 
 546      5A3C0C06 
 546      EE3C0D3F 
 546      AA6014
 547 168e FE53093A 		.ascii	"\376S\011:\340\013\224\301\321+!\364\0323Q\323\274B"
 547      E00B94C1 
 547      D12B21F4 
 547      1A3351D3 
 547      BC42
 548 16a0 050004AB 		.ascii	"\005\000\004\253,\026S\264/\023d0\031\2770\232\214\221"
 548      2C1653B4 
 548      2F136430 
 548      19BF309A 
 548      8C91
 549 16b2 21A01330 		.ascii	"!\240\0230\217\372\374\313h\255\361\2330KHT\250Qm\012"
 549      8FFAFCCB 
 549      68ADF19B 
 549      304B4854 
 549      A8516D0A 
 550 16c6 5D0D3394 		.ascii	"]\0153\224@b\366`\271\361\001H\023\217\0262\016\354"
 550      4062F660 
 550      B9F10148 
 550      138F1632 
 550      0EEC
 551 16d8 BE080F5E 		.ascii	"\276\010\017^a\326X\"`\006`fK\260\305\250\265\320\003"
 551      61D65822 
 551      60066066 
 551      4BB0C5A8 
 551      B5D003
 552 16eb 6119FC79 		.ascii	"a\031\374y\260\331\3103\353\275w\301O\342\211\247\331"
 552      B0D9C833 
 552      EBBD77C1 
 552      4FE289A7 
 552      D9
 553 16fc F2557078 		.ascii	"\362Upx\330\212H\203e\361+Gf%\317d%\224\256Q\031\262"
 553      D88A4883 
 553      65F12B47 
 553      6625CF64 
 553      2594AE51 
 554 1712 32D8A48A 		.ascii	"2\330\244\212\012\207\262PE\032W\031M8\304\362\215`"
ARM GAS  C:\Users\Pasquale\AppData\Local\Temp\ccJk2UlP.s 			page 45


 554      0A87B250 
 554      451A5719 
 554      4D38C4F2 
 554      8D60
 555 1724 8E16C249 		.ascii	"\216\026\302IN\257\200\3340X\260i\361b\200E\202\351"
 555      4EAF80DC 
 555      3058B069 
 555      F1628045 
 555      82E9
 556 1736 9782E903 		.ascii	"\227\202\351\003\301\364\276`zO0\375B0\275\353E8\023"
 556      C1F4BE60 
 556      7A4F30FD 
 556      4230BDEB 
 556      453813
 557 1749 17C2A45F 		.ascii	"\027\302\244_|7\005\014_\277\037\001J\350(\207\220\250"
 557      7C37050C 
 557      5FBF1F01 
 557      4AE82887 
 557      90A8
 558 175b 480B94B2 		.ascii	"H\013\224\262\222$\231\207=\232\252\210hH\\-w\262E\013"
 558      92249987 
 558      3D9AAA88 
 558      68485C2D 
 558      77B2450B 
 559 176f 17226280 		.ascii	"\027\"b\200NC\377\033,\201nZ\223T\266f\350P \344\255"
 559      4E43FF1B 
 559      2C816E5A 
 559      9354B666 
 559      E85020E4 
 560 1784 9712425E 		.ascii	"\227\022B^\000\335\317_\316p\265Y\314\344\2273\205\334"
 560      00DDCF5F 
 560      CE70B559 
 560      CCE49733 
 560      85DC
 561 1796 013ABDAC 		.ascii	"\001:\275\254a\030,A\257\330m\0105\255\027\332\246\014"
 561      61182C41 
 561      AFD86D08 
 561      35AD17DA 
 561      A60C
 562 17a8 969FBD54 		.ascii	"\226\237\275T\032Oz\230\243\"S\242\225\253\240\300T"
 562      1A4F7A98 
 562      A32253A2 
 562      95ABA0C0 
 562      54
 563 17b9 AB48EAE0 		.ascii	"\253H\352\340`\323\012?\356\306P\2439\304\024\026m\211"
 563      60D30A3F 
 563      EEC650A3 
 563      39C41416 
 563      6D89
 564 17cb 828EA8A2 		.ascii	"\202\216\250\242\271"
 564      B9
 565 17d0 E305096B 		.ascii	"\343\005\011k\014\261\030H\333\364\"\036\347\035\363"
 565      0CB11848 
 565      DBF4221E 
 565      E71DF3
 566 17df 55552553 		.ascii	"UU%S\210X\235\324V\015\026\321j\312\317\342\027\262"
 566      88589DD4 
ARM GAS  C:\Users\Pasquale\AppData\Local\Temp\ccJk2UlP.s 			page 46


 566      560D16D1 
 566      6ACACFE2 
 566      17B2
 567 17f1 F2DF5686 		.ascii	"\362\337V\206.\005\005,\306\1771EE|\014\326\271\363"
 567      2E05052C 
 567      C67F3145 
 567      457C0CD6 
 567      B9F3
 568 1803 9FD3C2A2 		.ascii	"\237\323\302\242\370\201\323\334O)\343?\000_\250\317"
 568      F881D3DC 
 568      4F29E33F 
 568      005FA8CF 
 569 1813 65212BFF 		.ascii	"e!+\377=\370+cL\364\262\357\313\310\226\305\230Iw1\206"
 569      3DF82B63 
 569      4CF4B2EF 
 569      CBC896C5 
 569      98497731 
 570 1828 7EE21BB2 		.ascii	"~\342\033\262\222\310\372(<<*\344#b\2541\324+d%\231"
 570      92C8FA28 
 570      3C3C2AE4 
 570      2362AC31 
 570      D42B6425 
 571 183d 4C87E07C 		.ascii	"L\207\340|\331j\363\237\"\341\364\253W\210\347jb&\313"
 571      D96AF39F 
 571      22E1F4AB 
 571      5788E76A 
 571      6226CB
 572 1850 F9183A47 		.ascii	"\371\030:Go\200\006a1\374\346\243e\377\374\207?~\242"
 572      6F800661 
 572      31FCE6A3 
 572      65FFFC87 
 572      3F7EA2
 573 1863 0F0E5F15 		.ascii	"\017\016_\025\274\332\014\365\020\016\235\3727/\250"
 573      BCDA0CF5 
 573      100E9DFA 
 573      372FA8
 574 1872 07C87552 		.ascii	"\007\310uR\015AK?]\366\311\262\240\245P\016A\237\210"
 574      0D414B3F 
 574      5DF6C9B2 
 574      A0A5500E 
 574      419F88
 575 1885 6222CC61 		.ascii	"b\"\314af\003,\201 \312\203\252\367{\020\344A\205r\221"
 575      66032C81 
 575      20CA83AA 
 575      F77B10E4 
 575      41857291 
 576 1899 D4C38685 		.ascii	"\324\303\206\205\357}\260d\211V\304\376\007\340fv\\"
 576      EF7DB064 
 576      8956C4FE 
 576      07E06676 
 576      5C
 577              		.text
 578              		.section	.gnu.lto_.symtab.eda529c2,"",%progbits
 579 0000 63685468 		.ascii	"chThdCreateFromHeap\000"
 579      64437265 
 579      61746546 
 579      726F6D48 
ARM GAS  C:\Users\Pasquale\AppData\Local\Temp\ccJk2UlP.s 			page 47


 579      65617000 
 580 0014 00       		.ascii	"\000"
 581 0015 00       		.ascii	"\000"
 582 0016 00       		.ascii	"\000"
 583 0017 00000000 		.ascii	"\000\000\000\000\000\000\000\000"
 583      00000000 
 584 001f F5010000 		.ascii	"\365\001\000\000"
 585 0023 63685468 		.ascii	"chThdCreateFromMemoryPool\000"
 585      64437265 
 585      61746546 
 585      726F6D4D 
 585      656D6F72 
 586 003d 00       		.ascii	"\000"
 587 003e 00       		.ascii	"\000"
 588 003f 00       		.ascii	"\000"
 589 0040 00000000 		.ascii	"\000\000\000\000\000\000\000\000"
 589      00000000 
 590 0048 FD010000 		.ascii	"\375\001\000\000"
 591 004c 63685363 		.ascii	"chSchWakeupS\000"
 591      6857616B 
 591      65757053 
 591      00
 592 0059 00       		.ascii	"\000"
 593 005a 02       		.ascii	"\002"
 594 005b 00       		.ascii	"\000"
 595 005c 00000000 		.ascii	"\000\000\000\000\000\000\000\000"
 595      00000000 
 596 0064 02020000 		.ascii	"\002\002\000\000"
 597 0068 63685468 		.ascii	"chThdCreateSuspendedI\000"
 597      64437265 
 597      61746553 
 597      75737065 
 597      6E646564 
 598 007e 00       		.ascii	"\000"
 599 007f 02       		.ascii	"\002"
 600 0080 00       		.ascii	"\000"
 601 0081 00000000 		.ascii	"\000\000\000\000\000\000\000\000"
 601      00000000 
 602 0089 08020000 		.ascii	"\010\002\000\000"
 603 008d 63684865 		.ascii	"chHeapAllocAligned\000"
 603      6170416C 
 603      6C6F6341 
 603      6C69676E 
 603      656400
 604 00a0 00       		.ascii	"\000"
 605 00a1 02       		.ascii	"\002"
 606 00a2 00       		.ascii	"\000"
 607 00a3 00000000 		.ascii	"\000\000\000\000\000\000\000\000"
 607      00000000 
 608 00ab 0E020000 		.ascii	"\016\002\000\000"
 609 00af 6368506F 		.ascii	"chPoolAlloc\000"
 609      6F6C416C 
 609      6C6F6300 
 610 00bb 00       		.ascii	"\000"
 611 00bc 02       		.ascii	"\002"
 612 00bd 00       		.ascii	"\000"
 613 00be 00000000 		.ascii	"\000\000\000\000\000\000\000\000"
ARM GAS  C:\Users\Pasquale\AppData\Local\Temp\ccJk2UlP.s 			page 48


 613      00000000 
 614 00c6 12020000 		.ascii	"\022\002\000\000"
 615              		.text
 616              		.section	.gnu.lto_.opts,"",%progbits
 617 0000 272D666D 		.ascii	"'-fmath-errno' '-fsigned-zeros' '-ftrapping-math' '"
 617      6174682D 
 617      6572726E 
 617      6F272027 
 617      2D667369 
 618 0033 2D666E6F 		.ascii	"-fno-trapv' '-fno-openmp' '-fno-openacc' '-mcpu=cor"
 618      2D747261 
 618      70762720 
 618      272D666E 
 618      6F2D6F70 
 619 0066 7465782D 		.ascii	"tex-m4' '-mthumb' '-O2' '-fomit-frame-pointer' '-fa"
 619      6D342720 
 619      272D6D74 
 619      68756D62 
 619      2720272D 
 620 0099 6C69676E 		.ascii	"lign-functions=16' '-ffunction-sections' '-fdata-se"
 620      2D66756E 
 620      6374696F 
 620      6E733D31 
 620      36272027 
 621 00cc 6374696F 		.ascii	"ctions' '-fno-common' '-flto'\000"
 621      6E732720 
 621      272D666E 
 621      6F2D636F 
 621      6D6D6F6E 
 622              		.text
 623              		.comm	__gnu_lto_v1,1,1
 624              		.comm	__gnu_lto_slim,1,1
 625              		.ident	"GCC: (GNU Tools for Arm Embedded Processors 7-2017-q4-major) 7.2.1 20170904 (release) [ARM
ARM GAS  C:\Users\Pasquale\AppData\Local\Temp\ccJk2UlP.s 			page 49


DEFINED SYMBOLS
                            *ABS*:00000000 chdynamic.c
                            *COM*:00000001 __gnu_lto_v1
                            *COM*:00000001 __gnu_lto_slim

NO UNDEFINED SYMBOLS
