ARM GAS  C:\Users\Pasquale\AppData\Local\Temp\ccY8rUIk.s 			page 1


   1              		.cpu cortex-m4
   2              		.eabi_attribute 20, 1
   3              		.eabi_attribute 21, 1
   4              		.eabi_attribute 23, 3
   5              		.eabi_attribute 24, 1
   6              		.eabi_attribute 25, 1
   7              		.eabi_attribute 26, 1
   8              		.eabi_attribute 30, 2
   9              		.eabi_attribute 34, 1
  10              		.eabi_attribute 18, 4
  11              		.file	"crt1.c"
  12              		.section	.gnu.lto_.profile.eda545ba,"",%progbits
  13 0000 789C6363 		.ascii	"x\234cc```\001bF\006IQ\000\000\277\000:"
  13      60606001 
  13      62460649 
  13      510000BF 
  13      003A
  14              		.text
  15              		.section	.gnu.lto_.icf.eda545ba,"",%progbits
  16 0000 789C6363 		.ascii	"x\234cc``Pc@\0006\206\246\206\326M|\214`\222\011L2\357"
  16      60605063 
  16      40003686 
  16      A686D64D 
  16      7C8C6092 
  17 0018 7CF26527 		.ascii	"|\362e'/\313\376}+\217\260\263^\374\266\261\207\217"
  17      2FCBFE7D 
  17      2B8FB0B3 
  17      5EFCB6B1 
  17      878F
  18 002a 01003027 		.ascii	"\001\0000'\020q"
  18      1071
  19              		.text
  20              		.section	.gnu.lto_.jmpfuncs.eda545ba,"",%progbits
  21 0000 789C6363 		.ascii	"x\234cc``\020d@\000V fd``b``f``\001r\000\003o\000'"
  21      60601064 
  21      40005620 
  21      66646060 
  21      62606066 
  22              		.text
  23              		.section	.gnu.lto_.inline.eda545ba,"",%progbits
  24 0000 789C6363 		.ascii	"x\234cc``\210c@\000V\006\006f&F\006& \223m\201<\210"
  24      60608863 
  24      40005606 
  24      06662646 
  24      06262093 
  25 0018 6260C410 		.ascii	"b`\304\020a\302\020a\006\362 \",`\022H\211\374`\001"
  25      61C21061 
  25      06F22022 
  25      2C601248 
  25      89FC6001 
  26 002c 8A289DF8 		.ascii	"\212(\235\370\341\303\300\326\001Q\305\000\000\376\366"
  26      E1C3C0D6 
  26      0151C500 
  26      00FEF6
  27 003b 06DC     		.ascii	"\006\334"
  28              		.text
  29              		.section	.gnu.lto_.pureconst.eda545ba,"",%progbits
ARM GAS  C:\Users\Pasquale\AppData\Local\Temp\ccY8rUIk.s 			page 2


  30 0000 789C6363 		.ascii	"x\234cc``\340\006bV\006\011F\011&\011f\023\026)\000"
  30      6060E006 
  30      62560609 
  30      46092609 
  30      66131629 
  31 0015 043700B7 		.ascii	"\0047\000\267"
  32              		.text
  33              		.section	.gnu.lto___core_init.eda545ba,"",%progbits
  34 0000 789C6363 		.ascii	"x\234cc``\250\003bG \226\006bFf\006F\246\011\347\030"
  34      6060A803 
  34      62472096 
  34      06624666 
  34      0646A609 
  35 0016 181A3998 		.ascii	"\030\0329\230\030\031A\214\006\016F\206z&\306z\306\036"
  35      1819418C 
  35      060E4686 
  35      7A26C67A 
  35      C61E
  36 0028 E629CC8C 		.ascii	"\346)\314\214\207\332\237\355d\322\\\336\000\004\007"
  36      87DA9FED 
  36      64D25CDE 
  36      000407
  37 0037 A66FE26A 		.ascii	"\246o\342jkh\225\230\303\314\3000\015\210A\200q3\243"
  37      6B689598 
  37      C3CCC030 
  37      0D884180 
  37      7133A3
  38 004a 260350D9 		.ascii	"&\003P\331\243\215\377\246\362\262\261@\304\031\267"
  38      A38DFFA6 
  38      F2B2B140 
  38      C419B7
  39 0059 30B23130 		.ascii	"0\26210\002\031\353/\261\036h\370\367\277\275\341\300"
  39      0219EB2F 
  39      B11E68F8 
  39      F7BFBDE1 
  39      C0
  40 006a 91C58CFB 		.ascii	"\221\305\214\373\275\230\030\030:\200\362@K\032\016"
  40      BD981818 
  40      3A80F240 
  40      4B1A0E
  41 0079 30743233 		.ascii	"0t23\201X\315\007\030\33616)\200\265\200@\0073#H\030"
  41      8158CD07 
  41      18DE3136 
  41      2980B580 
  41      40073323 
  42 008f A8D45E4F 		.ascii	"\250\324^OO\037\210\22232\2232\363\213\015-\015\365"
  42      4F1F8892 
  42      33329332 
  42      F38B0D2D 
  42      0DF5
  43 00a1 F38BF593 		.ascii	"\363\213\365\223\363ss\363\363\364\213K\022\213JJ\013"
  43      F37373F3 
  43      F3F48B4B 
  43      128B4A4A 
  43      0B
  44 00b2 F41D837C 		.ascii	"\364\035\203|\235}+@\242\005\2319\251E\305\372\356\316"
  44      9D7D2B40 
ARM GAS  C:\Users\Pasquale\AppData\Local\Temp\ccY8rUIk.s 			page 3


  44      A2059939 
  44      A945C5FA 
  44      EECE
  45 00c4 CEFAC945 		.ascii	"\316\372\311E%\206z\311\014\000\306\344@H"
  45      25867AC9 
  45      0C00C6E4 
  45      4048
  46              		.text
  47              		.section	.gnu.lto___early_init.eda545ba,"",%progbits
  48 0000 789C6363 		.ascii	"x\234cc``\250\001bG \226\006bFf\006F\246\011\347\030"
  48      6060A801 
  48      62472096 
  48      06624666 
  48      0646A609 
  49 0016 181A3998 		.ascii	"\030\0329\230\030\031A\214\006\016F\206z&\306z\306\036"
  49      1819418C 
  49      060E4686 
  49      7A26C67A 
  49      C61E
  50 0028 E629CC8C 		.ascii	"\346)\314\214\207\332\237\355d\322\\\336\000\004\007"
  50      87DA9FED 
  50      64D25CDE 
  50      000407
  51 0037 A6FFE06A 		.ascii	"\246\377\340jkh\225\230\303\314\3000\015\210A\200q3"
  51      6B689598 
  51      C3CCC030 
  51      0D884180 
  51      7133
  52 0049 A3260350 		.ascii	"\243&\003P\331\243\215\377\246\362\262\261@\304\031"
  52      D9A38DFF 
  52      A6F2B2B1 
  52      40C419
  53 0058 B730B231 		.ascii	"\2670\26210\002\031\353/\261\036h\370\367\277\275\341"
  53      300219EB 
  53      2FB11E68 
  53      F8F7BFBD 
  53      E1
  54 0069 C0196566 		.ascii	"\300\031ef&\006\206\016\240,\320\212\206\003\014\235"
  54      2606860E 
  54      A02CD08A 
  54      86030C9D 
  55 0079 402E90D5 		.ascii	"@.\220\325|\200\341\035c\223\002X\003\010t03\202\204"
  55      7C80E11D 
  55      63930258 
  55      03087430 
  55      338284
  56 008c 814AEDF5 		.ascii	"\201J\355\365\364\364\201(9#3)3\277\330\320\322P?\277"
  56      F4F48128 
  56      39233329 
  56      33BFD8D0 
  56      D2503FBF 
  57 00a0 583F393F 		.ascii	"X?9?77?O\277\270$\261\250\244\264@\3371\310\327\331"
  57      37373F4F 
  57      BFB824B1 
  57      A8A4B440 
  57      DF31C8D7 
  58 00b5 B702245A 		.ascii	"\267\002$Z\220\231\223ZT\254\357\356\354\254\237\\T"
ARM GAS  C:\Users\Pasquale\AppData\Local\Temp\ccY8rUIk.s 			page 4


  58      9099935A 
  58      54ACEFEE 
  58      ECAC9F5C 
  58      54
  59 00c6 62A897CC 		.ascii	"b\250\227\314\000\000\015\222?\015"
  59      00000D92 
  59      3F0D
  60              		.text
  61              		.section	.gnu.lto___late_init.eda545ba,"",%progbits
  62 0000 789C6363 		.ascii	"x\234cc``\250\001bG \226\006bFf\006F\246\011\347\030"
  62      6060A801 
  62      62472096 
  62      06624666 
  62      0646A609 
  63 0016 181A3998 		.ascii	"\030\0329\230\030\031A\214\006\016F\206z&\306z\306\036"
  63      1819418C 
  63      060E4686 
  63      7A26C67A 
  63      C61E
  64 0028 E629CC8C 		.ascii	"\346)\314\214\207\332\237\355d\322\\\336\000\004\007"
  64      87DA9FED 
  64      64D25CDE 
  64      000407
  65 0037 A66FE16E 		.ascii	"\246o\341nkh\225\230\303\314\3000\015\210A\200q3\243"
  65      6B689598 
  65      C3CCC030 
  65      0D884180 
  65      7133A3
  66 004a 260350D9 		.ascii	"&\003P\331\243\215\377\246\362\262\261@\304\031\267"
  66      A38DFFA6 
  66      F2B2B140 
  66      C419B7
  67 0059 30B23130 		.ascii	"0\26210\002\031\353/\261\036h\370\367\277\275\341\300"
  67      0219EB2F 
  67      B11E68F8 
  67      F7BFBDE1 
  67      C0
  68 006a 11656626 		.ascii	"\021ef&\006\206\016\240,\320\212\206\003\014\235@.\220"
  68      06860EA0 
  68      2CD08A86 
  68      030C9D40 
  68      2E90
  69 007c D57C80E1 		.ascii	"\325|\200\341\035c\223\002X\003\010t03\202\204\201J"
  69      1D639302 
  69      58030874 
  69      30338284 
  69      814A
  70 008e EDF5F4F4 		.ascii	"\355\365\364\364\201(9#3)3\277\330\320\322P?\277X?9"
  70      81283923 
  70      332933BF 
  70      D8D0D250 
  70      3FBF583F 
  71 00a3 3F37373F 		.ascii	"?77?O\277\270$\261\250\244\264@\3371\310\327\331\267"
  71      4FBFB824 
  71      B1A8A4B4 
  71      40DF31C8 
  71      D7D9B7
ARM GAS  C:\Users\Pasquale\AppData\Local\Temp\ccY8rUIk.s 			page 5


  72 00b6 02245A90 		.ascii	"\002$Z\220\231\223ZT\254\357\356\354\254\237\\Tb\250"
  72      99935A54 
  72      ACEFEEEC 
  72      AC9F5C54 
  72      62A8
  73 00c8 97CC0000 		.ascii	"\227\314\000\000\3359>\302"
  73      DD393EC2 
  74              		.text
  75              		.section	.gnu.lto___default_exit.eda545ba,"",%progbits
  76 0000 789C6363 		.ascii	"x\234cc``\250\005bG 6\007bFV\006F\246\011\347\030\030"
  76      6060A805 
  76      62472036 
  76      07624656 
  76      0646A609 
  77 0017 1A399818 		.ascii	"\0329\230\030\231!\014fF\026\010\203\005\"\342\310\310"
  77      99210C66 
  77      46160883 
  77      0522E2C8 
  77      C8
  78 0028 50CFC4CC 		.ascii	"P\317\304\314\302\010$\030\240\240\207y\0123\343\241"
  78      C2082418 
  78      A0A08779 
  78      0A33E3A1 
  79 0038 F6673B99 		.ascii	"\366g;\2314\2277\000\301\201\351\367\270\333\032Z%\346"
  79      34973700 
  79      C181E9F7 
  79      B8DB1A5A 
  79      25E6
  80 004a 00554C83 		.ascii	"\000UL\203\252b\334\314\250\311\000T\366h\343\277\251"
  80      AA62DCCC 
  80      A8C90054 
  80      F668E3BF 
  80      A9
  81 005b BC6C2C10 		.ascii	"\274l,\020q\306-\214l\014\214@\306\372K\254\007\032"
  81      71C62D8C 
  81      6C0C8C40 
  81      C6FA4BAC 
  81      071A
  82 006d FEFD6F6F 		.ascii	"\376\375oo8pg1\343Oo\240P\007P\236\261\341\000\220f"
  82      38706731 
  82      E34F6FA0 
  82      5007509E 
  82      B1E10090 
  83 0082 62606C04 		.ascii	"b`l\004\321\314\014@\353\233A,\026\020\213\261\203\231"
  83      D1CC0C40 
  83      EB9B412C 
  83      16108BB1 
  83      8399
  84 0094 116CB2BD 		.ascii	"\021l\262\275\236\236>\020%gd&e\346\027\033Z\032\352"
  84      9E9E3E10 
  84      25676426 
  84      65E6171B 
  84      5A1AEA
  85 00a7 E717EB27 		.ascii	"\347\027\353'\347\347\346\346\347\351\027\227$\026\225"
  85      E7E7E6E6 
  85      E7E91797 
  85      241695
ARM GAS  C:\Users\Pasquale\AppData\Local\Temp\ccY8rUIk.s 			page 6


  86 00b6 9416E83B 		.ascii	"\224\026\350;\006\371:\373V\200D\0132sR\213\212\365"
  86      06F93AFB 
  86      5680440B 
  86      3273528B 
  86      8AF5
  87 00c8 DD9D9DF5 		.ascii	"\335\235\235\365\223\213J\014\365\222\031\000 xC;"
  87      938B4A0C 
  87      F5921900 
  87      2078433B 
  88              		.text
  89              		.section	.gnu.lto___init_ram_areas.eda545ba,"",%progbits
  90 0000 789C9555 		.ascii	"x\234\225U\335o\024U\024?g\356|\355\314\356f\323\345"
  90      DD6F1455 
  90      143F67EE 
  90      7CEDCCEE 
  90      66D3E5
  91 0013 C10742FA 		.ascii	"\301\007B\372\322\007^\272\3317\364\305`\023%&\274\370"
  91      D2075EBA 
  91      D937F4C5 
  91      60132526 
  91      BCF8
  92 0025 1788D5C4 		.ascii	"\027\210\325\304&b7mI|r\207~\300\026\214\022\"\037\331"
  92      2662376D 
  92      497C7287 
  92      7EC0168C 
  92      12221FD9 
  93 0039 6C711513 		.ascii	"lq\025\023\254QW\003j\273\375\232~\010\005\273\305\256"
  93      AC515703 
  93      6ABBFD9A 
  93      7E0805BB 
  93      C5AE
  94 004b 4008A93C 		.ascii	"@\010\251<\000e\265\370\205\255$T\254\236s\357\254,"
  94      0065B5F8 
  94      85AD2454 
  94      AC9E73EF 
  94      AC2C
  95 005d ADA26E76 		.ascii	"\255\242nvg\356\235\373;\347\374\316\357\2349k\002\300"
  95      67EE9DFB 
  95      3BE7FCCE 
  95      EF9C396B 
  95      02C0
  96 006f 3113E069 		.ascii	"1\023\340i\272\177@?\214\000j\007f\001v\333\032\012"
  96      BA7F403F 
  96      8C006A07 
  96      660176DB 
  96      1A0A
  97 0081 B51068A8 		.ascii	"\265\020h\250\205\256\026\343\266\241\351\247&\000<"
  97      85AE16E3 
  97      B6A1E9A7 
  97      26003C
  98 0090 C79D77C1 		.ascii	"\307\235w\301\013\273h\363s\264\324}\334\2665K\235\207"
  98      0BBB68F3 
  98      73B4D47D 
  98      DCB6354B 
  98      9D87
  99 00a2 E479480B 		.ascii	"\344yH\013\1774\305[\347Z\210\266a\345x\253\203\310"
  99      7F34C55B 
ARM GAS  C:\Users\Pasquale\AppData\Local\Temp\ccY8rUIk.s 			page 7


  99      E75A88B6 
  99      61E578AB 
  99      83C8
 100 00b4 77CF4648 		.ascii	"w\317FHkB7\\\313\016\205\035L\353\002\320\327\311\333"
 100      6B42375C 
 100      CB0E851D 
 100      4CEB02D0 
 100      D7C9DB
 101 00c7 5F172206 		.ascii	"_\027\"\006\006\004\037\273\272xM\274)pb\357\315Am\363"
 101      06041FBB 
 101      BA784DBC 
 101      297062EF 
 101      CD416DF3 
 102 00db 098F3EFE 		.ascii	"\011\217>\376\221\203\321=^\317#9\001pX(\014\236\304"
 102      9183D13D 
 102      5ECF2339 
 102      01705828 
 102      0C9EC4
 103 00ee CD40B0B9 		.ascii	"\315@\260\271\356\217sb\277\310\011D\235\266\267K\331"
 103      EE8F7362 
 103      BFC80944 
 103      9DB6B74B 
 103      D9
 104 00ff EB51DE6A 		.ascii	"\353Q\336jXO\333\356\267\336+\350\342\011d\344O\231"
 104      584FDBEE 
 104      B7DE2BE8 
 104      E20964E4 
 104      4F99
 105 0111 851BD186 		.ascii	"\205\033\321\206\343\236\327\351\371W\0076\034\357\362"
 105      E39ED7E9 
 105      F9570736 
 105      1CEFF2
 106 0120 A63D3D27 		.ascii	"\246=='\004~\206\202\274\342\247\270\021O\341F\351\235"
 106      047E8682 
 106      BCE2A7B8 
 106      114FE146 
 106      E99D
 107 0132 E0D73E59 		.ascii	"\340\327>Y=\0241u\374\034\033TP\034@\023\351`\306\357"
 107      3D143175 
 107      FC1C1B54 
 107      501C4013 
 107      E960C6EF 
 108 0146 2D38E249 		.ascii	"-8\342I\351\363\267#\203\013z\340su`\323\333\201O\035"
 108      E9F3B723 
 108      830B7AE0 
 108      737560D3 
 108      DB814F1D 
 109 015a 07FFD6E7 		.ascii	"\007\377\326\347\324\302\275\262+\266I\323[\231\351"
 109      D4C2BDB2 
 109      2BB649D3 
 109      5B99E9
 110 0169 137660FA 		.ascii	"\023v`\372\313\226\254\347w\327\263\341\320C\311\014"
 110      CB96ACE7 
 110      77D7B3E1 
 110      D043C90C 
 111 0179 63031689 		.ascii	"c\003\026\211\020s!F#\304\010@0\307\352Q\241l\370\336"
 111      10732146 
ARM GAS  C:\Users\Pasquale\AppData\Local\Temp\ccY8rUIk.s 			page 8


 111      23C40840 
 111      30C7EA51 
 111      A16CF8DE 
 112 018d EA1F7B3D 		.ascii	"\352\037{=\177v\313\310\362||\003BN\030\032]H}\272\350"
 112      7F76CBC8 
 112      F27C7C03 
 112      424E181A 
 112      5D487DBA 
 113 01a2 C0680318 		.ascii	"\300h\003\030o\002[X\362\032\226O\"r\035\225\230\230"
 113      6F025B58 
 113      F21A964F 
 113      22721D95 
 113      9898
 114 01b4 5CD7C96B 		.ascii	"\\\327\311k\\\236\002dH\210a\364|\350\025\032-\272|"
 114      5C9E0264 
 114      488861F4 
 114      7CE8151A 
 114      2DBA7C
 115 01c7 B8899DF9 		.ascii	"\270\211\235\371B\3561)\016\031\021\327\303=\023\347"
 115      42EE3129 
 115      0E1911D7 
 115      C33D13E7 
 116 01d7 2D2E8129 		.ascii	"-.\201)\363\354Z\031[\212\246\177\367\250zf^\250t\356"
 116      F3EC5A19 
 116      5B8AA67F 
 116      F7A87A66 
 116      5EA874EE 
 117 01eb CEFD9071 		.ascii	"\316\375\220q\363xlw,',\034\3034\216r\256\214~\367d"
 117      F3786C77 
 117      2C272C1C 
 117      C3348E72 
 117      AE8C7EF7 
 118 0200 0F12FAA8 		.ascii	"\017\022\372\250\347\345\337\321\330\207\217y\312\021"
 118      E7E5DFD1 
 118      D8878F79 
 118      CA11
 119 020e C7314DB6 		.ascii	"\3071M\266\275B\300\274+\303j\222dV\350\260\210\235"
 119      BD42C0BC 
 119      2BC36A92 
 119      6456E8B0 
 119      889D
 120 0220 C5EF5EAF 		.ascii	"\305\357^\257X,GV\204k)\010Iax\242t\332\344p\324K\371"
 120      582C4756 
 120      846B2908 
 120      496178A2 
 120      74DAE470 
 121 0237 5116C426 		.ascii	"Q\026\304&;\234\010b\336\336\177\3602&>\364\016x\036"
 121      3B9C0862 
 121      DEDE7FF0 
 121      32263EF4 
 121      0E781E
 122 024a 95208493 		.ascii	"\225 \204\223\024\361\220l3\234\302\204\314\360U)\365"
 122      14F1906C 
 122      339CC284 
 122      CCF05529 
 122      F5
 123 025b 30C70BCB 		.ascii	"0\307\013\313x\375o\004\341\"k\375\027\377\325\377\027"
ARM GAS  C:\Users\Pasquale\AppData\Local\Temp\ccY8rUIk.s 			page 9


 123      78FD6F04 
 123      E1226BFD 
 123      17FFD5FF 
 123      17
 124 026c D23FB2FF 		.ascii	"\322?\262\377\323\017\370/\262\377\010\300\035\331\312"
 124      D30FF82F 
 124      B2FF08C0 
 124      1DD9CA
 125 027b 55E1588A 		.ascii	"U\341X\212Bn[U><\203i\255\034\315\212h\270xk\034I\022"
 125      426E5B55 
 125      3E3C8369 
 125      AD1CCD8A 
 125      68B8786B 
 126 0292 1DE89D24 		.ascii	"\035\350\235$M\210\327\275}#K)E\014ku\320\327\351@L"
 126      4D88D7BD 
 126      7D234B29 
 126      450C6B75 
 126      D0D7E940 
 127 02a7 9CAC3070 		.ascii	"\234\2540p\232I\342Y\026\231\354/\354\353\027l\2766"
 127      9A49E259 
 127      1699EC2F 
 127      ECEB176C 
 127      BE36
 128 02b9 A94D126D 		.ascii	"\251M\022m\006\350s\204\246\000d\320\225\333SZzV\005"
 128      06E87384 
 128      A60064D0 
 128      95DB535A 
 128      7A5605
 129 02cc AC6300F7 		.ascii	"\254c\000\367,%T\177?\237:\005\373f\351y\005\213s\324"
 129      2C25547F 
 129      3F9F3A05 
 129      FB66E979 
 129      058B73D4 
 130 02e0 076052D6 		.ascii	"\007`R\326\270\254\256\00148\252\345\225\346\246ZK\214"
 130      B8ACAE01 
 130      3438AAE5 
 130      95E6A65A 
 130      4B8C
 131 02f2 A14A9DAD 		.ascii	"\241J\235\2558\312\225\266>\247\207\012\377\245\024"
 131      38CA95B6 
 131      3EA7870A 
 131      FFA514
 132 0301 5E631167 		.ascii	"^c\021gH\370\005\354\276<9\217\201/\016\005\254\275"
 132      48F805EC 
 132      BE3C398F 
 132      812F0E05 
 132      ACBD
 133 0313 41351657 		.ascii	"A5\026W\256\337\245\024\343z\261r\026\357\310:\213\025"
 133      AEDFA514 
 133      E37AB172 
 133      16EFC83A 
 133      8B15
 134 0325 F9A84ECF 		.ascii	"\371\250N\317VH\365\214p\251\021\261WX\367\305_\376"
 134      5648F58C 
 134      70A911B1 
 134      5758F7C5 
 134      5FFE
ARM GAS  C:\Users\Pasquale\AppData\Local\Temp\ccY8rUIk.s 			page 10


 135 0337 F6FD33E6 		.ascii	"\366\3753\346?\253g\005\352\225\210Emm\034\004\234\245"
 135      3FAB6705 
 135      EA958845 
 135      6D6D1C04 
 135      9CA5
 136 0349 1329D3C8 		.ascii	"\023)\323\310\257\201\23216X\257fL\312d\257\223\311"
 136      AF819A31 
 136      3658AF66 
 136      4CCA64AF 
 136      93C9
 137 035b 52D2F457 		.ascii	"R\322\364W\245\021\377S\232\363R\032\331__\255\225F"
 137      A511FF53 
 137      9AF3521A 
 137      D95F5FAD 
 137      9546
 138 036d B07B298D 		.ascii	"\260{)\215E\"\271@,\254\225E\331z!\3656J\352\027w)8"
 138      4522B940 
 138      2CAC9545 
 138      D97A21F5 
 138      364AEA17 
 139 0384 B526B76F 		.ascii	"\265&\267o\371\347\231>W\015\346\030\316\325&\"_\333"
 139      F9E7993E 
 139      570DE618 
 139      CED52622 
 139      5FDB
 140 0396 28C7989D 		.ascii	"(\307\230\235\\-\232<:hO&\331\241\345s\006\233\320\377"
 140      5C2D9A3C 
 140      3A684F26 
 140      D9A1E573 
 140      069BD0FF 
 141 03aa CE7F9A1C 		.ascii	"\316\177\232\034_\327L\216\261+\243G\365d\2013\312/"
 141      5FD74C8E 
 141      B12BA347 
 141      F5648133 
 141      CA2F
 142 03bc 22A58B17 		.ascii	"\"\245\213\027(',\253!J\200R\337\367\227\314\352hA\236"
 142      28272CAB 
 142      214A8052 
 142      DFF797CC 
 142      EA68419E 
 143 03d0 0D173149 		.ascii	"\015\0271I\371^\222\223\205g[\030\362\016\225\324\201"
 143      F95E9293 
 143      85675B18 
 143      F20E95D4 
 143      81
 144 03e1 219E6C3F 		.ascii	"!\236l?\322{Y\351C5j\3459\322\001u\317\343\215\215\011"
 144      D27B59E9 
 144      43356AE5 
 144      39D20175 
 144      CFE38D8D 
 145 03f6 FA36BFD8 		.ascii	"\3726\277\330\362\\Kk{\362\321d\242\265=\321\334\272"
 145      F25C4B6B 
 145      7BF2D164 
 145      A2B53DD1 
 145      DCBA
 146 0408 7367EBCB 		.ascii	"sg\353\313\211\366\216\035m\035\273R\211\255\317lo\332"
 146      89F68E1D 
ARM GAS  C:\Users\Pasquale\AppData\Local\Temp\ccY8rUIk.s 			page 11


 146      6D1DBB52 
 146      89ADCF6C 
 146      6FDA
 147 041a FE0A3F4D 		.ascii	"\376\012?M\265\274\364B[{\342\251\246\246Ds[G\262\261"
 147      B5BCF442 
 147      5B7BE2A9 
 147      A6A64473 
 147      5B47B2B1 
 148 042e 1944DB8E 		.ascii	"\031D\333\216\024\246\264\216\324\237\205-BF"
 148      14A6B48E 
 148      D49F852D 
 148      4246
 149              		.text
 150              		.section	.gnu.lto_ram_areas.eda545ba,"",%progbits
 151 0000 789C75D1 		.ascii	"x\234u\321\313K\033Q\024\006\360{rM\242\326\252\215"
 151      CB4B1B51 
 151      1406F07B 
 151      724DA2D6 
 151      AA8D
 152 0012 D6BED2FA 		.ascii	"\326\276\322\372\037d\210\253tUC\026\342\302\215\377"
 152      1F6488AB 
 152      74554316 
 152      E2C28DFF 
 153 0022 8106A181 		.ascii	"\201\006\241\201j$IA\272\311,\024\244\242+]\231E\240"
 153      6A244941 
 153      BAC92C14 
 153      A4A22B5D 
 153      9945A0
 154 0035 0557A2E0 		.ascii	"\005W\242\3403\261>kl\355\303G\253\365m-\210\202\270"
 154      33B13E6B 
 154      6CEDC347 
 154      ABF56D2D 
 154      8882B8
 155 0048 D216A169 		.ascii	"\322\026\241i\2617\371fQ&\234a\230\017\316\271|\374"
 155      B137F966 
 155      51269C61 
 155      980FCEB9 
 155      7CFC
 156 005a B8631342 		.ascii	"\270c\023B\324Z\205\360\012<\275\222\022\211\363={\364"
 156      D45A85F0 
 156      0A3CBD92 
 156      1289F33D 
 156      7BF4
 157 006c AFDEA9EB 		.ascii	"\257\336\251\353G]g\362EL\212\270\314Y\305O,\331\005"
 157      475D67F2 
 157      454C8AB8 
 157      CC59C54F 
 157      2CD905
 158 007f E52E28BB 		.ascii	"\345.(\273\260\344,\034\331\271\314\316\177\235\034"
 158      B0E42C1C 
 158      D9B9CCCE 
 158      7F9D1C
 159 008e CFE67BC6 		.ascii	"\317\346{\306\365\316\270^\035\223\324'\005\215S\264"
 159      F5CEB85E 
 159      1D93D427 
 159      058D53B4 
 160 009e 4F128D65 		.ascii	"O\022\215e\302B\243\231\2204B\321\314\361\237/;\256"
ARM GAS  C:\Users\Pasquale\AppData\Local\Temp\ccY8rUIk.s 			page 12


 160      C242A399 
 160      903442D1 
 160      CCF19F2F 
 160      3BAE
 161 00b0 64978CA9 		.ascii	"d\227\214\251\205\335\324z\335\003a\036'\264rB\033#"
 161      85DDD47A 
 161      DD03611E 
 161      27B47242 
 161      1B23
 162 00c2 B473C237 		.ascii	"\264s\3027\020NA\230\2040\001\341qz0Y\014\241\315\324"
 162      104E4198 
 162      843001E1 
 162      717A3059 
 162      0CA1CDD4 
 163 00d6 7A6908F3 		.ascii	"zi\010\3639a\001',d\20478\341\002\204\363\020\316A8"
 163      39610127 
 163      2C648437 
 163      38E10284 
 163      F310CE41 
 164 00eb 0BE1F2EB 		.ascii	"\013\341\362\353\344\237\"\010\255\246\326SCX\304\011"
 164      E49F2208 
 164      ADA6D653 
 164      4358C409 
 165 00fb 6F72C262 		.ascii	"or\302bFX\302\011\337C\370\016\302%\010S\020\256\267"
 165      4658C209 
 165      DF43F80E 
 165      C2250853 
 165      10AEB7
 166 010e 0FC78CBF 		.ascii	"\017\307\214\277\234gj\2352\204\245\234\360\026't0\302"
 166      9C676A9D 
 166      3284A59C 
 166      F0162774 
 166      30C2
 167 0120 324EB802 		.ascii	"2N\270\002\341g\010?A\370\021\302\205\213\341\001\343"
 167      E167083F 
 167      41F811C2 
 167      858BE101 
 167      E3
 168 0131 0EA5A975 		.ascii	"\016\245\251u\310\020\226s\302\333\234\260\202\021\336"
 168      C8109673 
 168      C2DB9CB0 
 168      8211DE
 169 0140 E1841B10 		.ascii	"\341\204\033\020~\205\360\013\204\353\020\246\256\257"
 169      7E85F00B 
 169      84EB10A6 
 169      AEAF
 170 014e E64A20B4 		.ascii	"\346J \264\230Z_\031\302\273\234\360\036'\274\317\010"
 170      985A5F19 
 170      C2BB9CF0 
 170      1E27BCCF 
 170      08
 171 015f 1F70C25D 		.ascii	"\037p\302]\010w \334\206p\013\302\377k\322\335 99\322"
 171      087720DC 
 171      86700BC2 
 171      FF6BD2DD 
 171      203939D2 
 172 0173 438EF488 		.ascii	"C\216\364\210!Ur\244\357 \035\202t\000\322>H\355\375"
ARM GAS  C:\Users\Pasquale\AppData\Local\Temp\ccY8rUIk.s 			page 13


 172      215572A4 
 172      EF201D82 
 172      7400D23E 
 172      48EDFD
 173 0186 A9DF761C 		.ascii	"\251\337v\034\327\325\325Ir;\351\210<T\345\244=\025"
 173      D7D5D549 
 173      723BE988 
 173      3C54E5A4 
 173      3D15
 174 0198 DFC8499B 		.ascii	"\337\310I\233*\327T\256\252\374\240rY\345\242\312\267"
 174      2AD754AE 
 174      AAFCA072 
 174      59E5A2CA 
 174      B7
 175 01a9 2A67544E 		.ascii	"*gTN\253\234T9A\036A?\324\347\211\313\245\251\327\377"
 175      AB9C5439 
 175      411E413F 
 175      D4E789CB 
 175      A5A9D7FF 
 176 01bd 34D01808 		.ascii	"4\320\030\010\206\335\217\335Z0\254\371\203\315\315"
 176      86DD8FDD 
 176      5A30ACF9 
 176      83CDCD
 177 01cc C1162D1C 		.ascii	"\301\026-\034i\010E\236\267j\336\372:_][f\332\032x\326"
 177      6908459E 
 177      B76ADEFA 
 177      3A5F5D5B 
 177      66DA1A78 
 178 01e1 140A6B35 		.ascii	"\024\012k5>\237\346\017E\334.\277\370\007\324S\017\205"
 178      3E9FE60F 
 178      45DC2EBF 
 178      F807D453 
 178      0F85
 179              		.text
 180              		.section	.gnu.lto_.symbol_nodes.eda545ba,"",%progbits
 181 0000 789C55CD 		.ascii	"x\234U\315YN\002Q\024E\321\273\253(P\001\305\006\245"
 181      594E0251 
 181      1445D1BB 
 181      AB285001 
 181      C506A5
 182 0013 53D09930 		.ascii	"S\320\2310\030\306\361\210\0356\2404\012\2664\0128\007"
 182      18C6F188 
 182      1D36A034 
 182      0AB6340A 
 182      3807
 183 0025 07E19878 		.ascii	"\007\341\230x\234\037S?w%;'\271I3k\340Op\2013\353\376"
 183      9C1F533F 
 183      77253B27 
 183      B949336B 
 183      E04F7081 
 184 003c 99797E9B 		.ascii	"\231y~\233u_.q\304\313\025.\210\227k\\\370_N}i\341\022"
 184      755F2E71 
 184      C4CB152E 
 184      88976B5C 
 184      F85F4E7D 
 185 0053 B14D748E 		.ascii	"\261Mt\2165\317\314\302\350\006j\376UtK \357\010\345"
 185      35CFCCC2 
ARM GAS  C:\Users\Pasquale\AppData\Local\Temp\ccY8rUIk.s 			page 14


 185      E8066AFE 
 185      55744B20 
 185      EF08E5
 186 0066 3D09D926 		.ascii	"=\011\331&\222\035\222\362\201\224|dCv\331\224=\266"
 186      921D92F2 
 186      81947C64 
 186      4376D994 
 186      3DB6
 187 0078 649FB41C 		.ascii	"d\237\264\034\220\221Od\3453\333r\310\216\034\221\223"
 187      90914F64 
 187      E533DB72 
 187      C88E1C91 
 187      93
 188 0089 2FECCA57 		.ascii	"/\354\312W\366\344\033\373\362\235\003\371A^~r(\307"
 188      F6E41BFB 
 188      F29D03F9 
 188      415E7E72 
 188      28C7
 189 009b 1CC90905 		.ascii	"\034\311\011\0059\245(g\224\344\027e\371ME\3169\226"
 189      39A52867 
 189      94E41765 
 189      F94D45CE 
 189      3996
 190 00ad 0B4EE492 		.ascii	"\013N\344\222\252\374\241\266\326V\342#1\037"
 190      AAFCA1B6 
 190      D656E223 
 190      311F
 191              		.text
 192              		.section	.gnu.lto_.refs.eda545ba,"",%progbits
 193 0000 789C0DC3 		.ascii	"x\234\015\303\007\016\202@\000\000\260K\3031\004\007"
 193      070E8240 
 193      0000B04B 
 193      C3310407 
 194 0010 20C301A2 		.ascii	" \303\001\242\340k\374\377\177\244I\323\020\302o/\021"
 194      E06BFCFF 
 194      7FA449D3 
 194      10C26F2F 
 194      11
 195 0021 89D312A5 		.ascii	"\211\323\022\2452\271\302A\251rtrvQk\264\256:\275\301"
 195      32B9C241 
 195      A9727472 
 195      76516BB4 
 195      AE3ABDC1 
 196 0035 E8E6EEE1 		.ascii	"\350\346\356\341i2{Y\274}\2546\337\360\007|\323\003"
 196      69327B59 
 196      BC7DAC36 
 196      DFF0077C 
 196      D303
 197 0047 9A       		.ascii	"\232"
 198              		.text
 199              		.section	.gnu.lto_.decls.eda545ba,"",%progbits
 200 0000 789CAD97 		.ascii	"x\234\255\227iPT\331\025\307\337\355\333@\3234K\241"
 200      695054D9 
 200      15C7DFED 
 200      DB40D334 
 200      4BA1
 201 0012 3545A598 		.ascii	"5E\245\230\204XL\244\222\021\304\215$\037&\223\362\303"
ARM GAS  C:\Users\Pasquale\AppData\Local\Temp\ccY8rUIk.s 			page 15


 201      84584CA4 
 201      9211C48D 
 201      241F2693 
 201      F2C3
 202 0024 CC97C987 		.ascii	"\314\227\311\207T\345C\022*=-\364d\250@c\240I\264\362"
 202      54E54312 
 202      2A3D2DF4 
 202      64A84063 
 202      A049B4F2 
 203 0038 E529222E 		.ascii	"\345)\".0\002.l* \212\202\010\342\010*\250l\202l\242"
 203      30022E6C 
 203      2A208A82 
 203      08E2082A 
 203      A86C826C 
 204 004d 80E28AA0 		.ascii	"\200\342\212\240\340:l\".\210\3229\367\334\327\353\205"
 204      E03A6C22 
 204      2E88D239 
 204      F7DCD7EB 
 204      85
 205 005e E443F28A 		.ascii	"\344C\362\212\377{\357\336w\316\357\234{\356R\215\273"
 205      FF7BEFDE 
 205      77CEEF9C 
 205      7BEE528D 
 205      BB
 206 006f 244907FC 		.ascii	"$I\007\374$i\216J\322\026\225$Y\340\362\200\276F\311"
 206      24698E4A 
 206      D2169524 
 206      59E0F280 
 206      BE46C9
 207 0082 7EB9812E 		.ascii	"~\271\201.\200\032@\315\2406P\007\350\247\240q\320$"
 207      801A40CD 
 207      A0365007 
 207      E8A7A071 
 207      D024
 208 0094 680A340D 		.ascii	"h\0124\015z\015z\013z\007z\017\232c\000\"I*\220\032"
 208      7A0D7A0B 
 208      7A077A0F 
 208      9A630022 
 208      492A901A 
 209 00a8 E40ED280 		.ascii	"\344\016\322\200\264 \035\310\007\344\007\362\007-\006"
 209      B4201DC8 
 209      07E407F2 
 209      072D06
 210 00b7 7D040A00 		.ascii	"}\004\012\000\375\010\024\010\3721(\010\264\004\024"
 210      FD081408 
 210      FA312808 
 210      B40414
 211 00c6 0CFA1928 		.ascii	"\014\372\031(\004\364s\320\247\240P\"9]\377\"\030N\372"
 211      04F473D0 
 211      A7A05022 
 211      395DFF22 
 211      184EFA
 212 00d9 5A691325 		.ascii	"Zi\023%w\327k\323<v\015\363\330\245\316c\327<\217]\346"
 212      77D76BD3 
 212      3C760DF3 
 212      D8A5CE63 
 212      D73C8F5D 
ARM GAS  C:\Users\Pasquale\AppData\Local\Temp\ccY8rUIk.s 			page 16


 213 00ee 3C766DF3 		.ascii	"<vm\363\330\355e\343V\354\374A\213Aa\320w\017\236KA"
 213      D8ED65E3 
 213      56ECFC41 
 213      8B4161D0 
 213      770F9E4B 
 214 0103 CBE17D0C 		.ascii	"\313\341}\014\236\243\240px\277\003\317?\201\324\240"
 214      9EA3A070 
 214      78BF03CF 
 214      3F81D4A0 
 215 0113 47A061D0 		.ascii	"G\240a\320C\320\210\022\243Cy\216\273\304\031 \334\347"
 215      43D08812 
 215      A343798E 
 215      BBC41920 
 215      DCE7
 216 0125 9EC26271 		.ascii	"\236\302bq\306\026\340\260+H\342\265\374T\251m\210R"
 216      C616E0B0 
 216      2B48E2B5 
 216      FC54A96D 
 216      8852
 217 0137 EB60A5F6 		.ascii	"\353`\245\366A\312\\\004*s\023\240\314\325be\356\374"
 217      41CA5C04 
 217      2A7313A0 
 217      CCD56265 
 217      EEFC
 218 0149 94B9D429 		.ascii	"\224\271\324)s\253Q\346Z\255\314=K\222\255\005\266&"
 218      73AB51E6 
 218      5AADCC3D 
 218      4B92AD05 
 218      B626
 219 015b D8DA606B 		.ascii	"\330\332`k\204\255\025\266f\330\332\231t\311\177\017"
 219      84AD15B6 
 219      66D8DA99 
 219      74C97F0F 
 220 016b 25B58D17 		.ascii	"%\265\215\027\352\275\006\311\000\201eI\374xU\011\277"
 220      EABD06C9 
 220      00816549 
 220      FC785509 
 220      BF
 221 017c C39309DB 		.ascii	"\303\223\011\333\026\353Ex?\364\252\370C1e\015\253\013"
 221      16EB4578 
 221      3FF4AAF8 
 221      4331650D 
 221      AB0B
 222 018e B1F5A814 		.ascii	"\261\365\250\024\206\312\312\305?\005@\034\251\374;"
 222      86CACAC5 
 222      3F05401C 
 222      A9FC3B
 223 019d 0F67BDF8 		.ascii	"\017g\275\370\200\370\213\203\037\357R\331\2039\270"
 223      80F88B83 
 223      1FEF52D9 
 223      8339B8
 224 01ac 08B94AB6 		.ascii	"\010\271J\266\317\266\244\354\203$J\021n\214\246U\350"
 224      CFB6A4EC 
 224      83244A11 
 224      6E8CA655 
 224      E8
 225 01bd 86C87DF8 		.ascii	"\206\310}\370\372GI\312\320\304\021\326{\346\316\256"
ARM GAS  C:\Users\Pasquale\AppData\Local\Temp\ccY8rUIk.s 			page 17


 225      FA4749CA 
 225      D0C411D6 
 225      7BE6CEAE 
 226 01cd CBEE5485 		.ascii	"\313\356T\205\357W\356\215\225\273Q\037|?\271\377}\217"
 226      EF57EE8D 
 226      95BB511F 
 226      7C3FB9FF 
 226      7D8F
 227 01df 46AD9248 		.ascii	"F\255\222H\015\241\334\377\374\226\203\375Z\272\010"
 227      0DA1DCFF 
 227      FC9683FD 
 227      5ABA08
 228 01ee BF76EE4B 		.ascii	"\277v\356K\255p\013-\227\371\245)\243\0229\213vh\331"
 228      AD700B2D 
 228      97F9A529 
 228      A312398B 
 228      7668D9
 229 0201 6279D3E0 		.ascii	"by\323\340\273\223\022\177-QA\263w\262\353\200\0274"
 229      BB93127F 
 229      2D5141B3 
 229      77B2EB80 
 229      1734
 230 0213 176B891F 		.ascii	"\027k\211\0374\313\323,{\334\002\3661\307\214d\331O"
 230      34CBD32C 
 230      7BDC02F6 
 230      31C78C64 
 230      D94F
 231 0225 45BEFE88 		.ascii	"E\276\376\210\324\221@RK\002!\331\363$\000\356&5'=+"
 231      D4914052 
 231      4B0221D9 
 231      F32400EE 
 231      2635273D 
 232 023a 7AF2C27D 		.ascii	"z\362\302}I\241\\\330 7\014\346\007\227vm\225\257\025"
 232      49A15CD8 
 232      20370CE6 
 232      0797766D 
 232      95AF15
 233 024d CAF2E768 		.ascii	"\312\362\347hG\252\011%\347H(\330\237!j\326\202\267"
 233      47AA0925 
 233      E74828D8 
 233      9F216AD6 
 233      82B7
 234 025f D3648890 		.ascii	"\323d\210\220\357\311 \214\362\002Y\002\210\027c\273"
 234      EFC9208C 
 234      F2025902 
 234      881763BB 
 235 026f BA7D693E 		.ascii	"\272}i>Y`T\265u\023\263D\211\360\360\027yr\303\346M"
 235      596054B5 
 235      7513B344 
 235      89F0F017 
 235      7972C3E6 
 236 0284 B2AC42FC 		.ascii	"\262\254B\374E\033\276\036\360\027]\361\015\210\237"
 236      451BBE1E 
 236      F0175DF1 
 236      0D889F
 237 0293 B83E799F 		.ascii	"\270>y\237\322c\013\341_>n\031\320)\370\336eN\370F\033"
 237      D2630BE1 
ARM GAS  C:\Users\Pasquale\AppData\Local\Temp\ccY8rUIk.s 			page 18


 237      5F3E6E19 
 237      D029F8DE 
 237      654EF846 
 238 02a8 BE09F08D 		.ascii	"\276\011\360\215\256\370f\304\227\336~\325\344EOs|A"
 238      AEF866C4 
 238      97DE7ED5 
 238      E4454F73 
 238      7C41
 239 02ba FBC3221D 		.ascii	"\373\303\"\035m\346\215gO\257\337\365e\261Z\254\261"
 239      6DE68D67 
 239      4FAFDFF5 
 239      65B15AAC 
 239      B1
 240 02cb 86B7F79C 		.ascii	"\206\267\367\234\367\264F'\255D\315:S\016\035\355\321"
 240      F7B44627 
 240      AD44CD3A 
 240      530E1DED 
 240      D1
 241 02dc B2041AE5 		.ascii	"\262\004\032\345\206w\241N\011\\\262%p\031\022\270\344"
 241      8677A14E 
 241      095CB225 
 241      701912B8 
 241      E4
 242 02ed 9A401B26 		.ascii	"\232@\033&p-g\347VB\273x\314\252TK2\216fHn\350\370%"
 242      702D67E7 
 242      5642BB78 
 242      CCAA544B 
 242      328E6648 
 243 0305 83C95658 		.ascii	"\203\311VX\273\025&\261WgR\007\222\316u\357n\366\241"
 243      BB1526B1 
 243      57675207 
 243      92CE75EF 
 243      6EF6A1
 244 0318 039C54F3 		.ascii	"\003\234T\363\270\275U\313\227\210L\240\375\241\377"
 244      B8BD55CB 
 244      97884CA0 
 244      FDA1FF
 245 0327 874B84AF 		.ascii	"\207K\204\257\021Y\003\355\351\035)o(\377\356\001\315"
 245      115903ED 
 245      E91D296F 
 245      28FFEE01 
 245      CD
 246 0338 9E2D27F7 		.ascii	"\236-'\367+M5\233\323+y\303>\334:\010\232#\035S\247"
 246      2B4D359B 
 246      D32B79C3 
 246      3EDC3A08 
 246      9A231D53 
 247 034d 7CB4DBD8 		.ascii	"|\264\333\330\212*L\226=\277df\327`E]\305\025\325C\264"
 247      8A2A4C96 
 247      3DBF6466 
 247      D760455D 
 247      C515D543 
 248 0362 700F0B24 		.ascii	"p\017\013$\335\320\004\353\274\272\351\0167\316b\221"
 248      DDD004EB 
 248      BCBAE90E 
 248      37CE6291 
 249 0372 525F5EDA 		.ascii	"R_^\332\254\246OxZ\003m\245\307Y\234\245Z\302\366\226"
ARM GAS  C:\Users\Pasquale\AppData\Local\Temp\ccY8rUIk.s 			page 19


 249      ACA64F78 
 249      5A036DA5 
 249      C7599CA5 
 249      5AC2F696 
 250 0386 2F74558E 		.ascii	"/tU\216\236\233\361\346]\314\242w\327\324a\017:\205"
 250      9E9BF1E6 
 250      5DCCA277 
 250      D7D4610F 
 250      3A85
 251 0398 E6AAC1DB 		.ascii	"\346\252\301\333\263\367|\2106\004Bo\346\241%[`r\213"
 251      B3F77C88 
 251      3604426F 
 251      E6A1255B 
 251      60728B
 252 03ab 84302756 		.ascii	"\2040'V\024r\003:\257Cg\011\313\261a\242\376\263\334"
 252      1472033A 
 252      AF436709 
 252      CBB161A2 
 252      FEB3DC
 253 03be 29590E22 		.ascii	")Y\016\"7\211\226\364\333\013\267T\313'\262\364p\346"
 253      378996F4 
 253      DB0BB754 
 253      CB27B2F4 
 253      70E6
 254 03d0 21773A82 		.ascii	"!w:\202\233RU\227\377\250E\265P\214\273\013\307\030"
 254      9B525597 
 254      FFA845B5 
 254      508CBB0B 
 254      C718
 255 03e2 58D29AC2 		.ascii	"X\322\232\302&\347\016\304\270m\217q\223(A,\003}\355"
 255      26E70EC4 
 255      B86D8F71 
 255      9328412C 
 255      037DED
 256 03f5 EEBA1D36 		.ascii	"\356\272\0356*\032\332\253v\217\350\224\335\334\331"
 256      2A1ADAAB 
 256      768FE894 
 256      DDDCD9
 257 0404 957ED183 		.ascii	"\225~\321\203\266S\034~\306\370\376\013^\264\2177\254"
 257      B6531C7E 
 257      C6F8FE0B 
 257      5EB48F37 
 257      AC
 258 0415 1BDB9F6F 		.ascii	"\033\333\237ol\353\234.V\346\364\352\350\233\263Z\372"
 258      6CEB9C2E 
 258      56E6F4EA 
 258      E89BB35A 
 258      FA
 259 0426 106DDD3B 		.ascii	"\020m\335;/\357\377\316\233\004\303\025\262\350\020"
 259      2FEFFFCE 
 259      9B04C315 
 259      B2E810
 260 0435 0B0AFB39 		.ascii	"\013\012\3739\350\350\345\255r\206\201\305\"}\220\342"
 260      E8E8E5AD 
 260      728681C5 
 260      227D90E2 
 261 0445 13B2C83E 		.ascii	"\023\262\310>\264^L#\034n\022\267\177WB\345\303\001"
ARM GAS  C:\Users\Pasquale\AppData\Local\Temp\ccY8rUIk.s 			page 20


 261      B45E4C23 
 261      1C6E12B7 
 261      7F5742E5 
 261      C301
 262 0457 683CE06A 		.ascii	"h<\340j\034\306l\257\021\273q\307Q\233\361\203\371\311"
 262      1CC66CAF 
 262      11BB71C7 
 262      519BF183 
 262      F9C9
 263 0469 8ED65376 		.ascii	"\216\326Sv\364\375y\321\230\006/\354\370>\012'\036\263"
 263      F4FD79D1 
 263      98062FEC 
 263      F83E0A27 
 263      1EB3
 264 047b 91949AB2 		.ascii	"\221\224\232\262+\023\2173\020\354:X\370\201\260\356"
 264      2B138F33 
 264      10EC3A58 
 264      F881B0EE 
 265 048b 991F2381 		.ascii	"\231\037#\201\021y\014\363\364\210\004\223a\320C\320"
 265      11790CF3 
 265      F4880493 
 265      61D043D0 
 266 049b 0809B61E 		.ascii	"\010\011\266\036\226\375\267zZ=\351\004VIu\354\326\251"
 266      96FDB77A 
 266      5A3DE904 
 266      564975EC 
 266      D6A9
 267 04ad 662D5914 		.ascii	"f-Y\0242/\216<\007\312\177#\362$\373#X\216\317\300\366"
 267      322F8E3C 
 267      07CA7F23 
 267      F224FB23 
 267      588ECFC0 
 268 04c2 A97DEA59 		.ascii	"\251}\352Y\312\030\362J\332P\231\312?C\211\361\271\032"
 268      CA18F24A 
 268      DA5099CA 
 268      3F4389F1 
 268      B91A
 269 04d4 0DAF4094 		.ascii	"\015\257@\224.L\372\007\342o\3356x\254\014\235\335\347"
 269      2E4CFA07 
 269      E26FDD36 
 269      78AC0C9D 
 269      DDE7
 270 04e6 B348C968 		.ascii	"\263H\311h\333\202\031I\013\015\360\373\326'C:\307h"
 270      DB821949 
 270      0B0DF0FB 
 270      D627433A 
 270      C768
 271 04f8 A3FF29DA 		.ascii	"\243\377)\332\261\271\252r\362I\261|\015\016\314\361"
 271      B1B9AA72 
 271      F249B17C 
 271      0D0ECCF1 
 272 0508 FCC0DDB2 		.ascii	"\374\300\335\262\374%\031#\376\244\223\217\303\301\221"
 272      FC251923 
 272      FEA4938F 
 272      C3C191
 273 0517 F5FC054E 		.ascii	"\365\374\005N\273q\362\011\370MM\247\237\366\245\026"
 273      BB71F209 
ARM GAS  C:\Users\Pasquale\AppData\Local\Temp\ccY8rUIk.s 			page 21


 273      F84D4DA7 
 273      9FF6A516 
 274 0527 BE30BB1F 		.ascii	"\2760\273\037\356n\365\005\310\020\314mw\216\377\241"
 274      EE6EF505 
 274      C810CC6D 
 274      778EFFA1 
 275 0537 E442BEBC 		.ascii	"\344B\276\274'\024\210}\231O\340Y5\211\210\347\3517"
 275      2714887D 
 275      994FE059 
 275      358988E7 
 275      E937
 276 0549 2CBE344B 		.ascii	",\2764K\215\210\0037g[4\012b\3640\315\010F\300\013\001"
 276      8D880337 
 276      675B340A 
 276      62F430CD 
 276      0846C00B 
 277 055e F0020153 		.ascii	"\360\002\001S\010(\231\273^\343N\0139\340\356\2463\263"
 277      082899BB 
 277      5EE34E0B 
 277      39E0EEA6 
 277      33B3
 278 0570 5A053052 		.ascii	"Z\0050Rb\005\274\024\000/\0210\215\200\334\262\261\\"
 278      6205BC14 
 278      002F1130 
 278      8D80DCB2 
 278      B15C
 279 0582 2DADE480 		.ascii	"-\255\344\200\2537\213k\275\255\200\200<\271I\215\204"
 279      AB378B6B 
 279      BDAD8080 
 279      3CB9498D 
 279      84
 280 0593 5702E115 		.ascii	"W\002\341\025\022^#\341Qs\333\003\015\255\347\204\301"
 280      125E23E1 
 280      5173DB03 
 280      0DADE784 
 280      C1
 281 05a4 A1AE322F 		.ascii	"\241\2562/\205\360\330\241\014o\004\304\033D\274E\304"
 281      85F0D8A1 
 281      0C6F04C4 
 281      1B44BC45 
 281      C4
 282 05b5 E6C9EC2A 		.ascii	"\346\311\354*/\332\313\021\007\353\323\332\250P\206"
 282      2FDACB11 
 282      07EBD3DA 
 282      A85086
 283 05c4 19013083 		.ascii	"\031\0010\203\200w\010\350i\250.\363\240C\034\320\231"
 283      807708E8 
 283      69A82EF3 
 283      A0431CD0 
 283      99
 284 05d5 7EF9BD9B 		.ascii	"~\371\275\233P\206Y\0010\213\200\367\010x<\234V\345"
 284      50865901 
 284      308B80F7 
 284      08783C9C 
 284      56E5
 285 05e7 4E273820 		.ascii	"N'8 \253.m\337<e\370 \020> a\016\011\367\012\216\316"
 285      AB2E6DDF 
ARM GAS  C:\Users\Pasquale\AppData\Local\Temp\ccY8rUIk.s 			page 22


 285      3C65F820 
 285      103E2061 
 285      0E09F70A 
 286 05fd E8A84599 		.ascii	"\350\250E\231\211\2343\305\326\231\230s(\203E@X\020"
 286      899C33C5 
 286      D6999873 
 286      28834540 
 286      5810
 287 060f 21AB1822 		.ascii	"!\253\030\"\273\266\353\214\007\315rC\304\354\211*\265"
 287      BBB6EB8C 
 287      07CD7243 
 287      C4EC892A 
 287      B5
 288 0620 50854D2A 		.ascii	"P\205M*W\177\350\201\373f\364\267t\027\\Q\321B\356?"
 288      577FE881 
 288      FB66F4B7 
 288      74175C51 
 288      D142EE3F 
 289 0634 D978FF91 		.ascii	"\331x\377\221N\250B\262\000HF\300\026\004t\234\317\252"
 289      4EA842B2 
 289      004846C0 
 289      1604749C 
 289      CFAA
 290 0646 83C5C001 		.ascii	"\203\305\300\001\225G6m\321\211UH\021\010)H\330\212"
 290      9547366D 
 290      D1895548 
 290      11082948 
 290      D88A
 291 0658 849CB4ED 		.ascii	"\204\234\264\355\037\323z\016\270\331\236=i-B\177\256"
 291      1FD37A0E 
 291      B8D99E3D 
 291      692D427F 
 291      AE
 292 0669 BD08A902 		.ascii	"\275\010\251\002!\025\011\333\220\360\274\342\\\265"
 292      211509DB 
 292      90F0BCE2 
 292      5CB5
 293 0677 27EDE588 		.ascii	"'\355\345\210\306\314\252\253\356B\025\266\013\200\355"
 293      C6CCAAAB 
 293      EE4215B6 
 293      0B80ED
 294 0686 08D88180 		.ascii	"\010\330\201\200\331\242\23125\035\342\200\343#\267"
 294      D9A29932 
 294      351DE280 
 294      E323B7
 295 0695 77885B62 		.ascii	"w\210[b\247\000\330\211\2004\004\344\357?X\247\243\023"
 295      A700D889 
 295      803404E4 
 295      EF3F58A7 
 295      A313
 296 06a7 1C509C75 		.ascii	"\034P\234u\356\240F\254B\272@HG\302wH\250\2708P\353"
 296      EEA046AC 
 296      42BA4048 
 296      47C27748 
 296      A8B83850 
 297 06bc 492D9CD0 		.ascii	"I-\234\320}\352U\277\365d\030w(\303.\001\261\013\021"
 297      7DEA55BF 
ARM GAS  C:\Users\Pasquale\AppData\Local\Temp\ccY8rUIk.s 			page 23


 297      F5641877 
 297      28C32E01 
 297      B10B11
 298 06cf 19884879 		.ascii	"\031\210Hy\2735_C\263\334\021\261\367\311\323\014\017"
 298      BB355F43 
 298      B3DC11B1 
 298      F7C9D30C 
 298      0F
 299 06e0 A10C9902 		.ascii	"\241\014\231\002 \023\001Y\010h\315N?\355E\0139\240"
 299      20130159 
 299      0868CD4E 
 299      3FED450B 
 299      39A0
 300 06f2 ACE5F64F 		.ascii	"\254\345\366O\204*\354\026\374w\243\377\036\364?2\235"
 300      842AEC16 
 300      FC77A3FF 
 300      1EF43F32 
 300      9D
 301 0703 D1AEA695 		.ascii	"\321\256\246\225\334\177{\301p\025\021\253\260W \354"
 301      DC7F7BC1 
 301      701511AB 
 301      B05720EC 
 302 0713 45C23E24 		.ascii	"E\302>$lo,)\325\322zN\350+\237\315\263\016\2415\317"
 302      6C6F2C29 
 302      D5D27A4E 
 302      E82B9FCD 
 302      B30EA135 
 303 0728 5E856C01 		.ascii	"^\205l\001\221\215\210\034D\324\036\253\234\202\203"
 303      918D881C 
 303      44D41EAB 
 303      9C8283
 304 0737 81239A2E 		.ascii	"\201#\232.<)\366\025\252\220+\000r\021\220\207\200\263"
 304      3C29F615 
 304      AA902B00 
 304      72119087 
 304      80B3
 305 0749 6377DEBA 		.ascii	"cw\336\272\323!\016\230\231\032\313\365\020\312\220"
 305      D3210E98 
 305      991ACBF5 
 305      10CA90
 306 0758 2F00F211 		.ascii	"/\000\362\021\260\037\001/;3`KLp\300\256\372\222\031"
 306      B01F012F 
 306      3B33604B 
 306      4C70C0AE 
 306      FA9219
 307 076b 95588603 		.ascii	"\225X\206\003\002\341\000\022\016\"\241\356\374\354"
 307      02E10012 
 307      0E22A1EE 
 307      FCEC
 308 0779 C7D4C201 		.ascii	"\307\324\302\001\355M-\266=u\337\241\012\005\002\241"
 308      ED4D2DB6 
 308      3D75DFA1 
 308      0A0502A1 
 309 0789 00098548 		.ascii	"\000\011\205H\310\250,z\017k\301\203\237\321u55D\250"
 309      C8A82C7A 
 309      0F6BC183 
 309      9FD17535 
ARM GAS  C:\Users\Pasquale\AppData\Local\Temp\ccY8rUIk.s 			page 24


 309      3544A8
 310 079c 42910028 		.ascii	"B\221\000(B\300!>\210\276\362\233\336\264\220\003\352"
 310      42C0213E 
 310      88BEF29B 
 310      DEB49003 
 310      EA
 311 07ad AB2B5E8B 		.ascii	"\253+^\213\307c\261\000(F\300a\004\014U\327T\372\320"
 311      C763B100 
 311      2846C061 
 311      040C55D7 
 311      54FAD0
 312 07c0 4A0E989D 		.ascii	"J\016\230\235\314J\231\247\012G\004\302\021$\224 "
 312      CC4A99A7 
 312      0A4704C2 
 312      11249420 
 313 07d0 E144C670 		.ascii	"\341D\306p\266\007\255\347\204\234\332\335\203\326\303"
 313      B607ADE7 
 313      849CDADD 
 313      83D6C3
 314 07df EDB54319 		.ascii	"\355\265C\031\216\012\210\243\2108\206\210\274\276="
 314      8E0A88A3 
 314      88388688 
 314      BCBE3D
 315 07ee 7584F672 		.ascii	"u\204\366r\304\323\322+%\336B\031J\005@)\002\312\020"
 315      C4D3D22B 
 315      25DE4219 
 315      4A054029 
 315      02CA10
 316 0801 309A3A78 		.ascii	"0\232:x\037\026\003\007\264>km\362\024\312p\\\000\034"
 316      1F160307 
 316      B43E6B6D 
 316      F214CA70 
 316      5C001C
 317 0814 4740393F 		.ascii	"G@9?\240_\276K\206\305\300\001\325\005\231\377\020\253"
 317      A05FBE4B 
 317      86C5C001 
 317      D50599FF 
 317      10AB
 318 0826 7042009C 		.ascii	"pB\000\234@@\005\002\016\217\216\\V9\376\002\036u\370"
 318      40400502 
 318      0E8F8E5C 
 318      5639FE02 
 318      1E75F8
 319 0839 DD27914A 		.ascii	"\335'\221J\025\376\002fO\366\257\317\343\352\007\236"
 319      15FE0266 
 319      4FF6AFCF 
 319      E3EA079E 
 320 0849 8EC6EC47 		.ascii	"\216\306\354G\211\335\370\244b|\022\215\273\346\372"
 320      89DDF8A4 
 320      627C128D 
 320      BBE6FA
 321 0858 A73DACC6 		.ascii	"\247=\254\306\333\026\372mM\252\300\311K\257\217\212"
 321      DB16FA6D 
 321      4DAAC0C9 
 321      4BAF8F8A 
 322 0868 4F30EA63 		.ascii	"O0\352cL1f\365?\215\206\277}\026\032\032\006\177Q\337"
 322      4C3166F5 
ARM GAS  C:\Users\Pasquale\AppData\Local\Temp\ccY8rUIk.s 			page 25


 322      3F8D86BF 
 322      7D161A1A 
 322      067F51DF 
 323 087c C6AC8B89 		.ascii	"\306\254\213\211O\014\377UxX|bXT|\\\\\274),\321lH0'"
 323      4F0CFF55 
 323      78587C62 
 323      58547C5C 
 323      5CBC292C 
 324 0895 AD0FFBED 		.ascii	"\255\017\373\355\357\277Z\373\325\006\326\273>&\326"
 324      EFBF5AFB 
 324      D506D6BB 
 324      3E26D6
 325 08a4 989018F6 		.ascii	"\230\220\030\366\305\332\265aQ\011\346\360\320(\315"
 325      C5DAB561 
 325      5109E6F0 
 325      D028CD
 326 08b3 17BFFB43 		.ascii	"\027\277\373C\320\332\360p\3517\377\033G\322\351\365"
 326      D0DAF070 
 326      E937FF1B 
 326      47D2E9F5 
 327 08c3 464342EC 		.ascii	"FCB\354F\314\014\262\2145\230y\226>z}\264\361\033CR"
 327      46CC0CB2 
 327      8C359879 
 327      963E7A7D 
 327      B4F11B43 
 328 08d8 AC596FDC 		.ascii	"\254Yo\334\020c\326\230 }sR\202\311O\217\237\365\011"
 328      1063D698 
 328      207D7352 
 328      82C94F8F 
 328      9FF509
 329 08eb 8638BD21 		.ascii	"\2068\275!\301hH\364\264\275i\243b\201\205\357Z\275"
 329      C16848F4 
 329      B4BD69A3 
 329      628185EF 
 329      5ABD
 330 08fd 3E29C664 		.ascii	">)\306d^\271Bo\376&\352\327\221\230^\2429):&>\322\034"
 330      5EB9426F 
 330      FE26EAD7 
 330      91985EA2 
 330      39293A26 
 331 0914 1F1F9B18 		.ascii	"\037\037\233\030\371WSR\020\276\005\031\022\342\202"
 331      F9575352 
 331      10BE0519 
 331      12E282
 332 0923 8C71EB8C 		.ascii	"\214q\353\214\321\321\306\350\310\210\320\345A+\226"
 332      D1D1C6E8 
 332      C888D0E5 
 332      412B96
 333 0932 8747FC7D 		.ascii	"\207G\374}U$\364/3\305\233\214\313\214\206u1\2211\246"
 333      5524F42F 
 333      33C59B8C 
 333      CB8C8675 
 333      319131A6 
 334 0946 A8D8A468 		.ascii	"\250\330\244hcd\234\001X&c\244-9\363\306\365\306\304"
 334      63649C01 
 334      582663A4 
 334      2D39F3C6 
ARM GAS  C:\Users\Pasquale\AppData\Local\Temp\ccY8rUIk.s 			page 26


 334      F5C6C4
 335 0959 D06F258D 		.ascii	"\320o%\2155\336\237\377\257\361\0227&F\352\023\315\321"
 335      35DE9FFF 
 335      AFF11237 
 335      2646EA13 
 335      CDD1
 336 096b 0087209E 		.ascii	"\000\207 \2368t6@\037|3\0337\360\246\316\024\257\267"
 336      38743640 
 336      1F7C331B 
 336      37F0A6CE 
 336      14AFB7
 337 097e 7DF36515 		.ascii	"}\363e\025\261\265\364f\177=\253\326r\275\335E\357\355"
 337      B1B5F466 
 337      7F3DABD6 
 337      72BDDD45 
 337      EFED
 338 0990 D8A5F751 		.ascii	"\330\245\367QZ\274~z_\245i\212\347\237\271\177\270\350"
 338      5ABC7E7A 
 338      5FA5698A 
 338      E79FB97F 
 338      B8E8
 339 09a2 1FEEE41F 		.ascii	"\037\356\344\037\356\354\037\356\342\277B\364_\341\344"
 339      EEEC1FEE 
 339      E2BF42F4 
 339      5FE1E4
 340 09b1 BFC2D97F 		.ascii	"\277\302\331\177\205\213\377J\321\177\245\223\377Jg"
 340      858BFF4A 
 340      D17FA593 
 340      FF4A67
 341 09c0 FF952EFE 		.ascii	"\377\225.\376\253D\377UN\376\253\234\375W\271\370\257"
 341      AB44FF55 
 341      4EFEAB9C 
 341      FD57B9F8 
 341      AF
 342 09d1 16FD573B 		.ascii	"\026\375W;\371\257v\366_\355\342\277F\364_\343\344\277"
 342      F9AF76F6 
 342      5FEDE2BF 
 342      46F45FE3 
 342      E4BF
 343 09e3 C6D97F8D 		.ascii	"\306\331\177\215\213\177\204\350\037\341\344\037\341"
 343      8B7F84E8 
 343      1FE1E41F 
 343      E1
 344 09f0 EC1F61F3 		.ascii	"\354\037a\363\3777\300d\221\004"
 344      FF37C064 
 344      9104
 345              		.text
 346              		.section	.gnu.lto_.symtab.eda545ba,"",%progbits
 347 0000 5F5F636F 		.ascii	"__core_init\000"
 347      72655F69 
 347      6E697400 
 348 000c 00       		.ascii	"\000"
 349 000d 01       		.ascii	"\001"
 350 000e 00       		.ascii	"\000"
 351 000f 00000000 		.ascii	"\000\000\000\000\000\000\000\000"
 351      00000000 
 352 0017 BD000000 		.ascii	"\275\000\000\000"
ARM GAS  C:\Users\Pasquale\AppData\Local\Temp\ccY8rUIk.s 			page 27


 353 001b 5F5F6561 		.ascii	"__early_init\000"
 353      726C795F 
 353      696E6974 
 353      00
 354 0028 00       		.ascii	"\000"
 355 0029 01       		.ascii	"\001"
 356 002a 00       		.ascii	"\000"
 357 002b 00000000 		.ascii	"\000\000\000\000\000\000\000\000"
 357      00000000 
 358 0033 C0000000 		.ascii	"\300\000\000\000"
 359 0037 5F5F6C61 		.ascii	"__late_init\000"
 359      74655F69 
 359      6E697400 
 360 0043 00       		.ascii	"\000"
 361 0044 01       		.ascii	"\001"
 362 0045 00       		.ascii	"\000"
 363 0046 00000000 		.ascii	"\000\000\000\000\000\000\000\000"
 363      00000000 
 364 004e C3000000 		.ascii	"\303\000\000\000"
 365 0052 5F5F6465 		.ascii	"__default_exit\000"
 365      6661756C 
 365      745F6578 
 365      697400
 366 0061 00       		.ascii	"\000"
 367 0062 01       		.ascii	"\001"
 368 0063 00       		.ascii	"\000"
 369 0064 00000000 		.ascii	"\000\000\000\000\000\000\000\000"
 369      00000000 
 370 006c C8000000 		.ascii	"\310\000\000\000"
 371 0070 5F5F696E 		.ascii	"__init_ram_areas\000"
 371      69745F72 
 371      616D5F61 
 371      72656173 
 371      00
 372 0081 00       		.ascii	"\000"
 373 0082 00       		.ascii	"\000"
 374 0083 00       		.ascii	"\000"
 375 0084 00000000 		.ascii	"\000\000\000\000\000\000\000\000"
 375      00000000 
 376 008c CA000000 		.ascii	"\312\000\000\000"
 377 0090 5F5F7261 		.ascii	"__ram0_init_text__\000"
 377      6D305F69 
 377      6E69745F 
 377      74657874 
 377      5F5F00
 378 00a3 00       		.ascii	"\000"
 379 00a4 02       		.ascii	"\002"
 380 00a5 00       		.ascii	"\000"
 381 00a6 00000000 		.ascii	"\000\000\000\000\000\000\000\000"
 381      00000000 
 382 00ae F0000000 		.ascii	"\360\000\000\000"
 383 00b2 5F5F7261 		.ascii	"__ram0_init__\000"
 383      6D305F69 
 383      6E69745F 
 383      5F00
 384 00c0 00       		.ascii	"\000"
 385 00c1 02       		.ascii	"\002"
ARM GAS  C:\Users\Pasquale\AppData\Local\Temp\ccY8rUIk.s 			page 28


 386 00c2 00       		.ascii	"\000"
 387 00c3 00000000 		.ascii	"\000\000\000\000\000\000\000\000"
 387      00000000 
 388 00cb F2000000 		.ascii	"\362\000\000\000"
 389 00cf 5F5F7261 		.ascii	"__ram0_clear__\000"
 389      6D305F63 
 389      6C656172 
 389      5F5F00
 390 00de 00       		.ascii	"\000"
 391 00df 02       		.ascii	"\002"
 392 00e0 00       		.ascii	"\000"
 393 00e1 00000000 		.ascii	"\000\000\000\000\000\000\000\000"
 393      00000000 
 394 00e9 F4000000 		.ascii	"\364\000\000\000"
 395 00ed 5F5F7261 		.ascii	"__ram0_noinit__\000"
 395      6D305F6E 
 395      6F696E69 
 395      745F5F00 
 396 00fd 00       		.ascii	"\000"
 397 00fe 02       		.ascii	"\002"
 398 00ff 00       		.ascii	"\000"
 399 0100 00000000 		.ascii	"\000\000\000\000\000\000\000\000"
 399      00000000 
 400 0108 F6000000 		.ascii	"\366\000\000\000"
 401 010c 5F5F7261 		.ascii	"__ram1_init_text__\000"
 401      6D315F69 
 401      6E69745F 
 401      74657874 
 401      5F5F00
 402 011f 00       		.ascii	"\000"
 403 0120 02       		.ascii	"\002"
 404 0121 00       		.ascii	"\000"
 405 0122 00000000 		.ascii	"\000\000\000\000\000\000\000\000"
 405      00000000 
 406 012a F8000000 		.ascii	"\370\000\000\000"
 407 012e 5F5F7261 		.ascii	"__ram1_init__\000"
 407      6D315F69 
 407      6E69745F 
 407      5F00
 408 013c 00       		.ascii	"\000"
 409 013d 02       		.ascii	"\002"
 410 013e 00       		.ascii	"\000"
 411 013f 00000000 		.ascii	"\000\000\000\000\000\000\000\000"
 411      00000000 
 412 0147 FA000000 		.ascii	"\372\000\000\000"
 413 014b 5F5F7261 		.ascii	"__ram1_clear__\000"
 413      6D315F63 
 413      6C656172 
 413      5F5F00
 414 015a 00       		.ascii	"\000"
 415 015b 02       		.ascii	"\002"
 416 015c 00       		.ascii	"\000"
 417 015d 00000000 		.ascii	"\000\000\000\000\000\000\000\000"
 417      00000000 
 418 0165 FC000000 		.ascii	"\374\000\000\000"
 419 0169 5F5F7261 		.ascii	"__ram1_noinit__\000"
 419      6D315F6E 
ARM GAS  C:\Users\Pasquale\AppData\Local\Temp\ccY8rUIk.s 			page 29


 419      6F696E69 
 419      745F5F00 
 420 0179 00       		.ascii	"\000"
 421 017a 02       		.ascii	"\002"
 422 017b 00       		.ascii	"\000"
 423 017c 00000000 		.ascii	"\000\000\000\000\000\000\000\000"
 423      00000000 
 424 0184 FE000000 		.ascii	"\376\000\000\000"
 425 0188 5F5F7261 		.ascii	"__ram2_init_text__\000"
 425      6D325F69 
 425      6E69745F 
 425      74657874 
 425      5F5F00
 426 019b 00       		.ascii	"\000"
 427 019c 02       		.ascii	"\002"
 428 019d 00       		.ascii	"\000"
 429 019e 00000000 		.ascii	"\000\000\000\000\000\000\000\000"
 429      00000000 
 430 01a6 00010000 		.ascii	"\000\001\000\000"
 431 01aa 5F5F7261 		.ascii	"__ram2_init__\000"
 431      6D325F69 
 431      6E69745F 
 431      5F00
 432 01b8 00       		.ascii	"\000"
 433 01b9 02       		.ascii	"\002"
 434 01ba 00       		.ascii	"\000"
 435 01bb 00000000 		.ascii	"\000\000\000\000\000\000\000\000"
 435      00000000 
 436 01c3 02010000 		.ascii	"\002\001\000\000"
 437 01c7 5F5F7261 		.ascii	"__ram2_clear__\000"
 437      6D325F63 
 437      6C656172 
 437      5F5F00
 438 01d6 00       		.ascii	"\000"
 439 01d7 02       		.ascii	"\002"
 440 01d8 00       		.ascii	"\000"
 441 01d9 00000000 		.ascii	"\000\000\000\000\000\000\000\000"
 441      00000000 
 442 01e1 04010000 		.ascii	"\004\001\000\000"
 443 01e5 5F5F7261 		.ascii	"__ram2_noinit__\000"
 443      6D325F6E 
 443      6F696E69 
 443      745F5F00 
 444 01f5 00       		.ascii	"\000"
 445 01f6 02       		.ascii	"\002"
 446 01f7 00       		.ascii	"\000"
 447 01f8 00000000 		.ascii	"\000\000\000\000\000\000\000\000"
 447      00000000 
 448 0200 06010000 		.ascii	"\006\001\000\000"
 449 0204 5F5F7261 		.ascii	"__ram3_init_text__\000"
 449      6D335F69 
 449      6E69745F 
 449      74657874 
 449      5F5F00
 450 0217 00       		.ascii	"\000"
 451 0218 02       		.ascii	"\002"
 452 0219 00       		.ascii	"\000"
ARM GAS  C:\Users\Pasquale\AppData\Local\Temp\ccY8rUIk.s 			page 30


 453 021a 00000000 		.ascii	"\000\000\000\000\000\000\000\000"
 453      00000000 
 454 0222 08010000 		.ascii	"\010\001\000\000"
 455 0226 5F5F7261 		.ascii	"__ram3_init__\000"
 455      6D335F69 
 455      6E69745F 
 455      5F00
 456 0234 00       		.ascii	"\000"
 457 0235 02       		.ascii	"\002"
 458 0236 00       		.ascii	"\000"
 459 0237 00000000 		.ascii	"\000\000\000\000\000\000\000\000"
 459      00000000 
 460 023f 0A010000 		.ascii	"\012\001\000\000"
 461 0243 5F5F7261 		.ascii	"__ram3_clear__\000"
 461      6D335F63 
 461      6C656172 
 461      5F5F00
 462 0252 00       		.ascii	"\000"
 463 0253 02       		.ascii	"\002"
 464 0254 00       		.ascii	"\000"
 465 0255 00000000 		.ascii	"\000\000\000\000\000\000\000\000"
 465      00000000 
 466 025d 0C010000 		.ascii	"\014\001\000\000"
 467 0261 5F5F7261 		.ascii	"__ram3_noinit__\000"
 467      6D335F6E 
 467      6F696E69 
 467      745F5F00 
 468 0271 00       		.ascii	"\000"
 469 0272 02       		.ascii	"\002"
 470 0273 00       		.ascii	"\000"
 471 0274 00000000 		.ascii	"\000\000\000\000\000\000\000\000"
 471      00000000 
 472 027c 0E010000 		.ascii	"\016\001\000\000"
 473 0280 5F5F7261 		.ascii	"__ram4_init_text__\000"
 473      6D345F69 
 473      6E69745F 
 473      74657874 
 473      5F5F00
 474 0293 00       		.ascii	"\000"
 475 0294 02       		.ascii	"\002"
 476 0295 00       		.ascii	"\000"
 477 0296 00000000 		.ascii	"\000\000\000\000\000\000\000\000"
 477      00000000 
 478 029e 10010000 		.ascii	"\020\001\000\000"
 479 02a2 5F5F7261 		.ascii	"__ram4_init__\000"
 479      6D345F69 
 479      6E69745F 
 479      5F00
 480 02b0 00       		.ascii	"\000"
 481 02b1 02       		.ascii	"\002"
 482 02b2 00       		.ascii	"\000"
 483 02b3 00000000 		.ascii	"\000\000\000\000\000\000\000\000"
 483      00000000 
 484 02bb 12010000 		.ascii	"\022\001\000\000"
 485 02bf 5F5F7261 		.ascii	"__ram4_clear__\000"
 485      6D345F63 
 485      6C656172 
ARM GAS  C:\Users\Pasquale\AppData\Local\Temp\ccY8rUIk.s 			page 31


 485      5F5F00
 486 02ce 00       		.ascii	"\000"
 487 02cf 02       		.ascii	"\002"
 488 02d0 00       		.ascii	"\000"
 489 02d1 00000000 		.ascii	"\000\000\000\000\000\000\000\000"
 489      00000000 
 490 02d9 14010000 		.ascii	"\024\001\000\000"
 491 02dd 5F5F7261 		.ascii	"__ram4_noinit__\000"
 491      6D345F6E 
 491      6F696E69 
 491      745F5F00 
 492 02ed 00       		.ascii	"\000"
 493 02ee 02       		.ascii	"\002"
 494 02ef 00       		.ascii	"\000"
 495 02f0 00000000 		.ascii	"\000\000\000\000\000\000\000\000"
 495      00000000 
 496 02f8 16010000 		.ascii	"\026\001\000\000"
 497 02fc 5F5F7261 		.ascii	"__ram5_init_text__\000"
 497      6D355F69 
 497      6E69745F 
 497      74657874 
 497      5F5F00
 498 030f 00       		.ascii	"\000"
 499 0310 02       		.ascii	"\002"
 500 0311 00       		.ascii	"\000"
 501 0312 00000000 		.ascii	"\000\000\000\000\000\000\000\000"
 501      00000000 
 502 031a 18010000 		.ascii	"\030\001\000\000"
 503 031e 5F5F7261 		.ascii	"__ram5_init__\000"
 503      6D355F69 
 503      6E69745F 
 503      5F00
 504 032c 00       		.ascii	"\000"
 505 032d 02       		.ascii	"\002"
 506 032e 00       		.ascii	"\000"
 507 032f 00000000 		.ascii	"\000\000\000\000\000\000\000\000"
 507      00000000 
 508 0337 1A010000 		.ascii	"\032\001\000\000"
 509 033b 5F5F7261 		.ascii	"__ram5_clear__\000"
 509      6D355F63 
 509      6C656172 
 509      5F5F00
 510 034a 00       		.ascii	"\000"
 511 034b 02       		.ascii	"\002"
 512 034c 00       		.ascii	"\000"
 513 034d 00000000 		.ascii	"\000\000\000\000\000\000\000\000"
 513      00000000 
 514 0355 1C010000 		.ascii	"\034\001\000\000"
 515 0359 5F5F7261 		.ascii	"__ram5_noinit__\000"
 515      6D355F6E 
 515      6F696E69 
 515      745F5F00 
 516 0369 00       		.ascii	"\000"
 517 036a 02       		.ascii	"\002"
 518 036b 00       		.ascii	"\000"
 519 036c 00000000 		.ascii	"\000\000\000\000\000\000\000\000"
 519      00000000 
ARM GAS  C:\Users\Pasquale\AppData\Local\Temp\ccY8rUIk.s 			page 32


 520 0374 1E010000 		.ascii	"\036\001\000\000"
 521 0378 5F5F7261 		.ascii	"__ram6_init_text__\000"
 521      6D365F69 
 521      6E69745F 
 521      74657874 
 521      5F5F00
 522 038b 00       		.ascii	"\000"
 523 038c 02       		.ascii	"\002"
 524 038d 00       		.ascii	"\000"
 525 038e 00000000 		.ascii	"\000\000\000\000\000\000\000\000"
 525      00000000 
 526 0396 20010000 		.ascii	" \001\000\000"
 527 039a 5F5F7261 		.ascii	"__ram6_init__\000"
 527      6D365F69 
 527      6E69745F 
 527      5F00
 528 03a8 00       		.ascii	"\000"
 529 03a9 02       		.ascii	"\002"
 530 03aa 00       		.ascii	"\000"
 531 03ab 00000000 		.ascii	"\000\000\000\000\000\000\000\000"
 531      00000000 
 532 03b3 22010000 		.ascii	"\"\001\000\000"
 533 03b7 5F5F7261 		.ascii	"__ram6_clear__\000"
 533      6D365F63 
 533      6C656172 
 533      5F5F00
 534 03c6 00       		.ascii	"\000"
 535 03c7 02       		.ascii	"\002"
 536 03c8 00       		.ascii	"\000"
 537 03c9 00000000 		.ascii	"\000\000\000\000\000\000\000\000"
 537      00000000 
 538 03d1 24010000 		.ascii	"$\001\000\000"
 539 03d5 5F5F7261 		.ascii	"__ram6_noinit__\000"
 539      6D365F6E 
 539      6F696E69 
 539      745F5F00 
 540 03e5 00       		.ascii	"\000"
 541 03e6 02       		.ascii	"\002"
 542 03e7 00       		.ascii	"\000"
 543 03e8 00000000 		.ascii	"\000\000\000\000\000\000\000\000"
 543      00000000 
 544 03f0 26010000 		.ascii	"&\001\000\000"
 545 03f4 5F5F7261 		.ascii	"__ram7_init_text__\000"
 545      6D375F69 
 545      6E69745F 
 545      74657874 
 545      5F5F00
 546 0407 00       		.ascii	"\000"
 547 0408 02       		.ascii	"\002"
 548 0409 00       		.ascii	"\000"
 549 040a 00000000 		.ascii	"\000\000\000\000\000\000\000\000"
 549      00000000 
 550 0412 28010000 		.ascii	"(\001\000\000"
 551 0416 5F5F7261 		.ascii	"__ram7_init__\000"
 551      6D375F69 
 551      6E69745F 
 551      5F00
ARM GAS  C:\Users\Pasquale\AppData\Local\Temp\ccY8rUIk.s 			page 33


 552 0424 00       		.ascii	"\000"
 553 0425 02       		.ascii	"\002"
 554 0426 00       		.ascii	"\000"
 555 0427 00000000 		.ascii	"\000\000\000\000\000\000\000\000"
 555      00000000 
 556 042f 2A010000 		.ascii	"*\001\000\000"
 557 0433 5F5F7261 		.ascii	"__ram7_clear__\000"
 557      6D375F63 
 557      6C656172 
 557      5F5F00
 558 0442 00       		.ascii	"\000"
 559 0443 02       		.ascii	"\002"
 560 0444 00       		.ascii	"\000"
 561 0445 00000000 		.ascii	"\000\000\000\000\000\000\000\000"
 561      00000000 
 562 044d 2C010000 		.ascii	",\001\000\000"
 563 0451 5F5F7261 		.ascii	"__ram7_noinit__\000"
 563      6D375F6E 
 563      6F696E69 
 563      745F5F00 
 564 0461 00       		.ascii	"\000"
 565 0462 02       		.ascii	"\002"
 566 0463 00       		.ascii	"\000"
 567 0464 00000000 		.ascii	"\000\000\000\000\000\000\000\000"
 567      00000000 
 568 046c 2E010000 		.ascii	".\001\000\000"
 569              		.text
 570              		.section	.gnu.lto_.opts,"",%progbits
 571 0000 272D666D 		.ascii	"'-fmath-errno' '-fsigned-zeros' '-ftrapping-math' '"
 571      6174682D 
 571      6572726E 
 571      6F272027 
 571      2D667369 
 572 0033 2D666E6F 		.ascii	"-fno-trapv' '-fno-openmp' '-fno-openacc' '-mcpu=cor"
 572      2D747261 
 572      70762720 
 572      272D666E 
 572      6F2D6F70 
 573 0066 7465782D 		.ascii	"tex-m4' '-mthumb' '-O2' '-fomit-frame-pointer' '-fa"
 573      6D342720 
 573      272D6D74 
 573      68756D62 
 573      2720272D 
 574 0099 6C69676E 		.ascii	"lign-functions=16' '-ffunction-sections' '-fdata-se"
 574      2D66756E 
 574      6374696F 
 574      6E733D31 
 574      36272027 
 575 00cc 6374696F 		.ascii	"ctions' '-fno-common' '-flto'\000"
 575      6E732720 
 575      272D666E 
 575      6F2D636F 
 575      6D6D6F6E 
 576              		.text
 577              		.comm	__gnu_lto_v1,1,1
 578              		.comm	__gnu_lto_slim,1,1
 579              		.ident	"GCC: (GNU Tools for Arm Embedded Processors 7-2017-q4-major) 7.2.1 20170904 (release) [ARM
ARM GAS  C:\Users\Pasquale\AppData\Local\Temp\ccY8rUIk.s 			page 34


ARM GAS  C:\Users\Pasquale\AppData\Local\Temp\ccY8rUIk.s 			page 35


DEFINED SYMBOLS
                            *ABS*:00000000 crt1.c
                            *COM*:00000001 __gnu_lto_v1
                            *COM*:00000001 __gnu_lto_slim

NO UNDEFINED SYMBOLS
