ARM GAS  C:\Users\Pasquale\AppData\Local\Temp\ccCywGY5.s 			page 1


   1              		.cpu cortex-m4
   2              		.eabi_attribute 20, 1
   3              		.eabi_attribute 21, 1
   4              		.eabi_attribute 23, 3
   5              		.eabi_attribute 24, 1
   6              		.eabi_attribute 25, 1
   7              		.eabi_attribute 26, 1
   8              		.eabi_attribute 30, 2
   9              		.eabi_attribute 34, 1
  10              		.eabi_attribute 18, 4
  11              		.file	"chmemcore.c"
  12              		.section	.gnu.lto_.profile.ed1fc8e9,"",%progbits
  13 0000 789C6363 		.ascii	"x\234cc```\001bF\006}m\000\001\001\000f"
  13      60606001 
  13      6246067D 
  13      6D000101 
  13      0066
  14              		.text
  15              		.section	.gnu.lto_.icf.ed1fc8e9,"",%progbits
  16 0000 789C6363 		.ascii	"x\234cc``P`@\000V\206\267\247V\314\347d\354\377\373"
  16      60605060 
  16      40005686 
  16      B7A756CC 
  16      E764ECFF 
  17 0015 FE392FCB 		.ascii	"\3769/\313\207\303\033w1\261N\336\267\241\227\217m\336"
  17      87C31B77 
  17      31B14EDE 
  17      B7A1978F 
  17      6DDE
  18 0027 FA96392C 		.ascii	"\372\2269,\014\000\005\355\016\337"
  18      0C0005ED 
  18      0EDF
  19              		.text
  20              		.section	.gnu.lto_.jmpfuncs.ed1fc8e9,"",%progbits
  21 0000 789C6363 		.ascii	"x\234cc``\320a@\000\026\020ffddd\257\237\303\314\000"
  21      6060D061 
  21      40001610 
  21      66666464 
  21      64AF9FC3 
  22 0016 C48C209A 		.ascii	"\304\214 \232\025C\204\015\250\016\000\230\376\007\026"
  22      1543840D 
  22      A80E0098 
  22      FE0716
  23              		.text
  24              		.section	.gnu.lto_.inline.ed1fc8e9,"",%progbits
  25 0000 789C6363 		.ascii	"x\234cc``\250`@\000\026\006\006V\026F\006&\226\005\362"
  25      6060A860 
  25      40001606 
  25      06561646 
  25      06269605 
  26 0015 0C6C0BE4 		.ascii	"\014l\013\344\231 b\302B\214L\214\012\214@6\210`\221"
  26      992062C2 
  26      428C4C8C 
  26      0A8C4036 
  26      886091
  27 0028 68D8C608 		.ascii	"h\330\306\010\221e\373\240\307\303\300t\201\237\005"
  27      9165FBA0 
ARM GAS  C:\Users\Pasquale\AppData\Local\Temp\ccCywGY5.s 			page 2


  27      C7C3C074 
  27      819F05
  28 0037 A48E9541 		.ascii	"\244\216\225AT\204\221\011\254\004\254\230Ef\301U4u"
  28      54849109 
  28      AC04AC98 
  28      4566C155 
  28      3475
  29 0049 1C20756C 		.ascii	"\034 ul\014l\254@+\200bp+\030\000\033\353\015\240"
  29      0C6CAC40 
  29      2B806270 
  29      2B18001B 
  29      EB0DA0
  30              		.text
  31              		.section	.gnu.lto_.pureconst.ed1fc8e9,"",%progbits
  32 0000 789C6363 		.ascii	"x\234cc``\340\002b\026\006\011\026\011\326]\214l,\000"
  32      6060E002 
  32      62160609 
  32      1609D65D 
  32      8C6C2C00 
  33 0014 05B20113 		.ascii	"\005\262\001\023"
  34              		.text
  35              		.section	.gnu.lto__core_init.ed1fc8e9,"",%progbits
  36 0000 789C8591 		.ascii	"x\234\205\221OK\033Q\024\305\357\231\227\214Y4\226B"
  36      4F4B1B51 
  36      14C5EF99 
  36      978C5934 
  36      9642
  37 0012 1745BBE8 		.ascii	"\027E\273\350&\013\013fp\331~\001?\306\220\244\003\011"
  37      260B0B66 
  37      70D97E01 
  37      3FC690A4 
  37      0309
  38 0024 D4A618E8 		.ascii	"\324\246\030\3506/\212MZ[\021Q+2\310\200\213\256\254"
  38      362F8A4D 
  38      5A5B1151 
  38      2B32C880 
  38      8BAEAC
  39 0037 84C6E868 		.ascii	"\204\306\350h\253\323\351?p\241\340\246P\245\210Z\027"
  39      ABD3E93F 
  39      70A1E0A6 
  39      50A5885A 
  39      17
  40 0048 A51444DC 		.ascii	"\245\024D\334T\324\3367\031Z\253\240\217\367\230;w\356"
  40      54D4DE37 
  40      195AABA0 
  40      8FF7983B 
  40      77EE
  41 005a 39F3BBF7 		.ascii	"9\363\273\367\351D\224\325\210:\371\331\312\007\202"
  41      E94494D5 
  41      883AF9D9 
  41      CA0782
  42 0069 A00DAE10 		.ascii	"\240\015\256\020\225b\032\240\002\031\003\0255\024\361"
  42      95621AA0 
  42      02190315 
  42      3514F1
  43 0078 4C0C0BF8 		.ascii	"L\014\013\370\345]Wk{)yy/\326\364\307\262\357\206-\210"
  43      E55D576B 
ARM GAS  C:\Users\Pasquale\AppData\Local\Temp\ccCywGY5.s 			page 3


  43      7B297979 
  43      2FD6F4C7 
  43      B2EF862D 
  44 008d 46F9A885 		.ascii	"F\371\250\205\327h#.;x\272\377=.\332\241bg\311_\275"
  44      D768232E 
  44      3B78BAFF 
  44      3D2EDAA1 
  44      6267C95F 
  45 00a2 9A98949B 		.ascii	"\232\230\224\233,\331\035\277>$\2351\031\261\005P\203"
  45      2CD91DBF 
  45      3E249D31 
  45      19B10550 
  45      83
  46 00b3 08752A24 		.ascii	"\010u*$U\373e\247V\205\270\033\350\276\271\257\252z"
  46      55FB65A7 
  46      5685B81B 
  46      E8BEB9AF 
  46      AA7A
  47 00c5 A8FBDA52 		.ascii	"\250\373\332R\222~\351\226R\325\377\251\352\241j\253"
  47      927EE996 
  47      52D5FFA9 
  47      EAA16AAB 
  48 00d5 7A3C12D7 		.ascii	"z<\022\327#\230E\0023H4h0\007\235\300\301\364Z\324\223"
  48      23984502 
  48      33483468 
  48      30079DC0 
  48      C1F45AD4 
  49 00ea C72765E9 		.ascii	"\307'e\351\255\264L\327v\256E\210*\\\300\275I\217\236"
  49      ADB44CD7 
  49      76AE4588 
  49      2A5CC0BD 
  49      498F9E
  50 00fd 084D45BD 		.ascii	"\010ME\275\036\375@\317\357\362\321\314\034\224\220"
  50      1EFD40CF 
  50      EFF2D1CC 
  50      1C9490
  51 010c 4D47FBFC 		.ascii	"MG\373\374\325\246~a\013-\240q\335\237\353M\305#\031"
  51      D5A67E61 
  51      0B2DA071 
  51      DD9FEB4D 
  51      C52319
  52 011f E384A3FC 		.ascii	"\343\204\243\3749W\353\335\033jv0\001[\010\314\363\210"
  52      3957EBDD 
  52      1B6A7630 
  52      015B08CC 
  52      F388
  53 0131 5CDC0C3E 		.ascii	"\\\334\014>\324?o\034\306\214)5%\347\221-\"X\200\203"
  53      D43F6F1C 
  53      C68C2935 
  53      25E7912D 
  53      22588083 
  54 0145 91801A6F 		.ascii	"\221\200\032o`\234v\217\236u\217:\002g\335\201Ev\177"
  54      609C768F 
  54      9E758F3A 
  54      0267DD81 
  54      45767F
  55 0158 1BBA2FEE 		.ascii	"\033\272/\356-o7sq\205\335\267\240,\226\330\236\255"
ARM GAS  C:\Users\Pasquale\AppData\Local\Temp\ccCywGY5.s 			page 4


  55      2D6F3773 
  55      7185DDB7 
  55      A02C96D8 
  55      9EAD
  56 016a 3D141B6D 		.ascii	"=\024\033m<\237\375\333\306\245\334\357.\342\366\003"
  56      3C9FFDDB 
  56      C6A5DCEF 
  56      2EE2F603 
  57 017a 6E3545BC 		.ascii	"n5E\274\017\270\377\007\325\316\203~\270\020\364c\003"
  57      0FB8FF07 
  57      D5CE837E 
  57      B810F463 
  57      03
  58 018b F41383FE 		.ascii	"\364\023\203\376B\21739\020`\006\267Y\341\337\360M\260"
  58      428F3339 
  58      106006B7 
  58      59E1DFF0 
  58      4DB0
  59 019d E5ED64D2 		.ascii	"\345\355d\322\340\235\311\346\322\271|\241\343N\207"
  59      E09DC9E6 
  59      D2B97CA1 
  59      E34E87
  60 01ac 912FF0BE 		.ascii	"\221/\360\276\237K\033\205\356\014\347\273\254\256L"
  60      9F4B1B85 
  60      EE0CE7BB 
  60      ACAE4C
  61 01bb BEDB4A66 		.ascii	"\276\333Jf\350\212if\255\324C\323zp\3174\343\341K:U"
  61      E88A6966 
  61      ADD443D3 
  61      7A70CF34 
  61      E3E14B3A 
  62 01d0 B04CF30F 		.ascii	"\260L\363\01796\351\306"
  62      3936E9C6 
  63              		.text
  64              		.section	.gnu.lto_chCoreAllocAlignedWithOffsetI.ed1fc8e9,"",%progbits
  65 0000 789C8D54 		.ascii	"x\234\215T\335KTQ\020\237\271\347\334\335mu\327R\202"
  65      DD4B5451 
  65      109FB9E7 
  65      DCDD6D75 
  65      D75282
  66 0013 1E247C48 		.ascii	"\036$|H\304 \027\243\240\236z)\350_\350\255\224\265"
  66      C42017A3 
  66      A09E7A29 
  66      E85FE8AD 
  66      94B5
  67 0025 1652C38D 		.ascii	"\026R\303\215\210^<\272\246m)H\245\301\262\310\246I"
  67      885E3CBA 
  67      A66D2948 
  67      A5C1B2C8 
  67      A649
  68 0037 484846F6 		.ascii	"HHF\366ain\232i_\226QQ\366%eA!\201\025\201\231\332\314"
  68      61696E9A 
  68      695F9651 
  68      51F62565 
  68      41218115 
  69 004f 3957CC90 		.ascii	"9W\314\220\350pw\270\363;\363;3\363;s\327\005\000\343"
  69      E87077B8 
ARM GAS  C:\Users\Pasquale\AppData\Local\Temp\ccCywGY5.s 			page 5


  69      F33BF33B 
  69      33F33B73 
  69      D70500E3 
  70 0063 12601B98 		.ascii	"\022`\033\230\037\272\000\255\372a\200\012\217e\331"
  70      1FBA00AD 
  70      FA61800A 
  70      8F65D9
  71 0072 556E505E 		.ascii	"UnP^Q;\010\240R\205\343J\343J\264M\230\215\310/\312"
  71      513B08A0 
  71      5285E34A 
  71      E34AB44D 
  71      988DC82F 
  72 0087 83506E09 		.ascii	"\203Pn\011ic9\326\212\223\002G\252:\342\342\230\210"
  72      696339D6 
  72      8A930247 
  72      AA3AE2E2 
  72      9888
  73 0099 0B4049EE 		.ascii	"\013@I\356\344\203\330{?\273\210Y\344\266\325|\033q"
  73      E483D87B 
  73      3FBB8859 
  73      E4B6D57C 
  73      1B71
  74 00ab E59E55AA 		.ascii	"\345\236U\252R%O=r\237\215\034\336\036\027\0264Rt'f"
  74      52254F3D 
  74      729F8D1C 
  74      DE1E1716 
  74      34527427 
  75 00c0 E245CCE4 		.ascii	"\342E\314\344b.a.\3056W<\275\347\023\353\020\350},\332"
  75      622E612E 
  75      C536573C 
  75      BDE713EB 
  75      10E87D2C 
  76 00d5 5E27735A 		.ascii	"^'sZ5o\274U\2505q!\3602\212?\211\004\001^\301\034\012"
  76      356FBC55 
  76      A8357121 
  76      F0328A3F 
  76      8904015E 
  77 00ec AF9F9E19 		.ascii	"\257\237\236\031s\213\365\232\3326\330p\304\353P\207"
  77      738BF59A 
  77      DA36D870 
  77      C4EB5087 
  78 00fc 9B325B23 		.ascii	"\2332[#\212RJ\274\3727Y\002vi\362\367\023\243o\375b"
  78      8A524ABC 
  78      FA375902 
  78      7669F2F7 
  78      13A36FFD 
  79 0111 93263F79 		.ascii	"\223&?yV\275\321\341>kZe\270\002\257-\221\370:\3460"
  79      56BDD1E1 
  79      3E6B5A65 
  79      B802AF2D 
  79      91F83AE6 
  80 0126 A1FED554 		.ascii	"\241\376\325Tw\212\330\242\311GUo\007f\267h\366\233"
  80      778AD8A2 
  80      C947556F 
  80      0766B768 
  80      F69B
  81 0138 A6E5CD11 		.ascii	"\246\345\315\0215\244d\\\330\330\275\230\317\213\302"
ARM GAS  C:\Users\Pasquale\AppData\Local\Temp\ccCywGY5.s 			page 6


  81      35A4645C 
  81      D8D8BD98 
  81      CF8BC2
  82 0147 EF27A3E7 		.ascii	"\357'\243\347\275b\253\246N\237\352\372 \035\352\370"
  82      BD62ABA6 
  82      4E9FEAFA 
  82      201DEAF8 
  83 0157 69A1CE28 		.ascii	"i\241\316(\213\2117\226$\276\2730\333\340sI\354\305"
  83      8B893796 
  83      24BEBB30 
  83      DBE07349 
  83      ECC5
  84 0169 6CECC1EC 		.ascii	"l\354\301\354\204\000\026\224tL\362\265\002X\363;\347"
  84      84001694 
  84      744CF2B5 
  84      0258F33B 
  84      E7
  85 017a 1FDB4935 		.ascii	"\037\333I5;WC\315\254\236\350\274\235\276\022\251vK"
  85      3B5743CD 
  85      AC9EE8BC 
  85      9DBE12A9 
  85      764B
  86 018c 70F3928D 		.ascii	"p\363\222\215\315\306E\306v\263\361\260\273\214\215"
  86      CDC645C6 
  86      76B3F1B0 
  86      BB8C8D
  87 019b 974D0A9B 		.ascii	"\227M\012\233T\336\360!K\345GV;Mk\276\002Y\200t\340"
  87      54DEF021 
  87      4BE54756 
  87      3B4D6BBE 
  87      02598074 
  88 01b0 4C19C0B9 		.ascii	"L\031\300\271\000\216P\0154\"*\011Q\272bz\213$\3413"
  88      008E500D 
  88      34222A09 
  88      51BA627A 
  88      8B24E133 
  89 01c4 461AABEB 		.ascii	"F\032\253\353z\367pi1!b\302\027\023~\203\242\301$\301"
  89      7AF77069 
  89      312162C2 
  89      17137E83 
  89      A2C124C1 
  90 01d8 D4D3EBA1 		.ascii	"\324\323\353\241\266sz\214$\316\321J\303\233\324\357"
  90      B6737A8C 
  90      24CED14A 
  90      C39BD4EF 
  91 01e8 67AC7C3E 		.ascii	"g\254|>\037g\023\227\211\277\252\243\302 i\232l\303"
  91      1F671397 
  91      89BFAAA3 
  91      C220699A 
  91      6CC3
  92 01fa 47ACCC62 		.ascii	"G\254\314b\204\353\"\224Y\327>M\365{M\224\213\016o<"
  92      84EB2294 
  92      59D73E4D 
  92      F57B4D94 
  92      8B0E6F3C 
  93 020e DCF7D0CD 		.ascii	"\334\367\320\315\207\273\264\330]]\023/\335\3453\312"
  93      87BBB4D8 
ARM GAS  C:\Users\Pasquale\AppData\Local\Temp\ccCywGY5.s 			page 7


  93      5D5D132F 
  93      DDE533CA 
  94 021e 434042A0 		.ascii	"C@B\240\326\26432y\334\237\300&\214\0137\366\323p\367"
  94      D6B43332 
  94      79DC9FC0 
  94      268C0B37 
  94      F6D370F7 
  95 0232 B1DEB471 		.ascii	"\261\336\264qy\360\325\264'\320\256he\361\225\334\302"
  95      79F0D5B4 
  95      27D0AE68 
  95      65F195DC 
  95      C2
  96 0243 0436B0DA 		.ascii	"\0046\260\332\200\003\030\340\212\342\363%\272)[L\254"
  96      800318E0 
  96      8AE2F325 
  96      BA295B4C 
  96      AC
  97 0254 E002BED6 		.ascii	"\340\002\276\3268\230\207\340E\375.\323\230o\021\346"
  97      389887E0 
  97      45FD2ED3 
  97      986F11E6 
  98 0264 25D86998 		.ascii	"%\330i\230\372s\300\024\335\263\327\234\266\303`\351"
  98      FA73C014 
  98      DDB3D79C 
  98      B6C360E9 
  99 0274 042FF44B 		.ascii	"\004/\364K\332\023dJh\357\335iB2tT\332BT\017Ge\030U"
  99      DA13644A 
  99      68EFDD69 
  99      42327454 
  99      DA42540F 
 100 028c 665AFC26 		.ascii	"fZ\374&*\365\177d\270\375\017\031\006\265\014\3102\014"
 100      2AF57F64 
 100      B8FD0F19 
 100      06B50CC8 
 100      320C
 101 029e 910C1FB0 		.ascii	"\221\014\037\260j\270\177\203s6\247\343\025\245\357"
 101      6AB87F83 
 101      7336A7E3 
 101      15A5EF
 102 02ad 84FE4568 		.ascii	"\204\376Eh\014h\373y\377\023\351\334\310\302\276\204"
 102      0C68FB79 
 102      FF13E9DC 
 102      C8C2BE84 
 103 02bd 17493326 		.ascii	"\027I3&\225\215\237\242\003)\034\360?\225\335Y\272\262"
 103      958D9FA2 
 103      03291CF0 
 103      3F95DD59 
 103      BAB2
 104 02cf C4012EED 		.ascii	"\304\001.\355\356\302\015\335\303\200I\026\24591\023"
 104      EEC20DDD 
 104      C3804916 
 104      A5393113 
 105 02df F9052D88 		.ascii	"\371\005-\210\351\302\177 b^\246\030\235\033C\322L\376"
 105      E9C27F20 
 105      625EA618 
 105      9D1B43D2 
 105      4CFE
ARM GAS  C:\Users\Pasquale\AppData\Local\Temp\ccCywGY5.s 			page 8


 106 02f1 6C1E61DF 		.ascii	"l\036a\337b\237f\0319\336\002X\233\227\027\240\247p"
 106      629F6619 
 106      39DE0258 
 106      9B9717A0 
 106      A770
 107 0303 4FA82054 		.ascii	"O\250 T\032\316\337\234\037(\015\323\2637T\020\010\227"
 107      1ACEDF9C 
 107      1F280DD3 
 107      B3375410 
 107      0897
 108 0315 15125E1C 		.ascii	"\025\022^\034,.,-\013\346\025\202\014\207\016\005\355"
 108      2C2E2C2D 
 108      0BE61582 
 108      0C870E05 
 108      ED
 109 0326 5D7B43BB 		.ascii	"]{C\273K\\\245EE\341\340~Y\022<\270\037\367\375\006"
 109      4B5CA545 
 109      45E1E07E 
 109      59123CB8 
 109      1FF7FD06 
 110 033a F5D19A56 		.ascii	"\365\321\232V"
 111              		.text
 112              		.section	.gnu.lto_chCoreAllocAlignedWithOffset.ed1fc8e9,"",%progbits
 113 0000 789C8D55 		.ascii	"x\234\215UoLSW\024\277\247\367\275\266\276BA>l\311\302"
 113      6F4C5357 
 113      14BFA7F7 
 113      BDB6BE42 
 113      413E6CC9 
 114 0015 879A8CA0 		.ascii	"\207\232\214\240\306\321\271\314l\373\264ld\311\374"
 114      C6D1B9CC 
 114      6CFBB46C 
 114      64C9FC
 115 0024 40B2C8A7 		.ascii	"@\262\310\247%K\234v\025\233\0005-3\272/>[\004;e3sT"
 115      254B9C76 
 115      159B0035 
 115      2D33BA2F 
 115      3E5B043B 
 116 003c C21A2830 		.ascii	"\302\032(0\342\200\240N\231\033(\322\311\024\374\313"
 116      E280A04E 
 116      991B28D2 
 116      C914FCCB 
 117 004c 50648828 		.ascii	"Pd\210(\370\007\347\277\270\251\213\3211p\347\334\373"
 117      F807E7BF 
 117      B8A98BD1 
 117      3170E7DC 
 117      FB
 118 005d 400A0DF1 		.ascii	"@\012\015\361\245\271}\367\234\363;\367\234\3379\367"
 118      A5B97DF7 
 118      9CF33BF7 
 118      9CDF39F7 
 119 006d 3C3363EC 		.ascii	"<3c\354\226\2251\015\030\373\000\337\301\314\300\264"
 119      9695310D 
 119      18FB00DF 
 119      C1CCC0B4 
 120 007d E32C639B 		.ascii	"\343,c\233\255&\223Zla\272\306\267w1\246'qc\253\310"
 120      AD26935A 
 120      6C61BAC6 
ARM GAS  C:\Users\Pasquale\AppData\Local\Temp\ccCywGY5.s 			page 9


 120      B77731A6 
 120      277163AB 
 121 0092 AD02AA34 		.ascii	"\255\002\2524S\001\350E\267\002\333d\342\212\012\233"
 121      5301E845 
 121      B702DB64 
 121      E28A0A9B 
 122 00a2 603BFF96 		.ascii	"`;\377\226Co\361\276\010\337\306#\234\201\202\333\007"
 122      436FF1BE 
 122      08DFC623 
 122      9C8182DB 
 122      07
 123 00b3 672AAFDB 		.ascii	"g*\257\333i\013\340\300mC\351\243^\363\242\335\272\036"
 123      690BE0C0 
 123      6D43E9A3 
 123      5EF3A2DD 
 123      BA1E
 124 00c5 D063BB06 		.ascii	"\320c\273\006\264\335\301-\037F\270\211\205\321\272"
 124      B4DDC12D 
 124      1F46B889 
 124      85D1BA
 125 00d4 05D2E100 		.ascii	"\005\322\341\000\244S0?\301\"\264\255\335|\341T2\177"
 125      A453303F 
 125      C122B4AD 
 125      DD7CE154 
 125      327F
 126 00e6 0D18BE8F 		.ascii	"\015\030\276\217\204\232\313\224\314z\201\033\252\347"
 126      849ACB94 
 126      CC7A811B 
 126      AAE7
 127 00f4 FAAB11CE 		.ascii	"\372\253\021\316\341 \360\351@\0241\370\0312\321|\307"
 127      E120F0E9 
 127      401431F8 
 127      1932D17C 
 127      C7
 128 0105 D8F88885 		.ascii	"\330\370\210\205\277!\240\015]\345[5\003z\277\361\225"
 128      BF21A00D 
 128      5DE55B35 
 128      037ABFF1 
 128      95
 129 0116 FAA08E47 		.ascii	"\372\240\216G*\360\313L\260\302\240U\200\377\33198l"
 129      2AF0CB4C 
 129      B0C2A055 
 129      80FFD939 
 129      386C
 130 0128 E76F0B70 		.ascii	"\347o\013p_\177\3112\003\373\270\361%\211\345\320\226"
 130      5F7FC932 
 130      03FBB8F1 
 130      2589E5D0 
 130      96
 131 0139 E0E04390 		.ascii	"\340\340C\220I\200\323\261\320^\215\277+\300\307\237"
 131      4980D3B1 
 131      D05E8DBF 
 131      2BC0C79F 
 132 0149 D4ADCAA8 		.ascii	"\324\255\312\250\023\340\211\306\264\232\240\336\255"
 132      13E089C6 
 132      B49AA0DE 
 132      AD
ARM GAS  C:\Users\Pasquale\AppData\Local\Temp\ccCywGY5.s 			page 10


 133 0156 2B982D1C 		.ascii	"+\230-\034\216\207\323\203\326\327~\234(O6+\320\016"
 133      8E87D383 
 133      D6D77E9C 
 133      284F362B 
 133      D00E
 134 0168 19C407D2 		.ascii	"\031\304\007\322p\004\3140\245(\326\361\211]i2\013y"
 134      7004CC30 
 134      A528D6F1 
 134      895D6932 
 134      0B79
 135 017a 98C3340C 		.ascii	"\230\3034\014\203\0164\215a\021g\230\237\252X\270\222"
 135      830E348D 
 135      61116798 
 135      9FAA58B8 
 135      92
 136 018b 91228C24 		.ascii	"\221\"\214$\243\256\376\344\271\016\033\367H^\366\324"
 136      A3AEFEE4 
 136      B90E1BF7 
 136      485EF6D4 
 137 019b 542419E1 		.ascii	"T$\031\341\365T-\254\012n+\323\243\201\324\010W\341"
 137      F5542DAC 
 137      0A6E2BD3 
 137      A381D408 
 137      57E1
 138 01ad E81C014A 		.ascii	"\350\034\001J\307\367\253\220\206N\214\024~%\347<.\230"
 138      C7F7AB90 
 138      864E8C14 
 138      7E25E73C 
 138      2E98
 139 01bf DF309863 		.ascii	"\3370\230c\324Q\270`\177QW4Uon\320\214\303D\335%\027"
 139      D451B860 
 139      7F515734 
 139      556F6ED0 
 139      8CC344DD 
 140 01d5 B36A480F 		.ascii	"\263jH\017\034\207\014\252\341\320\323\3036\276\033"
 140      1C870CAA 
 140      E1D0D3C3 
 140      36BE1B
 141 01e4 44B05FEA 		.ascii	"D\260_\352\035\373\300\300_\251J\2555\360f\350J\200"
 141      1DFBC0C0 
 141      5FA94AAD 
 141      35F066E8 
 141      4A80
 142 01f6 EF16F8B1 		.ascii	"\357\026\370\261]\255\243\212\001\271Q\303\365\357u"
 142      5DADA38A 
 142      01B951C3 
 142      F5EF75
 143 0205 13011290 		.ascii	"\023\001\022\220\017' c\35795\246O<+\305:/\276\3332"
 143      0F272063 
 143      EF3935A6 
 143      4F3C2BC5 
 143      3A2FBEDB 
 144 021a 9CF6B209 		.ascii	"\234\366\262\011\250\227\260m\261)\024\240\362\252\324"
 144      A897B06D 
 144      B12914A0 
 144      F2AAD4
 145 0229 24665A2C 		.ascii	"$fZ,\264XE\240\363\360\325\254\321b#a\022-\311\264\330"
ARM GAS  C:\Users\Pasquale\AppData\Local\Temp\ccCywGY5.s 			page 11


 145      B45845A0 
 145      F3F0D5AC 
 145      D1622361 
 145      122DC9B4 
 146 023e 694911BE 		.ascii	"iI\021\276SEH\363\311(\215Q\273\263\255X_\274=z\214"
 146      534548F3 
 146      C9288D51 
 146      BBB3AD58 
 146      5FBC3D7A 
 147 0253 85708B6F 		.ascii	"\205p\213o\301\030\273\011\246\004e\371n\356\262\300"
 147      C118BB09 
 147      A60465F9 
 147      6EEEB2C0 
 148 0263 49916BE9 		.ascii	"I\221k\351m\275]\241[\246\202\003N\241\356.\004\256"
 148      6DBD5DA1 
 148      5BA68203 
 148      4EA1EE2E 
 148      04AE
 149 0275 3D0AB70D 		.ascii	"=\012\267\015\317\354\237\235\0175\243\177\224\331\275"
 149      CFEC9F9D 
 149      0F35A37F 
 149      94D9BD
 150 0284 B2E41306 		.ascii	"\262\344\023\006\247I\247\316\322U-\304\033|\222\352"
 150      A749A7CE 
 150      D2552DC4 
 150      1B7C92EA 
 151 0294 7D6676BD 		.ascii	"}fv\275\317b\231{\250\336=To`\177\321\251\265\325\373"
 151      CF62997B 
 151      A8DE3D54 
 151      6F607FD1 
 151      A9B5D5FB 
 152 02a8 9F680B74 		.ascii	"\237h\013tS\265^\341\210p\013\001\232\257\037\322\255"
 152      53B55EE1 
 152      88700B01 
 152      9AAF1FD2 
 152      AD
 153 02b9 0AA60FBF 		.ascii	"\012\246\017\277\303\002\321R\177\337\353\273dB\011"
 153      C302D152 
 153      7FDFEBBB 
 153      644209
 154 02c8 F48222E2 		.ascii	"\364\202\"\342fpN\214\215\037\216t\216&-\010\032h+\331"
 154      66704E8C 
 154      8D1F8E74 
 154      8E262D08 
 154      1A682BD9 
 155 02dc 3EDCB3FF 		.ascii	">\334\263\377\202M\240\317\023\032\372@A\316\002\016"
 155      824DA0CF 
 155      131AFA40 
 155      41CE020E 
 156 02ec C101A3D7 		.ascii	"\301\001\243\327\221P\253*.\015\326\245\022y%-\355\021"
 156      9150AB2A 
 156      2E0DD6A5 
 156      1279252D 
 156      ED11
 157 02fe 5C76FEF4 		.ascii	"\\v\376\364\270j\260z\263\321^\251\307\212\035\011\246"
 157      B86AB07A 
 157      B3D15EA9 
ARM GAS  C:\Users\Pasquale\AppData\Local\Temp\ccCywGY5.s 			page 12


 157      C78A1D09 
 157      A6
 158 030f 80A0F402 		.ascii	"\200\240\364\002\2419\241\243\177\226s\303A\340\326"
 158      A139A1A3 
 158      7F9673C3 
 158      41E0D6
 159 031e 5767EDB3 		.ascii	"Wg\355\263\034\314\032\005\302A?9P\330\035\010\206K"
 159      1CCC1A05 
 159      C2413F39 
 159      50D81D08 
 159      864B
 160 0330 CA3AD6CE 		.ascii	"\312:\326\316\340\262\277I#\013:\206\0025\312a\236>"
 160      E0B2BF49 
 160      230B3A86 
 160      0235CA61 
 160      9E3E
 161 0342 02B067A8 		.ascii	"\002\260g\250c\030\374\201\311\014\020\263\270Tr\025"
 161      6318FC81 
 161      C90C10B3 
 161      B8547215 
 162 0352 93A2C826 		.ascii	"\223\242\310&\035K))\020{\271\273\241I\314]\005\236"
 162      1D4B2929 
 162      107BB9BB 
 162      A149CC5D 
 162      059E
 163 0364 E1930217 		.ascii	"\341\223\002\0271\234;\020\030(\001ig1\240\377\225\204"
 163      319C3B10 
 163      18280169 
 163      6731A0FF 
 163      9584
 164 0376 B8945805 		.ascii	"\270\224X\005\330\"y\032\230\344\315J\250\266\333O;"
 164      D822791A 
 164      98E4CD4A 
 164      A8B6DB4F 
 164      3B
 165 0387 3569350F 		.ascii	"5i5\017\235\207\267\034\355\261\220\363y\3426\266\266"
 165      9D87B71C 
 165      EDB190F3 
 165      79E236B6 
 165      B6
 166 0398 DEBB64D9 		.ascii	"\336\273d\3314\256[Q\020\345r:\264\004\037|c\217B\025"
 166      34AE5B51 
 166      10E5723A 
 166      B4041F7C 
 166      638F4215 
 167 03ac 44B80697 		.ascii	"D\270\006\227\360k0Ht\240\342`\327\320\230\325\331L"
 167      F06B3048 
 167      74A0E260 
 167      D7D098D5 
 167      D94C
 168 03be B93BE802 		.ascii	"\271;\350\002\016A\024\312\021D\3111\270\014N\012*2"
 168      0E4114CA 
 168      1144C931 
 168      B80C4E0A 
 168      2A32
 169 03d0 19A58607 		.ascii	"\031\245\206\007J\362\002\017K\015\231\015\3052iC\220"
 169      4AF2020F 
ARM GAS  C:\Users\Pasquale\AppData\Local\Temp\ccCywGY5.s 			page 13


 169      4B0D990D 
 169      C5326943 
 169      90
 170 03e1 84A9A038 		.ascii	"\204\251\2408N\226\214b#gL\321\020\332E\332\311\322"
 170      4E968C62 
 170      23674CD1 
 170      10DA45DA 
 170      C9D2
 171 03f3 DBC75296 		.ascii	"\333\307R\226\202\342\347)\237\240\224Sd\010\315\035"
 171      82E2E729 
 171      9FA09453 
 171      6408CD1D 
 172 0403 9F4A9354 		.ascii	"\237J\223Tae}n\325MV\251\222\230\361:\273\264\232\377"
 172      61657D6E 
 172      D54D56A9 
 172      9298F13A 
 172      BBB49AFF 
 173 0417 224C5C99 		.ascii	"\"L\\\231\203\211a\301\004\030L\214 \023\243P<\320\371"
 173      838961C1 
 173      04184C8C 
 173      2013A350 
 173      3CD0F9
 174 042a E65410F3 		.ascii	"\346T\020\363E?\205\260n\370\361\305\021!\324}\212Q"
 174      453F85B0 
 174      6EF8F1C5 
 174      1121D47D 
 174      8A51
 175 043c 178A48EA 		.ascii	"\027\212H\352\025v1Fz\214/|;t\314F\006/\022\334\325"
 175      15763146 
 175      7A8C2F7C 
 175      3B74CC46 
 175      062F12DC 
 176 0451 C4C145D7 		.ascii	"\304\301E\327St\327\342\352t\035\234\362\274\020N\207"
 176      5374D7E2 
 176      EA741D9C 
 176      F2BC104E 
 176      87
 177 0462 C9811588 		.ascii	"\311\201\025\210\336-\237\272ql\352\276QkO\333\365\307"
 177      DE2D9FBA 
 177      716CEABE 
 177      516B4FDB 
 177      F5C7
 178 0474 EDBAE376 		.ascii	"\355\272\343v'\342v\355r\207\363\240S\214\265\251\266"
 178      27E276ED 
 178      7287F3A0 
 178      538CB5A9 
 178      B6
 179 0485 5391A41B 		.ascii	"S\221\244\033\323\307\232\374\264\030\243f\242\372\352"
 179      D3C79AFC 
 179      B418A366 
 179      A2FAEA
 180 0494 11DBE414 		.ascii	"\021\333\344\024\271!\246\310\250\230\"3G\306M92F\352"
 180      B921A6C8 
 180      A8982233 
 180      47C64D39 
 180      3246EA
 181 04a7 BF1ECC13 		.ascii	"\277\036\314\023g0v\037\267\333\332\217\231\351\374"
ARM GAS  C:\Users\Pasquale\AppData\Local\Temp\ccCywGY5.s 			page 14


 181      6730761F 
 181      B7DBDA8F 
 181      99E9FC
 182 04b6 4A9E8609 		.ascii	"J\236\206\011>\2064\310J7\015>\033\001\374\247\033\227"
 182      3E8634C8 
 182      4A370D3E 
 182      1B01FCA7 
 182      1B97
 183 04c8 A2FC5BDB 		.ascii	"\242\374[\333\0138\264\2012Gw\213\263\262\234\370s\255"
 183      0B38B481 
 183      3247778B 
 183      B3B29CF8 
 183      73AD
 184 04da F5ACF678 		.ascii	"\365\254\366x\375K\337Y\352\364\372\361\227\357Y\355"
 184      FD4BDF59 
 184      EAF4FAF1 
 184      97EF59ED 
 185 04ea F4FB5C28 		.ascii	"\364\373\\(/p\027\270\274>w\226\213)~\317\027nuU\276"
 185      2F7017B8 
 185      BC3E7796 
 185      8B297ECF 
 185      176E7555 
 186 04ff 27AFD0EC 		.ascii	"'\257\320\354]\263\306\357.\202u\231\211\340\276\"\247"
 186      5DB3C6EF 
 186      2E827599 
 186      89E0BE22 
 186      A7
 187 0510 A7D095FF 		.ascii	"\247\320\225\377\371gnT\3707\372\263\3262\313\352U~"
 187      F9676E54 
 187      F837FAB3 
 187      D632CBEA 
 187      557E
 188 0522 F7473ECF 		.ascii	"\367G>\317\262D\366.oA\201\267\320\271\316\353+\362"
 188      B244F62E 
 188      6F4181B7 
 188      D0B9CEEB 
 188      2BF2
 189 0534 3BDF5B91 		.ascii	";\337[\221\223\235\263\001-\350\324\225\353\337*@\264"
 189      939DB301 
 189      2DE8D495 
 189      EBDF2A40 
 189      B4
 190 0545 52E8DE50 		.ascii	"R\350\336P\364\376\034PT\023\320\231\235\223\273<\327"
 190      F4FE1C50 
 190      5413D099 
 190      9D93BB3C 
 190      D7
 191 0556 998D48E7 		.ascii	"\231\215H\347\362\311\010\012\374\036\377\312<\227\013"
 191      F2C9080A 
 191      FC1EFFCA 
 191      3C970B
 192 0565 FDA4E6E4 		.ascii	"\375\244\346\344\256pP$\353|\236%\216\214\327\231\311"
 192      AE705024 
 192      EB7C9E25 
 192      8E8CD799 
 192      C9
 193 0576 C72C98A0 		.ascii	"\307,\230\240\327\267\221\375\017\366\321\034\263"
ARM GAS  C:\Users\Pasquale\AppData\Local\Temp\ccCywGY5.s 			page 15


 193      D7B791FD 
 193      0FF6D11C 
 193      B3
 194              		.text
 195              		.section	.gnu.lto_chCoreGetStatusX.ed1fc8e9,"",%progbits
 196 0000 789C8D90 		.ascii	"x\234\215\220\315J\002Q\024\307\317\231;:#\225=@.\334"
 196      CD4A0251 
 196      14C7CF99 
 196      3B3A2395 
 196      3D402EDC 
 197 0014 1AE1E0B2 		.ascii	"\032\341\340\262g\350-\034\204\204D\320\007\360\246"
 197      67E82D1C 
 197      848444D0 
 197      07F0A6
 198 0023 95462D22 		.ascii	"\225F-\"\322D\006\021\"\242ET4YZ\301\320\242h\321\347"
 198      D2440611 
 198      22A24554 
 198      34595AC1 
 198      D0A268D1 
 199 0038 22E86355 		.ascii	"\"\350cU\253B\004\333V\3269N\253\026\321p\347\3169\377"
 199      AB4204DB 
 199      56D6394E 
 199      AB16D170 
 199      E7CE39FF 
 200 004c 7BEEF9FD 		.ascii	"{\356\371\375\347x\001\340\026\001F\350;D/\012@e\341"
 200      E77801E0 
 200      160146E8 
 200      3B442F0A 
 200      4065E1
 201 005f 02605257 		.ascii	"\002`RW\0209\220:BF\301\014\316\213%\201\327S[\226\230"
 201      1039903A 
 201      4246C10C 
 201      CE8B2581 
 201      D7535B96 
 202 0074 131695A9 		.ascii	"\023\026\225\251\224v\316+\317~N\021\203\224\266\332"
 202      9476CE2B 
 202      CF7E4E11 
 202      8394B6DA 
 203 0084 27767F68 		.ascii	"'v\177hM\312\254t\226\253}e\373J\372,\241@\211\312m"
 203      4DCAAC74 
 203      96AB7D65 
 203      FB4AFA2C 
 203      A14089CA 
 204 0099 0CE00E06 		.ascii	"\014\340\016\006\230\261\213!\240\352\247\355nq\300"
 204      98B18B21 
 204      A0EAA7ED 
 204      6E71C0
 205 00a8 ABF22989 		.ascii	"\253\362)\211u\364\002\031\201\315\033\217#\273_y\351"
 205      75F40219 
 205      81CD1B8F 
 205      23BB5F79 
 205      E9
 206 00b9 7CAC6063 		.ascii	"|\254`c\214\350\226\240\026\226P\005G*G\036\3364\340"
 206      8CE896A0 
 206      16965005 
 206      472A471E 
 206      DE34E0
ARM GAS  C:\Users\Pasquale\AppData\Local\Temp\ccCywGY5.s 			page 16


 207 00cc D650A0DB 		.ascii	"\326P\240\333\344S:0K)E9\007^1\333|\271_\035\344\246"
 207      E4533A30 
 207      4B294539 
 207      075E31DB 
 207      7CB95F1D 
 208 00e2 1581C42A 		.ascii	"\025\201\304*M\037_jl\324\203\214n4Z\017Z\346S\352$"
 208      4D1F5F6A 
 208      6CD4838C 
 208      6E345A0F 
 208      5AE653EA 
 209 00f7 D4184F9A 		.ascii	"\324\030O\232\235\353,\372kXEKxq\237~x\217\335\322A"
 209      9DEB2CFA 
 209      6B58454B 
 209      78719F7E 
 209      788FDDD2 
 210 010c FDF4F15D 		.ascii	"\375\364\361]76$=Ar\200\015\254a\221/\0016\321`\330"
 210      3736243D 
 210      4172800D 
 210      AC61912F 
 210      0136D160 
 211 0121 5BFECEE7 		.ascii	"[\376\316\347\262\024\302\365\360gqW\020\377\241\035"
 211      B214C2F5 
 211      F0677157 
 211      10FFA11D 
 212 0131 FC413BEC 		.ascii	"\374A;\354\321x2x\364\233\246R\177Rr\345\031t\005O\317"
 212      D1783278 
 212      F49BA652 
 212      7F5272E5 
 212      1974054F 
 213 0146 81EA56AD 		.ascii	"\201\352V\255\013W\324H\2076f\203?);/PG\232\025\315"
 213      0B57D448 
 213      87366683 
 213      3F293B2F 
 213      50479A15 
 214 015b 6F381C36 		.ascii	"o8\0346h\231\343\361h<\231\216\214F\214d\232\326D<j"
 214      6899E3F1 
 214      683C998E 
 214      8C468C64 
 214      9AD6443C 
 215 0170 A45326E9 		.ascii	"\244S&\351\211X\302L\246ba\023\276\001z\311\242*"
 215      8958C24C 
 215      A6626113 
 215      BE017AC9 
 215      A22A
 216              		.text
 217              		.section	.gnu.lto_.symbol_nodes.ed1fc8e9,"",%progbits
 218 0000 789C6363 		.ascii	"x\234cc``H\006b\006\246\025L\365\014\014\023\31610\000"
 218      60604806 
 218      6206A615 
 218      4CF50C0C 
 218      13CE3130 
 219 0015 A95D0D8E 		.ascii	"\251]\015\216\014\014\254\313\231\030\032\225\200R\254"
 219      0C0CACCB 
 219      99181A95 
 219      8052AC
 220 0024 6B981815 		.ascii	"k\230\030\025@\364Z&&\020\315\264\222\251\236\021E)"
 220      40F45A26 
ARM GAS  C:\Users\Pasquale\AppData\Local\Temp\ccCywGY5.s 			page 17


 220      2610CDB4 
 220      92A99E11 
 220      4529
 221 0036 D32AA67A 		.ascii	"\323*\246z&T\221\325L\365\314(\"\014\000\034\302\025"
 221      265491D5 
 221      4CF5CC28 
 221      220C001C 
 221      C215
 222 0048 7D       		.ascii	"}"
 223              		.text
 224              		.section	.gnu.lto_.refs.ed1fc8e9,"",%progbits
 225 0000 789C1D88 		.ascii	"x\234\035\210A\012\200@\014\304\222\216\366\264\207"
 225      410A8040 
 225      0CC4928E 
 225      F6B487
 226 000f 0541F011 		.ascii	"\005A\360\021\376\377{\026\017\011$\015\274\303\201"
 226      FEFF7B16 
 226      0F09240D 
 226      BCC381
 227 001e 5AF52B95 		.ascii	"Z\365+\225\311\306\255WN\\x\353S\263\304\360\001\026"
 227      C9C6AD57 
 227      4E5C78EB 
 227      53B3C4F0 
 227      0116
 228 0030 6300D4   		.ascii	"c\000\324"
 229              		.text
 230              		.section	.gnu.lto_.decls.ed1fc8e9,"",%progbits
 231 0000 789CAD56 		.ascii	"x\234\255V{PT\327\031\277\337=\313\262,\273\350\240"
 231      7B5054D7 
 231      19BFDF3D 
 231      CBB22CBB 
 231      E8A0
 232 0012 937132A4 		.ascii	"\223q2\244\3038f\244\231\311\"\246\251\266\177t4N':"
 232      C33866A4 
 232      99C922A6 
 232      A9B67F74 
 232      344E273A 
 233 0026 53DB4E9C 		.ascii	"S\333N\234Lj\273\323\233uYd[\330\265\354\322\304\376"
 233      4C6ABBD3 
 233      9B755964 
 233      5BD8B5EC 
 233      D2C4FE
 234 0039 D15EC455 		.ascii	"\321^\304U\312\202\202\240\006|d}\014\212B\324\200R"
 234      CA8282A0 
 234      067C647D 
 234      0C8A42D4 
 234      8052
 235 004b 170D0B04 		.ascii	"\027\015\013\004E\036\026\265\212/\220  \301\027\210"
 235      451E16B5 
 235      8A2F9020 
 235      20C11788 
 236 005b 04D1A8FD 		.ascii	"\004\321\250\375\3169w\037\"\330N\247w\366\333{\317"
 236      CE39771F 
 236      22D84EA7 
 236      77F6DB7B 
 236      CF
 237 006c B9DFF7FB 		.ascii	"\271\337\367\373}\257s\356Q\013\202 \352\005\341\257"
ARM GAS  C:\Users\Pasquale\AppData\Local\Temp\ccCywGY5.s 			page 18


 237      7DAF73EE 
 237      510B8220 
 237      EA05E1AF 
 238 007c 4410CA40 		.ascii	"D\020\312@\020\236\343\025\206s\265t\036\305\213\262"
 238      109EE315 
 238      8673B574 
 238      1EC58BB2 
 239 008c 5CE0970A 		.ascii	"\\\340\227\012\245\016\245\021\245\011\245\025\005\315"
 239      A50EA511 
 239      A509A515 
 239      05CD
 240 009a 849B287D 		.ascii	"\204\233(}(\375\302\213\227\013\361\324x\377\030\245"
 240      28FDC28B 
 240      970BF1D4 
 240      78FF18A5 
 241 00aa 17E55B94 		.ascii	"\027\345[\224n\224\253(\003\012~'J\007\012(\330\257"
 241      6E94AB28 
 241      030A7E27 
 241      4A070A28 
 241      D8AF
 242 00bc C2CB4725 		.ascii	"\302\313G%\015\336\243Q\246\243H!\376]\015\301\037\217"
 242      0DDEA351 
 242      A6A34821 
 242      FE5D0DC1 
 242      1F8F
 243 00ce DBA8CC8D 		.ascii	"\333\250\314\215)\330\241\327fT\210\234\004\223\032"
 243      29D8A1D7 
 243      6654889C 
 243      04931A
 244 00dd 535C4279 		.ascii	"S\\Byab\374p%\027Z|\257C\211F\231\216\362\032p^\230"
 244      6162FC70 
 244      25175A7C 
 244      AF438946 
 244      998EF21A 
 245 00f4 80731B70 		.ascii	"\200s\033p;?\247W\361\377\267\343b\350Px@\311\365DX"
 245      3B3FA757 
 245      F1FFB7E3 
 245      62E85078 
 245      40C9F544 
 246 0109 85043A1A 		.ascii	"\205\004:\032K\017\0227\201\345Z\240\325\233\202S\207"
 246      4B0F1237 
 246      81E55AA0 
 246      D59B8253 
 246      87
 247 011a EE1C1FD3 		.ascii	"\356\034\037\323\363)\252\261\277#\263IKD\366\334\326"
 247      F329AAB1 
 247      BF23B349 
 247      4B44F6DC 
 247      D6
 248 012b B2BF4134 		.ascii	"\262\277A4\224\311\374\322\030\0058\012\304\017\265"
 248      94C9FCD2 
 248      1805380A 
 248      C40FB5
 249 013a 77EC7E95 		.ascii	"w\354~\225\216\274\313\024\317\255=\274\235\302FkA\205"
 249      8EBCCB14 
 249      CFAD3DBC 
 249      9DC2466B 
ARM GAS  C:\Users\Pasquale\AppData\Local\Temp\ccCywGY5.s 			page 19


 249      4185
 250 014c C3A1D6E2 		.ascii	"\303\241\326\342\233Q8\234\256\205\330B\"\266\266\215"
 250      9B51389C 
 250      AE85D842 
 250      22B6B68D 
 251 015c 7A35A08D 		.ascii	"z5\240\215\313\222\3455\262'S\216X,\300q\210\201\177"
 251      CB92E535 
 251      B227538E 
 251      582CC071 
 251      88817F
 252 016f 408C00D5 		.ascii	"@\214\000\325\020G\251\217\201A\200J\234\254\300\311"
 252      1047A98F 
 252      8141804A 
 252      9CACC0C9 
 253 017f 124AE7BB 		.ascii	"\022J\347\273\265\3250\354\222e\021\274\240\205* L\007"
 253      B5D530EC 
 253      926511BC 
 253      A0852A20 
 253      4C07
 254 0191 235BAEA5 		.ascii	"#[\256\245\3778\211L\336\332\2235\2217\240\0030\007"
 254      FF38894C 
 254      DEDA9335 
 254      9137A003 
 254      3007
 255 01a3 3095B906 		.ascii	"0\225\271\006\300\377\361N\205\215\237\373/\340\363"
 255      C0FFF14E 
 255      858D9FFB 
 255      2FE0F3
 256 01b2 382BF29B 		.ascii	"8+\362\233\242J\007~\023\010\314\210\012\206\350\307"
 256      A24A077E 
 256      1308CC88 
 256      0A86E8C7 
 257 01c2 653F0500 		.ascii	"e?\005\000BQ\371{N\347\277x\025\370C\210\035\237\022"
 257      4251F97B 
 257      4EE7BF78 
 257      15F84388 
 257      1D9F12
 258 01d5 83642126 		.ascii	"\203d!&/\371*\004^\007\234\012\006\011J%.\336\311\371"
 258      2FF92A04 
 258      5E079C0A 
 258      06094A25 
 258      2EDEC9F9 
 259 01e9 42D7059D 		.ascii	"B\327\005\235\370\026[1O\223\312j2p\344\372\256(\262"
 259      F8165B31 
 259      4F93CA6A 
 259      3270E4FA 
 259      AE28B2
 260 01fc 0BD8A0E1 		.ascii	"\013\330\240\341\371\250o\012/\220\210\303\363\203-"
 260      F9A86F0A 
 260      2F9088C3 
 260      F3832D
 261 020b 3B227981 		.ascii	";\"y\201\246\342\260,\347ya\330\214-4\353y\231\362T"
 261      A6E2B02C 
 261      E77961D8 
 261      8C2D34EB 
 261      7999F254 
 262 021f 113E7E0D 		.ascii	"\021>~\015|X\213\032\254\205\000\2650\003\377m*N\266"
ARM GAS  C:\Users\Pasquale\AppData\Local\Temp\ccCywGY5.s 			page 20


 262      7C588B1A 
 262      AC8500B5 
 262      3003FF6D 
 262      2A4EB6
 263 0232 AFA4BE5A 		.ascii	"\257\244\276Z\234\351\221=]X\241\362Y\305-\353\3446"
 263      9CE9913D 
 263      5D58A1F2 
 263      59C52DEB 
 263      E436
 264 0244 B45BC0F4 		.ascii	"\264[\300\364\340\253`\231\276\242\255\002'\241\013"
 264      E0AB6099 
 264      BEA2AD02 
 264      27A10B
 265 0253 E004DC40 		.ascii	"\340\004\334@\337\352`&\332\273\232.;I;\367j{O\356\206"
 265      DFEA6026 
 265      DABB9A2E 
 265      3B493BF7 
 265      6A7B4FEE 
 266 0268 3095C8AB 		.ascii	"0\225\310\253I\031p\256\276\374\211\217\2609\354\212"
 266      491970AE 
 266      BEFC898F 
 266      B039EC8A 
 267 0278 AF81CDF5 		.ascii	"\257\201\315\365\234\272\333\023\036\320k\340\223}\303"
 267      9CBADB13 
 267      1ED06BE0 
 267      937DC3
 268 0287 DE9CF050 		.ascii	"\336\234\360P\247%]\210\323\247\231\323\247@\361\272"
 268      A7255D88 
 268      D3A799D3 
 268      A740F1BA 
 269 0297 FD9CE733 		.ascii	"\375\234\3473\025z\335\205^\237\332\031U,\373\326\310"
 269      157ADD85 
 269      5E9FDA19 
 269      552CFBD6 
 269      C8
 270 02a8 728648D5 		.ascii	"r\206H\325\240>\350s\375x\237\033\231\317\227nW\355"
 270      A03EE873 
 270      FD789F1B 
 270      99CF976E 
 270      57ED
 271 02ba 0332C29D 		.ascii	"\0032\302\235\356\315q\225\210\012T\367[\034I\346Hg"
 271      EECD7195 
 271      880A54F7 
 271      5B1C49E6 
 271      4867
 272 02cc 824867C6 		.ascii	"\202Hg\306#51\244CC\207\267\205\223M|y\015\257\253\317"
 272      233531A4 
 272      434387B7 
 272      85934D7C 
 272      790DAFAB 
 273 02e1 52854640 		.ascii	"R\205F@\243\013\206\320\362B\336\233=\227\263#\225\274"
 273      A30B86D0 
 273      F242DE9B 
 273      3D97B323 
 273      95BC
 274 02f3 3F2B9BBA 		.ascii	"?+\233\272+S\336\217v\036\221\252As\220\270y<q+#\376"
 274      2B53DE8F 
ARM GAS  C:\Users\Pasquale\AppData\Local\Temp\ccCywGY5.s 			page 21


 274      761E91AA 
 274      417390B8 
 274      793C712B 
 275 0309 ACBFD7A7 		.ascii	"\254\277\327\247%{8qq\365\303\2460\336\015\032\034V"
 275      257B3871 
 275      71F5C3A6 
 275      30DE0D1A 
 275      1C56
 276 031b DD3B58A5 		.ascii	"\335;X\245\347\335\340c\235\343\036\251\020\311\027"
 276      E7DDE063 
 276      9DE31EA9 
 276      10C917
 277 032a 5CF790AB 		.ascii	"\\\367\220\253\247T\203/cp\307\200\220\355\"\206o\027"
 277      A754832F 
 277      6370C780 
 277      90ED2286 
 277      6F17
 278 033c 95BEE172 		.ascii	"\225\276\341r\0259\306t\305#\345=\177\2008-_\276\247"
 278      1539C674 
 278      C523E53D 
 278      7F80382D 
 278      5FBEA7
 279 034f 2F1B5CEB 		.ascii	"/\033\\\353if.aT\377\012:\030C\227/\333\012\344=2\231"
 279      69662E61 
 279      54FF0A3A 
 279      1843972F 
 279      DB0AE43D 
 280 0365 21C03B31 		.ascii	"!\300;10\0077\202\213\270\021\304(\033\301\005L\302"
 280      30073782 
 280      8BB811C4 
 280      281BC105 
 280      4CC2
 281 0377 794C0212 		.ascii	"yL\002\022\224~\276\377k=\331G\030Ag\371\375\263$\300"
 281      947EBEFF 
 281      6B3DD947 
 281      184167F9 
 281      FDB324C0 
 282 038b F0FCEECC 		.ascii	"\360\374\356\314\012\266A\\A\206\366 \003\022NLqyb\212"
 282      0AB6415C 
 282      4186F620 
 282      03124E4C 
 282      7179628A 
 283 039f 03956525 		.ascii	"\003\225e%St\331\201\335\211\341\3717(\001\256\202N"
 283      5374D981 
 283      DD89E1F9 
 283      372801AE 
 283      824E
 284 03b1 5968439B 		.ascii	"YhC\233\257\024\020\342VQ_TC\327\334\337\250a\332\254"
 284      AF1410E2 
 284      56515F54 
 284      43D7DCDF 
 284      A861DAAC 
 285 03c5 5971F9AC 		.ascii	"Yq\371\254\202(\330m\320\206v\377dv\327a\032\245\302"
 285      8228D86D 
 285      D08676FF 
 285      6476D761 
 285      1AA5C2
ARM GAS  C:\Users\Pasquale\AppData\Local\Temp\ccCywGY5.s 			page 22


 286 03d8 22C4E1DA 		.ascii	"\"\304\341\332\234\205\233\324,\266vwS\"_{69\236\271"
 286      9C859BD4 
 286      2CB67677 
 286      53225F7B 
 286      36399EB9 
 287 03ec 3E57F6D4 		.ascii	">W\366\324\001e\200k\350?\265\010l\214\361\024\3438"
 287      0165806B 
 287      E83FB508 
 287      6C8CF114 
 287      E338
 288 03fe 45522C06 		.ascii	"ER,\006^\307f[K\230\366\271\011\265\023\2502\317\315"
 288      5EC7665B 
 288      4B98F6B9 
 288      09B513A8 
 288      32CFCD
 289 0411 D9E2E80C 		.ascii	"\331\342\350\014t\210*\011J^\224 \332\352\257f\021R"
 289      74882A09 
 289      4A5E9420 
 289      DAEAAF66 
 289      1152
 290 0423 CB82101B 		.ascii	"\313\202\020\033v\217\254\023!n\0327\272\264M\215\333"
 290      768FAC13 
 290      216E1A37 
 290      BAB44D8D 
 290      DB
 291 0434 3C742370 		.ascii	"<t#pW0\235\024\002?\250\023\005\011\337`l\223\305\211"
 291      57309D14 
 291      023FA813 
 291      0509DF60 
 291      6C93C589 
 292 0448 5CAD4737 		.ascii	"\\\255G7~\251{s\217\354\361\321\315\"\256j\017B\000"
 292      7EA97B73 
 292      8FECF1D1 
 292      CD22AE6A 
 292      0F4200
 293 045b C33FCBF1 		.ascii	"\303?\313\361C\322u\2265\356Mx\223.\327\236\312#@\232"
 293      43D27596 
 293      35EE4D78 
 293      932ED79E 
 293      CA23409A 
 294 046f 998F3052 		.ascii	"\231\2170R[\321\250\216\316S\370\027\000-\017\333\003"
 294      5BD1A88E 
 294      CE53F817 
 294      002D0FDB 
 294      03
 295 0480 7B213A10 		.ascii	"{!:\020\325\211\242g\345jd\352\3020:\213\247o\222=3"
 295      D589A267 
 295      E56A64EA 
 295      C2303A8B 
 295      A76F923D 
 296 0495 E87BE851 		.ascii	"\350{\350Q>X\374\001\372\030\374H\366p\257\236\\\341"
 296      3E58FC01 
 296      FA18FC48 
 296      F670AF9E 
 296      5CE1
 297 04a7 F05B4BCB 		.ascii	"\360[K\313\217\021\305\262\373\365\014\031\353A\015"
 297      8F11C5B2 
ARM GAS  C:\Users\Pasquale\AppData\Local\Temp\ccCywGY5.s 			page 23


 297      FBF50C19 
 297      EB410D
 298 04b6 6FF90DD9 		.ascii	"o\371\015\331\003\3643\303\247\033:+\304\320N\351\016"
 298      03F433C3 
 298      A71B3A2B 
 298      C4D04EE9 
 298      0E
 299 04c7 A98100DF 		.ascii	"\251\201\000\337\362N\241w\272b\213r\363t\241\312\024"
 299      F24EA177 
 299      BA628B72 
 299      F374A1CA 
 299      14
 300 04d8 36A83CA0 		.ascii	"6\250<\240(\0170\345\222\274\334\322)\244\217\273\344"
 300      280F30E5 
 300      92BCDCD2 
 300      29A48FBB 
 300      E4
 301 04e9 CD3C7858 		.ascii	"\315<xX\317\327\347\017p\270.\277{\217\3629\035\244"
 301      CFD7E70F 
 301      70B82EBF 
 301      7B8FF239 
 301      1DA4
 302 04fb 4B7057EB 		.ascii	"KpW\353\360\026-y\310uw\367\267\236Q\326\362\0338\374"
 302      F0162D79 
 302      C87577F7 
 302      B79E51D6 
 302      F21B38FC 
 303 050f 7E474FA1 		.ascii	"~GO\241^\233E\223\305I\243C[y\220f\016{\005\356\363"
 303      5E9B4593 
 303      C549A343 
 303      5B799066 
 303      0E7B05EE 
 304 0524 CEBFF8E8 		.ascii	"\316\277\370\350\344c\035y\312\033\272,\363\300\240"
 304      E4631D79 
 304      CA1BBA2C 
 304      F3C0A0
 305 0533 0AE26200 		.ascii	"\012\342b\000\325\201/1\372\325\027`\004\227\303\220"
 305      D5812F31 
 305      FAD51760 
 305      0497C390 
 306 0543 920EBC8A 		.ascii	"\222\016\274\212e\204\037\374\033\235\306g\015\273O"
 306      65841FFC 
 306      1B9DC667 
 306      0DBB4F
 307 0552 B0D81E60 		.ascii	"\260\330\036`;\2140\276\207\0108\314\011\037<\356\275"
 307      3B8C30BE 
 307      870838CC 
 307      091F3CEE 
 307      BD
 308 0563 0BA1B5A4 		.ascii	"\013\241\265\244\330w\361\375\035\346\337w\264\242\334"
 308      D877F1FD 
 308      1DE6DF77 
 308      B4A2DC
 309 0572 4BAA7D64 		.ascii	"K\252}d{\343X\204V\301\316\372O\330W\257\334\311\322"
 309      7BE35884 
 309      56C1CEFA 
 309      4FD857AF 
ARM GAS  C:\Users\Pasquale\AppData\Local\Temp\ccCywGY5.s 			page 24


 309      DCC9D2
 310 0585 87628FBE 		.ascii	"\207b\217\276\012\273\301\265\343\023\254z\033v\346"
 310      0ABBC1B5 
 310      E313AC7A 
 310      1B76E6
 311 0594 773BD519 		.ascii	"w;\325\031\036_F,<\302\002\335\303\306\304]?\304\360"
 311      1E5F462C 
 311      3CC202DD 
 311      C3C6C45D 
 311      3FC4F0
 312 05a7 36CEFC5E 		.ascii	"6\316\374^\024`\214\265\200\377\0045\373\345\023\324"
 312      14608CB5 
 312      80FF0435 
 312      FBE513D4 
 313 05b7 6CBE259E 		.ascii	"l\276%\236\337\370`o8Y\023\306\026\330\215+O\256GMv"
 313      DFF8606F 
 313      385913C6 
 313      16D88D2B 
 313      4FAE474D 
 314 05cc F6798661 		.ascii	"\366y\206a\314V\366\243'8\3718p\3669}\371gE\017d9\026"
 314      CC56F6A3 
 314      2738F938 
 314      70F6397D 
 314      F967450F 
 315 05e3 9E620CDF 		.ascii	"\236b\014\337\007\327\342l\305\373\322\275\371\273\325"
 315      07D7E26C 
 315      C5FBD2BD 
 315      F9BBD5
 316 05f2 24977354 		.ascii	"$\227sTo\353m\020'\343\310\020'\343\300\355\363\024"
 316      6FEB6D10 
 316      27E3C810 
 316      27E3C0ED 
 316      F314
 317 0604 DB3E6591 		.ascii	"\333>e\221\356\355\001\216\247,Et\026\211\362\007\037"
 317      EEED018E 
 317      A72C4574 
 317      1689F207 
 317      1F
 318 0615 14A827ED 		.ascii	"\024\250'\355\2475\242\322OsX\005\326T\337{\242\032"
 318      A735A2D2 
 318      4F735805 
 318      D654DF7B 
 318      A21A
 319 0627 5FDDE007 		.ascii	"_\335\340\007-S\214\366\333\260\001\375\262?)\367F\361"
 319      2D538CF6 
 319      DBB001FD 
 319      B23F29F7 
 319      46F1
 320 0639 EE55E3B0 		.ascii	"\356U\343\260\246e\355\211\310I\331\\~\266\265\"\243"
 320      A665ED89 
 320      C849D95C 
 320      7EB6B522 
 320      A3
 321 064a 7B98ED1A 		.ascii	"{\230\355\032UN\235\341\364\344\332\267}\203\216/\223"
 321      554E9DE1 
 321      F4E4DAB7 
 321      7D838E2F 
ARM GAS  C:\Users\Pasquale\AppData\Local\Temp\ccCywGY5.s 			page 25


 321      93
 322 065b F9383CD8 		.ascii	"\3718<\330]\330\374R\253\255\027c`\235H\301\262\230"
 322      5DD8FC52 
 322      ABAD1763 
 322      609D48C1 
 322      B298
 323 066d 332EEE4C 		.ascii	"3.\356L\026s\246\355^uN$\331\302\222\01259{\317k\361"
 323      1673A6ED 
 323      5E754E24 
 323      D9C2920A 
 323      35397BCF 
 324 0683 7BEBC3EF 		.ascii	"{\353\303\357\355\2052\322\321\314\3169\236\305\374"
 324      ED8532D2 
 324      D1CCCE39 
 324      9EC5FC
 325 0692 9CF37731 		.ascii	"\234\363w1\220.||\361\203\233-\322\017n\327\347\267"
 325      902E7C7C 
 325      F1839B2D 
 325      D20F6ED7 
 325      E7B7
 326 06a4 0AF4A489 		.ascii	"\012\364\244\211\203\025\235\0318\342\007\033\366\222"
 326      83159D19 
 326      38E2071B 
 326      F692
 327 06b2 818A7E59 		.ascii	"\201\212~Y\306\215a-\250\030\232;\210\346\036\217\226"
 327      C68D612D 
 327      A8189A3B 
 327      88E61E8F 
 327      96
 328 06c3 C3D0DAFB 		.ascii	"\303\320\332\373\352\022I\216\232\201\035(\337y8\212"
 328      EA12498E 
 328      9A811D28 
 328      DF79388A 
 329 06d3 14F381BB 		.ascii	"\024\363\201\273\256~\273\032\217F\260\201\032\322\231"
 329      AE7EBB1A 
 329      8F46B081 
 329      1AD299
 330 06e2 D3FB8FD6 		.ascii	"\323\373\217\326\002;,\321\272\362C\325\326\013\273"
 330      023B2CD1 
 330      BAF243D5 
 330      D60BBB
 331 06f1 BDFA490F 		.ascii	"\275\372I\017x\371\"=h\344\211\312Ic\333PMQ\204\342"
 331      78F9223D 
 331      68E489CA 
 331      4963DB50 
 331      4D5184E2 
 332 0705 ECE95672 		.ascii	"\354\351Vr\355\376\006\374Je\310\013\032E\252\011\271"
 332      EDFE06FC 
 332      4A65C80B 
 332      1A45AA09 
 332      B9
 333 0716 7E6761A3 		.ascii	"~ga\243\250\242\243\027\375\335\304\374\315q\035\310"
 333      A8A2A317 
 333      FDDDC4FC 
 333      CD711DC8 
 334 0726 0827B7B9 		.ascii	"\010'\267\271\217\327+*\233\247(\200\355e\344\214\333"
 334      8FD72B2A 
ARM GAS  C:\Users\Pasquale\AppData\Local\Temp\ccCywGY5.s 			page 26


 334      9BA72880 
 334      ED65E48C 
 334      DB
 335 0737 CD0117B3 		.ascii	"\315\001\027\263\340\013\202\301\027\214\007+d`%\243"
 335      E00B82C1 
 335      178C072B 
 335      646025A3 
 336 0747 8FDC5164 		.ascii	"\217\334Qd\204\203\015\215~\031\021\314\244w\\&7\007"
 336      84830D8D 
 336      7E1911CC 
 336      A4775C26 
 336      3707
 337 0759 C1368F07 		.ascii	"\3016\217\007\333\"\316\024~h0\304\343\317\234l]a\265"
 337      DB22CE14 
 337      7E6830C4 
 337      E3CF9C6C 
 337      5D61B5
 338 076c 3B127E92 		.ascii	";\022~\222\020ow\340/\305\272\"\336\221f\306\371TK\252"
 338      106F77E0 
 338      2FC5BA22 
 338      DE9166C6 
 338      F9544BAA 
 339 0780 D99E6631 		.ascii	"\331\236f1\2305\357\377\362\303\330E\011\011\202\332"
 339      9835EFFF 
 339      F2C3D845 
 339      090982DA 
 340 0790 61FD8B45 		.ascii	"a\375\213Er&\232\177jdf\016gz\242\325nt\332\355)\016"
 340      72269A7F 
 340      6A64660E 
 340      677AA2D5 
 340      6E74DAED 
 341 07a6 E34A5B7A 		.ascii	"\343J[z,{\2125\245\245\306ZRWX\022\023-\211\306y\206"
 341      2C7B8A35 
 341      A5A5C65A 
 341      52575812 
 341      132D89C6 
 342 07bc 39B173E7 		.ascii	"9\261s\347$\314\373\323\217\214\010m\\i6\033\361\375"
 342      24CCFBD3 
 342      8F8C086D 
 342      5C69361B 
 342      F1FD
 343 07ce DB36     		.ascii	"\3336"
 344 07d0 BBCDF2B6 		.ascii	"\273\315\362\266\305\264\302\212\012s\015\011F\253\315"
 344      C5B4C28A 
 344      0A730D09 
 344      46ABCD
 345 07df 9C929E68 		.ascii	"\234\222\236h1:\234h\225dH\026\264\022%\227\2546\253"
 345      313A9C68 
 345      95644816 
 345      B4122597 
 345      AC36AB
 346 07f2 F3ADFFDA 		.ascii	"\363\255\377\332S\341\015s\362\"|Z\230\222b7/L\261\256"
 346      53E10D73 
 346      F2227C5A 
 346      98926237 
 346      2F4CB1AE 
 347 0806 B459123F 		.ascii	"\264Y\022?\262:\223\177\225\224\344\2608\227\304\274"
ARM GAS  C:\Users\Pasquale\AppData\Local\Temp\ccCywGY5.s 			page 27


 347      B23A937F 
 347      9594E4B0 
 347      3897C4BC 
 348 0816 EAED54FE 		.ascii	"\352\355T\376\362}\213s\231\323\344Lw\374FkN\226\024"
 348      F27D8B73 
 348      99D3E44C 
 348      77FC466B 
 348      4E9614
 349 0829 E4709BE5 		.ascii	"\344p\233\345S'>GHR\272\325\346\234/9\223\376\307\034"
 349      53273E47 
 349      4852BAD5 
 349      E69C2F39 
 349      93FEC71C 
 350 083d BC18BB3F 		.ascii	"\274\030\273?\352T\023b\331,F\011c7\245\2478%\347\352"
 350      EA541362 
 350      D92C4609 
 350      6337A5A7 
 350      3825E7EA 
 351 0851 55160766 		.ascii	"U\026\007f!\\\241\373\335\377\225\316\261\332a\2240"
 351      215CA1FB 
 351      DDFF95CE 
 351      B1DA6194 
 351      30
 352 0862 D3888D1C 		.ascii	"\323\210\215\034j\213-\021c3L\236e\305.$\323\311B\204"
 352      6A8B2D11 
 352      63334C9E 
 352      65C52E24 
 352      D3C94284 
 353 0876 F22839F5 		.ascii	"\362(9\365\222\224l1\255\222V\230\034\026I\322)#\004"
 353      92946C31 
 353      AD925698 
 353      1C1649D2 
 353      292304
 354 0889 95247C95 		.ascii	"\225$|\225\224n3K\222\341\307\363\023\346i\374#\225"
 354      946E334B 
 354      92E1C7F3 
 354      13E669FC 
 354      2395
 355 089b 39D994A6 		.ascii	"9\331\224\246\345\271|g\256\344\324\370\037\"\315\311"
 355      E5B97C67 
 355      AEE4D4F8 
 355      1F22CDC9 
 356 08ab CB563B3E 		.ascii	"\313V;>\264a}\3768{\"\177\322\234!\316`\030\350H\344"
 356      B4617DFE 
 356      387B227F 
 356      D29C21CE 
 356      6018E848 
 357 08c0 2A7B9A53 		.ascii	"*{\232SJg6\357Ndc\266\247\246\332m\361T\315\021\277"
 357      4A6736EF 
 357      4E6463B6 
 357      A7A6DA6D 
 357      F154CD11 
 358 08d5 F083A58B 		.ascii	"\360\203\245\213\226~\212\032\314\367?\317KE\004\364"
 358      967E8A1A 
 358      CCF73FCF 
 358      4B4504F4 
 359 08e5 12EB2FBD 		.ascii	"\022\353/\275\267p\331\317\177\375\301\022\275)\345"
ARM GAS  C:\Users\Pasquale\AppData\Local\Temp\ccCywGY5.s 			page 28


 359      B770D9CF 
 359      7FFDC112 
 359      BD29E5
 360 08f4 13D36A07 		.ascii	"\023\323j\007v^\012\226\344\275W bOP\274\370EK\227-"
 360      765E0A96 
 360      E4BD5720 
 360      624F50BC 
 360      F8454B97 
 361 0909 59164F9B 		.ascii	"Y\026O\233'~\211\337\271T\207\325!a\263\323L\261\240"
 361      277E89DF 
 361      B95487D5 
 361      2161B3D3 
 361      4CB1A0
 362 091c 7E81EE45 		.ascii	"~\201\356E0W\251\243\377\006\306\011\034K"
 362      3057A9A3 
 362      FF06C609 
 362      1C4B
 363              		.text
 364              		.section	.gnu.lto_.symtab.ed1fc8e9,"",%progbits
 365 0000 5F636F72 		.ascii	"_core_init\000"
 365      655F696E 
 365      697400
 366 000b 00       		.ascii	"\000"
 367 000c 00       		.ascii	"\000"
 368 000d 00       		.ascii	"\000"
 369 000e 00000000 		.ascii	"\000\000\000\000\000\000\000\000"
 369      00000000 
 370 0016 C2000000 		.ascii	"\302\000\000\000"
 371 001a 63685F6D 		.ascii	"ch_memcore\000"
 371      656D636F 
 371      726500
 372 0025 00       		.ascii	"\000"
 373 0026 00       		.ascii	"\000"
 374 0027 00       		.ascii	"\000"
 375 0028 00000000 		.ascii	"\000\000\000\000\000\000\000\000"
 375      00000000 
 376 0030 E3000000 		.ascii	"\343\000\000\000"
 377 0034 6368436F 		.ascii	"chCoreAllocAlignedWithOffsetI\000"
 377      7265416C 
 377      6C6F6341 
 377      6C69676E 
 377      65645769 
 378 0052 00       		.ascii	"\000"
 379 0053 00       		.ascii	"\000"
 380 0054 00       		.ascii	"\000"
 381 0055 00000000 		.ascii	"\000\000\000\000\000\000\000\000"
 381      00000000 
 382 005d C8000000 		.ascii	"\310\000\000\000"
 383 0061 6368436F 		.ascii	"chCoreAllocAlignedWithOffset\000"
 383      7265416C 
 383      6C6F6341 
 383      6C69676E 
 383      65645769 
 384 007e 00       		.ascii	"\000"
 385 007f 00       		.ascii	"\000"
 386 0080 00       		.ascii	"\000"
 387 0081 00000000 		.ascii	"\000\000\000\000\000\000\000\000"
ARM GAS  C:\Users\Pasquale\AppData\Local\Temp\ccCywGY5.s 			page 29


 387      00000000 
 388 0089 CA000000 		.ascii	"\312\000\000\000"
 389 008d 6368436F 		.ascii	"chCoreGetStatusX\000"
 389      72654765 
 389      74537461 
 389      74757358 
 389      00
 390 009e 00       		.ascii	"\000"
 391 009f 00       		.ascii	"\000"
 392 00a0 00       		.ascii	"\000"
 393 00a1 00000000 		.ascii	"\000\000\000\000\000\000\000\000"
 393      00000000 
 394 00a9 CD000000 		.ascii	"\315\000\000\000"
 395 00ad 5F5F6865 		.ascii	"__heap_base__\000"
 395      61705F62 
 395      6173655F 
 395      5F00
 396 00bb 00       		.ascii	"\000"
 397 00bc 02       		.ascii	"\002"
 398 00bd 00       		.ascii	"\000"
 399 00be 00000000 		.ascii	"\000\000\000\000\000\000\000\000"
 399      00000000 
 400 00c6 E6000000 		.ascii	"\346\000\000\000"
 401 00ca 5F5F6865 		.ascii	"__heap_end__\000"
 401      61705F65 
 401      6E645F5F 
 401      00
 402 00d7 00       		.ascii	"\000"
 403 00d8 02       		.ascii	"\002"
 404 00d9 00       		.ascii	"\000"
 405 00da 00000000 		.ascii	"\000\000\000\000\000\000\000\000"
 405      00000000 
 406 00e2 E8000000 		.ascii	"\350\000\000\000"
 407              		.text
 408              		.section	.gnu.lto_.opts,"",%progbits
 409 0000 272D666D 		.ascii	"'-fmath-errno' '-fsigned-zeros' '-ftrapping-math' '"
 409      6174682D 
 409      6572726E 
 409      6F272027 
 409      2D667369 
 410 0033 2D666E6F 		.ascii	"-fno-trapv' '-fno-openmp' '-fno-openacc' '-mcpu=cor"
 410      2D747261 
 410      70762720 
 410      272D666E 
 410      6F2D6F70 
 411 0066 7465782D 		.ascii	"tex-m4' '-mthumb' '-O2' '-fomit-frame-pointer' '-fa"
 411      6D342720 
 411      272D6D74 
 411      68756D62 
 411      2720272D 
 412 0099 6C69676E 		.ascii	"lign-functions=16' '-ffunction-sections' '-fdata-se"
 412      2D66756E 
 412      6374696F 
 412      6E733D31 
 412      36272027 
 413 00cc 6374696F 		.ascii	"ctions' '-fno-common' '-flto'\000"
 413      6E732720 
ARM GAS  C:\Users\Pasquale\AppData\Local\Temp\ccCywGY5.s 			page 30


 413      272D666E 
 413      6F2D636F 
 413      6D6D6F6E 
 414              		.text
 415              		.comm	__gnu_lto_v1,1,1
 416              		.comm	__gnu_lto_slim,1,1
 417              		.ident	"GCC: (GNU Tools for Arm Embedded Processors 7-2017-q4-major) 7.2.1 20170904 (release) [ARM
ARM GAS  C:\Users\Pasquale\AppData\Local\Temp\ccCywGY5.s 			page 31


DEFINED SYMBOLS
                            *ABS*:00000000 chmemcore.c
                            *COM*:00000001 __gnu_lto_v1
                            *COM*:00000001 __gnu_lto_slim

NO UNDEFINED SYMBOLS
