ARM GAS  C:\Users\Pasquale\AppData\Local\Temp\ccWE8K1g.s 			page 1


   1              		.cpu cortex-m4
   2              		.eabi_attribute 20, 1
   3              		.eabi_attribute 21, 1
   4              		.eabi_attribute 23, 3
   5              		.eabi_attribute 24, 1
   6              		.eabi_attribute 25, 1
   7              		.eabi_attribute 26, 1
   8              		.eabi_attribute 30, 2
   9              		.eabi_attribute 34, 1
  10              		.eabi_attribute 18, 4
  11              		.file	"hal.c"
  12              		.section	.gnu.lto_.profile.ed1fa703,"",%progbits
  13 0000 789C6363 		.ascii	"x\234cc```\001bF\006;v\000\000\373\000Q"
  13      60606001 
  13      6246063B 
  13      760000FB 
  13      0051
  14              		.text
  15              		.section	.gnu.lto_.icf.ed1fa703,"",%progbits
  16 0000 789C6363 		.ascii	"x\234cc``\340`@\000F\206e7\033>\3611\000\000\016c\003"
  16      6060E060 
  16      40004686 
  16      65371B3E 
  16      F1310000 
  17 0017 0F       		.ascii	"\017"
  18              		.text
  19              		.section	.gnu.lto_.jmpfuncs.ed1fa703,"",%progbits
  20 0000 789C6363 		.ascii	"x\234cc``\340f@\000F\004\023\000\001\305\000\023"
  20      6060E066 
  20      40004604 
  20      130001C5 
  20      0013
  21              		.text
  22              		.section	.gnu.lto_.inline.ed1fa703,"",%progbits
  23 0000 789C6363 		.ascii	"x\234cc``0b@\000F\006\006N;F\006& \223m\201<\023X\210"
  23      60603062 
  23      40004606 
  23      064E3B46 
  23      06262093 
  24 001a 0B1FC100 		.ascii	"\013\037\301\000\000=`\001\215"
  24      003D6001 
  24      8D
  25              		.text
  26              		.section	.gnu.lto_.pureconst.ed1fa703,"",%progbits
  27 0000 789C6363 		.ascii	"x\234cc```\006bF\006\011\000\000}\000#"
  27      60606006 
  27      62460609 
  27      00007D00 
  27      23
  28              		.text
  29              		.section	.gnu.lto_halInit.ed1fa703,"",%progbits
  30 0000 789C75D0 		.ascii	"x\234u\320\277N\3030\020\006\360\357\263\333\220\001"
  30      BF4EC330 
  30      1006F0EF 
  30      B3DB9001 
  31 0010 986040DD 		.ascii	"\230`@\335\020K\227D\035y\005\336\002\262\264\022R\005"
  31      104B9744 
ARM GAS  C:\Users\Pasquale\AppData\Local\Temp\ccWE8K1g.s 			page 2


  31      1D7905DE 
  31      02B2B412 
  31      5205
  32 0022 7980183A 		.ascii	"y\200\030:\264H\014\014\264,\031*\026`B\210\277a\262"
  32      B4480C0C 
  32      B42C192A 
  32      16604288 
  32      BF61B2
  33 0035 780006D6 		.ascii	"x\000\006\326N\005\304T!\230Q\013\347\302\220!\234l"
  33      4E05C454 
  33      2198510B 
  33      E7C29021 
  33      9C6C
  34 0047 9D65FF7C 		.ascii	"\235e\377|'\333\003\260E`ErE&5\250\016\036\201\035_"
  34      27DB03B0 
  34      45604572 
  34      452635A8 
  34      0E1E811D 
  35 005c 916E617C 		.ascii	"\221na|\"QL\270\257\0175\037\332o\231\252\236\030\011"
  35      22514CB8 
  35      AF0F351F 
  35      DA6F99AA 
  35      9E1809
  36 006f 7BF4B164 		.ascii	"{\364\261dN-S\015\364d\272\340%\253\020\366|1\351\316"
  36      4E2D530D 
  36      F464BAE0 
  36      25AB10F6 
  36      7C31E9CE 
  37 0083 79A5DF7D 		.ascii	"y\245\337}^\321\203\364\300\371S\331\232\311w\333\330"
  37      5ED183F4 
  37      C0F953D9 
  37      9AC977DB 
  37      D8
  38 0094 D7637EAE 		.ascii	"\327c~\256\371@G\316\245\211\261\330\323\312\255Z\026"
  38      F94047CE 
  38      A589B1D8 
  38      D3CAAD5A 
  38      16
  39 00a5 23B6FA5F 		.ascii	"#\266\372_\225\351%\251\224e\243\301L26~\252\331\323"
  39      95E925A9 
  39      9465A3C1 
  39      4C32367E 
  39      AAD9D3
  40 00b8 5285D74C 		.ascii	"R\205\327L\220\212v\356l\266\330)q797\374\307I{\336"
  40      908A76EE 
  40      6CB6D829 
  40      71373937 
  40      FCC7497B 
  41 00cd E65C365F 		.ascii	"\346\\6_\354J\342\356rn\274P\354\312\342\262|\275\305"
  41      EC4AE2EE 
  41      726EBC50 
  41      ECCAE2B2 
  41      7CBDC5
  42 00e0 62E789BB 		.ascii	"b\347\211\273\377s\357\334\355\277t9\205.:\362J\371"
  42      FF73EFDC 
  42      EDBF7439 
  42      852E3AF2 
ARM GAS  C:\Users\Pasquale\AppData\Local\Temp\ccWE8K1g.s 			page 3


  42      4AF9
  43 00f2 0979C272 		.ascii	"\011y\302r\020\2042\242zc\243\321\214k\253\265\260\031"
  43      108432A2 
  43      7A63A3D1 
  43      8C6BABB5 
  43      B019
  44 0104 87F5F5CD 		.ascii	"\207\365\365\3150\336\216\\\016\"\374\0000$\204C"
  44      30DE8E5C 
  44      0E22FC00 
  44      30248443 
  45              		.text
  46              		.section	.gnu.lto_.symbol_nodes.ed1fa703,"",%progbits
  47 0000 789C55C8 		.ascii	"x\234U\310\261\015\2030\030\005\341\3633\366\\a\262"
  47      B10D8330 
  47      1805E1F3 
  47      33F65C61 
  47      B2
  48 0011 DF4506C8 		.ascii	"\337E\006\310\020T\214@M\021 \361\014Ab\216\010\343"
  48      10548C40 
  48      4D1120F1 
  48      0C41628E 
  48      08E3
  49 0023 0A17A793 		.ascii	"\012\027\247\223\276\010\214%\364\226\301+C\331\224"
  49      BE088C25 
  49      F496C12B 
  49      43D994
  50 0032 7A7059E6 		.ascii	"zpY\346\252@J\217\002_\231\032\370\310|\003\233\254"
  50      AA404A8F 
  50      025F991A 
  50      F8C87C03 
  50      9BAC
  51 0044 6B609585 		.ascii	"k`\225\205\006\026Y\274\203'2\374\376\316\023\230\353"
  51      061659BC 
  51      832732FC 
  51      FECE1398 
  51      EB
  52 0055 3B8E7ACF 		.ascii	";\216z\317s\277.\206z\307\\\316\0117H,\212"
  52      73BF2E86 
  52      7AC75CCE 
  52      0937482C 
  52      8A
  53              		.text
  54              		.section	.gnu.lto_.refs.ed1fa703,"",%progbits
  55 0000 789C6363 		.ascii	"x\234cc```\004b\006\000\000D\000\010"
  55      60606004 
  55      62060000 
  55      440008
  56              		.text
  57              		.section	.gnu.lto_.decls.ed1fa703,"",%progbits
  58 0000 789C8D92 		.ascii	"x\234\215\222[HTA\030\200\347?\243\256\256W\242\302"
  58      5B485441 
  58      1880E73F 
  58      A3AEAE57 
  58      A2C2
  59 0012 0709F3C9 		.ascii	"\007\011\363\311\202v[\223\260\240^LM0\225J(\010V]\205"
  59      82765B93 
  59      B0A05E4C 
ARM GAS  C:\Users\Pasquale\AppData\Local\Temp\ccWE8K1g.s 			page 4


  59      4D30954A 
  59      2808565D 
  60 0027 5D301577 		.ascii	"]0\025w+\243\227\343\0053\025\363A\012/\225\220D^\012"
  60      2BA397E3 
  60      053315F3 
  60      410A2F95 
  60      90445E0A 
  61 003b CB4BE56D 		.ascii	"\313K\345m\327\313j\212\026\335 0\323\262\"1\314\350"
  61      D7CB6A8A 
  61      16DD2030 
  61      D3B22231 
  61      CCE8
  62 004d 21426BFB 		.ascii	"!Bk\373\317\3149{D\221\034\316\177\346\372}\363\317"
  62      CFCC397B 
  62      44911CCE 
  62      7FE6FA7D 
  62      F3CF
  63 005f 305E8490 		.ascii	"0^\204\220FJ\310$\020R\212m\027\026\001\353\001\242"
  63      464AC824 
  63      10528A6D 
  63      171601EB 
  63      01A2
  64 0071 160D460F 		.ascii	"\026\015F\017F\037\206]\236\033\302pb\214\222\365\345"
  64      461F865D 
  64      9E1BC270 
  64      628C92F5 
  64      E5
  65 0082 02BA5049 		.ascii	"\002\272PIR1\3061\272\327xFevHv\331e\367\332RM\241{"
  65      5231C631 
  65      BAD77846 
  65      65764876 
  65      D965F7DA 
  66 009a A0CFEE3B 		.ascii	"\240\317\356;\003\323\2009A\020\033\005\340\177\254"
  66      03D38039 
  66      41101B05 
  66      E07FAC
  67 00a9 A5607D97 		.ascii	"\245`}\227R\200\217\343\250\300+y\251\324Q\020p\217"
  67      52808FE3 
  67      A8C02B79 
  67      A9D45110 
  67      708F
  68 00bb 08B24350 		.ascii	"\010\262CP\274\354\223\005\260\332\312\347\371vJ!|="
  68      BCEC9305 
  68      B0DACAE7 
  68      F9764A21 
  68      7C3D
  69 00cd CF47E5F8 		.ascii	"\317G\345\370\220\240n\266\012Y\227+qO\273\223R\017"
  69      90A06EB6 
  69      0A59972B 
  69      714FBB93 
  69      520F
  70 00df 09F225BC 		.ascii	"\011\362%\274\371Vq\337o\026\336\343\354iB\252\274\317"
  70      F95671DF 
  70      6F16DEE3 
  70      EC6942AA 
  70      BCCF
  71 00f1 8234BAD4 		.ascii	"\2024\272\324.~\324R\201\265\347\356=h\022\250\226\265"
ARM GAS  C:\Users\Pasquale\AppData\Local\Temp\ccWE8K1g.s 			page 5


  71      2E7ED452 
  71      81B5E7EE 
  71      3D6812A8 
  71      96B5
  72 0103 CBDF35B6 		.ascii	"\313\3375\266P]\253\310\213\367\031\002]@\225\373t\272"
  72      505DABC8 
  72      8BF71902 
  72      5D4095FB 
  72      74BA
  73 0115 7E3902CB 		.ascii	"~9\002\313)l\321\202\200\335\227K\0237|\261\273U\013"
  73      296CD182 
  73      80DD974B 
  73      13377CB1 
  73      BB550B
  74 0128 41D86DAD 		.ascii	"A\330m\255pU{\006_\223\270\252\"1H\200\324\355\360\004"
  74      70557B06 
  74      5F93B8AA 
  74      22314880 
  74      D4EDF004 
  75 013c 42E03184 		.ascii	"B\3401\204`6\335\020\214\377l\017n\232\033^\374#\204"
  75      6036DD10 
  75      8CFF6C0F 
  75      6E9A1B5E 
  75      FC2384
  76 014f 35880DB3 		.ascii	"5\210\015\263\242\343{\311\216;E\342]\304B\245U\320"
  76      A2E37BC9 
  76      8E3B45E2 
  76      5DC442A5 
  76      55D0
  77 0161 09141E81 		.ascii	"\011\024\036\201N:B\247\2647t\300,@;\314\340\011z \014"
  77      4E3A42A7 
  77      B43774C0 
  77      2C403BCC 
  77      E0097A20 
  78 0176 E9CB0F17 		.ascii	"\351\313\017\027g<\351)\226p\305\247\236\316@4\315\212"
  78      673CE929 
  78      9670C5A7 
  78      9ECE4034 
  78      CD8A
  79 0188 A2C35517 		.ascii	"\242\303U\027U\333\366U,\325\262\355\240W\025\365\312"
  79      55DBF655 
  79      2CD5B2ED 
  79      A05715F5 
  79      CA
  80 0199 87803E26 		.ascii	"\207\200>&\230\3702}\211^\001&hq\226\025x\310\202\251"
  80      98F8327D 
  80      895E0126 
  80      68719615 
  80      78C882A9 
  81 01ad E6A82967 		.ascii	"\346\250)g\211#\231\363\375*\337\257\360v\306?\037\277"
  81      892399F3 
  81      FD2ADFAF 
  81      F076C63F 
  81      1FBF
  82 01bf BDE24F9F 		.ascii	"\275\342O\237q\301\253\352\246\337\376\262`\241;|\242"
  82      71C1ABEA 
  82      A6DFFEB2 
ARM GAS  C:\Users\Pasquale\AppData\Local\Temp\ccWE8K1g.s 			page 6


  82      60A13B7C 
  82      A2
  83 01d0 432CF664 		.ascii	"C,\366d\274C\345\035\012?\300\370\312\353\216)/Z\304"
  83      BC43E51D 
  83      0A3FC0F8 
  83      CAEB8E29 
  83      2F5AC4
  84 01e3 AFBFFE43 		.ascii	"\257\277\376C\235K\243$0\0265\343\346\007U~P\341\207"
  84      9D4BA324 
  84      301635E3 
  84      E607557E 
  84      50E187
  85 01f6 18DFDC5A 		.ascii	"\030\337\334Z\363\331\207vq\376uA\3456\031\237{\033"
  85      F3D98776 
  85      71FE7541 
  85      E536199F 
  85      7B1B
  86 0208 FED78D0F 		.ascii	"\376\327\215\017\253\370\260\202;\031^s\363j\033\245"
  86      ABF8B082 
  86      3B195E73 
  86      F36A1BA5 
  87 0218 8594E18B 		.ascii	"\205\224\341\213\366\237\363\312\371\227\347#\027F\335"
  87      F69FF3CA 
  87      F997E723 
  87      1746DD
  88 0227 E71F5105 		.ascii	"\347\037Q\005#\212`\224\011^\024\267\325S\376\020<\260"
  88      238A6094 
  88      095E14B7 
  88      D553FE10 
  88      3CB0
  89 0239 FB63B276 		.ascii	"\373c\262v.\200?\204P\354\336ZY\256\011\360+\023\305"
  89      2E803F84 
  89      50ECDE5A 
  89      59AE09F0 
  89      2B13C5
  90 024c 42B1A148 		.ascii	"B\261\241H\3649\312dc\370\022\236\262\2270\016~L%\325"
  90      F439CA64 
  90      63F8129E 
  90      B297300E 
  90      7E4C25D5 
  91 0260 1A735A56 		.ascii	"\032sZV|\266\305\266S\247\323\343g2[\322-9V\303\001"
  91      7CB6C5B6 
  91      53A7D3E3 
  91      67325BD2 
  91      2D3956C3 
  92 0275 833EC7AA 		.ascii	"\203>\307\252\3079\2755\317$\325:\223w\\bJh\264\301"
  92      C739BD35 
  92      CF24D53A 
  92      93775C62 
  92      4A68B4C1 
  93 0289 40C2FEBB 		.ascii	"@\302\376\273\224xYm\222t\327F+-\331\246\254s\031\231"
  93      9478596D 
  93      9274D746 
  93      2B2DD9A6 
  93      AC731999 
  94 029d 52DB68B5 		.ascii	"R\333h\265\351\314\304'='-/Cb\016n\304\260\025V\375"
  94      E9CCC427 
ARM GAS  C:\Users\Pasquale\AppData\Local\Temp\ccWE8K1g.s 			page 7


  94      3D272D2F 
  94      43620E6E 
  94      C4B01556 
  95 02b2 8993C6C4 		.ascii	"\211\223\306\304\224\350\204\230\244\375\221\306\330"
  95      94E88498 
  95      A4FD91C6 
  95      D8
  96 02bf C8BD86E3 		.ascii	"\310\275\206\3431|\006%^Vf\330\263\251]3\363,\230\252"
  96      317C0625 
  96      5E5666D8 
  96      B3A95D33 
  96      F32C98AA 
  97 02d3 9968D232 		.ascii	"\231h\3222L\022\265{3\024\256E\304\337\230\213\355\254"
  97      4C12B57B 
  97      3314AE45 
  97      C4DF988B 
  97      EDAC
  98 02e5 AC0CA305 		.ascii	"\254\014\243\005\301C\033\201\2719y6)\337c\373\"\364"
  98      C1431B81 
  98      B9397936 
  98      29DF63FB 
  98      22F4
  99 02f7 090947F4 		.ascii	"\011\011G\364q\311\361I\347#\230G\346\321\345g^\245"
  99      71C9F149 
  99      E7239847 
  99      E6D1E567 
  99      5EA5
 100 0309 3ABC1915 		.ascii	":\274\031\025\373\307F\346\347\353\025\324v17\323\200"
 100      FBC746E6 
 100      E7EB15D4 
 100      763137D3 
 100      80
 101 031a AE7F74EB 		.ascii	"\256\177t\353\227\302"
 101      97C2
 102              		.text
 103              		.section	.gnu.lto_.symtab.ed1fa703,"",%progbits
 104 0000 68616C49 		.ascii	"halInit\000"
 104      6E697400 
 105 0008 00       		.ascii	"\000"
 106 0009 00       		.ascii	"\000"
 107 000a 00       		.ascii	"\000"
 108 000b 00000000 		.ascii	"\000\000\000\000\000\000\000\000"
 108      00000000 
 109 0013 BB000000 		.ascii	"\273\000\000\000"
 110 0017 7374496E 		.ascii	"stInit\000"
 110      697400
 111 001e 00       		.ascii	"\000"
 112 001f 02       		.ascii	"\002"
 113 0020 00       		.ascii	"\000"
 114 0021 00000000 		.ascii	"\000\000\000\000\000\000\000\000"
 114      00000000 
 115 0029 BD000000 		.ascii	"\275\000\000\000"
 116 002d 626F6172 		.ascii	"boardInit\000"
 116      64496E69 
 116      7400
 117 0037 00       		.ascii	"\000"
 118 0038 02       		.ascii	"\002"
ARM GAS  C:\Users\Pasquale\AppData\Local\Temp\ccWE8K1g.s 			page 8


 119 0039 00       		.ascii	"\000"
 120 003a 00000000 		.ascii	"\000\000\000\000\000\000\000\000"
 120      00000000 
 121 0042 BF000000 		.ascii	"\277\000\000\000"
 122 0046 7364496E 		.ascii	"sdInit\000"
 122      697400
 123 004d 00       		.ascii	"\000"
 124 004e 02       		.ascii	"\002"
 125 004f 00       		.ascii	"\000"
 126 0050 00000000 		.ascii	"\000\000\000\000\000\000\000\000"
 126      00000000 
 127 0058 C1000000 		.ascii	"\301\000\000\000"
 128 005c 61646349 		.ascii	"adcInit\000"
 128      6E697400 
 129 0064 00       		.ascii	"\000"
 130 0065 02       		.ascii	"\002"
 131 0066 00       		.ascii	"\000"
 132 0067 00000000 		.ascii	"\000\000\000\000\000\000\000\000"
 132      00000000 
 133 006f C3000000 		.ascii	"\303\000\000\000"
 134 0073 5F70616C 		.ascii	"_pal_lld_init\000"
 134      5F6C6C64 
 134      5F696E69 
 134      7400
 135 0081 00       		.ascii	"\000"
 136 0082 02       		.ascii	"\002"
 137 0083 00       		.ascii	"\000"
 138 0084 00000000 		.ascii	"\000\000\000\000\000\000\000\000"
 138      00000000 
 139 008c C5000000 		.ascii	"\305\000\000\000"
 140 0090 68616C5F 		.ascii	"hal_lld_init\000"
 140      6C6C645F 
 140      696E6974 
 140      00
 141 009d 00       		.ascii	"\000"
 142 009e 02       		.ascii	"\002"
 143 009f 00       		.ascii	"\000"
 144 00a0 00000000 		.ascii	"\000\000\000\000\000\000\000\000"
 144      00000000 
 145 00a8 C7000000 		.ascii	"\307\000\000\000"
 146              		.text
 147              		.section	.gnu.lto_.opts,"",%progbits
 148 0000 272D666D 		.ascii	"'-fmath-errno' '-fsigned-zeros' '-ftrapping-math' '"
 148      6174682D 
 148      6572726E 
 148      6F272027 
 148      2D667369 
 149 0033 2D666E6F 		.ascii	"-fno-trapv' '-fno-openmp' '-fno-openacc' '-mcpu=cor"
 149      2D747261 
 149      70762720 
 149      272D666E 
 149      6F2D6F70 
 150 0066 7465782D 		.ascii	"tex-m4' '-mthumb' '-O2' '-fomit-frame-pointer' '-fa"
 150      6D342720 
 150      272D6D74 
 150      68756D62 
 150      2720272D 
ARM GAS  C:\Users\Pasquale\AppData\Local\Temp\ccWE8K1g.s 			page 9


 151 0099 6C69676E 		.ascii	"lign-functions=16' '-ffunction-sections' '-fdata-se"
 151      2D66756E 
 151      6374696F 
 151      6E733D31 
 151      36272027 
 152 00cc 6374696F 		.ascii	"ctions' '-fno-common' '-flto'\000"
 152      6E732720 
 152      272D666E 
 152      6F2D636F 
 152      6D6D6F6E 
 153              		.text
 154              		.comm	__gnu_lto_v1,1,1
 155              		.comm	__gnu_lto_slim,1,1
 156              		.ident	"GCC: (GNU Tools for Arm Embedded Processors 7-2017-q4-major) 7.2.1 20170904 (release) [ARM
ARM GAS  C:\Users\Pasquale\AppData\Local\Temp\ccWE8K1g.s 			page 10


DEFINED SYMBOLS
                            *ABS*:00000000 hal.c
                            *COM*:00000001 __gnu_lto_v1
                            *COM*:00000001 __gnu_lto_slim

NO UNDEFINED SYMBOLS
