ARM GAS  C:\Users\Pasquale\AppData\Local\Temp\ccnoZM0F.s 			page 1


   1              		.cpu cortex-m4
   2              		.eabi_attribute 20, 1
   3              		.eabi_attribute 21, 1
   4              		.eabi_attribute 23, 3
   5              		.eabi_attribute 24, 1
   6              		.eabi_attribute 25, 1
   7              		.eabi_attribute 26, 1
   8              		.eabi_attribute 30, 2
   9              		.eabi_attribute 34, 1
  10              		.eabi_attribute 18, 4
  11              		.file	"hal_lld.c"
  12              		.section	.gnu.lto_.profile.ed1f945f,"",%progbits
  13 0000 789C6363 		.ascii	"x\234cc```\005bF\206&\306<\000\002\203\000\376"
  13      60606005 
  13      62468626 
  13      C63C0002 
  13      8300FE
  14              		.text
  15              		.section	.gnu.lto_.icf.ed1f945f,"",%progbits
  16 0000 789C6363 		.ascii	"x\234cc``\020f@\000f\206e\337_Maa\274\3337'\224\351"
  16      60601066 
  16      40006686 
  16      65DF5F4D 
  16      6161BCDB 
  17 0018 C0ED6B13 		.ascii	"\300\355k\023\330\031\000Y\031\010\243"
  17      D8190059 
  17      1908A3
  18              		.text
  19              		.section	.gnu.lto_.jmpfuncs.ed1f945f,"",%progbits
  20 0000 789C6363 		.ascii	"x\234cc``\340b@\000&0\311\010\304\000\001\252\000\024"
  20      6060E062 
  20      40002630 
  20      C908C400 
  20      01AA0014 
  21              		.text
  22              		.section	.gnu.lto_.inline.ed1f945f,"",%progbits
  23 0000 789C6363 		.ascii	"x\234cc``0g@\000&\006\006\203\003\014\214\014Lak\246"
  23      60603067 
  23      40002606 
  23      0683030C 
  23      8C0C4C61 
  24 0016 B132B02D 		.ascii	"\2612\260-\220g\002\2112r\301\011\206C\014\307\030\201"
  24      90670289 
  24      3272C109 
  24      86430CC7 
  24      1881
  25 0028 F275C7BE 		.ascii	"\362u\307\276\211\303\345\031\000\355\256\010R"
  25      89C3E519 
  25      00EDAE08 
  25      52
  26              		.text
  27              		.section	.gnu.lto_.pureconst.ed1f945f,"",%progbits
  28 0000 789C6363 		.ascii	"x\234cc```\005b&\006)F)\000\000\374\000C"
  28      60606005 
  28      62260629 
  28      46290000 
  28      FC0043
ARM GAS  C:\Users\Pasquale\AppData\Local\Temp\ccnoZM0F.s 			page 2


  29              		.text
  30              		.section	.gnu.lto_hal_lld_init.ed1f945f,"",%progbits
  31 0000 789CA596 		.ascii	"x\234\245\226_L[U\034\307\317\357\234\333\333\333\256"
  31      5F4C5B55 
  31      1CC7CFEF 
  31      9CDBDBDB 
  31      AE
  32 0011 9B5BE622 		.ascii	"\233[\346\"s,\222\214m\354\205\233)!\352\203\217>\230"
  32      732C928C 
  32      6DEC859B 
  32      2921EA83 
  32      8F3E98
  33 0024 F8A4EFC6 		.ascii	"\370\244\357\306\341\303\226\220`\304\207=\230p\273"
  33      E1C39690 
  33      60C4873D 
  33      9870BB
  34 0033 16E8A646 		.ascii	"\026\350\246F\023GIL\2475\35264\262\030\361O\213H\351"
  34      1347494C 
  34      A735EA36 
  34      34B218F1 
  34      4F8B48E9 
  35 0047 FE38746E 		.ascii	"\3768tns0\377\2611\306\030\003\006\033\012:`\224z~\347"
  35      7330FFB1 
  35      31C61803 
  35      061B0A3A 
  35      60947A7E 
  36 005c DC726E1B 		.ascii	"\334rn\033\023\271\364\206~\271\275\367\364\363\373"
  36      13B9F486 
  36      7EB9BDF7 
  36      F4F3FB
  37 006b 9EDFEFFC 		.ascii	"\236\337\357\374\323\011!\027\003\204<\311\377W\361"
  37      D3092117 
  37      03843CC9 
  37      FF57F1
  38 007a 0F7808D0 		.ascii	"\017x\010\320\267\317\023\0224(eG\253\211\345\327&\036"
  38      B7CF1312 
  38      34286547 
  38      AB89E5D7 
  38      261E
  39 008c 22568081 		.ascii	"\"V\200\201&\037k\000xc\031@\032(\323\240\001\336`\207"
  39      261F6B00 
  39      78631940 
  39      1A28D3A0 
  39      01DE6087 
  40 00a0 19A49B47 		.ascii	"\031\244\233G\023t\3271\213_\251\326~o\223\325X\022"
  40      1374D731 
  40      8B5FA9D6 
  40      7E6F93D5 
  40      5812
  41 00b2 638444F9 		.ascii	"c\204D\371\007/\370\002v\021\336l\370\363\245\226\265"
  41      072FF802 
  41      7611DE6C 
  41      F8F3A596 
  41      B5
  42 00c3 BA269F43 		.ascii	"\272&\237C\007\350\004\370\315\211K\236\224\265\224"
  42      07E804F8 
  42      CD894B9E 
ARM GAS  C:\Users\Pasquale\AppData\Local\Temp\ccnoZM0F.s 			page 3


  42      94B594
  43 00d2 6DB652E7 		.ascii	"m\266R\347>\204\276g*\201\304\030P\024\206\242\241x"
  43      3E84BE67 
  43      2A81C418 
  43      501486A2 
  43      A178
  44 00e4 5074142F 		.ascii	"Pt\024/\212\201\342C\361\243\254A\011\240\254G\331\200"
  44      8A81E243 
  44      F1A3AC41 
  44      09A0AC47 
  44      D980
  45 00f6 B2116513 		.ascii	"\262\021e\023J\011\312f\224-([Q\312P\266\241\224\243"
  45      4A09CA66 
  45      942D285B 
  45      51CA50B6 
  45      A194A3
  46 0109 6C47D981 		.ascii	"lG\331\201\262\023\245\002\205\220\010\267\311{k\245"
  46      B213A502 
  46      859008B7 
  46      C97B6BA5 
  47 0119 C84146F1 		.ascii	"\310AF\361.\224\"\023\220N\216\317\325\240\371w\031"
  47      2E942213 
  47      904E8ECF 
  47      D5A0F977 
  47      19
  48 012a F03E451B 		.ascii	"\360>E\033\323\027\274\257\263\030\243\200]\014\037"
  48      D317BCAF 
  48      B318A380 
  48      5D0C1F
  49 0139 393DEA93 		.ascii	"9=\352\223_\255\351\210\245\361G\003\235\303\203z\034"
  49      5FADE988 
  49      A5F14703 
  49      9DC3837A 
  49      1C
  50 014a DE0BF2EC 		.ascii	"\336\013\362\354\224\305\030\203\257\240\024\276\204"
  50      94C51883 
  50      AFA014BE 
  50      84
  51 0157 5282ED6F 		.ascii	"R\202\355o\217\364v\2553?\263\302\020\343\351\374\032"
  51      8FF476AD 
  51      333FB3C2 
  51      10E3E9FC 
  51      1A
  52 0168 E2D02292 		.ascii	"\342\320\"\222\006\337\200\311\203\205\346\232@\306"
  52      06DF80C9 
  52      8385E69A 
  52      40C6
  53 0176 A2325CDF 		.ascii	"\2422\\\337\365SQ\017\362\001\206\262\331\354\003\220"
  53      F553510F 
  53      F20186B2 
  53      D9EC0390 
  54 0186 E0206EAA 		.ascii	"\340 n\252\377\220h\347.\\R\205\353\004\223\307\020"
  54      FF9068E7 
  54      2E5C5285 
  54      EB0493C7 
  54      10
  55 0197 DDF3C980 		.ascii	"\335\363\311\200\314\035\353[\305\352\222\326\027s\326"
ARM GAS  C:\Users\Pasquale\AppData\Local\Temp\ccnoZM0F.s 			page 4


  55      CC1DEB5B 
  55      C5EA92D6 
  55      1773D6
  56 01a6 35097BE7 		.ascii	"5\011{\347\243\366\304Zi\375\021\370\256\010\333\335"
  56      A3F6C45A 
  56      69FD11F8 
  56      AE08DBDD 
  57 01b6 2A540A6D 		.ascii	"*T\012mkN\333\353W\314\012\342;\015z\024--\214\247\223"
  57      6B4EDBEB 
  57      57CC0AE2 
  57      3B0D7A14 
  57      2D2D8CA7 
  58 01cb 6D0B4CC2 		.ascii	"m\013L\3026\2703vR\240pL\303)\211\2325\334w\357\264"
  58      36B83376 
  58      52A0704C 
  58      C329899A 
  58      35DC77EF 
  59 01e0 A29C0193 		.ascii	"\242\234\001\223\277\276z\266\355S&\023\227\0255\377"
  59      BFBE7AB6 
  59      ED532613 
  59      971535FF 
  60 01f0 5E262FD7 		.ascii	"^&/\327\345\215\356\370g\025\277w\365.\177P\224\037"
  60      E58DEEF8 
  60      6715BF77 
  60      F52E7F50 
  60      941F
  61 0202 85CB1393 		.ascii	"\205\313\023\223\211y\273\274\004\316\345;\334\344\266"
  61      8979BBBC 
  61      04CEE53B 
  61      DCE4B6
  62 0211 283F29FA 		.ascii	"(?)\372\371\\Q\026\355\242x\334\031\275 P\024Q\027\013"
  62      F95C5116 
  62      EDA278DC 
  62      19BD2050 
  62      1451170B 
  63 0225 E6940D7B 		.ascii	"\346\224\015{3s\255\307\221\337u\360s\021\203\363\222"
  63      3373ADC7 
  63      91DF75F0 
  63      731183F3 
  63      92
  64 0236 0AD78783 		.ascii	"\012\327\207\203Sw\346\301\353\216\325\257X\227\013"
  64      5377E6C1 
  64      EB8ED5AF 
  64      58970B
  65 0245 E6942161 		.ascii	"\346\224!ag\222\0133\001i\035\027_\200_\212\260\376"
  65      67920B33 
  65      01691D17 
  65      5F805F8A 
  65      B0FE
  66 0257 AB0AF71B 		.ascii	"\253\012\367\033Z7\234\326K\334\226\360wE\373#W\302"
  66      5A379CD6 
  66      4BDC96F0 
  66      7745FB23 
  66      57C2
  67 0269 8C5DC2CD 		.ascii	"\214]\302\315\356\214\015\010\224\3304\256\254~\304"
  67      EE8C0D08 
  67      94D834AE 
ARM GAS  C:\Users\Pasquale\AppData\Local\Temp\ccnoZM0F.s 			page 5


  67      AC7EC4
  68 0278 5E559441 		.ascii	"^U\224A0\013'\321\026w\260k\0126\264zK\327\025e\230"
  68      300B27D1 
  68      1677B06B 
  68      0A36B47A 
  68      4BD71565 
  69 028d 5B2A9835 		.ascii	"[*\2305[\335\246\374\206\302\215\344R\036\361H\230\317"
  69      5BDDA6FC 
  69      86C28DE4 
  69      521EF148 
  69      98CF
  70 029f 9DB39B02 		.ascii	"\235\263\233\002\245!j\264`\326\3709\254\250qvK\261"
  70      A5216AB4 
  70      60D6F839 
  70      ACA87176 
  70      4BB1
  71 02b1 C7709CF9 		.ascii	"\307p\234\371\235\235^\343\2165.X\036dM\024\370\014"
  71      9D9D5EE3 
  71      8E352E58 
  71      1E644D14 
  71      F80C
  72 02c3 7058513E 		.ascii	"pXQ>o+\366$\372\0148}\226\271-\316\224\242\335\261\213"
  72      6F2BF624 
  72      FA0C387D 
  72      96B92DCE 
  72      94A2DDB1 
  73 02d8 333E5FBD 		.ascii	"3>_\275|*\012\213\303\323\340q]\034\214\242\014\234"
  73      7C2A0A8B 
  73      C3D3E071 
  73      5D1C8CA2 
  73      0C9C
  74 02ea 0726B80B 		.ascii	"\007&\270\013:L\343yi\032cos\236;<\242\345\007\231p"
  74      3A4CE379 
  74      691A636F 
  74      739E3B3C 
  74      A2E50799 
  75 02ff BB4F7EB5 		.ascii	"\273O~\265\206\202\342\334q\274'i\371\270;\336\027\035"
  75      8682E2DC 
  75      71BC2769 
  75      F9B83BDE 
  75      171D
  76 0311 FEE2CEFE 		.ascii	"\376\342\316\376\264\235u\265v4\303r/g\204/]\304 0\233"
  76      B49D75B5 
  76      7634C372 
  76      2F67842F 
  76      5DC42030 
  77 0326 4BE291BB 		.ascii	"K\342\221\273\272\014V.\343\265\217u\307\374\366JC\341"
  77      BA0C562E 
  77      E3B58F75 
  77      C7FCF64A 
  77      43E1
  78 0338 6F95D669 		.ascii	"o\225\326i\221\326\025\006\373'/\330=\314j\271\034\247"
  78      91D61506 
  78      FB272FD8 
  78      3DCC6AB9 
  78      1CA7
  79 034a AFC968DB 		.ascii	"\257\311h\333\035i\205\377K\351\234\240ym\332|n\211"
ARM GAS  C:\Users\Pasquale\AppData\Local\Temp\ccnoZM0F.s 			page 6


  79      1D6985FF 
  79      4BE99CA0 
  79      796DDA7C 
  79      6E89
  80 035c 6CF348D6 		.ascii	"l\363H\326\016\211\033\371x$\356\263\235\353\260\300"
  80      0E891BF9 
  80      7824EEB3 
  80      9DEBB0C0 
  81 036c 5937213C 		.ascii	"Y7!<p\262\312n\304[\264N\315?l7\320\340>\006\343\327"
  81      70B2CA6E 
  81      C45BB44E 
  81      CD3F6C37 
  81      D0E03E06 
  82 0382 413E918E 		.ascii	"A>\221\216V\313#\337\354\330\322SvGWb.\276\007\335-"
  82      56CB23DF 
  82      ECD8D253 
  82      76475762 
  82      2EBE07DD 
  83 0397 E6B9CB88 		.ascii	"\346\271\313\210M\362\223{\357\317h\030J\343\353\265"
  83      4DF2937B 
  83      EFCF6818 
  83      4AE3EBB5 
  84 03a7 064B328D 		.ascii	"\006K2\215\263cY\367\370l\036\336\242\246sPh|\017\016"
  84      B36359F7 
  84      F86C1EDE 
  84      A2A67350 
  84      687C0F0E 
  85 03bb D252D10D 		.ascii	"\322R\321\015\315yt\355\015ye\277w\256\274h\007(F2\354"
  85      CD7974ED 
  85      0D7965BF 
  85      77AEBC68 
  85      07284632 
  86 03d0 4821BABC 		.ascii	"H!\272\274\023\011P\205du\274\325y\331\336\376\263\367"
  86      13095085 
  86      6475BCD5 
  86      79D9DEFE 
  86      B3F7
  87 03e2 F19012A6 		.ascii	"\361\220\022\246\253\033\"\215y\321\232(\037\"\025d"
  87      AB1B228D 
  87      79D19A28 
  87      1F221564 
  88 03f2 1242F1EE 		.ascii	"\022B\361\356\303b\367\300_$\022\223\003\336\206\214"
  88      C362F7C0 
  88      5F241293 
  88      03DE868C 
  89 0402 65C49837 		.ascii	"e\304\2307\212{\0144\323\006~h7D\303\251\007\377\273"
  89      8A7B0C34 
  89      D3067E68 
  89      3744C3A9 
  89      07FFBB
  90 0415 1D5F1821 		.ascii	"\035_\030!b\267\273\003\007\342\307Z\304\242 \252\035"
  90      62B7BB03 
  90      07E2C75A 
  90      C4A220AA 
  90      1D
  91 0426 E1138EA7 		.ascii	"\341\023\216\247\211\243\036\257\2544\371_\315\336}"
  91      89A31EAF 
ARM GAS  C:\Users\Pasquale\AppData\Local\Temp\ccnoZM0F.s 			page 7


  91      AC34F95F 
  91      CDDE7D
  92 0435 7BF6D5D5 		.ascii	"{\366\325\325\357~b\267YWo\356}\261\326|\271\356\225"
  92      EF7E62B7 
  92      59576FEE 
  92      7DB1D67C 
  92      B9EE95
  93 0448 57EBCDE7 		.ascii	"W\353\315\347\236\177\366\261G\245>]\265\177?\276y\241"
  93      9E7FF6B1 
  93      47A53E5D 
  93      B57F3FBE 
  93      79A1
  94 045a B6F6A5CA 		.ascii	"\266\366\245\312\032\362/KB%u"
  94      1AF22F4B 
  94      422575
  95              		.text
  96              		.section	.gnu.lto_stm32_clock_init.ed1f945f,"",%progbits
  97 0000 789CA557 		.ascii	"x\234\245WYPTG\024}\267\337,o\336\254\354#\"\305\217"
  97      59505447 
  97      147DB7DF 
  97      2C6FDEAC 
  97      EC2322C5 
  98 0015 1F56AA9C 		.ascii	"\037V\252\234B\3750\225/\362\341_\276\342o*\025\261"
  98      42FD3095 
  98      2FF2E15F 
  98      BEE26F2A 
  98      15B1
  99 0027 128D5699 		.ascii	"\022\215V\231\322T\312?\0370,\243D1\301\215\214\026"
  99      D254CA3F 
  99      1F302CA3 
  99      4431C18D 
  99      8C16
 100 0039 266584B8 		.ascii	"&e\204\270\240\021\243\202\350\200\022\026\025\305-"
 100      A011A382 
 100      E8801216 
 100      15C52D
 101 0048 22628CCA 		.ascii	"\"b\214\312\246 \032qCa\322\267\273\037\357e\254\224"
 101      A6201A71 
 101      4361D2B7 
 101      BB1FEF65 
 101      AC94
 102 005a 19989ABA 		.ascii	"\031\230\232\272\323\313{\347\236>\367\366\355\036\233"
 102      D3CB7BE7 
 102      9E3EF7F6 
 102      ED1E9B
 103 0069 24498B7C 		.ascii	"$I\213|\222\364!\375]\014\222\0043$ e\035\222\224\247"
 103      92F421FD 
 103      5D0C9204 
 103      33242065 
 103      1D9294A7 
 104 007d 10907943 		.ascii	"\020\220yC&\376\332&I\322T\313-\247\244\271\374|<\307"
 104      26FEDA26 
 104      49D254CB 
 104      2DA7A4B9 
 104      FC7C3CC7 
 105 0091 02563E6F 		.ascii	"\002V>o%i|\336\306\346\323\370x\216\015\354|\336NR\371"
 105      25697CDE 
ARM GAS  C:\Users\Pasquale\AppData\Local\Temp\ccnoZM0F.s 			page 8


 105      C6E6D3F8 
 105      788E0DEC 
 105      7CDE4E52 
 106 00a6 BCC2E653 		.ascii	"\274\302\346S\371x\216\002\016>\357 )|>\221\315\247"
 106      F9788E02 
 106      0E3EEF20 
 106      297C3E91 
 106      CDA7
 107 00b8 F0F19C44 		.ascii	"\360\361\234DP\361\027T\222\314\247\235l:\231\017\347"
 107      50F11754 
 107      92CCA79D 
 107      6C3A990F 
 107      E7
 108 00c9 3889AB35 		.ascii	"8\211\2535\235\216zZ\347\323Q\027q\233zn\360rh\217\336"
 108      9D8E7A5A 
 108      E7D35117 
 108      719B7A6E 
 108      F072688F 
 109 00de F0828F37 		.ascii	"\360\202\2177|$\211\243%0\264$>\236\223\000\200\277"
 109      7C2489A3 
 109      2530B424 
 109      3E9E9300 
 109      80BF
 110 00f0 9A02D23A 		.ascii	"\232\002\322:\"\373-\3264\233=Uq\244$\252\311N\227\333"
 110      22FB2DD6 
 110      349B3D55 
 110      71A424AA 
 110      C94E97DB 
 111 0104 E3F52525 		.ascii	"\343\365%%\300:\273,\211\217Uo\330\365\206Co\250z\303"
 111      C03ABB2C 
 111      898F556F 
 111      D8F58643 
 111      6FA87AC3 
 112 0118 A7374AE5 		.ascii	"\2477J\345r\031\232\212\373N\2209{5\372\211l\033U\213"
 112      72199A8A 
 112      FB4E9039 
 112      7B35FA89 
 112      6C1B558B 
 113 012c B4427F98 		.ascii	"\264B\177\230\302m\025\220p\004\346H\364\261\273\207"
 113      C26D1590 
 113      7004E648 
 113      F4B1BB87 
 114 013c 27B6B86D 		.ascii	"'\266\270m\026>\016\265`\003:\330\031<\024\2267\310"
 114      163E0EB5 
 114      60033AD8 
 114      193C1496 
 114      37C8
 115 014e 6119C042 		.ascii	"a\031\300B\273O.T\334\363`\227@\026\355v\354\274\322"
 115      BB4F2E54 
 115      DCF36097 
 115      4016ED76 
 115      ECBCD2
 116 0161 67913F00 		.ascii	"g\221?\000|\375F\225V\343\232\375\223\246\345k\221\216"
 116      7CFD4695 
 116      56E39AFD 
 116      93A6E56B 
 116      918E
ARM GAS  C:\Users\Pasquale\AppData\Local\Temp\ccnoZM0F.s 			page 9


 117 0173 F68CDD05 		.ascii	"\366\214\335\005Z\253f\011\3132\034\003\231B\302o\220"
 117      5AAB6609 
 117      CB321C03 
 117      9942C26F 
 117      90
 118 0184 01472183 		.ascii	"\001G!\203\2714\274\301q\230\315\234Q\227'\250K:Ys\331"
 118      B934BCC1 
 118      7198CD9C 
 118      519727A8 
 118      4B3A5973 
 119 0199 1AD126A2 		.ascii	"\032\321&\242\305Z\344\372{\015\243\347S\346\201\024"
 119      C55AE4FA 
 119      7B0DA3E7 
 119      53E68114 
 120 01a9 962D048D 		.ascii	"\226-\004\215\214\306\202\306\212\306\206\306\216FA"
 120      8CC682C6 
 120      8AC686C6 
 120      8E4641
 121 01b8 E340A3A2 		.ascii	"\343@\243\242q\242q\241q\243\361\240\361\242\361\241"
 121      71A271A1 
 121      71A3F1A0 
 121      F1A2F1A1 
 122 01c8 49409388 		.ascii	"I@\223\210&\011M2\232\0244\251h\322\320\370\321\314"
 122      26094D32 
 122      9A1434A9 
 122      68D2D0F8 
 122      D1CC
 123 01da 40938E66 		.ascii	"@\223\216f&\232\0144\263\320d\242\311F#I%T\255[N-\""
 123      269A0C34 
 123      B3D064A2 
 123      C9462349 
 123      2554AD5B 
 124 01f1 8564421B 		.ascii	"\205dB\033\005\021\351\0014\215\016\264\025\252\270"
 124      0511E901 
 124      348D0EB4 
 124      15AAB8
 125 0200 2ABAD0AD 		.ascii	"*\272\320\255\205M\027\355(\231\225\311\024\334\331"
 125      854D17ED 
 125      289995C9 
 125      14DCD9
 126 020f DCE7E05D 		.ascii	"\334\347\340]\355q\211\206\242v\327\337\275m\253\204"
 126      ED718986 
 126      A276D7DF 
 126      BD6DAB84 
 127 021f 5D793440 		.ascii	"]y4@\225\351a\331\006\365T\253:\324\212\316>\274\337"
 127      95E961D9 
 127      06F554AB 
 127      3AD48ACE 
 127      3EBCDF
 128 0232 D6E0091C 		.ascii	"\326\340\011\034\320\202yZVX\266\303I\250\204-,t\320"
 128      D082795A 
 128      5658B6C3 
 128      49A8842D 
 128      2C74D0
 129 0245 0001FAC0 		.ascii	"\000\001\372\300\261k\025\355VD\264\003\206\030\340"
 129      B16B15ED 
 129      5644B403 
ARM GAS  C:\Users\Pasquale\AppData\Local\Temp\ccnoZM0F.s 			page 10


 129      8618E0
 130 0254 147D9391 		.ascii	"\024}\223\221\350\350\265\305\222P\030\211\335\343\301"
 130      E8E8B5C5 
 130      92501889 
 130      DDE3C1
 131 0263 830EDED5 		.ascii	"\203\016\336\325\356\3441\022U\215u\232\303D\302\001"
 131      EEE43112 
 131      558D759A 
 131      C344C201 
 132 0273 114AE2B4 		.ascii	"\021J\342\264 \321\260\255\266\030L$\032\031\011\214"
 132      20D1B0AD 
 132      B6184C24 
 132      1A19098C 
 133 0283 16343112 		.ascii	"\02641\022\317\253\237\325\273u\022\004\316p\012u\203"
 133      CFAB9FD5 
 133      BB751204 
 133      CE700A75 
 133      83
 134 0294 3D9C4285 		.ascii	"=\234B\205\0141\013\315\372\317u\002\202\234e\016\010"
 134      0C310BCD 
 134      FACF7502 
 134      829C650E 
 134      08
 135 02a5 3A688600 		.ascii	":h\206\000\305*xY\004\034\211p\260\332\263-E\012z\264"
 135      C52A7859 
 135      041C8970 
 135      B0DAB32D 
 135      450A7AB4 
 136 02b9 00C0EFDC 		.ascii	"\000\300\357\334\337\325\365 \026\034\207\253\026\303"
 136      DFD5F520 
 136      161C87AB 
 136      16C3
 137 02c7 552B042A 		.ascii	"U+\004*X+$\313\022\335\224<\232u\203\267{\355\334\267"
 137      582B24CB 
 137      12DD943C 
 137      9A7583B7 
 137      7BEDDCB7 
 138 02db FCBFA185 		.ascii	"\374\277\241\205Pm\006x;_\307\233\2426+\007\263p\274"
 138      506D0678 
 138      3B5FC79B 
 138      A2362B07 
 138      B370BC
 139 02ee E6E88B88 		.ascii	"\346\350\213\210\227/\204\3009\212\323\013\301\233g"
 139      972F84C0 
 139      398AD30B 
 139      C19B67
 140 02fd CE8BD562 		.ascii	"\316\213\325blj\206N\274r\363'$8/\366P\211\354\227h"
 140      6C6A864E 
 140      BC72F327 
 140      24382FF6 
 140      5089EC97 
 141 0312 398110CD 		.ascii	"9\201\020\315B=\357\352\006\207\366\010\246\326\370"
 141      423DEFEA 
 141      0687F608 
 141      A6D6F8
 142 0321 44B8C078 		.ascii	"D\270\300x\262\235\337\241\363\024\014\004\330\251\347"
 142      B29DDFA1 
ARM GAS  C:\Users\Pasquale\AppData\Local\Temp\ccnoZM0F.s 			page 11


 142      F3140C04 
 142      D8A9E7
 143 0330 85DF700E 		.ascii	"\205\337p\016o\242\321\250\027.NC\362K\206\267N\224"
 143      6FA2D1A8 
 143      172E4E43 
 143      F24B86B7 
 143      4E94
 144 0342 DCC624B7 		.ascii	"\334\306$\267\232%\037n\026\013\261\307+\371e\003\374"
 144      9A251F6E 
 144      160BB1C7 
 144      2BF96503 
 144      FC
 145 0353 8ABE942E 		.ascii	"\212\276\224.!\271\302\361^\017\224w\001_\214\013\256"
 145      21B9C2F1 
 145      5E0F9477 
 145      015F8C0B 
 145      AE
 146 0364 72C9BB27 		.ascii	"r\311\273'%WL\032\247\011\215m&\215_\3519\355\210o\325"
 146      25574C1A 
 146      A7098D6D 
 146      268D5FE9 
 146      39ED886F 
 147 0379 D78C5CB8 		.ascii	"\327\214\\\270\036\243\261\312\301j\332\012[\004\257"
 147      1EA3B1CA 
 147      C16ADA0A 
 147      5B04AF
 148 0388 57007F4C 		.ascii	"W\000\177LC\341\033\206\257.TX\345\025a\214\247G\334"
 148      43E11B86 
 148      AF2E5458 
 148      E515618C 
 148      A747DC
 149 039b 45E7A6A1 		.ascii	"E\347\246\241i7\333\357\223\005\305NS\362\226\276\333"
 149      6937DBEF 
 149      9305C54E 
 149      53F296BE 
 149      DB
 150 03ac 7F281641 		.ascii	"\177(\026As\306\307\266\207\301[\020\376v\314nwQ\260"
 150      73C6C7B6 
 150      87C15B10 
 150      FE76CC6E 
 150      7751B0
 151 03bf 696DEF3F 		.ascii	"im\357?\015\354;\250\204\213\345\232\335\234k\341\026"
 151      0DEC3BA8 
 151      848BE59A 
 151      DD9C6BE1 
 151      16
 152 03d0 41DB1D6F 		.ascii	"A\333\035o\256\375e\200\337\215\335\336\036\212\367"
 152      AEFD6580 
 152      DF8DDDDE 
 152      1E8AF7
 153 03df F67EF698 		.ascii	"\366~\366\230\222+U$\227b:8~)V\247\024\241{\214\011"
 153      922B5524 
 153      97623A38 
 153      7E2956A7 
 153      14A17B8C 
 154 03f4 5E0EE03E 		.ascii	"^\016\340>\213P\373\236\236\037EE.\253*\\\010\275z\220"
 154      8B50FB9E 
ARM GAS  C:\Users\Pasquale\AppData\Local\Temp\ccnoZM0F.s 			page 12


 154      9E1F4545 
 154      2EAB2A5C 
 154      08BD7A90 
 155 0408 F6F78BF4 		.ascii	"\366\367\213\364\365\306'd\237\221R\3751A\362q\260\316"
 155      F5C62764 
 155      9F9152FD 
 155      3141F271 
 155      B0CE
 156 041a DEB18B0E 		.ascii	"\336\261\213\016\236\276\024N\201\201i\204m\320\360"
 156      9EBE144E 
 156      81816984 
 156      6DD0F0
 157 0429 F600C3E6 		.ascii	"\366\000\303\346cas\230\303v\\\017[B\314\371\225\365"
 157      63617398 
 157      C3765C0F 
 157      5B42CCF9 
 157      95F5
 158 043b AEE3EB21 		.ascii	"\256\343\353!\003\307\252\003C\261aK\344x\335\355\307"
 158      03C7AA03 
 158      43B1614B 
 158      E478DDED 
 158      C7
 159 044c AFDAF5B5 		.ascii	"\257\332\365\265\000\014\307\3061\321\024\307\024\026"
 159      000CC7C6 
 159      31D114C7 
 159      1416
 160 045a C7123991 		.ascii	"\307\0229\221\306\221\206S5\223\274\321/H&\305\233["
 160      C6918653 
 160      3593BCD1 
 160      2F4826C5 
 160      9B5B
 161 046c 8F0C0546 		.ascii	"\217\014\005FbI&s\274s\321\322\021\353\244\340>x\034"
 161      62492673 
 161      BC73D1D2 
 161      11EBA4E0 
 161      3E781C
 162 047f CB32D9C4 		.ascii	"\3132\331\3042Yd\233\323\224m\245\325S\253\007O\214"
 162      3259649B 
 162      D3946DA5 
 162      D553AB07 
 162      4F8C
 163 0491 7AF037CB 		.ascii	"z\3607\313\266\332\221]\232*\316\377\312\312\2632<\245"
 163      B6DA915D 
 163      9A2ACEFF 
 163      CACAB332 
 163      3CA5
 164 04a3 6FF6417E 		.ascii	"o\366A~\345\336=\231\354bG\357y\346\262A\357\0160\252"
 164      E5DE3D99 
 164      EC6247EF 
 164      79E6B241 
 164      EF0E30AA 
 165 04b7 A7C7811D 		.ascii	"\247\307\201\035\325\200\017\305\322X\"\275\213\307"
 165      D5800FC5 
 165      D25822BD 
 165      8BC7
 166 04c5 33C6036F 		.ascii	"3\306\003o\302\360\234\361\010\205w\354\023\016dx\241"
 166      C2F09CF1 
ARM GAS  C:\Users\Pasquale\AppData\Local\Temp\ccnoZM0F.s 			page 13


 166      088577EC 
 166      130E6478 
 166      A1
 167 04d6 A7FC509B 		.ascii	"\247\374P\233\010B\212\231\203\312\356B\353\013\032"
 167      08428A99 
 167      83CAEE42 
 167      EB0B1A
 168 04e5 7F557857 		.ascii	"\177UxW\213\224i\036:\3245\034<\3544\302\344\244\305"
 168      8B94691E 
 168      3AD4351C 
 168      3CEC34C2 
 168      E4A4C5
 169 04f8 38035E0A 		.ascii	"8\003^\012\012uC\325\307l&\012c\214\202\202\024^\323"
 169      0A7543D5 
 169      C76C260A 
 169      638C8282 
 169      145ED3
 170 050b 3031F917 		.ascii	"01\371\027\030\336:7\266^\020\333psk\036\275\032\275"
 170      18DE3A37 
 170      B65E10DB 
 170      70736B1E 
 170      BD1ABD
 171 051e 110109D1 		.ascii	"\021\001\011\321J4!\2134i\373\204\277\221j\346\347b"
 171      4A34218B 
 171      3469FB84 
 171      BF916AE6 
 171      E762
 172 0530 FCF24E9C 		.ascii	"\374\362N\234,\267\362\256v\263\200\361{\3209z\311j"
 172      2CB7F2AE 
 172      76B380F1 
 172      7BD0397A 
 172      C96A
 173 0542 F073C304 		.ascii	"\360s\303\004\3457.\370\025m*\035\227)\277r\306\317"
 173      E5372EF8 
 173      156D2A1D 
 173      9729BF72 
 173      C6CF
 174 0554 0351C60F 		.ascii	"\003Q\306\017\377#\200F\004\277Q\213\341.2\276\353("
 174      FF238046 
 174      04BF518B 
 174      E12E32BE 
 174      EB28
 175 0566 BBD27BA0 		.ascii	"\273\322{\2401x\272\304\002yD'\350\226\016\200\236)"
 175      3178BAC4 
 175      02794427 
 175      E8960E80 
 175      9E29
 176 0578 C3A1B72E 		.ascii	"\303\241\267.\264^\306o\340P\313\230\233w\265\227\374"
 176      B45EC66F 
 176      E050CB98 
 176      9B77B597 
 176      FC
 177 0589 427BF9E7 		.ascii	"B{\371\347\252FE\017\342\2274\210>( \031\220O8\303\350"
 177      AA46450F 
 177      E2973488 
 177      3E282019 
 177      904F38C3 
ARM GAS  C:\Users\Pasquale\AppData\Local\Temp\ccnoZM0F.s 			page 14


 178 059e BDB123E6 		.ascii	"\275\261#\346\335\030$\310\020\377\274@!\301 \036<\274"
 178      DD1824C8 
 178      10FFBC40 
 178      21C1201E 
 178      3CBC
 179 05b0 7FA78D6B 		.ascii	"\177\247\215k\226O\240\210\361\011\311\036\251F\325"
 179      964FA088 
 179      F109C91E 
 179      A946D5
 180 05bf D98C4CB2 		.ascii	"\331\214L\262\211\323W\261\341\253\204\371\012\367<"
 180      89D357B1 
 180      E1AB84F9 
 180      0AF73C
 181 05ce ED90852F 		.ascii	"\355\220\205/\017\204\204/\257\351\270/\331'\222'-\276"
 181      0F84842F 
 181      AFE9B82F 
 181      D9279227 
 181      2DBE
 182 05e0 0AB69E4C 		.ascii	"\012\266\236L\356\221\015\344\337\365\322O\301\330\321"
 182      EE910DE4 
 182      DFF5D24F 
 182      C1D8D1
 183 05ef 30D5EA58 		.ascii	"0\325\352Xj`\177Khu\3643\326>s\341\011\235\023\264g"
 183      6A607F4B 
 183      6875F433 
 183      D63E73E1 
 183      099D13B4 
 184 0604 C45B7836 		.ascii	"\304[x6\032\340\233H\314\005*\235\342\275}cJ\247(\025"
 184      1AE09B48 
 184      CC052A9D 
 184      E2BD7D63 
 184      4AA72815 
 185 0618 F5A3EDA2 		.ascii	"\365\243\355\242\026)PF\364\252\223$\252N\202I\321\355"
 185      16295046 
 185      F4AA9324 
 185      AA4E8249 
 185      D1ED
 186 062a 2BF86B33 		.ascii	"+\370k3\343[\364f\306\313\211\274\276\213\0214\203\202"
 186      E35BF466 
 186      C6CB89BC 
 186      BE8B1134 
 186      8382
 187 063c B11A3D55 		.ascii	"\261\032=UA\2777\260\313QP^8\034\034}V|X[\030\026\336"
 187      41BF37B0 
 187      CB51505E 
 187      381C1C7D 
 187      567C585B 
 188 0653 33606B0C 		.ascii	"3`k\014\317L\0126-\236\333\014\354\355\3103\323\314"
 188      CF4C0A36 
 188      2D9EDB0C 
 188      ECEDC833 
 188      D3CC
 189 0665 333BDE48 		.ascii	"3;\336H\3570\320*(\323G\264^\367\357\007\376w\234E\017"
 189      EF30D02A 
 189      28D347B4 
 189      5EF7EF07 
 189      FE779C45 
ARM GAS  C:\Users\Pasquale\AppData\Local\Temp\ccnoZM0F.s 			page 15


 190 067a 68D4E809 		.ascii	"h\324\350\011\264p\356\334\000\375\346.[\276d\371\252"
 190      B470EEDC 
 190      00FDE62E 
 190      5BBE64F9 
 190      AA
 191 068b 35D9EF67 		.ascii	"5\331\357g\007V\255\011,\373le\340\253U\253\277^\023"
 191      0756AD09 
 191      2CFB6C65 
 191      E0AB55AB 
 191      BF5E13
 192 069e F878F147 		.ascii	"\370x\361G\363\347q\273h\301\332\2658\363\351\312\225"
 192      F3E771BB 
 192      68C1DAB5 
 192      38F3E9CA 
 192      95
 193 06af 4BE7E64A 		.ascii	"K\347\346J\366\245\271+r?\377b\365?\265\216zy"
 193      F6A5B92B 
 193      723FFF62 
 193      F53FB58E 
 193      7A79
 194              		.text
 195              		.section	.gnu.lto_.symbol_nodes.ed1f945f,"",%progbits
 196 0000 789C6363 		.ascii	"x\234cc``H\004b\006\246SL\365\014\014\023\31610\000"
 196      60604804 
 196      6206A653 
 196      4CF50C0C 
 196      13CE3130 
 197 0015 A95D0D8E 		.ascii	"\251]\015\216@\221\323L\365\214(\"\254'\230\030\032"
 197      4091D34C 
 197      F58C2822 
 197      AC279818 
 197      1A
 198 0026 95808A19 		.ascii	"\225\200\212\031\3172\3253\201\245\030\030\032\032\034"
 198      CF32D533 
 198      81A51818 
 198      1A1A1C
 199 0035 80026798 		.ascii	"\200\002g\230\352\231\221\005\230\031X\030\236L{#\317"
 199      EA999105 
 199      98195818 
 199      9E4C7B23 
 199      CF
 200 0046 0C64B54C 		.ascii	"\014d\265L\177#\317\000\000\232\202\027\274"
 200      7F23CF00 
 200      009A8217 
 200      BC
 201              		.text
 202              		.section	.gnu.lto_.refs.ed1f945f,"",%progbits
 203 0000 789C6363 		.ascii	"x\234cc```\004b\006\000\000D\000\010"
 203      60606004 
 203      62060000 
 203      440008
 204              		.text
 205              		.section	.gnu.lto_.decls.ed1f945f,"",%progbits
 206 0000 789CCD59 		.ascii	"x\234\315Y}PT\331\225\357\373nC\323\200`\320\312NmQ"
 206      7D5054D9 
 206      95EFFB6E 
 206      43D38060 
ARM GAS  C:\Users\Pasquale\AppData\Local\Temp\ccnoZM0F.s 			page 16


 206      D0CA4E6D 
 207 0015 5BAC3119 		.ascii	"[\2541\031R\251\001A\223q\263\331\255\301F\0066\232"
 207      52A90141 
 207      9371B3D9 
 207      ADC14606 
 207      369A
 208 0027 A11A275B 		.ascii	"\241\032'[\311\222!\0160;l\004&\202\211\326\376\323"
 208      C992210E 
 208      303B6C04 
 208      268289D6 
 208      FED3
 209 0039 7C238882 		.ascii	"|#\210\202\202\037(\202\300\250\014\250\030ET@Z@\006"
 209      821F2882 
 209      C0A80CA8 
 209      18455440 
 209      5A4006
 210 004c 184506BF 		.ascii	"\030E\006\277@\276\221/\005\345k\374\002F\366\334{\337"
 210      40BE912F 
 210      05E56BFC 
 210      0246F6DC 
 210      7BDF
 211 005e E3DD7EDD 		.ascii	"\343\335~\335\030\223J\245\266\213\363\336;\367\376"
 211      18934AA5 
 211      B68BF3DE 
 211      3BF7FE
 212 006d DE39E79E 		.ascii	"\3369\347\236s\356\307yX\253T*W\027\225*S\255Rm@*\325"
 212      73EEC779 
 212      58AB542A 
 212      5717952A 
 212      53AD526D 
 213 0084 3CFC30B4 		.ascii	"<\3740\264]U\311?\350RU\000U\001U\213}\000U5\253L\177"
 213      5D55C93F 
 213      E8525500 
 213      5501558B 
 213      7D005535 
 214 009b 7F84462D 		.ascii	"\177\204F-\334\177\013\3646\320;\300\377\010\350\016"
 214      DC7F0BF4 
 214      36D03BC0 
 214      FF08E80E 
 215 00ab 3CFF18EE 		.ascii	"<\377\030\356\253\201~\002tY\305p\266\360\374O@K\201"
 215      AB817E02 
 215      7459C570 
 215      B6F0FC4F 
 215      404B81
 216 00be 1C807E00 		.ascii	"\034\200~\000\364\317@n@\316@\036H\326\275\0261\275"
 216      F4CF406E 
 216      40CE401E 
 216      48D6BD16 
 216      31BD
 217 00d0 D52AF3DF 		.ascii	"\325*\363\337\377B\337wD\275N@\313\201\232^c\203\017"
 217      FF42DF77 
 217      44BD4E40 
 217      CB819A5E 
 217      63830F
 218 00e3 90375006 		.ascii	"\2207P\006\320\036\304\306}\034\250\020h\211\212\331"
 218      D01EC4C6 
 218      7D1CA810 
ARM GAS  C:\Users\Pasquale\AppData\Local\Temp\ccnoZM0F.s 			page 17


 218      68898AD9 
 219 00f3 416C580E 		.ascii	"AlX\016\344\002\364C {\321\236\357\000\375\033\320N"
 219      E402F443 
 219      207BD19E 
 219      EF00FD1B 
 219      D04E
 220 0105 A07C2047 		.ascii	"\240| G\240\357!\346\217*\013\266ebt\371jU\265]\017"
 220      A0EF21E6 
 220      8F2A0BB6 
 220      656274F9 
 220      6A55B55D 
 221 011a EA4202C0 		.ascii	"\352B\002\300\226\322V\204\330\025\356\204(?/\375\020"
 221      96D25684 
 221      D815EE84 
 221      283F2FFD 
 221      10
 222 012b 6B875681 		.ascii	"k\207V\201\335D(a\244W\320B\213 \312\020$\271\364O\024"
 222      DD442861 
 222      A457D042 
 222      8B20CA10 
 222      24B9F44F 
 223 0140 8078A9AC 		.ascii	"\200x\251\254\237\251\223~,\222\354\201{\2175\011\262"
 223      9FA9937E 
 223      2C92EC81 
 223      7B8F3509 
 223      B2
 224 0151 32EE1533 		.ascii	"2\356\0253[U\013\335\013F\311\203D\242\023\356\214\355"
 224      5B550BDD 
 224      0B46C983 
 224      44A213EE 
 224      8CED
 225 0163 3A6DDF8B 		.ascii	":m\337\213\272\241\367W*U\272M8\"\255\207\216\356)\305"
 225      BAA1F757 
 225      2A55BA4D 
 225      3822AD87 
 225      8EEE29C5 
 226 0177 58A0CFDD 		.ascii	"X\240\317\335\247\372&\034\261#}\316\255\271\332f\343"
 226      A7FA261C 
 226      B1237DCE 
 226      ADB9DA66 
 226      E3
 227 0188 5662603F 		.ascii	"Vb`?\233=X\205. ,9\364\332\374s\243c*FN\266H\000\266"
 227      9B3D5885 
 227      2E202C39 
 227      F4DAFC73 
 227      A3632A46 
 228 01a1 75E27A8E 		.ascii	"u\342z\216\035\260\313m\321R`Kv\315gZ\275\265\237\274"
 228      1DB0CB6D 
 228      D152604B 
 228      76CD675A 
 228      BDB59FBC 
 229 01b5 981E6758 		.ascii	"\230\036gX*\240\337~\027]B\316\350\"r\006s.\243\267"
 229      2AA0DF7E 
 229      175D42CE 
 229      E8227206 
 229      732EA3B7 
 230 01c9 E01AA166 		.ascii	"\340\032\241f\222R\213Z.\330\255\3103\344\365\032\214"
ARM GAS  C:\Users\Pasquale\AppData\Local\Temp\ccnoZM0F.s 			page 18


 230      92528B5A 
 230      2ED8ADC8 
 230      33E4F51A 
 230      8C
 231 01da 5F66BB1E 		.ascii	"_f\273\036\275\236hh\201\367\336\2438T\2060*Gnd\024"
 231      BD9E6868 
 231      81F7DEA3 
 231      38548630 
 231      2A476E64 
 232 01ef 65443B3A 		.ascii	"eD;:\217z\021:\207z`\020\025h\005\274o\030\251\350t"
 232      8F7A113A 
 232      877A6010 
 232      156805BC 
 232      6F18A9E8 
 233 0204 C43B1135 		.ascii	"\304;\0215:\361\376\370\013\215(\254\365G\331\006c,"
 233      3AF1FEF8 
 233      0B8D28AC 
 233      F547D906 
 233      632C
 234 0216 8812A8A4 		.ascii	"\210\022\250\244JYR\245RR\025\225\224::\263\007\341"
 234      4A5952A5 
 234      52521595 
 234      943A3AB3 
 234      07E1
 235 0228 6C2629A6 		.ascii	"l&)\246\262\242\316\032$\365\032\014\306{%\256\215\245"
 235      B2A2CE1A 
 235      24F51A0C 
 235      C67B25AE 
 235      8DA5
 236 023a 2386645B 		.ascii	"#\206d[f\323\025Y\322\025\321#\250\232Jh\034\256\351"
 236      66D31559 
 236      D215D123 
 236      A89A4A68 
 236      1CAEE9
 237 024d C6B88B49 		.ascii	"\306\270\213I(\216\3355\260D\2240Z\271\366\213\332D"
 237      288EDD35 
 237      B0449430 
 237      5AB9F68B 
 237      DA44
 238 025f A33F1360 		.ascii	"\243?\023`\224\005\030%\001W\251\200\256\206\242b\014"
 238      94051825 
 238      0157A980 
 238      AE86A262 
 238      0C
 239 0270 7E7CDB16 		.ascii	"~|\333\026\221\320:B\323\231\261K/\227\260&\"\265u\317"
 239      91D03A42 
 239      D399B14B 
 239      2F97B026 
 239      22B575CF 
 240 0284 54A106E7 		.ascii	"T\241\006\347\261x}\035_z\004\263(\250\201\235\274\221"
 240      B1787D1D 
 240      5F7A04B3 
 240      28A8819D 
 240      BC91
 241 0296 FDC08145 		.ascii	"\375\300\201E\301%\023\013=\355\263\235\016\310\326"
 241      C125130B 
 241      3DEDB39D 
ARM GAS  C:\Users\Pasquale\AppData\Local\Temp\ccnoZM0F.s 			page 19


 241      0EC8D6
 242 02a5 35D96088 		.ascii	"5\331`\2105\344\305\031\264\276*T\017Q\270\006Q@\015"
 242      35E4C519 
 242      B4BE2A54 
 242      0F51B806 
 242      51400D
 243 02b8 C8958824 		.ascii	"\310\225\210$f\240Zh\254\201\306\343$`\306\236\033\377"
 243      66A05A68 
 243      AC81C6E3 
 243      2460C69E 
 243      1BFF
 244 02ca 7E68CA60 		.ascii	"~h\312`pA_\"[T'\233\372\266-\013XQaF\2765\336\213\211"
 244      70415F22 
 244      5B54279B 
 244      FAB62D0B 
 244      58516146 
 245 02e3 0542C5E1 		.ascii	"\005B\305\341\301k\302b:\276Z\\\307\350\212\372\004"
 245      C16BC262 
 245      3ABE5A5C 
 245      C7E88AFA 
 245      04
 246 02f4 129926D0 		.ascii	"\022\231&\320\321(\353\000\225L\311\360\276\227\257"
 246      D128EB00 
 246      954CC9F0 
 246      BE97AF
 247 0303 D43014D2 		.ascii	"\3240\024\322o\230It\205\246\322\302\301\357\341\347"
 247      6F984974 
 247      85A6D2C2 
 247      C1EFE1E7 
 248 0313 542DDA7D 		.ascii	"T-\332}\362f\247\365\367\013\014y5$i~VX\233hHG\024|"
 248      F266A7F5 
 248      F70B0C79 
 248      3524697E 
 248      56589B68 
 249 032b 83095B30 		.ascii	"\203\011[0BE[\256\023s\232\321\367In\336\370\262S\364"
 249      42455BAE 
 249      13739AD1 
 249      F7496EDE 
 249      F8B253F4 
 250 033f 5932027E 		.ascii	"Y2\002~\356\344\320wq\222\232\212\315\230\230\332gm"
 250      EEE4D077 
 250      71929A8A 
 250      CD9898DA 
 250      676D
 251 0351 9B4C4CA4 		.ascii	"\233LL\244c! Y\320\327\3048\344\356\014\177\004\374"
 251      63212059 
 251      D0D7C438 
 251      E4EE0C7F 
 251      04FC
 252 0363 B4B024C0 		.ascii	"\264\260$\300)]\304\276\247\246\332ep+r\222^!\340\013"
 252      295DC4BE 
 252      A7A6DA65 
 252      702B7292 
 252      5E21E00B 
 253 0377 438DF5B6 		.ascii	"C\215\365\266L\253\201h-\274\330;\207p\006S{\260\365"
 253      4CAB8168 
 253      2DBCD83B 
ARM GAS  C:\Users\Pasquale\AppData\Local\Temp\ccnoZM0F.s 			page 20


 253      87700653 
 253      7BB0F5
 254 038a EC7AA235 		.ascii	"\354z\2425\356\215<\010/\030\353w=F\370\010{;\271/\351"
 254      EE8D3C08 
 254      2F18EB77 
 254      3D46F808 
 254      7B3BB92F 
 255 039f 9628FA05 		.ascii	"\226(\372\005\341\263+\276i\262b\274\015\260\345O\212"
 255      E1B32BBE 
 255      69B262BC 
 255      0DB0E54F 
 255      8A
 256 03b0 CB97B0A4 		.ascii	"\313\227\260\2440\222\356\371\232\347mKp\376\233\014"
 256      3092EEF9 
 256      9AE76D4B 
 256      70FE9B0C 
 257 03c0 B8431AF0 		.ascii	"\270C\032\360*\252\265\274\254`\334\206\215\030.\342"
 257      2AAAB5BC 
 257      AC60DC86 
 257      8D182EE2 
 258 03d0 88DB01DD 		.ascii	"\210\333\001\335F\321\235t\304\035\322\210\347\037\266"
 258      46D19D74 
 258      C41DD288 
 258      E71FB6
 259 03df 17689919 		.ascii	"\027h\231\031\023\204?p\251\177\302\001\227\210zk\237"
 259      13843F70 
 259      A97FC201 
 259      97887A6B 
 259      9F
 260 03f0 4EDBE152 		.ascii	"N\333\341R\306t\346g~\256f\310\021\302\347\314\315\305"
 260      C674E667 
 260      7EAE66C8 
 260      11C2E7CC 
 260      CDC5
 261 0402 AB7119EB 		.ascii	"\253q\031\353\214\255h\317\020\027\232^\232\377\261"
 261      8CAD68CF 
 261      10179A5E 
 261      9AFFB1
 262 0411 FB0AAD71 		.ascii	"\373\012\255q5\353\234}rb\302\03272\246\274/\253ZT\330"
 262      35EB9C7D 
 262      7262C21A 
 262      3732A6BC 
 262      2FAB5A54 
 263 0426 46F8DAE9 		.ascii	"F\370\332\351#\223\366\370\026\353L(\274\275K\203\273"
 263      2393F6F8 
 263      16EB4C28 
 263      BCBD4B83 
 263      BB
 264 0437 18736BE8 		.ascii	"\030sk\350X\274=C\266\020~\272#\255\336\036\017\263"
 264      58BC3D43 
 264      B6107EBA 
 264      23ADDE1E 
 264      0FB3
 265 0449 CEBA8607 		.ascii	"\316\272\206\007\267l\360$cR\257\225\325\213\311\322"
 265      B76CF024 
 265      6352AF95 
 265      D58BC9D2 
ARM GAS  C:\Users\Pasquale\AppData\Local\Temp\ccnoZM0F.s 			page 21


 266 0459 40578591 		.ascii	"@W\205\221\322$\214gE\205\242g\235D\317N\266\324\246"
 266      D2248C67 
 266      4585A267 
 266      9D44CF4E 
 266      B6D4A6
 267 046c 68718215 		.ascii	"hq\202\025\355\274\261so\226\200\323\030sr\350\310n"
 267      EDBCB173 
 267      6F9680D3 
 267      187372E8 
 267      C86E
 268 047e 51E15AE2 		.ascii	"Q\341Z\342\232\303\0239\3668\213\365U\026$\024\331\340"
 268      9AC31339 
 268      F6388BF5 
 268      55162414 
 268      D9E0
 269 0490 5CC65494 		.ascii	"\\\306T\224W\326\213\261[\005l|sZ\247=>\301\372N\217"
 269      57D68BB1 
 269      5B056C7C 
 269      735AA73D 
 269      3EC1FA4E 
 270 04a5 241935F8 		.ascii	"$\0315\370\014c\016Ow=\024\007K\346F\345\215\227%\016"
 270      0C630E4F 
 270      773D1407 
 270      4BE646E5 
 270      8D97250E 
 271 04b9 B89CF549 		.ascii	"\270\234\365I\313\200\023]\006PeG\231;\276\312\272\216"
 271      CB80135D 
 271      06506547 
 271      993BBECA 
 271      BA8E
 272 04cb 8D5CDAE7 		.ascii	"\215\\\332\347\210\233\030\363$~\260\327\216\341\336"
 272      889B18F3 
 272      247EB0D7 
 272      8EE1DE
 273 04da 02B6AF6B 		.ascii	"\002\266\257k8\305\001\337b}\211\325YUZ\334\305\030"
 273      38C501DF 
 273      627D89D5 
 273      59555ADC 
 273      C518
 274 04ec 69757762 		.ascii	"iuwb\253{]o7\302C\254k4\305\330.\340q\306\024]J\353"
 274      AB7B5D6F 
 274      37C243AC 
 274      6B34C5D8 
 274      2EE071C6 
 275 0504 B3C22F18 		.ascii	"\263\302/\030\363\240<\376\231\032\3171\246x\356h\213"
 275      F3A03CFE 
 275      991ACF31 
 275      A678EE68 
 275      8B
 276 0515 16C75853 		.ascii	"\026\307XS\246\345r\357\240\003\336\311\230\351\272"
 276      A6E572EF 
 276      A003DEC9 
 276      98E9BA
 277 0524 93D3627C 		.ascii	"\223\323b|\323\311\304hJ>\274\212e\253A\013\354\361"
 277      D3C9C468 
 277      4A3EBC8A 
 277      65AB410B 
ARM GAS  C:\Users\Pasquale\AppData\Local\Temp\ccnoZM0F.s 			page 22


 277      ECF1
 278 0536 5BD993D6 		.ascii	"[\331\223\326x\027\305\256H\351\035=/\240\225+W.[i\361"
 278      7817C5AE 
 278      48E91D3D 
 278      2FA0952B 
 278      572E5B69 
 279 054b E72ADEF3 		.ascii	"\347*\336\363\015\361q\006\343p\023~Q\234\222\006k\004"
 279      0DF17106 
 279      E370137E 
 279      519C9206 
 279      6B04
 280 055d 42772053 		.ascii	"Bw S\207a\035H\025\226\311\223k\220\246\255\007\\T\371"
 280      87611D48 
 280      1596C993 
 280      6B90A6AD 
 280      075C54F9 
 281 0571 64F932DE 		.ascii	"d\3712\336\377\015\354\030\361l\321\231S\242g)\272\036"
 281      FF0DEC18 
 281      F16CD199 
 281      53A26729 
 281      BA1E
 282 0583 31385150 		.ascii	"18QP#\302\211p\203\240\200\277\222\205g\2103\306\200"
 282      23C28970 
 282      83A080BF 
 282      92856788 
 282      33C680
 283 0596 D42A9428 		.ascii	"\324*\224(8\243\004\201\364\0218Y\251\362\005W\224)"
 283      38A30481 
 283      F4113859 
 283      A9F20557 
 283      9429
 284 05a8 AC44BB80 		.ascii	"\254D\273\200\362\200\016\000\245\000\035\005:\010\264"
 284      F2800E00 
 284      A5001D05 
 284      3A08B4
 285 05b7 13281D68 		.ascii	"\023(\035h7\320~\240\317\201\016\001\035\006\312\002"
 285      37D07EA0 
 285      CF810E01 
 285      1D06CA02 
 286 05c7 3A0EB407 		.ascii	":\016\264\007h/P\016\320I\240d\240\\\240c@\005@i@G\200"
 286      682F500E 
 286      D049A064 
 286      A05CA063 
 286      40054069 
 287 05de 8A80F601 		.ascii	"\212\200\366\001\235\000*\004\312\006\312\020V\322-"
 287      9D002A04 
 287      CA06CA10 
 287      56D22D
 288 05ed 880DEA51 		.ascii	"\210\015\352Q\240<\2508\345\240\334y\027\220u\274?("
 288      A03CA838 
 288      E5A0DC79 
 288      179075BC 
 288      3F28
 289 05ff 86A261EE 		.ascii	"\206\242a\356\243>\321c\322\212\000\333+\347_*\233s"
 289      A33ED163 
 289      D28A00DB 
 289      2BE75F2A 
ARM GAS  C:\Users\Pasquale\AppData\Local\Temp\ccnoZM0F.s 			page 23


 289      9B73
 290 0611 D84BA57F 		.ascii	"\330K\245\177_\230\371\267\377#\031\376D\011\177l\016"
 290      5F98F9B7 
 290      FF2319FE 
 290      44097F6C 
 290      0E
 291 0622 E7A4CF58 		.ascii	"\347\244\317X\226\316\331r\377S\031\235\244\034\347"
 291      96CED972 
 291      FF53199D 
 291      A41CE7
 292 0631 4DA41CE8 		.ascii	"M\244\034\350\243\217\344\201\216)\007:j\222H\200\236"
 292      A38FE481 
 292      8E29073A 
 292      6A924880 
 292      9E
 293 0642 E1DC725F 		.ascii	"\341\334r_\211\276\2474\245\237sy\274E\227s9\332\372"
 293      89BEA734 
 293      A59F7379 
 293      BC459773 
 293      39DAFA
 294 0655 919CA393 		.ascii	"\221\234\243\223\312QN\230\331=\365\033\331\222\347"
 294      CA514E98 
 294      D93DF51B 
 294      D992E7
 295 0664 4A4B9E29 		.ascii	"JK\236)-\231\341,\211QZ\322f\346\361V\316\343\337Z\236"
 295      2D99E12C 
 295      89515AD2 
 295      66E6F156 
 295      CEE3DF5A 
 296 0679 2F9CF01A 		.ascii	"/\234\360\032.\234\337(\321\323f\226\267\212\001\202"
 296      2E9CDF28 
 296      D1D36696 
 296      B78A0182 
 297 0689 8D14B528 		.ascii	"\215\024\265(\3417\225\302\2338\341S\226\335\302'b\220"
 297      E13795C2 
 297      9B38E153 
 297      96DDC227 
 297      6290
 298 069b 8CEE51A2 		.ascii	"\214\356Q\242\273\224\350)N\366#%z\304\314\022\316)"
 298      BB94E829 
 298      4EF62325 
 298      7AC4CC12 
 298      CE29
 299 06ad F34AF42B 		.ascii	"\363J\364+\323aB<\233\202\344x\016Y^\241x\227Oq\021"
 299      D361423C 
 299      9B82E478 
 299      0E595EA1 
 299      78974F71 
 300 06c2 8AB51C21 		.ascii	"\212\265\034!\316\226Vn\234\003J\341\3752\232\035\312"
 300      CE96566E 
 300      9C034AE1 
 300      FD329A1D 
 300      CA
 301 06d3 EE763AC5 		.ascii	"\356v:\305\300\"EP*\361@&\257\013\335=N\371q\206\206"
 301      C0224550 
 301      2AF14026 
 301      AF0BDD3D 
ARM GAS  C:\Users\Pasquale\AppData\Local\Temp\ccnoZM0F.s 			page 24


 301      4EF97186 
 302 06e8 5554D603 		.ascii	"UT\326\003\313\262xC\233\270\371u[\011\277e\006\237"
 302      CBB27843 
 302      9BB8F975 
 302      5B09BF65 
 302      069F
 303 06fa E1BCF6D4 		.ascii	"\341\274\366\324rr\360\223\227\213\310\270\345\225\201"
 303      7272F093 
 303      978BC8B8 
 303      E59581
 304 0709 4F3CCE94 		.ascii	"O<\316\224\273\226M\341\347\000'\373\241\345h\233\004"
 304      BB964DE1 
 304      E70027FB 
 304      A1E5689B 
 304      04
 305 071a 847371B7 		.ascii	"\204sq\267\345Tbprb,)\351\262\3037\351f&\314\346V\235"
 305      E5546270 
 305      72622C29 
 305      E9B2C337 
 305      E96626CC 
 306 0731 B241CB5C 		.ascii	"\262A\313\\-\356\016\250\0046\205\377o\033\004\313\222"
 306      2DEE0EA8 
 306      043685FF 
 306      6F1B04CB 
 306      92
 307 0742 A1116B28 		.ascii	"\241\021k(\007Q1\030\367\205\260pp'9C\307\370,\267\357"
 307      07513118 
 307      F785B070 
 307      70273943 
 307      C7F82CB7 
 308 0757 82957DCA 		.ascii	"\202\225}\312B9@\201\362\221\362\224`O\313\035\270g"
 308      42394081 
 308      F291F294 
 308      604FCB1D 
 308      B867
 309 0769 62756749 		.ascii	"bugI\322\2505Z\271\314U\334\262\357vpIF\226\3023\226"
 309      D2A8355A 
 309      B9CC55DC 
 309      B2EF7670 
 309      494696C2 
 310 077f 9742139F 		.ascii	"\227B\023\237\311'\3203\242\303J\301a\247\301\360\263"
 310      C927D033 
 310      A2C34AC1 
 310      61A7C1F0 
 310      B3
 311 0790 2686D777 		.ascii	"&\206\327w\260\364>c1\275y\315$\216\346\232\027\302"
 311      B0F43E63 
 311      31BD79CD 
 311      248EE69A 
 311      17C2
 312 07a2 98FDA7BA 		.ascii	"\230\375\247\272j\015\356`aL\253\230-E\3120.\254\260"
 312      6A0DEE60 
 312      614CAB98 
 312      2D45CA30 
 312      2EACB0
 313 07b5 E7C192D7 		.ascii	"\347\301\222\327[5\324A\335y\016@\177\222\335yFrgg["
 313      5B35D441 
ARM GAS  C:\Users\Pasquale\AppData\Local\Temp\ccnoZM0F.s 			page 25


 313      DD790E40 
 313      7F92DD79 
 313      46726767 
 314 07ca 6B13E6DD 		.ascii	"k\023\346\335y\316"
 314      79CE
 315 07d0 C49D65A2 		.ascii	"\304\235e\242;\313\210;Q\356\334\354!\007\036L\212M"
 315      3BCB883B 
 315      51EEDCEC 
 315      21071E4C 
 315      8A4D
 316 07e2 197C4104 		.ascii	"\031|A\004_\240\340\234\266\374+\002\036f\247\260\003"
 316      5FA0E09C 
 316      B6FC2B02 
 316      1E66A7B0 
 316      03
 317 07f3 19C753D4 		.ascii	"\031\307S\324P\253\032i\021\276\366n--\302\363\304\""
 317      50AB1A69 
 317      11BEF66E 
 317      2D2DC2F3 
 317      C422
 318 0805 BC5C360C 		.ascii	"\274\\6\014\036MK\347\213\002\251[_\266\356N\260\302"
 318      1E4D4BE7 
 318      8B02A95B 
 318      5FB6EE4E 
 318      B0C2
 319 0817 B11A2AAC 		.ascii	"\261\032*\254\266\253\264\324\006\357d\214T\370,\027"
 319      B6ABB4D4 
 319      06EF648C 
 319      54F82C17 
 320 0827 0B9F6F07 		.ascii	"\013\237o\007\252{\2658\235vZ\307O\355\215\323 zt[\266"
 320      AA7BB538 
 320      9D765AC7 
 320      4FED8DD3 
 320      207A745B 
 321 083c 7068AB3A 		.ascii	"ph\253:\301\035\332.\203\352\232\305\366C:\271\177&"
 321      C11DDA2E 
 321      83EA9AC5 
 321      F6433AB9 
 321      7F26
 322 084e CFBF4A25 		.ascii	"\317\277J%\330|\313\232\372W\323\275\326\\\266\311\252"
 322      D87CCB9A 
 322      FA57D3BD 
 322      D65CB6C9 
 322      AA
 323 085f C4A12F59 		.ascii	"\304\241/Y\026\316\255\237\335\025,\301jL\023\314$3"
 323      16CEAD9F 
 323      DD152CC1 
 323      6A4C13CC 
 323      2433
 324 0871 2A6082B3 		.ascii	"*`\202\263M\240FL\213\253\220\026U\220\026\325@F\240"
 324      4DA0464C 
 324      8BAB9016 
 324      559016D5 
 324      4046A0
 325 0884 2B627A90 		.ascii	"+bz\220\272p\340\333^\204\017P_\011\247\0176|a\247L"
 325      BA70E0DB 
 325      5E840F50 
ARM GAS  C:\Users\Pasquale\AppData\Local\Temp\ccnoZM0F.s 			page 26


 325      5F09A70F 
 325      367C61A7 
 326 0899 34491CBA 		.ascii	"4I\034\272\006R\376\234Dfes\245\232$\\\035\200k\345"
 326      0652FE9C 
 326      44666573 
 326      A59A245C 
 326      1D806BE5 
 327 08ad B8D64809 		.ascii	"\270\326H\011W\2313\237\240\345s\250\316$\341\352\305"
 327      5799339F 
 327      A0E573A8 
 327      CE24E1EA 
 327      C5
 328 08be 1CAAA739 		.ascii	"\034\252\247949\227S.V!\313Il{\322\3235,\326y$\326c"
 328      34399753 
 328      2E5621CB 
 328      496C7BD2 
 328      D3352CD6 
 329 08d6 0753E31C 		.ascii	"\007S\343\034\027\255.\033\005\261\272\274\306\212\332"
 329      17AD2E1B 
 329      05B1BABC 
 329      C68ADA
 330 08e5 DB5D83FB 		.ascii	"\333]\203\373\355\225\345e\003\014\360Kz\\n\022\234"
 330      ED95E565 
 330      030CF04B 
 330      7A5C6E12 
 330      9C
 331 08f6 A49708BA 		.ascii	"\244\227\010\272\254\365\3363->\316\222\254}\177\312"
 331      ACF5DE33 
 331      2D3ECE92 
 331      AC7D7FCA 
 332 0906 98955441 		.ascii	"\230\225TA'\277I\005]8tv\\\313+\273.\274FYE}k#\302\305"
 332      27BF4905 
 332      5D387476 
 332      5CCB2BBB 
 332      2EBC4659 
 333 0920 4C59CD54 		.ascii	"LY\315T\351\011\261\230\303\300\366\246\327\316/>\310"
 333      E909B198 
 333      C3C0F6A6 
 333      D7CE2F3E 
 333      C8
 334 0931 16699037 		.ascii	"\026i\2207\005\366\321 \275\324G9F9'\276\246j[$\265"
 334      05F6D120 
 334      BDD44739 
 334      463927BE 
 334      A66A5B24 
 335 0946 87721E9D 		.ascii	"\207r\036\235\026\224F.\212\036zu\256I\203K\231\221"
 335      1694462E 
 335      8A1E7A75 
 335      AE49834B 
 335      9991
 336 0958 FBF6BE68 		.ascii	"\373\366\276h\262\301\347\0313]<\361\2715\276\310\230"
 336      B2C1E719 
 336      335D3CF1 
 336      B935BEC8 
 336      98
 337 0969 8A98C23B 		.ascii	"\212\230\302;X)t\321*\376\340\313c\217\226\340J\366"
 337      582974D1 
ARM GAS  C:\Users\Pasquale\AppData\Local\Temp\ccnoZM0F.s 			page 27


 337      2AFEE0CB 
 337      638F96E0 
 337      4AF6
 338 097b EAE32773 		.ascii	"\352\343'sg\034\360U\306\024\227\\m\266\303\365\214"
 338      671CF055 
 338      C614975C 
 338      6DB6C3F5 
 338      8C
 339 098c 994BCF3D 		.ascii	"\231K\317=\247\305\327E\007\025\034\335\253\305_3f>"
 339      A7C5D745 
 339      07151CDD 
 339      ABC55F33 
 339      663E
 340 099e 3DF99006 		.ascii	"=\371\220\006\337eLfsf\201\035\356`\314\354Hf;b~\264"
 340      DF654C66 
 340      7366811D 
 340      EE60CCEC 
 340      48663B62 
 341 09b4 E70AFDE5 		.ascii	"\347\012\375\345b\241\177\372\331\356\003v\270\217a"
 341      62A17FFA 
 341      D9EE0376 
 341      B88F61
 342 09c3 EFB5C75F 		.ascii	"\357\265\307_\022\261v\300\306\225\\\271`\265\250\317"
 342      12B176C0 
 342      C6955CB9 
 342      60B5A8CF 
 343 09d3 FB259FF7 		.ascii	"\373%\237\3671\237\237I\030(\262\201\227\235\311\201"
 343      319F9F49 
 343      1828B281 
 343      979DC981 
 344 09e3 8CFBA2E6 		.ascii	"\214\373\242\346\314\276\250\2357N\237R\343A6\313\316"
 344      CCBEA89D 
 344      374E9F52 
 344      E34136CB 
 344      CE
 345 09f4 9E1AF81F 		.ascii	"\236\032\370\037\344j+}\011sKH\"_\251\206\301E\203\362"
 345      E46A2B7D 
 345      09734B48 
 345      225FA986 
 345      C14583F2 
 346 0a08 647126CE 		.ascii	"dq&\316\241_\274\014\005\006\374\226\012\255\246\237"
 346      A15FBC0C 
 346      0506FC96 
 346      0AADA69F 
 347 0a18 48D0104C 		.ascii	"H\320\020L<g1\327\006 L\017\230\376\242\334\223uK\360"
 347      3C6731D7 
 347      06204C0F 
 347      98FEA2DC 
 347      93754BF0 
 348 0a2c 3853D07D 		.ascii	"8S\320}j\274\031\313\032FW\234\243\337\301\036\201\206"
 348      6ABC19CB 
 348      1A46579C 
 348      A3DFC11E 
 348      8186
 349 0a3e 1159C3B0 		.ascii	"\021Y\303\260\260\210\212\207\226U\244\235.\254\266"
 349      B0888A87 
 349      9655A49D 
ARM GAS  C:\Users\Pasquale\AppData\Local\Temp\ccnoZM0F.s 			page 28


 349      2EACB6
 350 0a4d 96838AA8 		.ascii	"\226\203\212\250\274\036\350\357\246\351<J3\245_\312"
 350      BC1EE8EF 
 350      A6E93C4A 
 350      33A55FCA 
 351 0a5d 94D8BA9D 		.ascii	"\224\330\272\235\243\210M\2277\222\336<\224z\323\216"
 351      A3884D97 
 351      3792DE3C 
 351      947AD38E 
 352 0a6d 973EF63A 		.ascii	"\227>\366:\351U\255\235\357\341\347,nO\233;\241,\234"
 352      E955AD9D 
 352      EFE1E72C 
 352      6E4F9B3B 
 352      A12C9C
 353 0a80 654CFC57 		.ascii	"eL\374W\215'4x\2361cE7\032\254q\202\015e\006\206f.b"
 353      8D273478 
 353      9E316345 
 353      371AAC71 
 353      820D6506 
 354 0a98 9CC298E3 		.ascii	"\234\302\230\343c\371iZ\274\2071\361\003O\232\305O\017"
 354      63F9695A 
 354      BC8731F1 
 354      034F9AC5 
 354      4F0F
 355 0aaa BB48EC66 		.ascii	"\273H\354f'.\334\226\262\204|\335z\364tp\336\006gQ\360"
 355      272EDC96 
 355      B2847CDD 
 355      7AF47470 
 355      DE066751 
 356 0abf 3F9C6DBD 		.ascii	"?\234m\275\236\247U~\037\220?\012dB)\324\223ju\370f"
 356      9EA7557E 
 356      1F903F0A 
 356      644229D4 
 356      936A75F8 
 357 0ad4 9381EE2F 		.ascii	"\223\201\356/\255\202\023j\006\237\317\300\012\267\260"
 357      AD82136A 
 357      069FCFC0 
 357      0AB7B0
 358 0ae3 909A9EE7 		.ascii	"\220\232\236\347\341\215\232\355p\211\201\344\007t\257"
 358      E18D9AED 
 358      708981E4 
 358      0774AF
 359 0af2 8896C66E 		.ascii	"\210\226\306nZ\344d\222\023\367\016\266c\220IuKD/\254"
 359      5AE46492 
 359      13F70EB6 
 359      63904975 
 359      4B442FAC 
 360 0b06 45A3DC76 		.ascii	"E\243\334vd\262\214?\005y\337P_\316\210kx\"vE;\361J"
 360      64B28C3F 
 360      0579DF50 
 360      5FCE886B 
 360      78227645 
 361 0b1d F42DACDF 		.ascii	"\364-\254\337Ip\337\0054\017\317\006\270\277 \3477\270"
 361      4970DF05 
 361      340FCF06 
 361      B8BF20E7 
 361      37B8
ARM GAS  C:\Users\Pasquale\AppData\Local\Temp\ccnoZM0F.s 			page 29


 362 0b2f A700C501 		.ascii	"\247\000\305\001%\000\305\003\315B{*\334\323\200^\301"
 362      2500C503 
 362      CD427B2A 
 362      DCD3805E 
 362      C1
 363 0b40 F34BA0E7 		.ascii	"\363K\240\347@s@\261\320\026\203\371B\177j\273\274\267"
 363      407340B1 
 363      D01683F9 
 363      427F6ABB 
 363      BCB7
 364 0b52 B5292D35 		.ascii	"\265)-5\251\230\210\337\372w\260:\362\006x\341+\021"
 364      A99888DF 
 364      FA77B03A 
 364      F20678E1 
 364      2B11
 365 0b64 2D2D977C 		.ascii	"--\227|%!\236\317#\271jL)\333d\227%>k\342|v\333\262"
 365      25219ECF 
 365      23B96A4C 
 365      29DB6497 
 365      253E6BE2 
 366 0b7c CFF86A8C 		.ascii	"\317\370j\214\223=\256D\277R\242g8\364\023\313h\223"
 366      933DAE44 
 366      BF52A267 
 366      38F413CB 
 366      6893
 367 0b8e E3C10E19 		.ascii	"\343\301\016\031\376L\0117):\351G\001\321)\260[\320"
 367      FE4C0937 
 367      293AE947 
 367      01D129B0 
 367      5BD0
 368 0ba0 EF45264E 		.ascii	"\357E&N\3512\023~\237\363x\207R\37033\370#\016\336\256"
 368      E932137E 
 368      9FF37887 
 368      52F83333 
 368      F8230EDE 
 369 0bb5 844F9BC1 		.ascii	"\204O\233\301\3739\370}\313p\356\254R?\316\316*3\226"
 369      FB39F87D 
 369      CB70EEAC 
 369      523FCECE 
 369      2A3396
 370 0bc8 0EC343E3 		.ascii	"\016\303C\343\313\345\303\360\244R\226Y\225\331\304"
 370      CBE5C3F0 
 370      A4529659 
 370      95D9C4
 371 0bd7 69EE52A2 		.ascii	"i\356R\242M?\353\320)\022)\207{\332br\360\025,'\273"
 371      4D3FEBD0 
 371      29122987 
 371      7BDA6272 
 371      F0152C27 
 372 0bec D3B2CFF8 		.ascii	"\323\262\317\370hs\350{\226s\332\304\303\\rLX\036\346"
 372      6873E87B 
 372      9673DAC4 
 372      C35C724C 
 372      581EE6
 373 0bff 82E16425 		.ascii	"\202\341d%\020\303}\027\302}G\204/\234\364\271\252\223"
 373      10C37D17 
 373      C27D4784 
ARM GAS  C:\Users\Pasquale\AppData\Local\Temp\ccnoZM0F.s 			page 30


 373      2F9CF4B9 
 373      AA93
 374 0c11 AC983D59 		.ascii	"\254\230=Y\315j\334E\227%\241\353\341\371T\263\223\233"
 374      CD6ADC45 
 374      9725A1EB 
 374      E1F954B3 
 374      939B
 375 0c23 34E5513A 		.ascii	"4\345Q:\314\364\277\307\254gq\177\365\222\226\033{\360"
 375      CCF4BFC7 
 375      AC67717F 
 375      F592961B 
 375      7BF0
 376 0c35 32B41B2F 		.ascii	"2\264\033/l73\322\351\257`\250\277V\315\237\376\010"
 376      6C3733D2 
 376      E9AF60A8 
 376      BF56CD9F 
 376      FE08
 377 0c47 50DE5933 		.ascii	"P\336Y30;\375\301\035\300w\037\347\354\265\302Cl\241"
 377      303BFDC1 
 377      1DC0771F 
 377      E7ECB5C2 
 377      436CA1
 378 0c5a 9ECAAE1F 		.ascii	"\236\312\256\037\265\305c\2149|\372\213x\214\307\031"
 378      B5C5638C 
 378      397CFA8B 
 378      788CC719 
 379 0c6a D3591953 		.ascii	"\323Y\031S\347\200\2373\246/7v\300\012\3171\346b\325"
 379      E7809F33 
 379      A62F3776 
 379      C00ACF31 
 379      E662D5
 380 0c7d 634FB6B6 		.ascii	"cO\266\266;\003w\271k\322(\376\017\261\227,\365\271"
 380      3B0377B9 
 380      6BD228FE 
 380      0FB1972C 
 380      F5B9
 381 0c8f A323BD76 		.ascii	"\243#\275v\330\240%Pmm\327\3552$-\355\256\362\027\336"
 381      D8A02550 
 381      6D6DD7ED 
 381      32242DED 
 381      AEF217DE 
 382 0ca3 E222AE58 		.ascii	"\342\"\256X\330\013#\312\301\257\235\340\255\377az\376"
 382      D80B23CA 
 382      C1AF9DE0 
 382      ADFF617A 
 382      FE
 383 0cb4 B700E78B 		.ascii	"\267\000\347\213\013\016\235\251\024\316\315\003\223"
 383      0B0E9DA9 
 383      14CECD03 
 383      93
 384 0cc1 C81EC4CE 		.ascii	"\310\036\304\316\350\000&}\004N\302z\014\302\232\017"
 384      E800267D 
 384      044EC27A 
 384      0CC29A0F 
 385 0cd1 A1C8033A 		.ascii	"\241\310\003:\002t\024\3500P6P\256\311\242\334\304)"
 385      027414E8 
 385      30503650 
ARM GAS  C:\Users\Pasquale\AppData\Local\Temp\ccnoZM0F.s 			page 31


 385      AEC9A2DC 
 385      C429
 386 0ce3 DC6759A1 		.ascii	"\334gY\241\311\234\347\340\207\224p\263\017p3~2:K\211"
 386      C99CE7E0 
 386      879470B3 
 386      0F70337E 
 386      323A4B89 
 387 0cf7 E65665B1 		.ascii	"\346Ve\2610md+\004\240\314W\210g\215\\\271\274\337\242"
 387      306D642B 
 387      04A0CC57 
 387      88678D5C 
 387      B9BCDFA2 
 388 0d0b 2C692A24 		.ascii	",i*$\266\033\332\354p\022\015\243\320P\232T\251UN\005"
 388      B61BDAEC 
 388      70120DA3 
 388      D0509A54 
 388      A9554E05 
 389 0d1f C961E873 		.ascii	"\311a\350s\360\323_\3423f\350\223&\232\322\205\360b"
 389      F0D35FE2 
 389      3366E893 
 389      269AD285 
 389      F062
 390 0d31 819CD2C4 		.ascii	"\201\234\322\304l\252?\353Da\273\035\237\322\205&)}"
 390      6CAA3FEB 
 390      4461BB1D 
 390      9FD28526 
 390      297D
 391 0d43 5C4C6972 		.ascii	"\\Lir\267\377t\363\226\240-[B\202\302\"\302\242\337"
 391      B7FF74F3 
 391      96A02D5B 
 391      4282C222 
 391      C2A2DF
 392 0d56 75737387 		.ascii	"uss\207\277\340O\303>\016\213\214\362\370\027\017\367"
 392      BFE04FC3 
 392      3E0E8B8C 
 392      F2F8170F 
 392      F7
 393 0d67 C8287700 		.ascii	"\310(w\000\270\177\026\2715:\312=`\323\306\325\236\354"
 393      B87F16B9 
 393      353ACA3D 
 393      60D3C6D5 
 393      9EEC
 394 0d79 EAB366FB 		.ascii	"\352\263f\373vw\361U\267`\233\367\177\361\241\213\316"
 394      7677F155 
 394      B7609BF7 
 394      7FF1A18B 
 394      CE
 395 0d8a C343B5F6 		.ascii	"\303C\265\366\257\024\240Z\032\025\035\276\3323(xKd"
 395      AF14A05A 
 395      1A151DBE 
 395      DA332878 
 395      4B64
 396 0d9c F0EFA829 		.ascii	"\360\357\250)\232\260\255\277\367\203\373O\3772\211"
 396      9AB0ADBF 
 396      F783FB4F 
 396      FF3289
 397 0dab 4C4C58D4 		.ascii	"LLX\324V\267OU\232\220\360\315o,b\303\006ow\357\215"
ARM GAS  C:\Users\Pasquale\AppData\Local\Temp\ccnoZM0F.s 			page 32


 397      56B74F55 
 397      9A90F0CD 
 397      6F2C62C3 
 397      066F77EF 
 398 0dc0 5E7FF014 		.ascii	"^\177\360\024E\300\273 \3026(h[XD4\360\321\237\004\377"
 398      45C0BB20 
 398      C2362868 
 398      5B584434 
 398      F0D19F04 
 399 0dd5 34908A88 		.ascii	"4\220\212\210\212\336\026\022\026\031\030\035\031\271"
 399      8ADE1612 
 399      1619181D 
 399      19B9
 400 0de3 252AF0BF 		.ascii	"%*\360\277#\266\271\320'\227\315[\303]B\303?\016\015"
 400      23B6B9D0 
 400      2797CD5B 
 400      C35D42C3 
 400      3F0E0D
 401 0df6 09090D09 		.ascii	"\011\011\015\011|\327m\225\213\347*\217w\177\277&\020"
 401      7CD76D95 
 401      8BE72A8F 
 401      777FBF26 
 401      10
 402 0e07 DADF8988 		.ascii	"\332\337\211\210\214\010}'t\363\307a\201a\021\301[\266"
 402      8C087D27 
 402      74F3C761 
 402      816111C1 
 402      5BB6
 403 0e19 85840686 		.ascii	"\205\204\006\206o\006Y\021\241\201A!\241\237l\336\266"
 403      6F065911 
 403      A1814121 
 403      A19F6CDE 
 403      B6
 404 0e2a 253A287A 		.ascii	"%:(z\307g\241Q\240\321F\322\367_\177S}Q;\242\002\203"
 404      C767A151 
 404      A0D146D2 
 404      F75F7F53 
 404      7D513BA2 
 405 0e40 A2A24340 		.ascii	"\242\242C@8(q\014\330\021\025\035\032\256\213\334\032"
 405      3828710C 
 405      D811151D 
 405      1AAE8BDC 
 405      1A
 406 0e51 AA231ED7 		.ascii	"\252#\036\327\352\327\007\254\327\377r\275\367\273\266"
 406      EAD707AC 
 406      D7FF72BD 
 406      F7BBB6
 407 0e60 FE1B36F8 		.ascii	"\376\0336\370y\006\350|\336\327[\005\004\350\336\327"
 407      7906E87C 
 407      DED75B05 
 407      04E8DED7 
 408 0e70 2F74FD04 		.ascii	"/t\375\004\353\002\364\352u\336:\271\351\307Z/\377u"
 408      EB02F4EA 
 408      75DE3AB9 
 408      E9C75A2F 
 408      FF75
 409 0e82 9E1BFCD7 		.ascii	"\236\033\374\327\377BO\236<\330\223\324\273F\353\345"
ARM GAS  C:\Users\Pasquale\AppData\Local\Temp\ccnoZM0F.s 			page 33


 409      FF424F9E 
 409      3CD893D4 
 409      BB46EBE5 
 410 0e92 BB6EB5D8 		.ascii	"\273n\265\330\353\273\200\363U\342Vk\210\024h!w\017"
 410      EBBB80F3 
 410      55E2566B 
 410      88146821 
 410      770F
 411 0ea4 BEC75343 		.ascii	"\276\307SC$\320\036_\021\341k\212\360\260!\357\352\003"
 411      24D01E5F 
 411      11E16B8A 
 411      F0B021EF 
 411      EA03
 412 0eb6 36E9C983 		.ascii	"6\351\311\203\007yX\350[eC\336f}\276\022\310\227\201"
 412      077958E8 
 412      5B6543DE 
 412      667DBE12 
 412      C89781
 413 0ec9 B0CE4FAF 		.ascii	"\260\316O\257&\203\324\300x\311]\320\3515\336\272\237"
 413      2683D4C0 
 413      78C95DD0 
 413      E935DEBA 
 413      9F
 414 0eda 93478BE9 		.ascii	"\223G\213\351\022\034\031\036\036\031\341\036\272=\032"
 414      121C191E 
 414      1E19E11E 
 414      BA3D1A
 415 0ee9 F245996F 		.ascii	"\362E\231o\237\254Y\345\261=\024\374j\247\327\351\202"
 415      9FAC59E5 
 415      B13D14FC 
 415      6AA7D7E9 
 415      82
 416 0efa 364124BD 		.ascii	"6A$\275C?\261\363\377O\275\364\374\217\322$\373xs\360"
 416      433FB1F3 
 416      FF4FBDF4 
 416      FC8FD224 
 416      FB7873F0 
 417 0f0e EFB67D16 		.ascii	"\357\266}\026\024\022\031\2769,\202\346\2715\261\333"
 417      141219BE 
 417      392C82E6 
 417      B935B1DB 
 418 0f1e E7D7D67E 		.ascii	"\347\327\326~\336\272\017\274\327\023\316\323\347\327"
 418      DEBA0FBC 
 418      D713CED3 
 418      E7D7
 419 0f2c 0EDEEBDE 		.ascii	"\016\336\353\336\337\250\373Pz]\355\027\340\245Wo\334"
 419      DFA8FB50 
 419      7A5DED17 
 419      E0A5576F 
 419      DC
 420 0f3d E8A3C75E 		.ascii	"\350\243\307^\336z\354\015w\177\037\275\332\313\207"
 420      DE7AEC0D 
 420      777F1FBD 
 420      DACB87
 421 0f4c 04C4C74B 		.ascii	"\004\304\307Ko\005]\000\360&\274/\271\350\340b\025\340"
 421      6F055D00 
 421      F026BC2F 
ARM GAS  C:\Users\Pasquale\AppData\Local\Temp\ccnoZM0F.s 			page 34


 421      B9E8E062 
 421      15E0
 422 0f5e 0B01C301 		.ascii	"\013\001\303\001\276\376Z\226\304k\203\2425\342\035"
 422      BEFE5A96 
 422      C46B83A2 
 422      35E21D
 423 0f6d EB74D0A3 		.ascii	"\353t\320\243\323[y\371\351uz\365/7}\240W\373\001\332"
 423      D35B79F9 
 423      E9757AF5 
 423      2F377DA0 
 423      57FB01DA 
 424 0f81 4AE7FFA1 		.ascii	"J\347\377\241\2377\\\275tz\257?\343\006/\375Fw\335\306"
 424      9F375CBD 
 424      747AAF3F 
 424      E3062FFD 
 424      4677DDC6 
 425 0f95 00BF0077 		.ascii	"\000\277\000w\222F\356~,\321\000"
 425      9246EE7E 
 425      2CD100
 426 0fa0 B1353428 		.ascii	"\26154(8|\015I\345\000\335::\004\253\017\3747\351\364"
 426      387C0D49 
 426      E500DD3A 
 426      3A04AB0F 
 426      FC37E9F4 
 427 0fb4 42805E03 		.ascii	"B\200^\003\017?_\377+\275\232\\0(\261\246=\036K|6x\005"
 427      0F3F5FFF 
 427      2BBD9A5C 
 427      3028B1A6 
 427      3D1E4B7C 
 428 0fcb F84AC3FD 		.ascii	"\370J\303\375?/\341k1"
 428      3F2FE16B 
 428      31
 429              		.text
 430              		.section	.gnu.lto_.symtab.ed1f945f,"",%progbits
 431 0000 68616C5F 		.ascii	"hal_lld_init\000"
 431      6C6C645F 
 431      696E6974 
 431      00
 432 000d 00       		.ascii	"\000"
 433 000e 00       		.ascii	"\000"
 434 000f 00       		.ascii	"\000"
 435 0010 00000000 		.ascii	"\000\000\000\000\000\000\000\000"
 435      00000000 
 436 0018 BB000000 		.ascii	"\273\000\000\000"
 437 001c 73746D33 		.ascii	"stm32_clock_init\000"
 437      325F636C 
 437      6F636B5F 
 437      696E6974 
 437      00
 438 002d 00       		.ascii	"\000"
 439 002e 00       		.ascii	"\000"
 440 002f 00       		.ascii	"\000"
 441 0030 00000000 		.ascii	"\000\000\000\000\000\000\000\000"
 441      00000000 
 442 0038 BD000000 		.ascii	"\275\000\000\000"
 443 003c 53797374 		.ascii	"SystemCoreClock\000"
 443      656D436F 
ARM GAS  C:\Users\Pasquale\AppData\Local\Temp\ccnoZM0F.s 			page 35


 443      7265436C 
 443      6F636B00 
 444 004c 00       		.ascii	"\000"
 445 004d 00       		.ascii	"\000"
 446 004e 00       		.ascii	"\000"
 447 004f 00000000 		.ascii	"\000\000\000\000\000\000\000\000"
 447      00000000 
 448 0057 CE000000 		.ascii	"\316\000\000\000"
 449 005b 69727149 		.ascii	"irqInit\000"
 449      6E697400 
 450 0063 00       		.ascii	"\000"
 451 0064 02       		.ascii	"\002"
 452 0065 00       		.ascii	"\000"
 453 0066 00000000 		.ascii	"\000\000\000\000\000\000\000\000"
 453      00000000 
 454 006e BF000000 		.ascii	"\277\000\000\000"
 455 0072 646D6149 		.ascii	"dmaInit\000"
 455      6E697400 
 456 007a 00       		.ascii	"\000"
 457 007b 02       		.ascii	"\002"
 458 007c 00       		.ascii	"\000"
 459 007d 00000000 		.ascii	"\000\000\000\000\000\000\000\000"
 459      00000000 
 460 0085 C1000000 		.ascii	"\301\000\000\000"
 461              		.text
 462              		.section	.gnu.lto_.opts,"",%progbits
 463 0000 272D666D 		.ascii	"'-fmath-errno' '-fsigned-zeros' '-ftrapping-math' '"
 463      6174682D 
 463      6572726E 
 463      6F272027 
 463      2D667369 
 464 0033 2D666E6F 		.ascii	"-fno-trapv' '-fno-openmp' '-fno-openacc' '-mcpu=cor"
 464      2D747261 
 464      70762720 
 464      272D666E 
 464      6F2D6F70 
 465 0066 7465782D 		.ascii	"tex-m4' '-mthumb' '-O2' '-fomit-frame-pointer' '-fa"
 465      6D342720 
 465      272D6D74 
 465      68756D62 
 465      2720272D 
 466 0099 6C69676E 		.ascii	"lign-functions=16' '-ffunction-sections' '-fdata-se"
 466      2D66756E 
 466      6374696F 
 466      6E733D31 
 466      36272027 
 467 00cc 6374696F 		.ascii	"ctions' '-fno-common' '-flto'\000"
 467      6E732720 
 467      272D666E 
 467      6F2D636F 
 467      6D6D6F6E 
 468              		.text
 469              		.comm	__gnu_lto_v1,1,1
 470              		.comm	__gnu_lto_slim,1,1
 471              		.ident	"GCC: (GNU Tools for Arm Embedded Processors 7-2017-q4-major) 7.2.1 20170904 (release) [ARM
ARM GAS  C:\Users\Pasquale\AppData\Local\Temp\ccnoZM0F.s 			page 36


DEFINED SYMBOLS
                            *ABS*:00000000 hal_lld.c
                            *COM*:00000001 __gnu_lto_v1
                            *COM*:00000001 __gnu_lto_slim

NO UNDEFINED SYMBOLS
