ARM GAS  C:\Users\Pasquale\AppData\Local\Temp\ccsQ7rNm.s 			page 1


   1              		.cpu cortex-m4
   2              		.eabi_attribute 20, 1
   3              		.eabi_attribute 21, 1
   4              		.eabi_attribute 23, 3
   5              		.eabi_attribute 24, 1
   6              		.eabi_attribute 25, 1
   7              		.eabi_attribute 26, 1
   8              		.eabi_attribute 30, 2
   9              		.eabi_attribute 34, 1
  10              		.eabi_attribute 18, 4
  11              		.file	"hal_st_lld.c"
  12              		.section	.gnu.lto_.profile.ed1fab54,"",%progbits
  13 0000 789C6363 		.ascii	"x\234cc```\001bF\006[\005\000\001\022\000i"
  13      60606001 
  13      6246065B 
  13      05000112 
  13      0069
  14              		.text
  15              		.section	.gnu.lto_.icf.ed1fab54,"",%progbits
  16 0000 789C6363 		.ascii	"x\234cc``\340c@\000&\206\2757\226o\341d|\375\371\361"
  16      6060E063 
  16      40002686 
  16      BD37966F 
  16      E1647CFD 
  17 0016 4D460600 		.ascii	"MF\006\0002\001\006\254"
  17      320106AC 
  18              		.text
  19              		.section	.gnu.lto_.jmpfuncs.ed1fab54,"",%progbits
  20 0000 789C6363 		.ascii	"x\234cc``\360d@\000&0\311\310\300\300\3028\205\231\361"
  20      6060F064 
  20      40002630 
  20      C9C8C0C0 
  20      C2388599 
  21 0015 E9C9C96D 		.ascii	"\351\311\311m<\335\314s\230\031\030e\03073\31200\036"
  21      3CDDCC73 
  21      98191865 
  21      183733CA 
  21      30301E
  22 0028 60619401 		.ascii	"`a\224\001b\240\022\240t\327\257\353}\034\020i\016\306"
  22      62A012A0 
  22      74D7AFEB 
  22      7D1C1069 
  22      0EC6
  23 003a 2D50690E 		.ascii	"-Pi\016\2604\003\000!Q\016\252"
  23      B0340300 
  23      21510EAA 
  24              		.text
  25              		.section	.gnu.lto_.inline.ed1fab54,"",%progbits
  26 0000 789C6363 		.ascii	"x\234cc``\260b@\000&\006\006\036QF\006&\276+\376\014"
  26      6060B062 
  26      40002606 
  26      061E5146 
  26      0626BE2B 
  27 0016 6C0BE499 		.ascii	"l\013\344\231@b\214\\p\202AB\001(\251\262`&\023\\\226"
  27      40628C5C 
  27      70824142 
  27      0128A9B2 
ARM GAS  C:\Users\Pasquale\AppData\Local\Temp\ccsQ7rNm.s 			page 2


  27      6026135C 
  28 002b 9907AC8B 		.ascii	"\231\007\254\213\001\000\246\315\004\350"
  28      0100A6CD 
  28      04E8
  29              		.text
  30              		.section	.gnu.lto_.pureconst.ed1fab54,"",%progbits
  31 0000 789C6363 		.ascii	"x\234cc```\003b&\206]\214\214R\000\003\261\000\345"
  31      60606003 
  31      6226865D 
  31      8C8C5200 
  31      03B100E5 
  32              		.text
  33              		.section	.gnu.lto_VectorB0.ed1fab54,"",%progbits
  34 0000 789C8554 		.ascii	"x\234\205T_LSW\030\377\276{n\377\320\242\030\237\366"
  34      5F4C5357 
  34      18FFBE7B 
  34      6EFFD0A2 
  34      189FF6
  35 0013 C0434924 		.ascii	"\300CI$\233\013\341\312\206q\313\022\023\207/$61\340"
  35      9B0BE1CA 
  35      8671CB12 
  35      13872F24 
  35      3631E0
  36 0026 3BD16B1D 		.ascii	";\321k\035MZjz\321\350\023\207\202C&F\037&\242\253\320"
  36      4D5A6A7A 
  36      D1E81387 
  36      82432646 
  36      1F26A2AB 
  37 003b 0DDDF401 		.ascii	"\015\335\364\001q\250\333\012\002W\230:\377!V\335\334"
  37      71A8DB0A 
  37      0257983A 
  37      FF2156DD 
  37      DC
  38 004c 78D8A691 		.ascii	"x\330\246\221M%\213N3\2669\301\357\273-\035\266\212"
  38      4D258B4E 
  38      33B639C1 
  38      EFBB2D1D 
  38      B68A
  39 005e 27EDE93D 		.ascii	"'\355\351=\347\367\375\371\235\337\357\364\332\001\240"
  39      E7F7FDF9 
  39      9DDFEFF4 
  39      DA01A0
  40 006d C006F026 		.ascii	"\300\006\360&\002\224\3223\332\000\225\335#\000\365"
  40      0294D233 
  40      DA0095DD 
  40      2300F5
  41 007c 4E4511A3 		.ascii	"NE\021\243\371 ]\252Y\0022W\240\232\334V\021\371A:\021"
  41      F9205DAA 
  41      59023257 
  41      A09ADC56 
  41      11F9413A 
  42 0091 EA14A162 		.ascii	"\352\024\241b\035\266\210\217\005\0165\215\307\225\305"
  42      1DB6888F 
  42      050E358D 
  42      C795C5
  43 00a0 5F481AE6 		.ascii	"_H\032\346\336\177\363\352\345\266\327\242\002\240\225"
  43      DE7FF3EA 
ARM GAS  C:\Users\Pasquale\AppData\Local\Temp\ccsQ7rNm.s 			page 3


  43      E5B6D7A2 
  43      02A095
  44 00af BE3CF038 		.ascii	"\276<\3608.\006\012\273\365\345\324\236yv5\271\217'"
  44      2E060ABB 
  44      F5E5D49E 
  44      797635B9 
  44      8F27
  45 00c1 D00ED418 		.ascii	"\320\016\324\030\272\0236SNM7I\363q'\366U\270\020\242"
  45      BA133653 
  45      4E4D3749 
  45      F37127F6 
  45      55B810A2 
  46 00d5 02159E00 		.ascii	"\002\025\236\000\266S$5\224&4\013\205\237\032L\270\207"
  46      B6532435 
  46      9426340B 
  46      859F1A4C 
  46      B887
  47 00e7 43BD775B 		.ascii	"C\275w[\232\335\\`\277@\252\333\272m\350\212c\207\210"
  47      9ADD5C60 
  47      BF40AADB 
  47      BA6DE88A 
  47      638788
  48 00fa 0A05B9CD 		.ascii	"\012\005\271\315H\327\344\003Wr\311\214T\332\212\035"
  48      48D7E403 
  48      5772C98C 
  48      54DA8A1D 
  49 010a F82D2786 		.ascii	"\370-'\206\355\365\264\364D\205\300\2570\037Ob>px\323"
  49      EDF5B4F4 
  49      4485C0AF 
  49      301F4F62 
  49      3E7078D3 
  50 011e F8C5D1F9 		.ascii	"\370\305\321\371Z\227l\254gL\305\2571\206{,\346\370"
  50      5A976CAC 
  50      674CC5AF 
  50      31867B2C 
  50      E6F8
  51 0130 0D6AD4AE 		.ascii	"\015j\324\256\341\277\017\3679\222\335\224d\3033\323"
  51      E1BF0FF7 
  51      3992DD94 
  51      64C333D3 
  52 0140 93661E77 		.ascii	"\223f\036w@T0Nu\356`\343\330pi*\206\002\272'\342\377"
  52      4054304E 
  52      75EE60E3 
  52      D870692A 
  52      8602BA27 
  53 0156 CC4B0600 		.ascii	"\314K\006\000\366r#\032\315B\300h~\362\004\217\177\337"
  53      F672231A 
  53      CD42C068 
  53      7EF2048F 
  53      7FDF
  54 0168 79DE3AC1 		.ascii	"y\336:\301\363\344b\237\363\351\347\346\327\367?\277"
  54      F3E4629F 
  54      F3E9E7E6 
  54      D7F73FBF 
  55 0178 53A8CD3E 		.ascii	"S\250\315>\276J\315\372)k\234\344\243\375\253\215\307"
  55      BE4ACDFA 
  55      296B9CE4 
ARM GAS  C:\Users\Pasquale\AppData\Local\Temp\ccsQ7rNm.s 			page 4


  55      A3FDAB8D 
  55      C7
  56 0189 A282F76D 		.ascii	"\242\202\367m\310\032<\274\274\377\366|^\332\321C\313"
  56      C81A3CBC 
  56      BCFFF67C 
  56      5EDAD143 
  56      CB
  57 019a 43171283 		.ascii	"C\027\022\203n\261\334R\354\310\321O\333r\013;\245\214"
  57      6EB1DC52 
  57      ECC8D14F 
  57      DB720B3B 
  57      A58C
  58 01ac 4873B2ED 		.ascii	"Hs\262\355\215O\032v\354\224\261\310\202\250p\240\211"
  58      8D4F1A76 
  58      EC94B1C8 
  58      82A870A0 
  58      89
  59 01bd 82ECC241 		.ascii	"\202\354\302A\"4\220:\007\236\306B\346uW\366\253\\\317"
  59      2234903A 
  59      079EC642 
  59      E67557F6 
  59      AB5CCF
  60 01d0 811E1C22 		.ascii	"\201\036\034\"\354>Fn=\332\325\3733\246\255nL\336\210"
  60      EC3E466E 
  60      3DDAD5FB 
  60      33A6AD6E 
  60      4CDE88
  61 01e3 F68536CB 		.ascii	"\366\2056\313\356V\201\220\201Mw\227~\244\003\0163\250"
  61      EE568190 
  61      814D7797 
  61      7EA4030E 
  61      33A8
  62 01f5 64824F4E 		.ascii	"d\202ON\025\371\001\277eLdb\217\332\212\016\023\257"
  62      15F901BF 
  62      654C6462 
  62      8FDA8A0E 
  62      13AF
  63 0207 330CAA99 		.ascii	"3\014\252\231`\202\204'\222\200g\031\266\315\276{x\016"
  63      60828427 
  63      92806719 
  63      B6CDBE7B 
  63      780E
  64 0219 EDF81D5F 		.ascii	"\355\370\035_=\232H/\330\305~}\326\321\363\267\253 "
  64      3D9A482F 
  64      D8C57E7D 
  64      D6D1F3B7 
  64      AB20
  65 022b A674C836 		.ascii	"\246t\3106\322\330\311\011]\267\373\244SU\350\270\347"
  65      D2D8C909 
  65      5DB7FBA4 
  65      5355E8B8 
  65      E7
  66 023c B1C032E2 		.ascii	"\261\3002\342\301\304\3651\205v\360\002\252\326\201"
  66      C1C4F531 
  66      8576F002 
  66      AAD681
  67 024b 012F5ACA 		.ascii	"\001/Z\312\036\036\030\276\223[\320\231\312\316\341"
ARM GAS  C:\Users\Pasquale\AppData\Local\Temp\ccsQ7rNm.s 			page 5


  67      1E1E18BE 
  67      935BD099 
  67      CACEE1
  68 025a D83F8FF6 		.ascii	"\330?\217\366\334p[\331\2278\033/\243J\266D<\226x\000"
  68      DC705BD9 
  68      97381B2F 
  68      A34AB644 
  68      3C967800 
  69 026e 13D8F0CB 		.ascii	"\023\330\360\313\323\275\177m\310T\352XZ)\373s\244G"
  69      D3BD7F6D 
  69      C854EA58 
  69      5A29FB73 
  69      A447
  70 0280 88EB1526 		.ascii	"\210\353\025&\315\023\001\361\370\304\230\243\356\251"
  70      CD1301F1 
  70      F8C498A3 
  70      EEA9
  71 028e 744685AB 		.ascii	"tF\205\253\225\014\030al\024\353\350\362\270g\354\317"
  71      950C1861 
  71      6C14EBE8 
  71      F2B867EC 
  71      CF
  72 029f 30B5FD15 		.ascii	"0\265\375\025\246^\265LM\337%\007i\223\230\313\324\236"
  72      A65EB54C 
  72      4DDF2507 
  72      699398CB 
  72      D49E
  73 02b1 345567B6 		.ascii	"4Ug\266\251\236\0262\365\032\2039\331\246.\012\000^"
  73      A99E1632 
  73      F51A8339 
  73      D9A62E0A 
  73      005E
  74 02c3 67CC956D 		.ascii	"g\314\225m\352;G\210\327\015\006\335\231\340\275v\301"
  74      EA3B4788 
  74      D70D06DD 
  74      99E0BD76 
  74      C1
  75 02d4 2401BFCF 		.ascii	"$\001\277\3176\365\007\322\347&kps\226\251S\035\277"
  75      36F507D2 
  75      E7266B70 
  75      7396A953 
  75      1DBF
  76 02e6 0EB867FC 		.ascii	"\016\270g\374JX~\375h\371\225i\316Ois\270\276\365OU"
  76      4A587EFD 
  76      68F99569 
  76      CE4F6973 
  76      B8BEF54F 
  77 02fb 532F1B36 		.ascii	"S/\0336\2529\232c\275\254\262t\317\245\334\261\224\350"
  77      AA399A63 
  77      BDACB274 
  77      CFA5DCB1 
  77      94E8
  78 030d 7F602436 		.ascii	"\177`$6y\020\255@\036\333\351\256S\011j\362^q\261F\037"
  78      7910AD40 
  78      1EDBE9AE 
  78      53096AF2 
  78      5E71B146 
ARM GAS  C:\Users\Pasquale\AppData\Local\Temp\ccsQ7rNm.s 			page 6


  79 0322 BDDABFCE 		.ascii	"\275\332\277\316\0372J\336-\321B\206V\2756\240m\014"
  79      1F324ADE 
  79      2DD14286 
  79      56BD36A0 
  79      6D0C
  80 0334 856B0DAD 		.ascii	"\205k\015\255r\215\367\355\267\264U\253Vjk\312\275\233"
  80      728DF7ED 
  80      B7B455AB 
  80      566A6BCA 
  80      BD9B
  81 0346 4B18A932 		.ascii	"K\030\2512j\253\002\201\365\305:8\326\2555|\253\303"
  81      6AAB0281 
  81      F5C53A38 
  81      D6AD357C 
  81      ABC3
  82 0358 FEA52FAA 		.ascii	"\376\245/\252\241\207\202\301PM\252\314\212\012o\231"
  82      A18782C1 
  82      504DAACC 
  82      8A0A6F99 
  83 0368 770B45E8 		.ascii	"w\013E\350\241\260\257j\363\262`q5\274?G\226oK-\347"
  83      A1B0AF6A 
  83      F3B26071 
  83      35BC3F47 
  83      966F4B2D 
  84 037d 6865DECA 		.ascii	"he\336\312\362J\255\214\222\264\362\032=\260i\275O\323"
  84      F24AAD8C 
  84      92B4F21A 
  84      3DB069BD 
  84      4FD3
  85 038f 8386DFA8 		.ascii	"\203\206\337\250\372@\327\251\304\353/#\0372h\012\327"
  85      FA40D7A9 
  85      C4EB2F23 
  85      1F32680A 
  85      D7
  86 03a0 5ABF2F8B 		.ascii	"Z\277/\213#\330?S\263\332\330jP\334\002oe\205\207\017"
  86      23D83F53 
  86      B3DAD86A 
  86      50DC026F 
  86      6585870F 
  87 03b4 B531EC2F 		.ascii	"\2651\354/\362\024.\001%\014\216\240/\030\012o\205g"
  87      F2142E01 
  87      250C8EA0 
  87      2F180A6F 
  87      8567
  88 03c6 138A0E4F 		.ascii	"\023\212\016O"
  89              		.text
  90              		.section	.gnu.lto_st_lld_init.ed1fab54,"",%progbits
  91 0000 789CA595 		.ascii	"x\234\245\225ML\023A\024\200\347\355l\333\335\202\230"
  91      4D4C1341 
  91      1480E7ED 
  91      6CDBDD82 
  91      98
  92 0011 989898D8 		.ascii	"\230\230\230\330\203W<\260\251\236\214\361\346\305\004"
  92      83573CB0 
  92      A99E8CF1 
  92      E6C504
  93 0020 4E70278A 		.ascii	"Np'\212\007HH0\226x\264\313_\013H\014\211\202\211)\246"
ARM GAS  C:\Users\Pasquale\AppData\Local\Temp\ccsQ7rNm.s 			page 7


  93      07484830 
  93      9678B4CB 
  93      5F0B480C 
  93      89828929 
  94 0035 89898403 		.ascii	"\211\211\204\003Q\020\304\026\220\245\202\310_\213\210"
  94      5110C416 
  94      90A582C8 
  94      5F8B88
  95 0044 F2534425 		.ascii	"\362SD%\212\374i\210!\321h\000\337\233-m\203\027['\355"
  95      8AFC6988 
  95      21D16800 
  95      DF9B2D6D 
  95      83175B27 
  96 0059 747766FA 		.ascii	"twf\372}o\336\356\333\2652\306\032\255\214\235\303\337"
  96      7D6FDEEE 
  96      DBB532C6 
  96      1AAD8C9D 
  96      C3DF
  97 006b E3F805CE 		.ascii	"\343\370\005\316@j\0143V\241H\000t\240+\300\334\022"
  97      406A0C33 
  97      56A14800 
  97      74A02BC0 
  97      DC12
  98 007d B8A181DF 		.ascii	"\270\241\201\337\346\020\362\256\004\244\354V\035\233"
  98      E610F2AE 
  98      04A4EC56 
  98      1D9B
  99 008b 71E7FB11 		.ascii	"q\347\373\021\217^s\314\307\031k\306/5x\014\331\014"
  99      8F5E73CC 
  99      C7196BC6 
  99      2F35780C 
  99      D90C
 100 009d 972D77EC 		.ascii	"\227-w\3546\035\262\312\3468t\201\225\001\036<\234\266"
 100      361DB2CA 
 100      E6387481 
 100      95011E3C 
 100      9CB6
 101 00af 18FAEE9E 		.ascii	"\030\372\356\236W7\206\356\303N\376Q`>\016\022u\234"
 101      573786EE 
 101      C34EFE51 
 101      603E0E12 
 101      759C
 102 00c1 3A993A85 		.ascii	":\231:\205:\225:;u\214\325\"\002\343\320\015V\307%:"
 102      3A953A3B 
 102      758CD522 
 102      02E3D00D 
 102      56C7253A 
 103 00d5 AA32D83A 		.ascii	"\2522\330:\204\202k\003%\004\276\313\001}\3155\241\210"
 103      84826B03 
 103      2504BECB 
 103      017DCD35 
 103      A188
 104 00e7 ED06F771 		.ascii	"\355\006\367q\011H_\3352\274\242\232\247\372V\255.\343"
 104      09485FDD 
 104      32BCA29A 
 104      A7FA56AD 
 104      2EE3
ARM GAS  C:\Users\Pasquale\AppData\Local\Temp\ccsQ7rNm.s 			page 8


 105 00f9 50B47779 		.ascii	"P\264wy\311\352\207{\025\030\371\011\037\347\360\004"
 105      C9EA877B 
 105      1518F909 
 105      1FE7F004 
 106 0109 1CD00D0E 		.ascii	"\034\320\015\016F\3537>\215\366gi\355z5\370\270\014"
 106      46EB373E 
 106      8DF66769 
 106      ED7A35F8 
 106      B80C
 107 011b 3DE08726 		.ascii	"=\340\207&\261!x\012\032\312\252~z\300tI\246\256kh\304"
 107      B121780A 
 107      1ACAAA7E 
 107      7AC07449 
 107      A6AE6B68 
 108 0130 A3101FB0 		.ascii	"\243\020\037\260\005\020\202\001\315\324\2135\251\251"
 108      05108201 
 108      CDD48B35 
 108      A9A9
 109 013e 8209552F 		.ascii	"\202\011U/h\310\027[SM\031O\215\325'X\224g\350?\020"
 109      68C8175B 
 109      534D194F 
 109      8DD52758 
 109      9467E83F 
 110 0153 B68CB0FF 		.ascii	"\266\214\260\377\212\363Y\202=@q\312\311q*\377\314\252"
 110      8AF35982 
 110      3D4071CA 
 110      C9712AFF 
 110      CCAA
 111 0165 A039198C 		.ascii	"\2409\031\214\004mPD\032\012\266\215\305`j\362\325\264"
 111      046D5044 
 111      1A0AB68D 
 111      C5606AF2 
 111      D5B4
 112 0177 88AB595F 		.ascii	"\210\253Y_5\330\251\230\247\272\321\250g\341\320\374"
 112      35D8A998 
 112      A7BAD1A8 
 112      67E1D0FC 
 113 0187 D7EA8E8C 		.ascii	"\327\352\216\214\204\316\012\317Q\027\212\351\202\233"
 113      84CE0ACF 
 113      51178AE9 
 113      829B
 114 0195 6D3DD678 		.ascii	"m=\326x\350CB&\221l\370@Z\354\250\373;-)\260_$\330#"
 114      E8434226 
 114      916CF840 
 114      5AECA8FB 
 114      3B2D29B0 
 115 01ad 94163B91 		.ascii	"\224\026;\221\266W'\353\262b\254\370Nlb'\341\366\037"
 115      B65727EB 
 115      B262ACF8 
 115      4E6C6227 
 115      E1F61F
 116 01c0 5B76F394 		.ascii	"[v\363\224*\210\356K\177\313\0275&\363_\307;^\201Q\324"
 116      2A88EE4B 
 116      7FCB1735 
 116      26F35FC7 
 116      3B5E8151 
 117 01d5 BD8CE9BC 		.ascii	"\275\214\351\274+\343S\311\231\033\023BQT\343\240\341"
ARM GAS  C:\Users\Pasquale\AppData\Local\Temp\ccsQ7rNm.s 			page 9


 117      2BE353C9 
 117      991B1342 
 117      5154E3A0 
 117      E1
 118 01e6 82F5F05A 		.ascii	"\202\365\360Z\213\310\215\014\221A\006\023\346f\266"
 118      8BC88D0C 
 118      91410613 
 118      E666B6
 119 01f5 57C3F110 		.ascii	"W\303\361\020R\023L\012\201L\202\260\020l\364=\232\263"
 119      52134C0A 
 119      814C82B0 
 119      106CF43D 
 119      9AB3
 120 0207 98823D6C 		.ascii	"\230\202=l\207!\262\257\210\244\251\230\022\012\013"
 120      8721B2AF 
 120      88A4A998 
 120      120A0B
 121 0216 295E0945 		.ascii	")^\011E<I20\230\336\307\317\245\205W\341\265\300\343"
 121      3C493230 
 121      98DEC7CF 
 121      A58557E1 
 121      B5C0E3
 122 0229 238D268D 		.ascii	"#\215&\215\206\3126\233\363!M\372;\305%\233\001\015"
 122      86CA369B 
 122      F3214DFA 
 122      3BC5259B 
 122      010D
 123 023b 4E3A44C5 		.ascii	"N:D\305\275\001gB7\237\346n\336\012\235\215x\263\210"
 123      BD016742 
 123      379FE66E 
 123      DE0A9D8D 
 123      78B388
 124 024e 8EF316D2 		.ascii	"\216\363\026\322\344\315\011\236B\274\371d^4M\336\202"
 124      E4CD099E 
 124      42BCF964 
 124      5E344DDE 
 124      82
 125 025f E0A9C48B 		.ascii	"\340\251\304\213\212lw{':\354f\266\001\026\367\361\213"
 125      8A6C777B 
 125      273AEC66 
 125      B60116F7 
 125      F18B
 126 0271 69E2DF09 		.ascii	"i\342\337\011\274\235\360K\030.\3616\241\306\277\367"
 126      BC9DF04B 
 126      182EF136 
 126      A1C6BFF7 
 127 0281 808BA73E 		.ascii	"\200\213\247>\376#\020\330\214\332\334;\272\342\343"
 127      FE2310D8 
 127      8CDADC3B 
 127      BAE2E3
 128 0290 F6662A7A 		.ascii	"\366f*zx\017n\232\370<z\313\223I\201d \377\0038\250"
 128      780F6E9A 
 128      F83C7ACB 
 128      93498164 
 128      20FF0338 
 129 02a5 D27FCDDE 		.ascii	"\322\177\315\336T\314!\005>\202\303\3073\3317\250\364"
 129      54CC2105 
ARM GAS  C:\Users\Pasquale\AppData\Local\Temp\ccsQ7rNm.s 			page 10


 129      3E82C3C7 
 129      33D937A8 
 129      F4
 130 02b6 FF6E15C5 		.ascii	"\377n\025\305)^1\265\310\300\267\000\026\335\331\234"
 130      295E31B5 
 130      C8C0B700 
 130      16DDD99C 
 131 02c6 1C0D3F45 		.ascii	"\034\015?E\305%\227J\312\\\3163N\255\314\245\025_,\325"
 131      C525974A 
 131      CA5CCE33 
 131      4EADCCA5 
 131      155F2CD5 
 132 02da AE945D2D 		.ascii	"\256\224]-wi\371\005y\247Oi\271\271\347\265\202\013"
 132      7769F905 
 132      79A74F69 
 132      B9B9E7B5 
 132      820B
 133 02ec 79D79C34 		.ascii	"y\327\2344S\350*/,-\275\234S\304\376\000\026\2713L"
 133      53E82A2F 
 133      2C2DBD9C 
 133      53C4FE00 
 133      16B9334C 
 134              		.text
 135              		.section	.gnu.lto_.symbol_nodes.ed1fab54,"",%progbits
 136 0000 789C6363 		.ascii	"x\234cc``(\004b\006\246\023L\365\014\014\023\31610\000"
 136      60602804 
 136      6206A613 
 136      4CF50C0C 
 136      13CE3130 
 137 0015 A95D0D8E 		.ascii	"\251]\015\216@\221\223L\365\214(\"\214\247\230\352\231"
 137      4091934C 
 137      F58C2822 
 137      8CA798EA 
 137      99
 138 0026 C0220C0C 		.ascii	"\300\"\014\014\015\015\016@\201\323L\365\314(\002g\230"
 138      0D0D0E40 
 138      81D34CF5 
 138      CC280267 
 138      98
 139 0037 EA599005 		.ascii	"\352Y\220\005\230\201\260\245\355=+3\003\023CK\373\033"
 139      9881B0A5 
 139      ED3D2B33 
 139      0313434B 
 139      FB1B
 140 0049 79664616 		.ascii	"yfF\026\206']o\344\031\000Y\352\034*"
 140      86275D6F 
 140      E4190059 
 140      EA1C2A
 141              		.text
 142              		.section	.gnu.lto_.refs.ed1fab54,"",%progbits
 143 0000 789C6363 		.ascii	"x\234cc```\004b\006\000\000D\000\010"
 143      60606004 
 143      62060000 
 143      440008
 144              		.text
 145              		.section	.gnu.lto_.decls.ed1fab54,"",%progbits
 146 0000 789CCD58 		.ascii	"x\234\315XkPTI\226\256\274Y\024U\2744\320\35006\334"
ARM GAS  C:\Users\Pasquale\AppData\Local\Temp\ccsQ7rNm.s 			page 11


 146      6B505449 
 146      96AEBC59 
 146      1455BC34 
 146      D0E83036 
 147 0015 58C32046 		.ascii	"X\303 F\376\214<t\246gg&6Z\013\024b\244\333(\354\211"
 147      FE8C3C74 
 147      A6676726 
 147      365A0B14 
 147      62A4DB28 
 148 002b DD59BA6B 		.ascii	"\335Y\272kh([by\364\000\366j\304\356\316\345\245\005"
 148      68285B62 
 148      79F400F6 
 148      6AC4EECE 
 148      E5A505
 149 003e BE40D156 		.ascii	"\276@\321V|\241\242\250\240\342\003\021\001A@@^j\241"
 149      7CA1A2A8 
 149      A0E20311 
 149      01414040 
 149      5E6AA1
 150 0051 080A0888 		.ascii	"\010\012\010\210\210b\363l\001\001eNf\336\252{\353R"
 150      8862F36C 
 150      0101654E 
 150      66DEAA7B 
 150      EB52
 151 0063 F43C6226 		.ascii	"\364<b&bop\310{2\277\374\356\311s\316\315{\262T\012"
 151      626F70C8 
 151      7B32BFFC 
 151      EEC973CE 
 151      CD7BB254 
 152 0078 85A2EA9F 		.ascii	"\205\242\352\237\025\212\255v\012\305:\244P\314\300"
 152      158AAD76 
 152      0AC53AA4 
 152      50CCC0
 153 0087 85A1EF36 		.ascii	"\205\241\3576\010\250\212\022\005\273`Xq\007\244\032"
 153      08A88A12 
 153      05BB6058 
 153      7107A41A 
 154 0097 E42E481D 		.ascii	"\344.H\035\310}\305\354k\007Lr\202\366\367 \313@\026"
 154      C87DC5EC 
 154      6B074C72 
 154      82F6F720 
 154      CB4016
 155 00aa 82BE00A4 		.ascii	"\202\276\000\244\031\356]\211.p\376\023\364\375\013"
 155      19EE5D89 
 155      2E70FE13 
 155      F4FD0B
 156 00b9 C812904A 		.ascii	"\310\022\220J\341Y\344\237\263\360\234\245p\357\006"
 156      E159E49F 
 156      B3F09CA5 
 156      70EF06
 157 00c8 F2131077 		.ascii	"\362\023\020w\220\345 \236\210=\327\033\332\225 ?\007"
 157      90E5209E 
 157      883DD71B 
 157      DA95203F 
 157      07
 158 00d9 F90562F6 		.ascii	"\371\005b\366\310\257=\002\227\331\016#\350\333\004"
 158      C8AF3D02 
ARM GAS  C:\Users\Pasquale\AppData\Local\Temp\ccsQ7rNm.s 			page 12


 158      97D90E23 
 158      E8DB04
 159 00e8 3BF643BB 		.ascii	";\366C\273\017\211\266\365@\337\001\304\354\272\007"
 159      0F89B6F5 
 159      40DF01C4 
 159      ECBA07
 160 00f7 E2081207 		.ascii	"\342\010\022\007\372\377 \3063\037d\012\372\246A>\200"
 160      FAFF20C6 
 160      331F640A 
 160      FAA6413E 
 160      80
 161 0108 CC8060E8 		.ascii	"\314\200`\350s\001Q\201p\202_l\371#\035\243\366\232"
 161      73015181 
 161      70825F6C 
 161      F9231DA3 
 161      F69A
 162 011a 73397807 		.ascii	"s9x\007F\313\034\020\361\356<\350\272\364\246\360\235"
 162      46CB1C10 
 162      F1EE3CE8 
 162      BAF4A6F0 
 162      9D
 163 012b 33EB2288 		.ascii	"3\353\"\210\201k\0073\324\230\243\367\217\036\306\307"
 163      816B0733 
 163      D498A3F7 
 163      8F1EC6C7 
 164 013b 6996E7F2 		.ascii	"i\226\347\362\354R\377\257\002\345#l\2462\355\031\311"
 164      EC52FFAF 
 164      02E5236C 
 164      A632ED19 
 164      C9
 165 014c B2C76B28 		.ascii	"\262\307k(\360Ab\336\021B\353\352\200\224\240\0167d"
 165      F04162DE 
 165      1142EBEA 
 165      8094A00E 
 165      3764
 166 015e 3C770175 		.ascii	"<w\001u\241\003Z\222\216\271g\255Sm.\310\301\335\310"
 166      A1035A92 
 166      8EB967AD 
 166      536D2EC8 
 166      C1DDC8
 167 0171 F3F17C66 		.ascii	"\363\361|f\002\257\361S\240B\264\030\335@\213\025\250"
 167      02AFF153 
 167      A042B418 
 167      DD408B15 
 167      A8
 168 0182 08B99347 		.ascii	"\010\271\223G_G\313\025\350\032t^\205\3163\344qe\367"
 168      5F47CB15 
 168      E81A745E 
 168      85CE33E4 
 168      7165F7
 169 0195 32FEEDD0 		.ascii	"2\376\355\320\010\317/A7\221\003*@\230b 0\313\034\230"
 169      08CF2F41 
 169      3791032A 
 169      40986220 
 169      30CB1C98 
 170 01a9 01E7B2D2 		.ascii	"\001\347\262\322N\252\360\015D,\340\212\016\277\270"
 170      4EAAF00D 
ARM GAS  C:\Users\Pasquale\AppData\Local\Temp\ccsQ7rNm.s 			page 13


 170      442CE08A 
 170      0EBFB8
 171 01b8 C3CDF58C 		.ascii	"\303\315\365\214[s?\343\306\322\252$\236\347P\011<\243"
 171      5B733FE3 
 171      C6D2AA24 
 171      9EE75009 
 171      3CA3
 172 01ca 587C063C 		.ascii	"X|\006<\2224\320\013\017\272y\273\244\324\361\031jG"
 172      9234D00B 
 172      0FBA79BB 
 172      A4D4F119 
 172      6A47
 173 01dc E05C349F 		.ascii	"\340\\4\237\256\037\261\034\201\213\374c\372\214\371"
 173      AE1FB11C 
 173      818BFC63 
 173      FA8CF9
 174 01eb 42AC1F7A 		.ascii	"B\254\037z9\326\010P\242\230\247 K\017'ppf^\372'\020"
 174      39D60850 
 174      A298A720 
 174      4B0F2770 
 174      70665EFA 
 175 0201 20292B1B 		.ascii	" )+\033g\2173_,S\331\215d\036\353\342\304\207I\246\314"
 175      678F335F 
 175      2C53D98D 
 175      641EEBE2 
 175      C48749A6 
 176 0216 B2556119 		.ascii	"\262Ua\031\266\030%.\022\011\341~\364f\347E\247N\324"
 176      B618252E 
 176      1209E17E 
 176      F466E745 
 176      A74ED4
 177 0229 01A3FFA1 		.ascii	"\001\243\377\241P\244\252#h\340\277\037|\223\355\202"
 177      50A4AA23 
 177      68E0BF1F 
 177      7C93ED82 
 178 0239 8FB274B9 		.ascii	"\217\262t\27133^6\217e\001G\022d\250\376\250#\313\202"
 178      33335E36 
 178      8F650147 
 178      1264A8FE 
 178      A823CB82 
 179 024d F9A0E6EE 		.ascii	"\371\240\346\356\234I\267[t\200\270=5\201\237\317\241"
 179      9C49B75B 
 179      7480B83D 
 179      35819FCF 
 179      A1
 180 025e DF7F842A 		.ascii	"\337\177\204* \030\345\020\014\005\252D\213\340\177"
 180      2018E510 
 180      0C05AA44 
 180      8BE07F
 181 026d A4923D6C 		.ascii	"\244\222=l\373\340\2734\325\322L>\263\223/\033\257_"
 181      FBE0BB34 
 181      D5D24C3E 
 181      B3932F1B 
 181      AF5F
 182 027f 595ABE8D 		.ascii	"YZ\276\215\277\017\363>\2418t[\214\323m\222\217\250"
 182      BF0FF33E 
 182      A138745B 
ARM GAS  C:\Users\Pasquale\AppData\Local\Temp\ccsQ7rNm.s 			page 14


 182      8CD36D92 
 182      8FA8
 183 0291 0C752254 		.ascii	"\014u\"T\212\236\201mw\320R\222\200;\0073\347\341nf"
 183      8A9E816D 
 183      77D05292 
 183      803B0733 
 183      E7E16E66 
 184 02a5 5653EDA3 		.ascii	"VS\355\243\011;\201\254\261\316)\203/\213\347I\310\011"
 184      093B81AC 
 184      B1CE2983 
 184      2F8BE749 
 184      C809
 185 02b7 55954855 		.ascii	"U\225HU%\247\252\246T\317\206F\253\035\361\000\2432"
 185      25A7AAA6 
 185      54CF8646 
 185      AB1DF100 
 185      A332
 186 02c9 15973F77 		.ascii	"\025\227?w\006\252N\222:}\356\037\362\372x\243\0033"
 186      06AA4E92 
 186      3A7DEE1F 
 186      F2FA78A3 
 186      0333
 187 02db AA4664AA 		.ascii	"\252Fd\252\021^\022t\2272$\027T\354\302\270\000S\206"
 187      115E1274 
 187      97322417 
 187      54ECC2B8 
 187      005386
 188 02ee DAFCD17A 		.ascii	"\332\374\321z$04\275\373u\3355>\321\216\316\257\025"
 188      243034BD 
 188      FB75DD35 
 188      3ED18ECE 
 188      AF15
 189 0300 E7D79AE7 		.ascii	"\347\327\232\347\327\321\371\207\037v\237\342\360\010"
 189      D7D1F987 
 189      1F769FE2 
 189      F008
 190 030e 9B5F7D36 		.ascii	"\233_}6\3776Rr,7\211\277\240\257n<\273Ti\351k@\264s"
 190      FF365272 
 190      2C3789BF 
 190      A0AF6E3C 
 190      BB5469E9 
 191 0326 F856C701 		.ascii	"\370V\307\001nNw\337\243\356nD\202\277\263\256\034\311"
 191      6E4E77DF 
 191      A3EE6E44 
 191      82BFB3AE 
 191      1CC9
 192 0338 7112AC7A 		.ascii	"q\022\254zj\304\307*\266\225\255\247 T/\232Uo6\353>"
 192      6AC4C72A 
 192      B695ADA7 
 192      20542F9A 
 192      556F36EB 
 193 034d 35ABA06B 		.ascii	"5\253\240k\177\251\206E\273\205pd\024\375Pk\307t5\031"
 193      7FA98645 
 193      BB857064 
 193      14FD506B 
 193      C7743519 
 194 0361 1EC82970 		.ascii	"\036\310)pf\321/\243Q\350=\221\350\304\206\357\023\275"
ARM GAS  C:\Users\Pasquale\AppData\Local\Temp\ccsQ7rNm.s 			page 15


 194      66D12FA3 
 194      51E83D91 
 194      E8C486EF 
 194      13BD
 195 0373 A2B97A48 		.ascii	"\242\271zH\211\013\224tU\007M\227}\035\340\325M\370"
 195      890B9474 
 195      55074D97 
 195      7D1DE0D5 
 195      4DF8
 196 0385 8B5E5D98 		.ascii	"\213^]\230P_?\325`\207K\330\354\035w\362\253\204\335"
 196      505F3FD5 
 196      60874BD8 
 196      EC1D77F2 
 196      AB84DD
 197 0398 A786E8E9 		.ascii	"\247\206\350\3517+\212\034q\031\033|\236\322]\241\302"
 197      372B8A1C 
 197      71191B7C 
 197      9ED25DA1 
 197      C2
 198 03a9 77986236 		.ascii	"w\230b6\312U0\352\370\323\267\340\354\273l\260\250\240"
 198      CA5530EA 
 198      F8D3B7E0 
 198      ECBB6CB0 
 198      A8A0
 199 03bb B84A5880 		.ascii	"\270JX\200\247$}]Y\372^\357\275[\345\300\326\303#\320"
 199      A7247D5D 
 199      59FA5EEF 
 199      BD5BE5C0 
 199      D6C323D0 
 200 03cf 4B4C6D9F 		.ascii	"KLm\237\340F6\263|$/[X\033\006\2653\265bf\036Y\016\317"
 200      E04636B3 
 200      7C242F5B 
 200      581B06B5 
 200      33B56266 
 201 03e7 9643FACD 		.ascii	"\226C\372\315\013R\240n\262\265 \217\305\250\213-\345"
 201      0B52A06E 
 201      B2B5208F 
 201      C5A88B2D 
 201      E5
 202 03f8 6D6ADE1A 		.ascii	"mj\336\032\327T\032'\310p%\215\3413@wP\364s\344j\236"
 202      D7541A27 
 202      C870258D 
 202      E1334077 
 202      50F473E4 
 203 040e 43C0715D 		.ascii	"C\300q]\247;\\\244\350\346\037C_<u\372;\007lbF\036\036"
 203      A73B5CA4 
 203      E8E61F43 
 203      5F3C75FA 
 203      3B076C62 
 204 0425 6D7F25C4 		.ascii	"m\177%\304\313\035\3243cE\011j\334\314\306\366\335:"
 204      CB1DD433 
 204      6345096A 
 204      DCCCC6F6 
 204      DD3A
 205 0437 DA608F9F 		.ascii	"\332`\217\2370\305\274{\273\322\335\033\305?^\215;\330"
 205      30C5BC7B 
 205      BBD2DD1B 
ARM GAS  C:\Users\Pasquale\AppData\Local\Temp\ccsQ7rNm.s 			page 16


 205      C53F5E8D 
 205      3BD8
 206 0449 4869DADE 		.ascii	"Hi\332\336v\204\273\2312\220\370\242S\360\317\"P\367"
 206      7684BB99 
 206      3290F8A2 
 206      53F0CF22 
 206      50F7
 207 045b D7F52FC3 		.ascii	"\327\365/\303/\331\320\207\232\212e\370{v_u\375l6\302"
 207      2FD9D087 
 207      9A8A65F8 
 207      7B765F75 
 207      FD6C36C2 
 208 046f A34C19C9 		.ascii	"\243L\031\311\250\352w\300\343L\3114\035\271\241\306"
 208      A8EA77C0 
 208      E34CC934 
 208      1DB9A1C6 
 209 047f 934C3933 		.ascii	"\223L93q\340\214\023\236a\312\303\302GFG\014/\006Q\214"
 209      71E08C13 
 209      9E61CAC3 
 209      C2474647 
 209      0C2F0651 
 210 0494 972F1F74 		.ascii	"\227/\037t\304F\246\304\027\265\246\011[L'\321{N\367"
 210      C446A6C4 
 210      17B5A609 
 210      5B4C27D1 
 210      7B4EF7
 211 04a7 646A84A8 		.ascii	"dj\204\250\250@O1\325\217#\274\223\201\323\206F\366"
 211      A8404F31 
 211      D58F23BC 
 211      9381D386 
 211      46F6
 212 04b9 A9E68CC3 		.ascii	"\251\346\214\303\2049\016\2364\014\005\371\247\006\325"
 212      84390E9E 
 212      340C05F9 
 212      A706D5
 213 04c8 F2383401 		.ascii	"\36284\001\332D\321\357\250g'\314\236\255\254,y\217"
 213      DA44D1EF 
 213      A86727CC 
 213      9EADAC2C 
 213      798F
 214 04da E471980B 		.ascii	"\344q\230\013\375Q\331\366\314$G\344\306\256\005n\346"
 214      FD51D9F6 
 214      CC2447E4 
 214      C6AE056E 
 214      E6
 215 04eb CB9DFC3B 		.ascii	"\313\235\374;\311'&\300fr\036'_\356y\020\307g-\242T"
 215      C92726C0 
 215      66721E27 
 215      5FEE7910 
 215      C7672DA2 
 216 0500 2FE1B58B 		.ascii	"/\341\265\213\347\026\210\357A/\345-$\377\025lJ\367"
 216      E71688EF 
 216      412FE52D 
 216      24FF156C 
 216      4AF7
 217 0512 1F61274B 		.ascii	"\037a'K\304\024> \207\277\241p/\021].A\217\310\321&"
 217      C4143E20 
ARM GAS  C:\Users\Pasquale\AppData\Local\Temp\ccsQ7rNm.s 			page 17


 217      87BFA170 
 217      2F115D2E 
 217      418FC8D1 
 218 0527 2B741C5F 		.ascii	"+t\034_\366\304\210\343(\274\007\271\302\206\310\340"
 218      F6C488E3 
 218      28BC07B9 
 218      C286C8E0 
 219 0537 E634830F 		.ascii	"\3464\203\017\241\334\226Z\011\373\260mv)\334$\201\017"
 219      A1DC965A 
 219      09FBB06D 
 219      7629DC24 
 219      810F
 220 0549 C9E11D72 		.ascii	"\311\341\035r\323G\214X\204\267\312\341-\022\3664!\036"
 220      D3478C58 
 220      84B7CAE1 
 220      2D12F634 
 220      211E
 221 055b 3CEC6B68 		.ascii	"<\354kh\014\020o\351 \301\303\006\202vr\356h\033\347"
 221      0C106FE9 
 221      20C1C306 
 221      827672EE 
 221      681BE7
 222 056e 861240DE 		.ascii	"\206\022@\336#74\003\302\303\375n\220i\270O\204\326"
 222      23373403 
 222      C2C3FD6E 
 222      9069B84F 
 222      84D6
 223 0580 08B21D24 		.ascii	"\010\262\035$\025d\012\372\366@\373\001\332\024h\223"
 223      15640AFA 
 223      F640FB01 
 223      DA146893 
 224 0590 40E24076 		.ascii	"@\342@v\201$\203\354\340\334\350\206\310\314\234\374"
 224      812483EC 
 224      E0DCE886 
 224      C8CC9CFC 
 225 05a0 3FD1CA51 		.ascii	"?\321\312Q\271\225\036r\027\274\226\270\340{\333\321"
 225      B9951E72 
 225      17BC96B8 
 225      E07BDBD1 
 226 05b0 B3824B7D 		.ascii	"\263\202K}\360\304\266\017\244.\223\330\362\203M[$\340"
 226      F0C4B60F 
 226      A42E93D8 
 226      F2834D5B 
 226      24E0
 227 05c2 498929AF 		.ascii	"I\211)\257\345\340W\263L\031\221\300\373m\303\245y\227"
 227      E5E057B3 
 227      4C1991C0 
 227      FB6DC3A5 
 227      7997
 228 05d4 2C31FC91 		.ascii	",1\374\221\034\376pvVK\027\332&\307?\265\306C\216\326"
 228      1CFE7076 
 228      564B17DA 
 228      26C73FB5 
 228      C6438ED6 
 229 05e8 260B993A 		.ascii	"&\013\231:\011\231:.\340\315/\"z \232\303\352\275\201"
 229      09993A2E 
 229      E0CD2F22 
ARM GAS  C:\Users\Pasquale\AppData\Local\Temp\ccsQ7rNm.s 			page 18


 229      7A209AC3 
 229      EABD81
 230 05fb 0FAE7190 		.ascii	"\017\256q\220\036\004\245\020\276kb\004?\030q\3415\236"
 230      1E04A510 
 230      BE6B6204 
 230      3F1871E1 
 230      359E
 231 060d 4F56D187 		.ascii	"OV\321\207?\266m\254dmO$\236\030\264\235\306VY/]\332"
 231      3FB66DAC 
 231      646D4F24 
 231      9E18B49D 
 231      C656592F 
 232 0623 0B39BE7D 		.ascii	"\0139\276}\226\347\244\360>\333\373\001\205\223\262"
 232      96E7A4F0 
 232      3EDBFB01 
 232      8593B2
 233 0632 BEBEF9AC 		.ascii	"\276\276\371\254\013\256\247\333\036\227ol\315\235\207"
 233      0BAEA7DB 
 233      1E976F6C 
 233      CD9D87
 234 0641 DC17B015 		.ascii	"\334\027\260\0257'\343\004\262\342}0;\215\263|\314\211"
 234      3727E304 
 234      B2E27D30 
 234      3B8DB37C 
 234      CC89
 235 0653 03E67861 		.ascii	"\003\346xa\320^xO\376\321\357\014)\253KO\024(\235R,"
 235      D05E784F 
 235      FED1EF0C 
 235      29AB4B4F 
 235      14289D52 
 236 0668 053B3551 		.ascii	"\005;5Q\334\237\3239'Zm@K\312\317\211\222I'\334BW\250"
 236      DC9FD339 
 236      275A6D40 
 236      4BCACF89 
 236      924927DC 
 237 067f CC4D383F 		.ascii	"\314M8?\244D\356\213\021\200\221\303\031\363\371D\201"
 237      A444EE8B 
 237      118091C3 
 237      19F3F944 
 237      81
 238 0690 0E710E68 		.ascii	"\016q\016h?\207\315\007\236\014\0366\377\241?\222n\270"
 238      3F87CD07 
 238      9E0C1E36 
 238      FFA13F92 
 238      6EB8
 239 06a2 57D3961E 		.ascii	"W\323\226\036\020\370S<^\244@+\350\346\217\016\300\032"
 239      10F8533C 
 239      5EA4402B 
 239      E8E68F0E 
 239      C01A
 240 06b4 C990021D 		.ascii	"\311\220\002\035\344\026\243\357\270\305\354K30\245"
 240      E416A3EF 
 240      B8C5EC4B 
 240      3330A5
 241 06c3 14777844 		.ascii	"\024wxD\271\305\002*\203\023wx\242\220o\321\324\205"
 241      B9C5022A 
 241      83137778 
ARM GAS  C:\Users\Pasquale\AppData\Local\Temp\ccsQ7rNm.s 			page 19


 241      A2906FD1 
 241      D485
 242 06d5 9BC27793 		.ascii	"\233\302w\223|\212J\353\023\213\035\347\374\372\034"
 242      7C8A4AEB 
 242      138B1DE7 
 242      FCFA1C
 243 06e4 E184AFCF 		.ascii	"\341\204\257\317a\366\270\037R\222\306\205\032\306\036"
 243      61F6B81F 
 243      5292C685 
 243      1AC61E
 244 06f3 D4B3BD47 		.ascii	"\324\263\275Gv;\261\357\332/@\315\351N\257Crc\216\201"
 244      763BB1EF 
 244      DA2F40CD 
 244      E94EAF43 
 244      72638E81 
 245 0707 B1473942 		.ascii	"\261G9Bv\234\032C)\251B*\233\351\251C.R\347\222\032"
 245      769C1A43 
 245      29A9422A 
 245      9BE9A943 
 245      2E52E792 
 246 071c 537C7CA6 		.ascii	"S||\246\340\334L\352\334\227\331\374\270\013ng_\315"
 246      E0DC4CEA 
 246      DC97D9FC 
 246      B80B6E67 
 246      5FCD
 247 072e 4B139D09 		.ascii	"K\023\235\011\016P\013\226A\271\\}\013\347\\\316\203"
 247      0E500B96 
 247      41B95C7D 
 247      0BE75CCE 
 247      83
 248 073f CFD2C244 		.ascii	"\317\322\302D\015e8!f\320\011NV/\237\344HY84V\227\206"
 248      0D653821 
 248      66D0094E 
 248      562F9FE4 
 248      48593834 
 249 0756 F14115E5 		.ascii	"\361A\025\345\352\355\272xI)p5\275s{\005o\027\234\266"
 249      EAEDBA78 
 249      49297035 
 249      BD737B05 
 249      6F179CB6 
 250 076a CA9594EB 		.ascii	"\312\225\224\353\224\310uJ\316\225E\271*\306\232/\330"
 250      94C8754A 
 250      CE9545B9 
 250      2AC69A2F 
 250      D8
 251 077b E3738CAB 		.ascii	"\343s\214\253\265\241\310N\240\252\353s;[A\217\004\231"
 251      B5A1C84E 
 251      A0AAEB73 
 251      3B5B418F 
 251      0499
 252 078d 7EACFA3E 		.ascii	"~\254\372>-r\235\226s\235\241\\g\306'v\270\340b\306"
 252      2D729D96 
 252      739DA15C 
 252      67C62776 
 252      B8E062C6 
 253 07a1 353C7E45 		.ascii	"5<~E#p\231\016cv\"8\301N\004\331\"S\266\234\351,ez\334"
 253      2370990E 
ARM GAS  C:\Users\Pasquale\AppData\Local\Temp\ccsQ7rNm.s 			page 20


 253      63762238 
 253      C14E04D9 
 253      2253B69C 
 254 07ba 5B1E8AAB 		.ascii	"[\036\212\253\030\321\371\013\307\362\\\360C\246\354"
 254      18D1F90B 
 254      C7F25CF0 
 254      43A6EC
 255 07c9 28AF38A2 		.ascii	"(\2578\242\202:\034"
 255      823A1C
 256 07d0 9DA72938 		.ascii	"\235\247)8G\265\376]\323\311\233\316s\026\346\0278R"
 256      47B5FE5D 
 256      D3C99BCE 
 256      7316E617 
 256      3852
 257 07e2 98E77242 		.ascii	"\230\347rBa~x\270\364\220\331\322\307m\370\351\340\356"
 257      617E78B8 
 257      F490D9D2 
 257      C76DF8E9 
 257      E0EE
 258 07f4 5D7C661C 		.ascii	"]|f\034\377I\015G\220\350\234\331X\224\303)\211fm\357"
 258      FF490D47 
 258      90E89CD9 
 258      5894C329 
 258      89666DEF 
 259 0808 456AEFC4 		.ascii	"Ej\357\304\333\333\267\325\370\264=\265\2618\277e\217"
 259      DBDBB7D5 
 259      F8B43DB5 
 259      B138BF65 
 259      8F
 260 0819 468C6EE1 		.ascii	"F\214n\341Uit/\211k\277$\347\312\243\\'[Z\257\250p!"
 260      5569742F 
 260      896BBF24 
 260      E7CAA35C 
 260      275B5AAF 
 261 0830 E31A3AD1 		.ascii	"\343\032:\321?h\346\032\331a\355\306\313\"\325e9\325"
 261      3F68E61A 
 261      D961EDC6 
 261      CB22D565 
 261      39D5
 262 0842 154A957E 		.ascii	"\025J\225~\272:Y\211\033\031U\347\325\301GN\226DY\331"
 262      BA3A5989 
 262      1B1955E7 
 262      D5C1474E 
 262      964459D9 
 263 0856 6F952857 		.ascii	"o\225(WE\256\253r\256k\224\353n\317\205r\027\334\305"
 263      45AEAB72 
 263      AE6B94EB 
 263      6ECF8572 
 263      17DCC5
 264 0869 B82E76EF 		.ascii	"\270.v\357\037\0213\305\363\234u\246\344\213d\371r\262"
 264      1F1133C5 
 264      F39C75A6 
 264      E48B64F9 
 264      72B2
 265 087b EB94ACF3 		.ascii	"\353\224\254\363\370\313}\316x\214\221\035\272\373\372"
 265      F8CB7DCE 
 265      788C911D 
ARM GAS  C:\Users\Pasquale\AppData\Local\Temp\ccsQ7rNm.s 			page 21


 265      BAFBFA
 266 088a B2F96D30 		.ascii	"\262\371m0\035\263^c\201HU \247\272A\251r\033\252\333"
 266      1DB35E63 
 266      81485520 
 266      A7BA41A9 
 266      721BAADB 
 267 089e 84B7DA48 		.ascii	"\204\267\332H\016\015\323g{?\302\361\352\277\240:-2"
 267      0E0DD367 
 267      7B3FC2F1 
 267      EABFA03A 
 267      2D32
 268 08b0 EF0F1EEC 		.ascii	"\357\017\036\354\220\220\225\033\310\336\177\300\012"
 268      9090951B 
 268      C8DE7FC0 
 268      0A
 269 08bd C5A9082E 		.ascii	"\305\251\010.\246\357?\235\242\220\034U\\\205\243J\326"
 269      A6EF3F9D 
 269      A2901C55 
 269      5C85A34A 
 269      D6
 270 08ce 8DCE6928 		.ascii	"\215\316i(\212\331c\313\252vB\275\361\035S\214]\333"
 270      8AD963CB 
 270      AA7642BD 
 270      F11D538C 
 270      5DDB
 271 08e0 9B04E404 		.ascii	"\233\004\344\004\321g\312\307[\234\361Q68\363\252\365"
 271      D167CAC7 
 271      5B9CF151 
 271      3638F3AA 
 271      F5
 272 08f1 94706018 		.ascii	"\224p`\030\242\211[\330=\344\202\263\005\353+\336\216"
 272      A2895BD8 
 272      3DE482B3 
 272      05EB2BDE 
 272      8E
 273 0902 3AE21CA6 		.ascii	":\342\034\246\264\235L?\255d\310>\242\037\235\236NT"
 273      B49D4C3F 
 273      AD64C83E 
 273      A21F9D9E 
 273      4E54
 274 0914 E23C3668 		.ascii	"\342<6h\212\337\227\245\3027\23125\220=\244\302\225"
 274      8ADF97A5 
 274      C2379932 
 274      35903DA4 
 274      C295
 275 0926 4CA9183D 		.ascii	"L\251\030=2\354\204\033\231\222\224\365p\247=na\312"
 275      32EC841B 
 275      999294F5 
 275      70A73D6E 
 275      61CA
 276 0938 E8D35D55 		.ascii	"\350\323]UN\270\233)\2255\317\233\324\370\015S\342\372"
 276      4EB89B29 
 276      9535CF9B 
 276      D4F80D53 
 276      E2FA
 277 094a F2B6633C 		.ascii	"\362\266c<\306\224\341\373\025)\032\314k\250\322\220"
 277      C694E1FB 
ARM GAS  C:\Users\Pasquale\AppData\Local\Temp\ccsQ7rNm.s 			page 22


 277      15291ACC 
 277      6BA8D290 
 278 095a BC17B67E 		.ascii	"\274\027\266~#S\314\373\247+\333?g\016\017\035u\302"
 278      2353CCFB 
 278      A72BDB3F 
 278      670E0F1D 
 278      75C2
 279 096c A96CACF8 		.ascii	"\251l\254\370T\32295\316`Jb\343\2566'|\222)\027\373"
 279      54D23935 
 279      CE604A62 
 279      E3AE3627 
 279      7C922917 
 280 0981 B697D9E3 		.ascii	"\266\227\331\343\363\002\254\341]\256\013\276\"(O\363"
 280      F302ACE1 
 280      5DAE0BBE 
 280      22284FF3 
 281 0991 3D7031BB 		.ascii	"=p1\273?\321W\270o\036\276\303\224\256\366\227).\270"
 281      3FD157B8 
 281      6F1EBEC3 
 281      94AEF697 
 281      292EB8
 282 09a4 9129DB4A 		.ascii	"\221)\333J\367\227hp\013S*;;\020\356b\367\375)e\255"
 282      F7976870 
 282      0B532A3B 
 282      3B10EE62 
 282      F7FD2965 
 283 09b9 1C7ECD94 		.ascii	"\034~\315\224s\205\273\272\354\360(S\236\027$\216)\361"
 283      7385BBBA 
 283      ECF02853 
 283      9E17248E 
 283      29F1
 284 09cb 385372A6 		.ascii	"8Sr\246\217\335\327\340i\246\334\277\331\371\302\005"
 284      8FDDD7E0 
 284      69A6DCBF 
 284      D9F9C205 
 285 09db 27B25FE5 		.ascii	"'\262_\345F+\317\216\012\347\236T\022\322Z\343aO\341"
 285      462BCF8E 
 285      0AE79E54 
 285      12D25AE3 
 285      614FE1
 286 09ee D8A3219B 		.ascii	"\330\243!\233[S\306\260\012o\247\330\245)\235\375\327"
 286      5B53C6B0 
 286      0A6FA7D8 
 286      A5299DFD 
 286      D7
 287 09ff 386475D2 		.ascii	"8du\322\260\272\334\205\226\225\0313w\355&rR`W)G\264"
 287      B0BADC85 
 287      96951933 
 287      77ED2672 
 287      52605729 
 288 0a15 D2A885A4 		.ascii	"\322\250\205\244\356\225V\032\017\244\205\011|N\312"
 288      EE95561A 
 288      0FA48509 
 288      7C4ECA
 289 0a24 9E7CC1EA 		.ascii	"\236|\301\352\022\222\203-r\364\354\322\265\374\013"
 289      1292832D 
 289      72F4ECD2 
ARM GAS  C:\Users\Pasquale\AppData\Local\Temp\ccsQ7rNm.s 			page 23


 289      B5FC0B
 290 0a33 B18C792A 		.ascii	"\261\214y*\207K\212}\253Z\244\013\276m\235\364\333\326"
 290      874B8A7D 
 290      AB5AA40B 
 290      BE6D9DF4 
 290      DBD6
 291 0a45 2B1422EF 		.ascii	"+\024\"\357\341#=\010\005\304KRd\200\214\200\274\000"
 291      E1233D08 
 291      05C44B52 
 291      64808C80 
 291      BC00
 292 0a57 7907320A 		.ascii	"y\0072\012\322\003\322\017\362\012d\030\204\307n\350"
 292      D203D20F 
 292      F20A6418 
 292      84C76EE8 
 293 0a67 0768C740 		.ascii	"\007h\307@\206H\021\002\372kh\277\007\231 \005\015\350"
 293      86481102 
 293      FA6B68BF 
 293      07992005 
 293      0DE8
 294 0a79 CFA19D24 		.ascii	"\317\241\235$\205\014)X@\372@\306A\022al\000\332xhg"
 294      850C2958 
 294      40FA40C6 
 294      4112616C 
 294      00DA7868 
 295 0a8e A07D0BF2 		.ascii	"\240}\013\362\306\252\330\177\035$.\252C\276(\253b\237"
 295      C6AAD87F 
 295      1D242EAA 
 295      43BE28AB 
 295      629F
 296 0aa0 D460DD7A 		.ascii	"\324`\335zV\243\302\261\020U\011hK\215z\207\223\025"
 296      56A3C2B1 
 296      10550968 
 296      4B8D7A87 
 296      9315
 297 0ab2 7EAF250E 		.ascii	"~\257%\016k\226s\317\256\307\273\277\024\341\215r\370"
 297      6B9673CF 
 297      AEC7BBBF 
 297      14E18D72 
 297      F8
 298 0ac3 D3D97009 		.ascii	"\323\331p\011\373c\333\354\322\022w\223\210\356\226"
 298      FB63DBEC 
 298      D2127793 
 298      88EE96
 299 0ad2 A30B39F9 		.ascii	"\243\0139\371B_\177).\264A\276P\253S\012AOJ\334r[\216"
 299      425F7F29 
 299      2EB441BE 
 299      50AB530A 
 299      414F4ADC 
 300 0ae9 2E93BBA5 		.ascii	".\223\273\245[\342\362g6].\311Q\323\227b\216>\220\203"
 300      5BE2F267 
 300      365D2EC9 
 300      51D39762 
 300      8E3E9083 
 301 0afd EFCFB27B 		.ascii	"\357\317\262{\344\013\321\222GrKz\345N\231\224X\322"
 301      E40BD192 
 301      47724B7A 
ARM GAS  C:\Users\Pasquale\AppData\Local\Temp\ccsQ7rNm.s 			page 24


 301      E54E9994 
 301      58D2
 302 0b0f 2627B771 		.ascii	"&'\267q\332\225x\274\325\366\373\"-\373%\341l\222\243"
 302      DA9578BC 
 302      D5F6FB22 
 302      2DFB25E1 
 302      6C92A3
 303 0b22 AD4FDEC4 		.ascii	"\255O\336\304r\223\020 \370\004\240\233\266\003$!\257"
 303      72931020 
 303      F804A09B 
 303      B6032421 
 303      AF
 304 0b33 95909B6C 		.ascii	"\225\220\233l\273E\232\210z\021])G\227\313\321#\022"
 304      BB459A88 
 304      7A115D29 
 304      4797CBD1 
 304      2312
 305 0b45 EE7A397A 		.ascii	"\356z9z\326\331\251V\342\224'\266w\005\3132!\236\265"
 305      D6D9A956 
 305      E29427B6 
 305      7705CB32 
 305      219EB5
 306 0b58 7A319E77 		.ascii	"z1\236wm\357PVgTI\204\332mGHb\213I\262\316\0329\372"
 306      6DEF5056 
 306      67544984 
 306      DA6D4748 
 306      628B49B2 
 307 0b70 ADFC08D9 		.ascii	"\255\374\010\331\334\306\216\220\275\266\216\220\035"
 307      DCC68E90 
 307      BDB68E90 
 307      1D
 308 0b7d CF5C4F26 		.ascii	"\317\\O&\3605\236\224\253\3326\227\325\017'\222\367"
 308      F0359E94 
 308      ABDA3697 
 308      D50F2792 
 308      F7
 309 0b8e EB961C5E 		.ascii	"\353\226\034^\302\311\341\223\022\257=\264\235\034\322"
 309      C2C9E193 
 309      12AF3DB4 
 309      9D1CD2
 310 0b9d 97571291 		.ascii	"\227W\022\221{\266w\006i\342IL)\265m\212\364\035\220"
 310      7BB67706 
 310      69E2494C 
 310      29B56D8A 
 310      F41D90
 311 0bb0 70D7D98E 		.ascii	"p\327\331\216\266U@$.\256\260\235J\014Nj\235\334\334"
 311      B6554024 
 311      2EAEB09D 
 311      4A0C4E6A 
 311      9DDCDC
 312 0bc3 76475C4B 		.ascii	"vG\\K?f\334\324\361\222\013j\264\300\335\346\327\001"
 312      3F66DCD4 
 312      F1920B6A 
 312      B4C0DDE6 
 312      D701
 313 0bd5 6DC7EEFF 		.ascii	"m\307\356\377\357>\020,Kz\373Tp\"E\333\360\002\224\204"
 313      EF3E102C 
ARM GAS  C:\Users\Pasquale\AppData\Local\Temp\ccsQ7rNm.s 			page 25


 313      4B7AFB54 
 313      702245DB 
 313      F0029484 
 314 0be9 2D65622F 		.ascii	"-eb/=u\303\032\307\216w]\267\223\036\317\010P,\350\214"
 314      3D75C31A 
 314      C78E775D 
 314      B7931ECF 
 314      08502CE8 
 315 0bfe 981DCFA0 		.ascii	"\230\035\317\240\005\360;\323\356$;\334\314*\201\212"
 315      05F03BD3 
 315      EE243BDC 
 315      CC2A818A 
 316 0c0e F6BC3C35 		.ascii	"\366\274<5ng\312\373\236\322N\015\356\241\212*qdo\202"
 316      6E67CAFB 
 316      9ED24E0D 
 316      EEA18A2A 
 316      71646F82 
 317 0c22 3DFD95D1 		.ascii	"=\375\225\321}\001\363\372@\221$\033S\300\2144<\307"
 317      7D01F3FA 
 317      4091241B 
 317      53C08C34 
 317      3CC7
 318 0c34 9E4913E0 		.ascii	"\236I\023\340\327b\214v\310\301\263\267\265\221_Y\357"
 318      D7628C76 
 318      C8C1B3B7 
 318      B5915F59 
 318      EF
 319 0c45 C7B3B9AD 		.ascii	"\307\263\271\2552W\202N\266M.y\307:\212\330;\006(\351"
 319      3257824E 
 319      B64D2E79 
 319      C73A8AD8 
 319      3B0628E9 
 320 0c59 3B669504 		.ascii	";f\225\004\342\257\336\204\213d@*d\303N\210\310n\220"
 320      E2AFDE84 
 320      8B64402A 
 320      64C34E88 
 320      C86E90
 321 0c6c 3D20BBB0 		.ascii	"= \273\260\345\267\206\203=\357;\021\356g9u\361`\315"
 321      E5B78683 
 321      3DEF3B11 
 321      EE673975 
 321      F160CD
 322 0c7f 7947794E 		.ascii	"yGyNY~\335L\007\226?\307\310\254l,V\222\030\357\003"
 322      597EDD4C 
 322      07963FC7 
 322      C8AC6C2C 
 322      569218EF 
 323 0c94 F05E31C6 		.ascii	"\360^1\306\304f\372\314\342\2433I\032\253\3377\254b"
 323      C466FACC 
 323      E2A33349 
 323      1AABDF37 
 323      AC62
 324 0ca6 BC5F88F1 		.ascii	"\274_\210\361~\032\343\214\370\274n\225\024|\317\352"
 324      7E1AE38C 
 324      F8BC6E95 
 324      147CCFEA 
 325 0cb6 BC7E4000 		.ascii	"\274~@\000\223\366\227\313\227{\300_\310\246\260\257"
ARM GAS  C:\Users\Pasquale\AppData\Local\Temp\ccsQ7rNm.s 			page 26


 325      93F697CB 
 325      977BC05F 
 325      C8A6B0AF 
 326 0cc6 C2A262BC 		.ascii	"\302\242b\274\376\325\313#*\306cSp\270\3077Q\321\261"
 326      FED5CB23 
 326      2AC66353 
 326      70B8C737 
 326      51D1B1
 327 0cd9 311E811B 		.ascii	"1\036\201\033\002Vx{\254[\347\343\261\301?\340[/2\242"
 327      0256787B 
 327      AC5BE7E3 
 327      B1C13FE0 
 327      5B2F32A2 
 328 0ced 8F89D587 		.ascii	"\217\211\325\207\207\207.\017Q\257\375\364\363%Z//\205"
 328      87872E0F 
 328      51AFFDF4 
 328      F3255A2F 
 328      2F85
 329 0cff 835EBF39 		.ascii	"\203^\2779,2v\205\267>vc\310/\203(WL\354\346\320\260"
 329      2C327685 
 329      B73E7663 
 329      C82F8328 
 329      574CECE6 
 330 0d15 A8A0D8A8 		.ascii	"\250\240\330\250\250\360\230\240\257#7/\241wK\202\243"
 330      A8F098A0 
 330      AF23372F 
 330      A1774B82 
 330      A3
 331 0d26 23961822 		.ascii	"#\226\030\"\2762\204\206\032B\203>^\356\271\304\333"
 331      BE328486 
 331      1A42833E 
 331      5EEEB9C4 
 331      DB
 332 0d37 D3EBE33F 		.ascii	"\323\353\343?\254\014\202\376\237FFE\032~j\010\376*"
 332      AC0C82FE 
 332      9F464645 
 332      1A7E6A08 
 332      FE2A
 333 0d49 2C282C32 		.ascii	",(,2$|s\250!(\"\030\270\"\015A\372P\303\306\340\315"
 333      247C73A8 
 333      21282218 
 333      B8220D41 
 333      FA50C3C6 
 334 0d5f E1B1FAD8 		.ascii	"\341\261\372\330\255\337\030b\226oR\250\315\317\373"
 334      ADDF1862 
 334      966F52A8 
 334      CDCFFB
 335 0d6e CFBFEBF3 		.ascii	"\317\277\353\363b\266\306\004\301\362B\201\234<\344"
 335      62B6C604 
 335      C1F24281 
 335      9C3CE4
 336 0d7d B78690D8 		.ascii	"\267\206\220\330\250\350\325\236\277\372\333}\244pd"
 336      A8E8D59E 
 336      BFFADB7D 
 336      A47064
 337 0d8c 77FAB0C8 		.ascii	"w\372\260\310\260XW=\231\240\017\213\376\203\336\360"
 337      B058573D 
ARM GAS  C:\Users\Pasquale\AppData\Local\Temp\ccsQ7rNm.s 			page 27


 337      99A00F8B 
 337      FE83DEF0 
 338 0d9c 4D5878D4 		.ascii	"MXx\324\327\233\015?\263E\035\022\025\021\021\025)\260"
 338      D79B0D3F 
 338      B3451D12 
 338      15111115 
 338      29B0
 339 0dae AFD20568 		.ascii	"\257\322\005h\003\266\000\"$*\332\240\377\366\343\010"
 339      03B60022 
 339      242ADAA0 
 339      FFF6E308 
 340 0dbe B0CC3564 		.ascii	"\260\3145dS\340\326\230\015a\021\206h\277\340\310\320"
 340      53E0D698 
 340      0D611186 
 340      68BFE0C8 
 340      D0
 341 0dcf 7043B4FF 		.ascii	"pC\264\3772[D\321\261\036\302\322`\000\026\007S\347"
 341      325B44D1 
 341      B11EC2D2 
 341      60001607 
 341      53E7
 342 0de1 477E1B16 		.ascii	"G~\033\026\342\033\031\374U\270\201-o\305\217/N\260"
 342      E21B19FC 
 342      55B8812D 
 342      6FC58F2F 
 342      4EB0
 343 0df3 45B0824C 		.ascii	"E\260\202L\006\022;\2556@\267\202\373L\247\364\011X"
 343      06123BAD 
 343      3640B782 
 343      FB4CA7F4 
 343      0958
 344 0e05 A5C33E5A 		.ascii	"\245\303>Z\235r\265\317\006\035\326juX\007\262J\247"
 344      9D72B5CF 
 344      061DD66A 
 344      755807B2 
 344      4AA7
 345 0e17 C3EB03B5 		.ascii	"\303\353\003\265X\373\351\006\245V\353\253\243xo\372"
 345      58FBE906 
 345      A556EBAB 
 345      A3786FFA 
 346 0e27 DF0BFBAE 		.ascii	"\337\013\373\256\325q\2010\323\337W\247\014\014\000"
 346      D5718130 
 346      D3DF57A7 
 346      0C0C00
 347 0e36 B456E70D 		.ascii	"\264V\347\015\342\005\310\177\327\375\225\351\030\023"
 347      E205C87F 
 347      D7FD95E9 
 347      1813
 348 0e44 1B41B220 		.ascii	"\033A\262 \2148\305\321\242\350c\225!\233\202\243]\243"
 348      8C38C5D1 
 348      A2E86395 
 348      219B82A3 
 348      5DA3
 349 0e56 6282C3C1 		.ascii	"b\202\303\301O\353\242B\376kMtT\204\177\240\316\246"
 349      4FEBA242 
 349      FE6B4D74 
 349      54847FA0 
ARM GAS  C:\Users\Pasquale\AppData\Local\Temp\ccsQ7rNm.s 			page 28


 349      CEA6
 350 0e68 97083D81 		.ascii	"\227\010=\201\022w\221\226x\211:X2\321\225F.\034:\364"
 350      12779196 
 350      78893A58 
 350      32D19546 
 350      2E1C3AF4 
 351 0e7c 1BA1471F 		.ascii	"\033\241G\037\026\023\255\261t9\353\3651\206X\375\352"
 351      1613ADB1 
 351      7439EBF5 
 351      318658FD 
 351      EA
 352 0e8d 5581BEEB 		.ascii	"U\201\276\353u\376\316\301\341\377\035\2745\006\"\036"
 352      75FECEC1 
 352      E1FF1DBC 
 352      3506221E 
 353 0e9d 0EB9BBFA 		.ascii	"\016\271\273\372G\002l\330\022K\034\353\241\015\010"
 353      47026CD8 
 353      124B1CEB 
 353      A10D08
 354 0eac F40FF4D0 		.ascii	"\364\017\364\320B|=\374\315\341\212\210\011\213\321"
 354      427C3DFC 
 354      CDE18A88 
 354      098BD1
 355 0ebb 7F1D42BC 		.ascii	"\177\035B\274\275\200\030\365\231u\270\027\012k\373"
 355      BD8018F5 
 355      9975B817 
 355      0A6BFB
 356 0eca 3C325C62 		.ascii	"<2\\b$\265\332\252k!5rs\244\225\345\216\222N\215\316"
 356      24B5DAAA 
 356      6B213572 
 356      73A495E5 
 356      8E924E8D 
 357 0edf 37D057F7 		.ascii	"7\320W\367[_\237\217\035\326\257[\347\357\035\250]\263"
 357      5B5F9F8F 
 357      1DD6AF5B 
 357      E7EF1DA8 
 357      5DB3
 358 0ef1 56671718 		.ascii	"Vg\027\030\250]\253\263\014\375\034k\003I\204\265b\327"
 358      A85DABB3 
 358      0CFD1C6B 
 358      034984B5 
 358      62D7
 359 0f03 CF34ABD6 		.ascii	"\3174\253\326\257\366^\267\336\367S\035\271\363bw\346"
 359      AFF65EB7 
 359      DEF7531D 
 359      B9F36277 
 359      E6
 360 0f14 D1959A55 		.ascii	"\321\225\232U~\253W\010\243~\026\234\237\034\267\302"
 360      7EAB5708 
 360      A37E169C 
 360      9F1CB7C2 
 361 0f24 9EB0400F 		.ascii	"\236\260@\017i\275\244#\336\366\204\201\216\370\011"
 361      69BDA423 
 361      DEF68481 
 361      8EF809
 362 0f33 083F6B84 		.ascii	"\010?k\204\227\232\314\325\005n\320\221\033/rc\031\363"
 362      979ACCD5 
ARM GAS  C:\Users\Pasquale\AppData\Local\Temp\ccsQ7rNm.s 			page 29


 362      056ED091 
 362      1B2F7263 
 362      19F3
 363 0f45 5493D96C 		.ascii	"T\223\331l\314\317\014\362c \254\365\327)\311\"\355"
 363      CCCF0CF2 
 363      6320ACF5 
 363      D729C922 
 363      ED
 364 0f56 61BDA4E5 		.ascii	"a\275\244\345\264:{\037\355o\310\255\315\354\223\004"
 364      B43A7B1F 
 364      ED6FC8AD 
 364      CDEC9304 
 365 0f66 2B7003CB 		.ascii	"+p\003\313\3005+\267la\271\267q\245\247\327\026\003"
 365      C0352BB7 
 365      6C61B9B7 
 365      71A5A7D7 
 365      1603
 366 0f78 C93E9D56 		.ascii	"\311>\235V\253\337\000\333\223\217a\243\212\030\264"
 366      ABDF00DB 
 366      938F61A3 
 366      8A18B4
 367 0f87 E6772A7F 		.ascii	"\346w*\177\037\355g>\276D\363^\363;\027\237\325k\003"
 367      1FED673E 
 367      BE44F35E 
 367      F33B179F 
 367      D56B03
 368 0f9a B49F9B31 		.ascii	"\264\237\2331\177\002"
 368      7F02
 369 0fa0 800D4474 		.ascii	"\200\015Dt"
 370              		.text
 371              		.section	.gnu.lto_.symtab.ed1fab54,"",%progbits
 372 0000 56656374 		.ascii	"VectorB0\000"
 372      6F724230 
 372      00
 373 0009 00       		.ascii	"\000"
 374 000a 00       		.ascii	"\000"
 375 000b 00       		.ascii	"\000"
 376 000c 00000000 		.ascii	"\000\000\000\000\000\000\000\000"
 376      00000000 
 377 0014 C5000000 		.ascii	"\305\000\000\000"
 378 0018 73745F6C 		.ascii	"st_lld_init\000"
 378      6C645F69 
 378      6E697400 
 379 0024 00       		.ascii	"\000"
 380 0025 00       		.ascii	"\000"
 381 0026 00       		.ascii	"\000"
 382 0027 00000000 		.ascii	"\000\000\000\000\000\000\000\000"
 382      00000000 
 383 002f C7000000 		.ascii	"\307\000\000\000"
 384 0033 5F706F72 		.ascii	"_port_irq_epilogue\000"
 384      745F6972 
 384      715F6570 
 384      696C6F67 
 384      756500
 385 0046 00       		.ascii	"\000"
 386 0047 02       		.ascii	"\002"
 387 0048 00       		.ascii	"\000"
ARM GAS  C:\Users\Pasquale\AppData\Local\Temp\ccsQ7rNm.s 			page 30


 388 0049 00000000 		.ascii	"\000\000\000\000\000\000\000\000"
 388      00000000 
 389 0051 C9000000 		.ascii	"\311\000\000\000"
 390 0055 63685379 		.ascii	"chSysTimerHandlerI\000"
 390      7354696D 
 390      65724861 
 390      6E646C65 
 390      724900
 391 0068 00       		.ascii	"\000"
 392 0069 02       		.ascii	"\002"
 393 006a 00       		.ascii	"\000"
 394 006b 00000000 		.ascii	"\000\000\000\000\000\000\000\000"
 394      00000000 
 395 0073 CB000000 		.ascii	"\313\000\000\000"
 396 0077 6E766963 		.ascii	"nvicEnableVector\000"
 396      456E6162 
 396      6C655665 
 396      63746F72 
 396      00
 397 0088 00       		.ascii	"\000"
 398 0089 02       		.ascii	"\002"
 399 008a 00       		.ascii	"\000"
 400 008b 00000000 		.ascii	"\000\000\000\000\000\000\000\000"
 400      00000000 
 401 0093 D0000000 		.ascii	"\320\000\000\000"
 402              		.text
 403              		.section	.gnu.lto_.opts,"",%progbits
 404 0000 272D666D 		.ascii	"'-fmath-errno' '-fsigned-zeros' '-ftrapping-math' '"
 404      6174682D 
 404      6572726E 
 404      6F272027 
 404      2D667369 
 405 0033 2D666E6F 		.ascii	"-fno-trapv' '-fno-openmp' '-fno-openacc' '-mcpu=cor"
 405      2D747261 
 405      70762720 
 405      272D666E 
 405      6F2D6F70 
 406 0066 7465782D 		.ascii	"tex-m4' '-mthumb' '-O2' '-fomit-frame-pointer' '-fa"
 406      6D342720 
 406      272D6D74 
 406      68756D62 
 406      2720272D 
 407 0099 6C69676E 		.ascii	"lign-functions=16' '-ffunction-sections' '-fdata-se"
 407      2D66756E 
 407      6374696F 
 407      6E733D31 
 407      36272027 
 408 00cc 6374696F 		.ascii	"ctions' '-fno-common' '-flto'\000"
 408      6E732720 
 408      272D666E 
 408      6F2D636F 
 408      6D6D6F6E 
 409              		.text
 410              		.comm	__gnu_lto_v1,1,1
 411              		.comm	__gnu_lto_slim,1,1
 412              		.ident	"GCC: (GNU Tools for Arm Embedded Processors 7-2017-q4-major) 7.2.1 20170904 (release) [ARM
ARM GAS  C:\Users\Pasquale\AppData\Local\Temp\ccsQ7rNm.s 			page 31


DEFINED SYMBOLS
                            *ABS*:00000000 hal_st_lld.c
                            *COM*:00000001 __gnu_lto_v1
                            *COM*:00000001 __gnu_lto_slim

NO UNDEFINED SYMBOLS
