ARM GAS  C:\Users\Pasquale\AppData\Local\Temp\cc0qiBs8.s 			page 1


   1              		.cpu cortex-m4
   2              		.eabi_attribute 20, 1
   3              		.eabi_attribute 21, 1
   4              		.eabi_attribute 23, 3
   5              		.eabi_attribute 24, 1
   6              		.eabi_attribute 25, 1
   7              		.eabi_attribute 26, 1
   8              		.eabi_attribute 30, 2
   9              		.eabi_attribute 34, 1
  10              		.eabi_attribute 18, 4
  11              		.file	"hal_pal.c"
  12              		.section	.gnu.lto_.profile.ed1fb7ec,"",%progbits
  13 0000 789C6363 		.ascii	"x\234cc```\001bF\006\015\031\000\000\344\000P"
  13      60606001 
  13      6246060D 
  13      190000E4 
  13      0050
  14              		.text
  15              		.section	.gnu.lto_.icf.ed1fb7ec,"",%progbits
  16 0000 789C6363 		.ascii	"x\234cc``\020a@\000f\206y\373\236\335gb\\1s\326t~\246"
  16      60601061 
  16      40006686 
  16      79FB9EDD 
  16      67625C31 
  17 0019 D7AFB65E 		.ascii	"\327\257\266^\343e\000\000`\334\0112"
  17      E3650000 
  17      60DC0932 
  18              		.text
  19              		.section	.gnu.lto_.jmpfuncs.ed1fb7ec,"",%progbits
  20 0000 789C6363 		.ascii	"x\234cc``hf@\000f\006FF\306\3729@\212\211\221\221\031"
  20      60606866 
  20      40006606 
  20      4646C6FA 
  20      39408A89 
  21 0017 C4006246 		.ascii	"\304\000bF&\030\207q\0163\023\033\003\003\343\001\026"
  21      26188771 
  21      0E33131B 
  21      0303E301 
  21      16
  22 0028 460620FE 		.ascii	"F\006 \376\017\004\374\014h|F\306)\314\214\323Z\017"
  22      0F04FC0C 
  22      687C46C6 
  22      29CC8CD3 
  22      5A0F
  23 003a 9D67EF66 		.ascii	"\235g\357f\006\352ed`\334\314(\003\024z\275g\303\015"
  23      06EA6564 
  23      60DCCC28 
  23      03147ABD 
  23      67C30D
  24 004d 56881044 		.ascii	"V\210\020D\335\026F\031\246JF\014\323\000\214y&%"
  24      DD164619 
  24      A64A460C 
  24      D3008C79 
  24      2625
  25              		.text
  26              		.section	.gnu.lto_.inline.ed1fb7ec,"",%progbits
  27 0000 789C6363 		.ascii	"x\234cc``\370\316\200\000\314\014\014\234\034\214\314"
ARM GAS  C:\Users\Pasquale\AppData\Local\Temp\cc0qiBs8.s 			page 2


  27      6060F8CE 
  27      8000CC0C 
  27      0C9C1C8C 
  27      CC
  28 0011 0C0A8C20 		.ascii	"\014\012\214 &\210t\000\223\012\034l\037\364\030\330"
  28      26887400 
  28      930A1C6C 
  28      1FF418D8 
  29 0021 16C83331 		.ascii	"\026\310310\276`g\201\220 \202\003\314\344\000\021\002"
  29      30BE6067 
  29      81902082 
  29      03CCE400 
  29      1102
  30 0033 60A600C8 		.ascii	"`\246\000\310\030F\006>^F\026F\240N\210!\012HF1p3]\340"
  30      1846063E 
  30      5E461646 
  30      A04E8821 
  30      0A484631 
  31 004b 87180564 		.ascii	"\207\030\005d\240\030\302\262@\236\007j\022\363\016"
  31      A018C2B2 
  31      409E076A 
  31      12F30E
  32 005a 710106A0 		.ascii	"q\001\006\240\2352 \276\002X^\001d2\023\003\2670\212"
  32      9D3220BE 
  32      02585E01 
  32      64321303 
  32      B7308A
  33 006d FBA04673 		.ascii	"\373\240Fs\002\345\210s\036\320R\011\220I,\274@\357"
  33      02E58873 
  33      1ED05209 
  33      90492CBC 
  33      40EF
  34 007f 4EF00341 		.ascii	"N\360\003A\006\000\373F \246"
  34      0600FB46 
  34      20A6
  35              		.text
  36              		.section	.gnu.lto_.pureconst.ed1fb7ec,"",%progbits
  37 0000 789C6363 		.ascii	"x\234cc```\007bf\006)F)&I\000\001\274\000a"
  37      60606007 
  37      62660629 
  37      46292649 
  37      0001BC00 
  38              		.text
  39              		.section	.gnu.lto_palReadBus.ed1fb7ec,"",%progbits
  40 0000 789C9591 		.ascii	"x\234\225\221\317KTQ\024\307\317\367\2357w\336\250\343"
  40      CF4B5451 
  40      14C7CFF7 
  40      9D3777DE 
  40      A8E3
  41 0012 3F908B59 		.ascii	"?\220\213YH2\020\363p\331?\320\277\021:\033\005\301"
  41      483210F3 
  41      70D93FD0 
  41      BF113A1B 
  41      05C1
  42 0024 6808DA79 		.ascii	"h\010\332y\347\207\246X \342\017\030\2362\213$\010\242"
  42      E787A658 
  42      20E20F18 
ARM GAS  C:\Users\Pasquale\AppData\Local\Temp\cc0qiBs8.s 			page 3


  42      9E328B24 
  42      08A2
  43 0036 A2C9A9C9 		.ascii	"\242\311\251\311\3525\302\354\306\264E\024\270\312\225"
  43      EA35C2EC 
  43      C6B44514 
  43      B8CA95
  44 0045 1152D132 		.ascii	"\021R\3212\314s\356(\314\242\215\360\336\271\347\334"
  44      CC73EE28 
  44      CCA28DF0 
  44      DEB9E7DC 
  45 0055 7BCEE77C 		.ascii	"{\316\347|\317\275\206\210\356zD\327d\275\"?\230\340"
  45      CFBD8688 
  45      EE7A44D7 
  45      64BD223F 
  45      98E0
  46 0067 2DED1115 		.ascii	"-\355\021\025\003\017P\307\006\240\031\0173\270\317"
  46      030F50C7 
  46      06A0190F 
  46      33B8CF
  47 0076 2B8C83CA 		.ascii	"+\214\203\312\263\210\0279\2224_\302_\235\352\321\240"
  47      B3881739 
  47      92345FC2 
  47      5F9DEAD1 
  47      A0
  48 0087 864046C2 		.ascii	"\206@F\302\037'\355\372@\366\221\265%\033\257/\233\315"
  48      1F27EDFA 
  48      40F691B5 
  48      251BAF2F 
  48      9BCD
  49 0099 FABE4D45 		.ascii	"\372\276ME\354\321\232\244\3271\204\027\030\322\036"
  49      ECD19AA4 
  49      D7318417 
  49      18D21E
  50 00a8 2F9195E4 		.ascii	"/\221\225\344\331\203\3659\346,H\374\257?\037\037\016"
  50      D983F539 
  50      E62C48FC 
  50      AF3F1F1F 
  50      0E
  51 00b9 8E6CB9C2 		.ascii	"\216l\271\302?\017\331\016G\314\330\006\367\026\312"
  51      3F0FD90E 
  51      47CCD806 
  51      F716CA
  52 00c8 16A18111 		.ascii	"\026\241\201\021\315\377\366\374t5m\374\032\223\262"
  52      CDFFF6FC 
  52      74356DFC 
  52      1A93B2
  53 00d7 05F90A86 		.ascii	"\005\371\012\206 \316\323O\211\330\236\376\273g\343"
  53      20CED34F 
  53      89D89EFE 
  53      BB67E3
  54 00e6 C32D6CDC 		.ascii	"\303-l\334HyR\346\263\230\204/\306$\3243j\222PV@*\217"
  54      487952E6 
  54      B398842F 
  54      C624D433 
  54      6A925056 
  55 00fd E68521B3 		.ascii	"\346\205!\263\332\230\026$\024\257\034\323w\224\232"
  55      DA981624 
ARM GAS  C:\Users\Pasquale\AppData\Local\Temp\cc0qiBs8.s 			page 4


  55      14AF1CD3 
  55      77949A
  56 010c C70F768D 		.ascii	"\307\017v\215\242\253\354I\323\265\331\326\307\244\016"
  56      A2ABEC49 
  56      D3B5D9D6 
  56      C7A40E
  57 011b CB4EF34E 		.ascii	"\313N\363N\253\32365l\026\255\265\231\210\223UN\342"
  57      ABD33635 
  57      6C16ADB5 
  57      99889355 
  57      4EE2
  58 012d B50EA8F7 		.ascii	"\265\016\250\367\262\270\374\005\341\023\273\344\216"
  58      B2B8FC05 
  58      E113BBE4 
  58      8E
  59 013a 023451C3 		.ascii	"\0024Q\303\252\012%\274A(\354V3\325\005s/8\365?p\237"
  59      AA0A25BC 
  59      4128EC56 
  59      33D50573 
  59      2F38F53F 
  60 0150 74C7CE39 		.ascii	"t\307\3169\370s\243\331H\013\270R\324\243~\274u`\235"
  60      F873A3D9 
  60      480BB852 
  60      D4A37EBC 
  60      75609D
  61 0163 1CEF1CB8 		.ascii	"\034\357\034\270t\001\366/%q\000\357\035\311SR\354H"
  61      7401F62F 
  61      257100EF 
  61      1DC95352 
  61      EC48
  62 0175 E5DF73E8 		.ascii	"\345\337s\350\242\022\"S\200\275ts)z\032\037\034\335"
  62      A2122253 
  62      80BD7473 
  62      297A1A1F 
  62      1CDD
  63 0187 3D55AB4B 		.ascii	"=U\253K\377{A\017\\\003C'(e\316w\364\242\346e*y\011"
  63      FF7B410F 
  63      5C034327 
  63      2865CE77 
  63      F4A2E665 
  64 019e 11743597 		.ascii	"\021t5\227\013\345\313OL\216ON\027F\257\217\206\323"
  64      0BE5CB4F 
  64      4C8E4F4E 
  64      1746AF8F 
  64      86D3
  65 01b0 8570626C 		.ascii	"\205pbl*,\334\316\353z\363\326\330T.O<~\247p\006+\364"
  65      2A2CDCCE 
  65      EB7AF3D6 
  65      D8542E4F 
  65      3C7EA770 
  66 01c7 CF9A     		.ascii	"\317\232"
  67              		.text
  68              		.section	.gnu.lto_palWriteBus.ed1fb7ec,"",%progbits
  69 0000 789C9552 		.ascii	"x\234\225R\317O\023Q\020~\337\316v\333B[\360f\002\007"
  69      CF4F1351 
  69      107EDFCE 
  69      76DB425B 
ARM GAS  C:\Users\Pasquale\AppData\Local\Temp\cc0qiBs8.s 			page 5


  69      F0660207 
  70 0014 0E22E941 		.ascii	"\016\"\351A6\350\311\277\306@/4!\301X\215G\226\322\026"
  70      36E8C9BF 
  70      C6402F34 
  70      21C1588D 
  70      4796D216 
  71 0028 0D9A1023 		.ascii	"\015\232\020#%\251\013i \026cb\304\370\243\362C\\\253"
  71      25A90B69 
  71      20166362 
  71      C4F8A3F2 
  71      435CAB
  72 003b 8226A0C0 		.ascii	"\202&\240\300\201\25011\321\204\203\211\212\0111\036"
  72      81A83131 
  72      D1848389 
  72      8A09311E 
  73 004b 4871E695 		.ascii	"Hq\346\225J1^x\331\235\367f\336\3147\337\274\031K)5"
  73      4A315E78 
  73      D99DF766 
  73      DECC37DF 
  73      BC194B29 
  74 0060 474A9DE2 		.ascii	"GJ\235\342\275\211\177\220\2021\374F\251\376\200\001"
  74      BD897F90 
  74      8231FC46 
  74      A9FE8001 
  75 0070 C8C10940 		.ascii	"\310\301\011@\365\031\350\303\025\272N(\015n\316\030"
  75      F519E8C3 
  75      15BA4E28 
  75      0D6ECE18 
  76 0080 D1298797 		.ascii	"\321)\207\2277\272me\234\364Q\227\303\263\374\313\302"
  76      37BA6D65 
  76      9CF45197 
  76      C3B3FCCB 
  76      C2
  77 0091 7D44D96B 		.ascii	"}D\331k-5\355\322\020\271\004\230\254\376\\\311}\211"
  77      2D35EDD2 
  77      10B90498 
  77      ACFE5CC9 
  77      7D89
  78 00a3 886AA085 		.ascii	"\210j\240\205\325\364\332h\206(\012\305\347\367[\267"
  78      D5F4DA68 
  78      86280AC5 
  78      E7F75BB7 
  79 00b3 3F46DA6E 		.ascii	"?F\332n:N\322\361v&\3119\346\022\341\021\210\001\361"
  79      3A4ED2F1 
  79      7626C939 
  79      E612E111 
  79      8801F1
  80 00c6 10CD7880 		.ascii	"\020\315x\200f\305&\205\"\332\330}\254<\261TO'tha\301"
  80      66C52685 
  80      22DAD87D 
  80      AC3CB154 
  80      4F277468 
  81 00dc 8DED452E 		.ascii	"\215\355E.\027t\244\211\307\377F\232\0123h\023\367\317"
  81      1774A489 
  81      C7FF469A 
  81      0A336813 
  81      F7CF
ARM GAS  C:\Users\Pasquale\AppData\Local\Temp\cc0qiBs8.s 			page 6


  82 00ee F7CA2361 		.ascii	"\367\312#a\313\314W\331b\026\026\204\301\352\364P\204"
  82      CBCC57D9 
  82      62161684 
  82      C1EAF450 
  82      84
  83 00ff 4E6AC80F 		.ascii	"Nj\310\017\253\205\251p\353\244\306\374u\303\3129^\252"
  83      AB85A970 
  83      EBA4C6FC 
  83      75C3CA39 
  83      5EAA
  84 0111 C5251FE6 		.ascii	"\305%\037\346\016\302\312\332G\304<Z5\032c>aL\336\304"
  84      0EC2CADA 
  84      47C43C5A 
  84      351A633E 
  84      614CDEC4 
  85 0125 7477DDE7 		.ascii	"tw\335\3479\345\335A\307\333h\372\261\375\351H\003 "
  85      39E5DD41 
  85      C7DB68FA 
  85      B1FDE948 
  85      0320
  86 0137 540C2665 		.ascii	"T\014&e\221\010S\204\217\205\337\022\341\0275 \"(\242"
  86      91085384 
  86      8F85DF12 
  86      E1173520 
  86      2228A2
  87 014a 8E452004 		.ascii	"\216E \004\251;\254t\012u\211isG\034O]&CN\003\236\372"
  87      A93BAC74 
  87      0A758969 
  87      73471C4F 
  87      5D26434E 
  88 0161 8A6439F3 		.ascii	"\212d9\363\255\030\222\31492r\0041\315\006+\272t,\233"
  88      AD1892CC 
  88      39327204 
  88      31CD062B 
  88      BA742C9B 
  89 0175 2EBDF5CB 		.ascii	".\275\365\313\343\223.q\276\264\262h\3451\336\317\035"
  89      E3932E71 
  89      BEB4B268 
  89      E531DECF 
  89      1D
  90 0186 E4DA8239 		.ascii	"\344\332\2029\012aAj\222>\015]{\007\373\2163\254\257"
  90      0A61416A 
  90      923E0D5D 
  90      7B07FB8E 
  90      33ACAF
  91 0199 EAF01479 		.ascii	"\352\360\024y\214\350\316\302\203\315\300\003;\031T"
  91      8CE8CEC2 
  91      83CDC003 
  91      3B1954
  92 01a8 904D9D8C 		.ascii	"\220M\235\214j\223\371\016\205^\217g\032\035\202^\252"
  92      6A93F90E 
  92      855E8F67 
  92      1A1D825E 
  92      AA
  93 01b9 A067ABE8 		.ascii	"\240g\253\350{h\353[\313c\365B\335\217F<g\030\366\331"
  93      7B68EB5B 
  93      CB63F542 
ARM GAS  C:\Users\Pasquale\AppData\Local\Temp\cc0qiBs8.s 			page 7


  93      DD8F463C 
  93      6718F6D9 
  94 01cd AAFAF835 		.ascii	"\252\372\3705\011\353\000\253\000\327_a\265\357\027"
  94      09EB00AB 
  94      00D75F61 
  94      B5EF17
  95 01dc D4669FD8 		.ascii	"\324f\237\330~Wma\035\036T\233H\266\350\236\361\373"
  95      7E576D61 
  95      1D1E549B 
  95      48B6E89E 
  95      F1FB
  96 01ee B2B5B69A 		.ascii	"\262\265\266\232\272CU\023\302\013]\215!\325\274\324"
  96      BA435513 
  96      C20B5D8D 
  96      21D5BCD4 
  97 01fe D594B21A 		.ascii	"\325\224\262\032\251\266\003\341\377u \302\271\260\270"
  97      A9B603E1 
  97      FF7520C2 
  97      B9B0B8
  98 020d 87BA519C 		.ascii	"\207\272Q\234-\206\0315\325/W\015X\322\250T\231\267"
  98      2D861935 
  98      D52F570D 
  98      58D2A854 
  98      99B7
  99 021f B9F1895B 		.ascii	"\271\361\211[\370{\331\210W\260Gx\3009\343k\330B\377"
  99      F87BD988 
  99      57B04778 
  99      C039E36B 
  99      D842FF
 100 0232 3B92F9DD 		.ascii	";\222\371\335\253\250\314\242\222\201\201\214\011\223"
 100      ABA8CCA2 
 100      9281818C 
 100      0993
 101 0240 3ADEDE6E 		.ascii	":\336\336n\363\027\353\216w\305{\023\035\247;\354\336"
 101      F317EB8E 
 101      77C57B13 
 101      1DA73BEC 
 101      DE
 102 0251 84DDDDD9 		.ascii	"\204\335\335\331c'\316\305d?s\266\263\247=\246\250\353"
 102      6327CEC5 
 102      643F73B6 
 102      B3A73DA6 
 102      A8EB
 103 0263 42C2EC8A 		.ascii	"B\302\354\212\237O\340\342\037x\200.\034"
 103      9F4FE0E2 
 103      1F78802E 
 103      1C
 104              		.text
 105              		.section	.gnu.lto_palSetBusMode.ed1fb7ec,"",%progbits
 106 0000 789C9592 		.ascii	"x\234\225\222\301O\023A\024\306\3377o\273\333\202p6"
 106      C14F1341 
 106      14C6DF37 
 106      6FBBDB82 
 106      7036
 107 0012 91430F84 		.ascii	"\221C\017\204\246\007\273\351\321\277\200?\303@1\001"
 107      A607BBE9 
 107      D1BF803F 
ARM GAS  C:\Users\Pasquale\AppData\Local\Temp\cc0qiBs8.s 			page 8


 107      C3403101 
 108 0022 83A9A1F1 		.ascii	"\203\251\241\361\334\241\330\202\201\004\242R\222\272"
 108      DCA1D882 
 108      8104A252 
 108      92BA
 109 0030 213D5048 		.ascii	"!=PHH\214\032@- ,=p\022\015\234$\250\007ML4\225@\270"
 109      488C1A40 
 109      2D202C3D 
 109      70120D9C 
 109      24A8074D 
 110 0049 02FA66D0 		.ascii	"\002\372f\320\203\336\230\354\314\274\331y\337o\276"
 110      83DE98EC 
 110      CCBCD979 
 110      DF6FBE
 111 0058 79199788 		.ascii	"y\031\227\210n+\242\264\314\327\244\203\011j\352\035"
 111      6E2BA2B4 
 111      CCD7A483 
 111      096AEA1D 
 112 0068 D1705401 		.ascii	"\321pT\001&\320QP^!\217\011~\314h\214~\253\253\344\202"
 112      26D05150 
 112      5E218F09 
 112      7ECC688C 
 112      7EABABE4 
 113 007d 9616CEEC 		.ascii	"\226\026\316\354y%]\274\0320QY\272iXBR\262v\357?\017"
 113      79255DBC 
 113      1A305159 
 113      BA695842 
 113      52B276EF 
 114 0093 789C0306 		.ascii	"x\234\003\006\034Y\036\357T\276\266\233\245B\\\226\305"
 114      1C591EEF 
 114      54BEB69B 
 114      A5425C96 
 114      C5
 115 00a4 DD991273 		.ascii	"\335\231\022s\022$\361\376\321\342\307\366DM\353\202"
 115      1224F1FE 
 115      D1E2C7F6 
 115      444DEB82 
 116 00b4 0EDFCEB1 		.ascii	"\016\337\316\261\356\014\230\361\022,@\254\240\003\313"
 116      EE0C98F1 
 116      122C40AC 
 116      A003CB
 117 00c3 E820F945 		.ascii	"\350 \371Ex\205\204\244\237,\325\036\265\362u+\375|"
 117      788584A4 
 117      9F2CD51E 
 117      B5F2752B 
 117      FD7C
 118 00d5 B8FCA4E5 		.ascii	"\270\374\244\345\217\364\264f\245\016^\377/u\010u$L"
 118      8FF4B466 
 118      A50E5EFF 
 118      2F750875 
 118      244C
 119 00e7 FE9717E7 		.ascii	"\376\227\027\347\323m\256S\375k\027\253p\011\022<\333"
 119      D36DAE53 
 119      FD6B17AB 
 119      7009123C 
 119      DB
 120 00f8 8B84FAFC 		.ascii	"\213\204\372\374\327\250\016\233\363\370\324\035S\""
ARM GAS  C:\Users\Pasquale\AppData\Local\Temp\cc0qiBs8.s 			page 9


 120      D7A80E9B 
 120      F3F8D41D 
 120      5322
 121 0106 8BB00CAE 		.ascii	"\213\260\014\256#\203\0271\221\013\343\300\203\205\321"
 121      23831731 
 121      910BE3C0 
 121      8385D1
 122 0115 98E8A536 		.ascii	"\230\350\2456:\244\007\254L4\022\322\017\024V\277\377"
 122      3AA407AC 
 122      4C3412D2 
 122      0F1456BF 
 122      FF
 123 0126 CC186A85 		.ascii	"\314\030j\205\225\234W.6\336{\346\326l\355\2567v\266"
 123      959C572E 
 123      36DE7BE6 
 123      D66CEDAE 
 123      3776B6
 124 0139 DD2A6687 		.ascii	"\335*f\207\245t\361\200\243\025v\261&\026\315\336\361"
 124      A574F180 
 124      A31576B1 
 124      2616CDDE 
 124      F1
 125 014a F8C30FF0 		.ascii	"\370\303\017\360\237\352)\273\025\303:\252\230\266%"
 125      9FEA29BB 
 125      15C33AAA 
 125      98B625
 126 0159 C51BF816 		.ascii	"\305\033\370\026\035\273\000\363\245H-\330\260$sKl\376"
 126      1DBB00F3 
 126      A5482DD8 
 126      B024734B 
 126      6CFE
 127 016b 4B722E45 		.ascii	"Kr.EjEhI\312\220\266,i\344\250\204\013TD|\011\220\232"
 127      6A456849 
 127      CA90B62C 
 127      69E4A884 
 127      0B54447C 
 128 0182 28C56D55 		.ascii	"(\305mUE^\2577\017\274\374\231\216\006|\245l\014\240"
 128      455EAF37 
 128      0FBCFC99 
 128      8E067CA5 
 128      6C0CA0
 129 0195 813C4965 		.ascii	"\201<Iel\272\027p\033\035\242P]\233\264\014\373x\306"
 129      6CBA1770 
 129      1B1DA250 
 129      5D9BB40C 
 129      FB78C6
 130 01a8 244D6A29 		.ascii	"$Mj)Gt\245R\276|\231\376\201\336\201l.}#\355gs~\177"
 130      4774A552 
 130      BE7C99FE 
 130      81DE816C 
 130      2E7D23ED 
 131 01c0 CFA09F1B 		.ascii	"\317\240\237\033\312\230\371\346\335\236\301T\206\270"
 131      CA98F9E6 
 131      DD9EC154 
 131      86B8
 132 01ce F75ECEB9 		.ascii	"\367^\316\271\223\355\273\365\033\3774\315\242"
 132      93EDBBF5 
ARM GAS  C:\Users\Pasquale\AppData\Local\Temp\cc0qiBs8.s 			page 10


 132      1BFF34CD 
 132      A2
 133              		.text
 134              		.section	.gnu.lto_.symbol_nodes.ed1fb7ec,"",%progbits
 135 0000 789C6363 		.ascii	"x\234cc``\010\004b\006\246\023L\365\014\014\023\316"
 135      60600804 
 135      6206A613 
 135      4CF50C0C 
 135      13CE
 136 0012 313000A9 		.ascii	"10\000\251]\015\216@\221\223L\365\214\250\"\247\230"
 136      5D0D8E40 
 136      91934CF5 
 136      8CA822A7 
 136      98
 137 0023 EA995044 		.ascii	"\352\231PD\030\3172\3253\203E\030\030\032\032\034\030"
 137      18CF32D5 
 137      33834518 
 137      181A1A1C 
 137      18
 138 0034 18989998 		.ascii	"\030\230\231\230\031\226<\374\307\310\000\000d~\024"
 138      19963CFC 
 138      C7C80000 
 138      647E14
 139 0043 C3       		.ascii	"\303"
 140              		.text
 141              		.section	.gnu.lto_.refs.ed1fb7ec,"",%progbits
 142 0000 789C6363 		.ascii	"x\234cc```\004b\006\000\000D\000\010"
 142      60606004 
 142      62060000 
 142      440008
 143              		.text
 144              		.section	.gnu.lto_.decls.ed1fb7ec,"",%progbits
 145 0000 789CAD58 		.ascii	"x\234\255X{TT\307\031\277sg\027\226\313\002\026l\217"
 145      7B5454C7 
 145      19BF7367 
 145      1796CB02 
 145      166C8F
 146 0013 AD1C0F27 		.ascii	"\255\034\017'A\263M\023\020m\243\355Iz\022\037\325\264"
 146      41B34D13 
 146      106DA3ED 
 146      497A121F 
 146      D5B4
 147 0025 A6783069 		.ascii	"\246x0i\216\247\264\033\002k\344\024X\313.=\315_\275"
 147      8EA7B41B 
 147      026BE414 
 147      58CB2E3D 
 147      CD5FBD
 148 0038 B088185F 		.ascii	"\260\210\030_\340\0330\001E1(\242&\210 \012\270>@\020"
 148      E01B3001 
 148      453128A2 
 148      2688200A 
 148      B83E4010 
 149 004c 4554149F 		.ascii	"ET\024\237\030E\211\022\303\303\240<\204~3s\357\336"
 149      18458912 
 149      C3C3A03C 
 149      847E3373 
 149      EFDE
ARM GAS  C:\Users\Pasquale\AppData\Local\Temp\cc0qiBs8.s 			page 11


 150 005e CBCA8D69 		.ascii	"\313\312\215iO\356av\356\314\375\346\373\375\276\337"
 150      4FEE6176 
 150      EECCFDE6 
 150      FBFDBEDF 
 151 006e 7C33732F 		.ascii	"|3s/\036\034\307u\004p\334<\314qy\210\343\206\341\322"
 151      1E1CC775 
 151      0470DC3C 
 151      CC717988 
 151      E386E1D2 
 152 0082 41DF5128 		.ascii	"A\337Q(\320\305\215\201>'\324\376P\223\213<\3739\334"
 152      D0C58D81 
 152      3E27D4FE 
 152      50938B3C 
 152      FB39DC
 153 0095 4F80F222 		.ascii	"O\200\362\"\224_J\375\352k*\317q\276d\014\224\261\034"
 153      945F4AFD 
 153      EA6B2ACF 
 153      71BE640C 
 153      94B11C
 154 00a8 1B4FFC0C 		.ascii	"\033O\374\014@\375\022\224\205P\374\240\3752\224_A\351"
 154      40FD1294 
 154      8550FCA0 
 154      FD32945F 
 154      41E9
 155 00ba 87760D94 		.ascii	"\207v\015\224W\340\376U\3040<\241~\010\265\000\2657"
 155      57E0FE55 
 155      C4303CA1 
 155      7E08B500 
 155      B537
 156 00cc 1424E192 		.ascii	"\024$\341\222\372u7\3147\000\357'P\177\240\302\224y"
 156      FA7537CC 
 156      3700EF27 
 156      507FA0C2 
 156      9479
 157 00de 57A93007 		.ascii	"W\2510\007$\\\202\361\212\033\376-\211\203\236cx\004"
 157      245C82F1 
 157      8A1BFE2D 
 157      89839E63 
 157      7804
 158 00f0 9770780C 		.ascii	"\227px\014\355\353\034\303\235 \341\277\345\206?G\212"
 158      EDEB1CC3 
 158      9D20E1BF 
 158      E5863F47 
 158      8A
 159 0101 D71DDF5F 		.ascii	"\327\035\337_#f\031\177\006\024\023b:{\"\005\027\334"
 159      2366197F 
 159      06141362 
 159      3A7B2205 
 159      17DC
 160 0113 B9B42550 		.ascii	"\271\264%P\177t\303[\217\321\271\324}[\360\012\214\374"
 160      7F74C35B 
 160      8FD1B9D4 
 160      7D5BF00A 
 160      8CFC
 161 0125 05A48366 		.ascii	"\005\244\203fWC\366m_h\216\025P\0204\263+\036\325\351"
 161      5743F66D 
 161      5F688E15 
ARM GAS  C:\Users\Pasquale\AppData\Local\Temp\cc0qiBs8.s 			page 12


 161      501034B3 
 161      2B1ED5E9 
 162 0139 D9530334 		.ascii	"\331S\0034\207\013\366-7`\036\221\201\327k\013w\223"
 162      870BF62D 
 162      37601E91 
 162      81D76B0B 
 162      7793
 163 014b 812F0988 		.ascii	"\201/\011\210L\265\037t\355\355(\357\363a]\304\342V"
 163      4CB51F74 
 163      EDED28EF 
 163      F3615DC4 
 163      E256
 164 015d F7EE153C 		.ascii	"\367\356\025<\366\244\367\003\007\363\372\014!E\"\273"
 164      F6A4F703 
 164      07F3FA0C 
 164      214522BB 
 165 016d 0C7FE350 		.ascii	"\014\177\343P9\3022\207\2465\335\333=\361k\304\220\277"
 165      39C23287 
 165      A635DDDB 
 165      3DF16BC4 
 165      90BF
 166 017f D93270CD 		.ascii	"\3312p\315\027\011\246tQL\021\363\034\242\327\\\016"
 166      1709A674 
 166      514C11F3 
 166      1CA2D75C 
 166      0E
 167 0190 95A040F4 		.ascii	"\225\240@\364%\012\344\320\021d\"\316\017\241\020\016"
 167      250AE4D0 
 167      116422CE 
 167      0FA1100E 
 168 01a0 9541E741 		.ascii	"\225A\347A\350, \016\253\317n\376}V\267(\006\241\303"
 168      E82C200E 
 168      ABCF6EFE 
 168      7D56B728 
 168      06A1C3
 169 01b3 48401508 		.ascii	"H@\025\010S\033\010\372%\201A\024n\317\334\346\201?"
 169      531B08FA 
 169      25814114 
 169      6ECFDCE6 
 169      813F
 170 01c5 4714A322 		.ascii	"G\024\243\"\247\355\004\257\205Q\255\215Q\374\302\311"
 170      A7ED04AF 
 170      8551AD8D 
 170      51FCC2C9 
 171 01d5 A5A2C8A3 		.ascii	"\245\242\310\243*\300\250T0\000\222\201\244\036\357"
 171      2AC0A854 
 171      30009281 
 171      A41EEF
 172 01e4 CDF4C1AB 		.ascii	"\315\364\301\253\250>\374\335\276\324\022o-\220c\232"
 172      A83EFCDD 
 172      BED4126F 
 172      2D90639A 
 173 01f4 2097EA4D 		.ascii	" \227\352Me\027H N\0009\252\200T\311 \027\273\2727\372"
 173      65174820 
 173      4E0039AA 
 173      8054C920 
 173      17BBBA37 
ARM GAS  C:\Users\Pasquale\AppData\Local\Temp\cc0qiBs8.s 			page 13


 174 0209 E2CB6C12 		.ascii	"\342\313l\022\344\351\362g\323\265ox}\253\017\276\311"
 174      E4E9F267 
 174      D3B56F78 
 174      7DAB0FBE 
 174      C9
 175 021a 9E6D6EDA 		.ascii	"\236mn\332?[\000t\307\017\012\021\006<Lmk\365f\316\306"
 175      3F5B0074 
 175      C70F0A11 
 175      063C4C6D 
 175      6BF566CE 
 176 022f 41F3AB94 		.ascii	"A\363\253\224\222Z\037|\2079[\265\336\351\324\341\373"
 176      925A1F7C 
 176      87395BB5 
 176      DEE9D4E1 
 176      FB
 177 0240 AC919F95 		.ascii	"\254\221\237\225\271L\217\277e\215\302\265\031\373\004"
 177      B94C8FBF 
 177      658DC2B5 
 177      19FB04
 178 024f DCC51A4D 		.ascii	"\334\305\032M\235\247?\365f\3513\006\232'\206\037W\373"
 178      9DA73FF5 
 178      66E93306 
 178      9A27861F 
 178      57FB
 179 0261 318F3C61 		.ascii	"1\217<a\264\353R\277\027\356a\246;\372\007:I\376L\""
 179      B4EB52BF 
 179      17EE61A6 
 179      3BFA073A 
 179      49FE4C22 
 180 0275 F98355D9 		.ascii	"\371\203U\3313\211eOU\375\251\002#\356cb\026g\017\016"
 180      3389654F 
 180      55FDA902 
 180      23EE6362 
 180      16670F0E 
 181 0289 FAC96266 		.ascii	"\372\311bf8D\275\211C\015\300\374\014\011\347\002\204"
 181      3844BD89 
 181      430DC0FC 
 181      0C09E702 
 181      84
 182 029a 33490AE7 		.ascii	"3I\012\347\034t6\252\262b\322\246ed\306\316\203\230"
 182      1C7436AA 
 182      B262D2A6 
 182      6564C6CE 
 182      8398
 183 02ac 4D8A9893 		.ascii	"M\212\230\223$-+3\257\336\025p*\246\030)\215\033z41"
 183      242D2B33 
 183      AFDE1570 
 183      2AA61829 
 183      8D1B7A34 
 184 02c1 2E696314 		.ascii	".ic\024O9N\263\242\0310.*\030\347\345\011Ky\262\355"
 184      4F394EB3 
 184      A219302E 
 184      2A18E7E5 
 184      094B79B2 
 185 02d6 B001AFA2 		.ascii	"\260\001\257\242 \272\336\317\0174\373\242\200\340`"
 185      20BADECF 
 185      0F34FBA2 
ARM GAS  C:\Users\Pasquale\AppData\Local\Temp\cc0qiBs8.s 			page 14


 185      80E060
 186 02e5 5326199D 		.ascii	"S&\031\235\001\005\361\312\324p\250\005\005\020\017"
 186      0105F1CA 
 186      D470A805 
 186      05100F
 187 02f4 E81A005E 		.ascii	"\350\032\000^A\301\350*\012\246\313d\033aU}\366\376"
 187      41C1E82A 
 187      0AA6CB64 
 187      1B61557D 
 187      F6FE
 188 0306 E49CEE3B 		.ascii	"\344\234\356;\242\370\211\221\302]\00682\300E3\224\270"
 188      A2F88991 
 188      C25D0638 
 188      32C04533 
 188      94B8
 189 0318 080B74D9 		.ascii	"\010\013t\331\337\037\237%V\247`j|vT\343\006\202*\205"
 189      DF1F9F25 
 189      56A7606A 
 189      7C7654E3 
 189      06822A85 
 190 032c 72234780 		.ascii	"r#G\200\265I\2148)\012\266@u5\316\007%\002\012\016\036"
 190      B5498C38 
 190      290AB640 
 190      7535CE07 
 190      25020A0E 
 191 0341 6B626E9B 		.ascii	"kbn\233s\374\363\035b\355d\272\022\352\301\357M4VI\257"
 191      73FCF31D 
 191      62ED64BA 
 191      12EAC1EF 
 191      4D345649 
 192 0356 1124C06D 		.ascii	"\021$\300mo\216o2eA\320Ok[\257%\326\220\253\"\322\251"
 192      6F8E6F32 
 192      6541D04F 
 192      6B5BAF25 
 192      D690AB22 
 193 036c 1521D644 		.ascii	"\025!\326D\221VP\344:(rCR\204q>\2233.\031F\020\253\221"
 193      915650E4 
 193      3A287243 
 193      5284713E 
 193      93332E19 
 194 0384 A451C3A1 		.ascii	"\244Q\303\241\265%^c\301i\262\266Sn\204GU\002\373\263"
 194      B5255E63 
 194      C169B2B6 
 194      536E8447 
 194      5502FBB3 
 195 0398 044E3D76 		.ascii	"\004N=v\361\200\021\237\241s\207\332\352\367\246\030"
 195      F180119F 
 195      A17387DA 
 195      EAF7A618 
 196 03a8 70136B7C 		.ascii	"p\023k|\326P\\\257\307\315\254Q\261\273\270\211\307"
 196      D6505CAF 
 196      C7CDAC51 
 196      B1BBB889 
 196      C7
 197 03b9 D758A3A8 		.ascii	"\327X\243\250\274s\005\302wX\243k\331^;~\300\356sz\256"
 197      BC7305C2 
 197      7758A36B 
ARM GAS  C:\Users\Pasquale\AppData\Local\Temp\cc0qiBs8.s 			page 15


 197      D95E3B7E 
 197      C0EE737A 
 198 03ce 7FEDC57C 		.ascii	"\177\355\305|\233\240\271\2461\367\252\201\255\225j"
 198      9BA0B9A6 
 198      31F7AA81 
 198      AD956A
 199 03dd B23A9E6C 		.ascii	"\262:\236l\275\263\226\307]\324\326\270\262\321qV\017"
 199      BDB396C7 
 199      5DD4D6B8 
 199      B2D17156 
 199      0F
 200 03ee 8AC31510 		.ascii	"\212\303\025\020l\"\32561\325!V\337\315\226\224\257"
 200      6C22D536 
 200      31D52156 
 200      DFCD9694 
 200      AF
 201 03ff 01E5EF81 		.ascii	"\001\345\357\201\226]\240\351H-K\020\223\236\230;\307"
 201      965DA0E9 
 201      482D4B10 
 201      939E983B 
 201      C7
 202 0410 678BD590 		.ascii	"g\213\325\220\337\304\372\266\273\365W\310\335\274\377"
 202      DFC4FAB6 
 202      BBF557C8 
 202      DDBCFF
 203 041f 178AF99D 		.ascii	"\027\212\371\235\321\315\303\024\353n\225u\233\273\365"
 203      D1CDC314 
 203      EB6E9575 
 203      9BBBF5
 204 042e 81679C3B 		.ascii	"\201g\234;\003\025\363S\356\346\265*see\300\224\335"
 204      0315F353 
 204      EEE6B52A 
 204      736565C0 
 204      94DD
 205 0440 078BAFE9 		.ascii	"\007\213\257\351\303.ie\364@\036<\202Y\353\200\322\013"
 205      C32E6965 
 205      F4401E3C 
 205      8259EB80 
 205      D20B
 206 0452 E55B280F 		.ascii	"\345[(\017\241|\003\3451\224N(\335P\276s\255\034\202"
 206      A17C03E5 
 206      31944E28 
 206      DD50BE73 
 206      AD1C82
 207 0465 5EA7423F 		.ascii	"^\247B?\351\216~B\011M\312\252l\177\232U]#\227\002s"
 207      E98E7E42 
 207      094DCAAA 
 207      6C7F9A55 
 207      5D239702 
 208 047a 75433D07 		.ascii	"uC=\007\355\243\316\201J\245&\025\360\203\321\201\325"
 208      EDA3CE81 
 208      4AA52615 
 208      F083D181 
 208      D5
 209 048b 2ADD5789 		.ascii	"*\335W\211zwtQe\347\260\250\206r\004f~\013\362\271n"
 209      7A777451 
 209      65E7B0A8 
ARM GAS  C:\Users\Pasquale\AppData\Local\Temp\cc0qiBs8.s 			page 16


 209      86720466 
 209      7E0BF2B9 
 210 04a0 7451A939 		.ascii	"tQ\2519\344Wu\303\223\022=\356e\233]e\351\216#\236\310"
 210      E45775C3 
 210      93123DEE 
 210      659B5D65 
 210      E98E239E 
 211 04b5 14202DFC 		.ascii	"\024 -\374-\036d\341\367\303\340'\312\016F\202\327\230"
 211      2D1E64E1 
 211      F7C3E027 
 211      CA0E4682 
 211      D798
 212 04c7 0DD40793 		.ascii	"\015\324\007\223\360\377N\010p\371\264\270\270\013\033"
 212      F0FF4E08 
 212      70F9B4B8 
 212      B80B1B
 213 04d6 3F711D8D 		.ascii	"?q\035\215\024ZY\235\003\310(\221\000\333\203\3137\337"
 213      145A599D 
 213      03C82891 
 213      00DB83CB 
 213      37DF
 214 04e8 F3C10E1D 		.ascii	"\363\301\016\035\345}\271\275\362\033Od4i\014EC\300"
 214      E57DB9BD 
 214      F21B4F64 
 214      34690C45 
 214      43C0
 215 04fa 45192D1F 		.ascii	"E\031-\037\251\301\025\235\344H}\012\017\006\225\370"
 215      A9C1159D 
 215      E4487D0A 
 215      0F0695F8 
 216 050a C08E210C 		.ascii	"\300\216!\014\264\257oAla\032\311\206]\321\222\351\307"
 216      B4AF6F41 
 216      6C611AC9 
 216      865DD192 
 216      E9C7
 217 051c 16662B79 		.ascii	"\026f+y\374h\335\225\233\276x\265n\304k\317\302g_{\026"
 217      FC68DD95 
 217      9BBE78B5 
 217      6EC46BCF 
 217      C2675F7B 
 218 0531 B283ABA3 		.ascii	"\262\203\253\243\361\354y\20470\276W\272\317a\255\227"
 218      F1EC7984 
 218      3730BE57 
 218      BACF61AD 
 218      97
 219 0542 8034DE44 		.ascii	"\2004\336D\306\320m\310\301\007\242\024\336\365\022"
 219      C6D06DC8 
 219      C107A214 
 219      DEF512
 220 0551 B0F2C58E 		.ascii	"\260\362\305\216!\302x)/\240T\336\305x!;R\364{r\353"
 220      21C27829 
 220      2FA054DE 
 220      C578213B 
 220      52F47B72 
 221 0566 D2607708 		.ascii	"\322`w\0100\221m\201\236\013\271x`\307\352Ub\236\023"
 221      30916D81 
 221      9E0BB978 
ARM GAS  C:\Users\Pasquale\AppData\Local\Temp\cc0qiBs8.s 			page 17


 221      60C7EA55 
 221      629E13
 222 0579 D1288F43 		.ascii	"\321(\217C\224\351\374\250Y9b>E\200\035\246\222\023"
 222      94E9FCA8 
 222      5939623E 
 222      45801DA6 
 222      9213
 223 058b 6B3299CB 		.ascii	"k2\231\313\201\3242>\030\255\200\362\011\257\336i\207"
 223      81D4323E 
 223      18AD80F2 
 223      09AFDE69 
 223      87
 224 059c 8AD99A00 		.ascii	"\212\331\232\000\313\221k\202\020xX&\255\011\3028\231"
 224      CB916B82 
 224      10785826 
 224      AD09C238 
 224      99
 225 05ad 77431F91 		.ascii	"wC\037\221\267\304\274n:K[\362\222S:*W\266&@\316\276"
 225      B7C4BC6E 
 225      3A4B5BF2 
 225      92533A2A 
 225      57B62640 
 226 05c3 C29E4718 		.ascii	"\302\236G\030o\327S9k\322\007\267\011(\3004j\020h5p"
 226      6FD75339 
 226      6BD207B7 
 226      0928C034 
 226      6A106835 
 227 05d8 7F7E1CBD 		.ascii	"\177~\034\275e4\331W\201\341JEZ\022\025\305\033\036"
 227      6534D957 
 227      81E14A45 
 227      5A1215C5 
 227      1B1E
 228 05ea 3855C607 		.ascii	"8U\306\007H\000\351\232\000\3343\336alY{~\247A\235\326"
 228      4800E99A 
 228      00DC33DE 
 228      616C597B 
 228      7EA7419D 
 229 05ff 6B78755A 		.ascii	"kxuZg\360$\341h\015\306\273\032\012\007ux\027\013\254"
 229      67F024E1 
 229      680DC6BB 
 229      1A0A0775 
 229      78170BAC 
 230 0613 F7F8BD7C 		.ascii	"\367\370\275|\203V\242\254\343\265\337\026_go\213kA"
 230      8356A2AC 
 230      E3B5DF16 
 230      5F676F8B 
 230      6B41
 231 0625 F64CDEED 		.ascii	"\366L\336\355m\221\364\002\320\241\243G\252\274o\302"
 231      6D91F402 
 231      D0A1A347 
 231      AABC6FC2 
 232 0635 49079F03 		.ascii	"I\007\237\003h\014\345\212\020\373\205\232\024\332\036"
 232      680CE58A 
 232      10FB859A 
 232      14DA1E
 233 0644 962FC4FA 		.ascii	"\226/\304\372\241\227g\225dJ\032\362\020\344\352\341"
 233      A1976795 
ARM GAS  C:\Users\Pasquale\AppData\Local\Temp\cc0qiBs8.s 			page 18


 233      644A1AF2 
 233      10E4EAE1 
 234 0654 251FBCEC 		.ascii	"%\037\274\354\227\376I\016\220\332+{\316\340\344\213"
 234      97FE490E 
 234      90DA2B7B 
 234      CEE0E48B 
 235 0664 63F68C8F 		.ascii	"c\366\214\2172\216u\361\012\230j\3103\\9\327c\027)%"
 235      328E75F1 
 235      0A986AC8 
 235      335C39D7 
 235      63172925 
 236 0678 48244DCD 		.ascii	"H$M\315\305\216\225\305\306V8\352a\025q\\\206!\236}"
 236      C58E95C5 
 236      C65638EA 
 236      6115715C 
 236      86219E7D 
 237 068c A2341D7E 		.ascii	"\2424\035~j\300_\3229@g\356\3456#\035\317&\010%\350"
 237      6AC05FD2 
 237      394067EE 
 237      E536231D 
 237      CF260825 
 238 06a1 E84675AE 		.ascii	"\350Fu\256\260\3310n#\315\006\2078\206\247\031+\277"
 238      B0D9306E 
 238      23CD0687 
 238      3886A719 
 238      2BBF
 239 06b3 41716833 		.ascii	"Aqh3?\016~7\361:\006\262\276\250\271T\377B\236\230\327"
 239      3F0E7E37 
 239      F13A06B2 
 239      BEA8B954 
 239      FF429E98 
 240 06c8 2A563FDE 		.ascii	"*V?\336\213\227\037[\006K\022\275I\314\320Fev\340\026"
 240      8B971F5B 
 240      064B12BD 
 240      49CCD046 
 240      6576E016 
 241 06dc 7E37F0AD 		.ascii	"~7\360\255\010\255\347o\002\243,\376\005\030\275s\263"
 241      08ADE76F 
 241      02A32CFE 
 241      0518BD73 
 241      B3
 242 06ed A3DE1BB7 		.ascii	"\243\336\033\26712i5\347\235\236\224\014Add\356]\271"
 242      31326935 
 242      E79D9E94 
 242      0C416464 
 242      EE5DB9
 243 0700 75C2C345 		.ascii	"u\302\303E0\207\247\235\203\273{/\350\324\014?\370\231"
 243      3087A79D 
 243      83BB7B2F 
 243      E8D40C3F 
 243      F899
 244 0712 8AE0A794 		.ascii	"\212\340\247\224\340\026\231\340\365\266'\271\202D\260"
 244      E01699E0 
 244      F5B627B9 
 244      8244B0
 245 0721 39C7088B 		.ascii	"9\307\010\2130E$\357\256`\206\262\025\202\331\356\004"
 245      304524EF 
ARM GAS  C:\Users\Pasquale\AppData\Local\Temp\cc0qiBs8.s 			page 19


 245      AE6086B2 
 245      1582D9EE 
 245      04
 246 0732 3FA3049F 		.ascii	"?\243\004\237\336\270\335\015o(\214\340\301\332\252"
 246      DEB8DD0D 
 246      6F288CE0 
 246      C1DAAA
 247 0741 74819221 		.ascii	"t\201\222!\271\307\010n\332\223W`t\021\314c\004\273"
 247      B9C7086E 
 247      DA935760 
 247      7411CC63 
 247      04BB
 248 0753 971EE936 		.ascii	"\227\036\3516j\022\334F\011n\225\011\016?\272\361o\211"
 248      6A12DC46 
 248      096E9509 
 248      0E3FBAF1 
 248      6F89
 249 0765 5FDD0417 		.ascii	"_\335\004\027=0B\271\012\275\\wz\371\224\3367;\034\353"
 249      3D3042B9 
 249      0ABD5C77 
 249      7AF994DE 
 249      373B1CEB 
 250 0779 FCF0B036 		.ascii	"\374\360\2606\275\341\254\325\371\036.Mw0z\247\257\234"
 250      BDE1ACD5 
 250      F91E2E4D 
 250      77307AA7 
 250      AF9C
 251 078b DCC30CC9 		.ascii	"\334\303\014\311\306Y\300:\223\333\373\037xhr\376\234"
 251      C659C03A 
 251      93DBFB1F 
 251      786872FE 
 251      9C
 252 079c 72DE2973 		.ascii	"r\336)s\336\264\241o\017\231\365V\272 _\031\332\327"
 252      DEB4A16F 
 252      0F99F556 
 252      BA205F19 
 252      DAD7
 253 07ae 2EA60BD4 		.ascii	".\246\013\324\012mWHo\347\331\367.*\244d\017\027\014"
 253      0A6D5748 
 253      6FE7D9F7 
 253      2E2AA464 
 253      0F170C
 254 07c1 0EF9C95B 		.ascii	"\016\371\311[E\372\367\234\200h\027\335-\016\334"
 254      45FAF79C 
 254      806817DD 
 254      2D0EDC
 255 07d0 4D3FA6D3 		.ascii	"M?\246\323\262w;\366\320n:$mi\305\020\026\322]C\236"
 255      B2773BF6 
 255      D06E3A24 
 255      6D69C510 
 255      16D25D43 
 256 07e5 73F4A022 		.ascii	"s\364\240\"\272[$\227o\331\250\037}\324h_\255h\017\035"
 256      BA5B2497 
 256      6FD9A81F 
 256      7DD4685F 
 256      AD680F1D 
 257 07f9 D574AFE4 		.ascii	"\325t\257\3444\306\033<\250\366\227ZR\313\245\363\324"
ARM GAS  C:\Users\Pasquale\AppData\Local\Temp\cc0qiBs8.s 			page 20


 257      34C61B3C 
 257      A8F6975A 
 257      52CBA5F3 
 257      D4
 258 080a 9B4CC5AD 		.ascii	"\233L\305\255\015U^\354<\275L\036om\350\331(\340|f\373"
 258      0D555EEC 
 258      3CBD4C1E 
 258      6F6DE8D9 
 258      28E07C66 
 259 081f B4B3F1A9 		.ascii	"\264\263\361\251\221\331\022?\003\265i\271\210\240\213"
 259      91D9123F 
 259      03B569B9 
 259      88A08B
 260 082e D20E0AFD 		.ascii	"\322\016\012\375\212*_\362\260\255\301\371\200\276\340"
 260      8A2A5FF2 
 260      B0ADC1F9 
 260      80BEE0
 261 083d E917EBC5 		.ascii	"\351\027\353\305'G\372\215\270\210z\322\0259vu\352\220"
 261      2747FA8D 
 261      B8887AD2 
 261      15397675 
 261      EA90
 262 084f 29108139 		.ascii	")\020\2019\022\012\344\1775\000UH\200\022I}\270\262"
 262      120AE47F 
 262      35005548 
 262      8012497D 
 262      B8B2
 263 0861 6157173B 		.ascii	"aW\027;\377C\272\341\336@k\032\256\230/\342q\034\232"
 263      FF43BAE1 
 263      DE406B1A 
 263      AE982FE2 
 263      711C9A
 264 0874 1A882693 		.ascii	"\032\210&\2233\013$*\243x\007A\240R\006XY\337\324\342"
 264      330B242A 
 264      A3780741 
 264      A0520658 
 264      59DFD4E2 
 265 0888 EB9F219D 		.ascii	"\353\237!\235>o\"\352{\037<\337\313\023~\345\274\277"
 265      3E6F22EA 
 265      7B1F3CDF 
 265      CB137EE5 
 265      BCBF
 266 089a CC9258EF 		.ascii	"\314\222X\357\337R\333\347%H\276\323\237\347\373\302"
 266      DF52DBE7 
 266      2548BED3 
 266      9FE7FBC2 
 267 08aa 8D9533D5 		.ascii	"\215\2253\325\256\017}\237\353\357\322z2<&\346\213\215"
 267      AE0F7D9F 
 267      EBEFD27A 
 267      323C26E6 
 267      8B8D
 268 08bc D574A759 		.ascii	"\325t\247Yq;ULN\203\303\271\202\367G\373!\351`GQ\015"
 268      713B554C 
 268      4E83C3B9 
 268      82F747FB 
 268      21E96047 
 269 08d2 2E869EBF 		.ascii	".\206\236\277\303g\346a~\"\214}\234\235\262\316\007"
ARM GAS  C:\Users\Pasquale\AppData\Local\Temp\cc0qiBs8.s 			page 21


 269      C367E661 
 269      7E228C7D 
 269      9C9DB2CE 
 269      07
 270 08e3 EF67FA3B 		.ascii	"\357g\372;\212*K\365\232\202W\312\202\357e\034\037v"
 270      8A2A4BF5 
 270      9A8257CA 
 270      82EF651C 
 270      1F76
 271 08f5 14ECD6BB 		.ascii	"\024\354\326\273\307\257\274DTQ\222\2252\311\322\223"
 271      C7AFBC44 
 271      54519295 
 271      32C9D293 
 272 0905 59DF09EE 		.ascii	"Y\337\011\356!iZ\337\272\323vH'\205\364\325\370\344"
 272      21695ADF 
 272      BAD37648 
 272      2785F4D5 
 272      F8E4
 273 0917 BCEAE420 		.ascii	"\274\352\344 \3700b\341\300\376\243\032xD\012\347(\015"
 273      F83062E1 
 273      C0FEA31A 
 273      78440AE7 
 273      280D
 274 0929 277F67E9 		.ascii	"'\177g\351y^}\350\222\205\247\204\340\224\016]']\023"
 274      795E7DE8 
 274      9285A784 
 274      E0940E5D 
 274      275D13
 275 093c D70A3665 		.ascii	"\327\0126e\011\270J\312\275k\311C<\313=_\262=|\335\222"
 275      09B84ACA 
 275      BD6BC943 
 275      3CCB3D5F 
 275      B23D7CDD 
 276 0951 2FE56927 		.ascii	"/\345i'\3757\307\375\362c\322?\277|\240\371\205s\373"
 276      FD37C7FD 
 276      F263D23F 
 276      BF7CA0F9 
 276      8573FB
 277 0964 432F4DA5 		.ascii	"C/M\245jd\245N2\245D\307\343\273Fw\245N@\010\307\351"
 277      6A64A54E 
 277      32A544C7 
 277      E3BB4677 
 277      A54E4008 
 278 097a 8CD4D2D8 		.ascii	"\214\324\322\330k\344\330w:S+\236QJ\323zk\373\246\333"
 278      6BE4D877 
 278      3A532B9E 
 278      514AD37A 
 278      6BFBA6DB 
 279 098e 9E925257 		.ascii	"\236\222RW&0\245NIJ\301V\250\032xLR\252\216\237\310"
 279      2630A54E 
 279      494AC156 
 279      A81A784C 
 279      52AA8E9F 
 280 09a3 E9E2A36C 		.ascii	"\351\342\243l\377\230\030\022\022\012\177\321\213c?"
 280      FF981812 
 280      120A7FD1 
 280      8B633F
ARM GAS  C:\Users\Pasquale\AppData\Local\Temp\cc0qiBs8.s 			page 22


 281 09b2 8CB5DAC2 		.ascii	"\214\265\332\302~\033\026j\265\205.\216\212\013\265"
 281      7E1B166A 
 281      B5852E8E 
 281      8A0BB5
 282 09c1 254693DA 		.ascii	"%F\223\332\274$*.$\3320\347\317\357\005\315\014\013"
 282      BC242A2E 
 282      24DA30E7 
 282      CFEF05CD 
 282      0C0B
 283 09d3 E304B339 		.ascii	"\343\004\2639)6\301>u\212\331\276(\372w\221t\230\315"
 283      2936C13E 
 283      758AD9BE 
 283      28FA7791 
 283      7498CD
 284 09e6 9E14136B 		.ascii	"\236\024\023k\215\264[\255q\266\310\217\022\222\202"
 284      8DB45BAD 
 284      71B6C88F 
 284      129282
 285 09f5 E85D5054 		.ascii	"\350]PTb|\220%\376CKL\214%&rZ\310\344\240)\223\303\246"
 285      627C9025 
 285      FE434B4C 
 285      8C252672 
 285      5AC8E4A0 
 286 0a0d FDF3D791 		.ascii	"\375\363\327\221\320\377j\2025\301\362\252%\352\303"
 286      D0FF6A82 
 286      35C1F2AA 
 286      25EAC3
 287 0a1c D8C8D884 		.ascii	"\330\310\330\204\350\270\244\030Kd|\024\370J\260D\232"
 287      E8B8A418 
 287      4B647C14 
 287      F84AB044 
 287      9A
 288 0a2d 632C8BA2 		.ascii	"c,\213\242\222\342\354f\373\307K,\266\220\305\234A\306"
 288      92E2EC66 
 288      FBC74B2C 
 288      B690C59C 
 288      41C6
 289 0a3f FBEB8F8A 		.ascii	"\373\353\217\212g\373\330\026i\266\331c\3009\200\030"
 289      67FBD816 
 289      69B6D963 
 289      C0398018 
 290 0a4f 63AD4BAC 		.ascii	"c\255K\254\211v\"\210\331\376\206\226$\304\304\026\272"
 290      89762288 
 290      D9FE8696 
 290      24C4C416 
 290      BA
 291 0a60 E0DD77A6 		.ascii	"\340\335w\246N\011\2357oV\350\234\371o\207\377k\212"
 291      4E099D37 
 291      6F56E89C 
 291      F96F87FF 
 291      6B8A
 292 0a72 AC92392E 		.ascii	"\254\2229..\006\\y\020\253\330\030\335[\177\210\230"
 292      2E065C79 
 292      10ABD818 
 292      DD5B7F88 
 292      98
 293 0a83 A79F173E 		.ascii	"\247\237\027>\363O\021\272\031\013\"\"\320\373h\256"
ARM GAS  C:\Users\Pasquale\AppData\Local\Temp\cc0qiBs8.s 			page 23


 293      F34F11BA 
 293      190B2222 
 293      D0FB68AE 
 294 0a93 3E3ACE12 		.ascii	">:\316\022\225(I\030\366\232\331n\220o\260\315b\177"
 294      95284918 
 294      F69AD96E 
 294      906FB0CD 
 294      627F
 295 0aa5 FD7F84B5 		.ascii	"\375\177\204\265\331\343A\226\217\226\304Z\001\025\207"
 295      D9E34196 
 295      8F96C45A 
 295      011587
 296 0ab4 CF8AC06F 		.ascii	"\317\212\300o\317\212\320\317\177o\376\254\010\317\360"
 296      CF8AD0CF 
 296      7F6FFEAC 
 296      08CFF0
 297 0ac3 05F367CF 		.ascii	"\005\363g\317\236\025\341\021\376\356\302\371\263#\364"
 297      9E15E111 
 297      FEEEC2F9 
 297      B323F4
 298 0ad2 EF84CF9A 		.ascii	"\357\204\317\232\035A\030\3155*\243\314v\201E\035\033"
 298      1D4118CD 
 298      352AA3CC 
 298      7681451D 
 298      1B
 299 0ae3 63B67B58 		.ascii	"c\266{X\027-\002\016FB\310\274(\312f\237n\266\377\345"
 299      172D020E 
 299      4642C8BC 
 299      28CA669F 
 299      6EB6FFE5 
 300 0af7 C7155CD6 		.ascii	"\307\025\\\326\372e\2558%KW\326-\346\364o\207\317H\262"
 300      FA65AD38 
 300      254B57D6 
 300      2DE6F46F 
 300      87CF48B2 
 301 0b0b 1962ADF1 		.ascii	"\031b\255\361\326\030\013\360\205\336\010KT\014\364"
 301      D6180BF0 
 301      85DE084B 
 301      540CF4
 302 0b1a 4DFA4169 		.ascii	"M\372Ai\313yC\365~b\254\335\002C|\340~\201\305\016w"
 302      CB7943F5 
 302      7E62ACDD 
 302      02437CE0 
 302      7E81C50E 
 303 0b2f EF80B79F 		.ascii	"\357\200\267\237\312Sf\206\260?J\264&-!\030>f\363\242"
 303      CA536686 
 303      B03F4AB4 
 303      262D2118 
 303      3E66F3A2 
 304 0b43 A48468B3 		.ascii	"\244\204h\2639d\332o\246M3\310-]\364\342\250D\365\263"
 304      3964DA6F 
 304      A64D33C8 
 304      2D5DF4E2 
 304      A844F5B3 
 305 0b57 E95346B4 		.ascii	"\351SF\264\246\377\027*\225\263\323"
 305      A6FF172A 
 305      95B3D3
ARM GAS  C:\Users\Pasquale\AppData\Local\Temp\cc0qiBs8.s 			page 24


 306              		.text
 307              		.section	.gnu.lto_.symtab.ed1fb7ec,"",%progbits
 308 0000 70616C52 		.ascii	"palReadBus\000"
 308      65616442 
 308      757300
 309 000b 00       		.ascii	"\000"
 310 000c 00       		.ascii	"\000"
 311 000d 00       		.ascii	"\000"
 312 000e 00000000 		.ascii	"\000\000\000\000\000\000\000\000"
 312      00000000 
 313 0016 19010000 		.ascii	"\031\001\000\000"
 314 001a 70616C57 		.ascii	"palWriteBus\000"
 314      72697465 
 314      42757300 
 315 0026 00       		.ascii	"\000"
 316 0027 00       		.ascii	"\000"
 317 0028 00       		.ascii	"\000"
 318 0029 00000000 		.ascii	"\000\000\000\000\000\000\000\000"
 318      00000000 
 319 0031 1E010000 		.ascii	"\036\001\000\000"
 320 0035 70616C53 		.ascii	"palSetBusMode\000"
 320      65744275 
 320      734D6F64 
 320      6500
 321 0043 00       		.ascii	"\000"
 322 0044 00       		.ascii	"\000"
 323 0045 00       		.ascii	"\000"
 324 0046 00000000 		.ascii	"\000\000\000\000\000\000\000\000"
 324      00000000 
 325 004e 23010000 		.ascii	"#\001\000\000"
 326 0052 5F70616C 		.ascii	"_pal_lld_setgroupmode\000"
 326      5F6C6C64 
 326      5F736574 
 326      67726F75 
 326      706D6F64 
 327 0068 00       		.ascii	"\000"
 328 0069 02       		.ascii	"\002"
 329 006a 00       		.ascii	"\000"
 330 006b 00000000 		.ascii	"\000\000\000\000\000\000\000\000"
 330      00000000 
 331 0073 29010000 		.ascii	")\001\000\000"
 332              		.text
 333              		.section	.gnu.lto_.opts,"",%progbits
 334 0000 272D666D 		.ascii	"'-fmath-errno' '-fsigned-zeros' '-ftrapping-math' '"
 334      6174682D 
 334      6572726E 
 334      6F272027 
 334      2D667369 
 335 0033 2D666E6F 		.ascii	"-fno-trapv' '-fno-openmp' '-fno-openacc' '-mcpu=cor"
 335      2D747261 
 335      70762720 
 335      272D666E 
 335      6F2D6F70 
 336 0066 7465782D 		.ascii	"tex-m4' '-mthumb' '-O2' '-fomit-frame-pointer' '-fa"
 336      6D342720 
 336      272D6D74 
 336      68756D62 
ARM GAS  C:\Users\Pasquale\AppData\Local\Temp\cc0qiBs8.s 			page 25


 336      2720272D 
 337 0099 6C69676E 		.ascii	"lign-functions=16' '-ffunction-sections' '-fdata-se"
 337      2D66756E 
 337      6374696F 
 337      6E733D31 
 337      36272027 
 338 00cc 6374696F 		.ascii	"ctions' '-fno-common' '-flto'\000"
 338      6E732720 
 338      272D666E 
 338      6F2D636F 
 338      6D6D6F6E 
 339              		.text
 340              		.comm	__gnu_lto_v1,1,1
 341              		.comm	__gnu_lto_slim,1,1
 342              		.ident	"GCC: (GNU Tools for Arm Embedded Processors 7-2017-q4-major) 7.2.1 20170904 (release) [ARM
ARM GAS  C:\Users\Pasquale\AppData\Local\Temp\cc0qiBs8.s 			page 26


DEFINED SYMBOLS
                            *ABS*:00000000 hal_pal.c
                            *COM*:00000001 __gnu_lto_v1
                            *COM*:00000001 __gnu_lto_slim

NO UNDEFINED SYMBOLS
