ARM GAS  C:\Users\Pasquale\AppData\Local\Temp\ccg86cRy.s 			page 1


   1              		.cpu cortex-m4
   2              		.eabi_attribute 20, 1
   3              		.eabi_attribute 21, 1
   4              		.eabi_attribute 23, 3
   5              		.eabi_attribute 24, 1
   6              		.eabi_attribute 25, 1
   7              		.eabi_attribute 26, 1
   8              		.eabi_attribute 30, 2
   9              		.eabi_attribute 34, 1
  10              		.eabi_attribute 18, 4
  11              		.file	"board.c"
  12              		.section	.gnu.lto_.profile.e992eb62,"",%progbits
  13 0000 789C6363 		.ascii	"x\234cc```\001bF\206 [\000\001Y\000\233"
  13      60606001 
  13      62468620 
  13      5B000159 
  13      009B
  14              		.text
  15              		.section	.gnu.lto_.icf.e992eb62,"",%progbits
  16 0000 789C6363 		.ascii	"x\234cc``\020a@\000f\206E\253\373\03723v\257\332q\211"
  16      60601061 
  16      40006686 
  16      45ABFB1F 
  16      323376AF 
  17 0017 89A9A9A1 		.ascii	"\211\251\251\241u\023\037\003\000W!\007\351"
  17      75131F03 
  17      00572107 
  17      E9
  18              		.text
  19              		.section	.gnu.lto_.jmpfuncs.e992eb62,"",%progbits
  20 0000 789C6363 		.ascii	"x\234cc``\340e@\000f f\0041\230\200\030\000\002H\000"
  20      6060E065 
  20      40006620 
  20      66043198 
  20      80180002 
  21 0016 1A       		.ascii	"\032"
  22              		.text
  23              		.section	.gnu.lto_.inline.e992eb62,"",%progbits
  24 0000 789C6363 		.ascii	"x\234cc``pa@\000f\006\006k+F\006\246\202\206\327l\014"
  24      60607061 
  24      40006606 
  24      066B2B46 
  24      06A68286 
  25 0017 6C0BE499 		.ascii	"l\013\344\231@\202\214\014\254b@1 \013.\302\005#\230"
  25      40828C0C 
  25      AC624031 
  25      200B2EC2 
  25      052398
  26 002a 18989950 		.ascii	"\030\230\231P\345\030\000\370\341\005;"
  26      E51800F8 
  26      E1053B
  27              		.text
  28              		.section	.gnu.lto_.pureconst.e992eb62,"",%progbits
  29 0000 789C6363 		.ascii	"x\234cc```\007bf\006)F\011&\006\000\001\235\000F"
  29      60606007 
  29      62660629 
  29      46092606 
ARM GAS  C:\Users\Pasquale\AppData\Local\Temp\ccg86cRy.s 			page 2


  29      00019D00 
  30              		.text
  31              		.section	.gnu.lto_stm32_gpio_init.e992eb62,"",%progbits
  32 0000 789CA598 		.ascii	"x\234\245\230\333OTW\024\207\317\332gf\030\356}4\326"
  32      DB4F5457 
  32      1487CFDA 
  32      676618EE 
  32      7D34D6
  33 0013 A4BEF860 		.ascii	"\244\276\370`\037\234\232\230&5\351\223\261I\223\306"
  33      1F9C9A98 
  33      2635E993 
  33      B14993C6 
  34 0023 26BD247D 		.ascii	"&\275$}i\214\332VM\232b\352\037\340A\274\014\336J\275"
  34      698CDA56 
  34      4D9A62EA 
  34      1FE041BC 
  34      0CDE4ABD 
  35 0037 80E2A8A3 		.ascii	"\200\342\250\243\2007\304\321\252( 8\016\242\240\202"
  35      8037C4D1 
  35      AA282038 
  35      0EA2A082 
  36 0047 80835510 		.ascii	"\200\203U\020TP\020\025oxC\204\351^\353\354\015s<\214"
  36      54501015 
  36      6F784384 
  36      E95EEBEC 
  36      0D733C8C 
  37 005b 65039123 		.ascii	"e\003\221#s9\337o\355\275\366\267\304qi\232\226=Q\323"
  37      7339DF6F 
  37      EDBDF6B7 
  37      C471699A 
  37      963D51D3 
  38 006f BEE67F7F 		.ascii	"\276\346\177\177\314\277A\327\200e\325iZ\272\233\001"
  38      CCBF41D7 
  38      8065D569 
  38      5ABA9B01 
  39 007f E00F861B 		.ascii	"\340\017\206\033\264e\014\226\301:}\263\016\241\325"
  39      B4650C96 
  39      C13A7DB3 
  39      0EA1D5
  40 008e 9D256CEA 		.ascii	"\235%l\352>\203\177\005s^$\3540\352\015\335\247s\006"
  40      3E837F05 
  40      735E24EC 
  40      30EA0DDD 
  40      A77306
  41 00a1 FFC62F38 		.ascii	"\377\306/8\006S5\376\276\366\243\203[\222]\016\363y"
  41      065335FE 
  41      BEF6A383 
  41      5B925D0E 
  41      F379
  42 00b3 380E2E0D 		.ascii	"8\016.\015\370\017\201Fg\320\030\214\2546\2027\363!"
  42      F80F8146 
  42      67D0188C 
  42      AC368237 
  42      F321
  43 00c5 67CE4CD0 		.ascii	"g\316L\320|:0\274\350xq\340\305\211\027\027^\342\360"
  43      7C3A30BC 
  43      E87871E0 
ARM GAS  C:\Users\Pasquale\AppData\Local\Temp\ccg86cRy.s 			page 3


  43      C5891717 
  43      5EE2F0
  44 00d8 E2C64B12 		.ascii	"\342\306K\022^R\361\242i^N\344u\031A-Sg\370SFP{\000"
  44      5E52F1A2 
  44      695E4EE4 
  44      7519412D 
  44      5367F853 
  45 00f0 A1D2EE8A 		.ascii	"\241\322\356\212_1'W\007\036\237\2752t%n-\257\214\001"
  45      5F312757 
  45      071E9FBD 
  45      3274256E 
  45      2DAF8C01 
  46 0104 56B36247 		.ascii	"V\263bGUg\274\371\320x\3525\034\374\251\226\262\366"
  46      5567BCF9 
  46      D078EA35 
  46      1CFCA996 
  46      B2F6
  47 0116 36971F76 		.ascii	"6\227\037v\246\363\225L\366\351:\024\303$8\001\2234"
  47      A6F3954C 
  47      F6E93A14 
  47      C3243801 
  47      9334
  48 0128 7CFFC3BB 		.ascii	"|\377\303\2735\345)\236\"c\005\370t\007\234\004?l\241"
  48      35E5299E 
  48      226305F8 
  48      74079C04 
  48      3F6CA1
  49 013b F5C129F0 		.ascii	"\365\301)\360\360\260\2147\253\300\314bf\334\246\374"
  49      F0B08C37 
  49      ABC0CC62 
  49      66DCA6FC 
  50 014b C325C9C8 		.ascii	"\303%\311\310\007\370\004J8\204\027\024^C\357Q\213*"
  50      07F8044A 
  50      38841714 
  50      5E43EF51 
  50      8B2A
  51 015d 1D8E2A03 		.ascii	"\035\216*\003\017\347\323\322\342\3150]\215uz\230Un"
  51      0FE7D3D2 
  51      E2CD305D 
  51      8D757A98 
  51      556E
  52 016f 96FD4E96 		.ascii	"\226\375N\226\3550aW\357\234\313v\232e\337\216D\"\251"
  52      ED306157 
  52      EF9CCB76 
  52      9A65DF8E 
  52      4422A9
  53 0182 50318ED2 		.ascii	"P1\216\322\317\014\307\005\261tGt\351I\243f\245\343"
  53      CF0CC705 
  53      B1744774 
  53      E949A366 
  53      A5E3
  54 0194 6B0E383B 		.ascii	"k\0168;L\013Q\361\241\322\003g\234&\314\251VX%\241\360"
  54      4C0B51F1 
  54      A1D20367 
  54      9C26CCA9 
  54      565825A1 
  55 01a9 F8C1B9F7 		.ascii	"\370\301\271\367\332\207\260q\365\253j\230}\036\027"
ARM GAS  C:\Users\Pasquale\AppData\Local\Temp\ccg86cRy.s 			page 4


  55      DA87B071 
  55      F5AB6A98 
  55      7D1E17
  56 01b8 ED8A5E74 		.ascii	"\355\212^t\234\032\353\002\261\030\262\252\337\253\323"
  56      9C1AEB02 
  56      B118B2AA 
  56      DFABD3
  57 01c7 CD61E3AA 		.ascii	"\315a\343\252\263f\230}\021\353tG\327\231\252\332\234"
  57      B366987D 
  57      11EB7447 
  57      D799AADA 
  57      9C
  58 01d8 4BC3B4CB 		.ascii	"K\303\264\313\274\322NX>Y\224\324\260\342\210O\307\023"
  58      BCD24E58 
  58      3E5994D4 
  58      B0E2884F 
  58      C713
  59 01ea E50494EC 		.ascii	"\345\004\224\354YmnG\012>t\301d\376p\355\275\375\351"
  59      596D6E47 
  59      0A3E74C1 
  59      64FE70ED 
  59      BDFDE9
  60 01fd 4CFF9294 		.ascii	"L\377\222\224,~\226S\004S\362\014c\271\021\274V8qw\206"
  60      2C7E9653 
  60      0453F20C 
  60      63B911BC 
  60      56387177 
  61 0212 516D387C 		.ascii	"Qm8||\231W@\347C\003\352x~-\346cJ=L\341\267\274hi\257"
  61      7C995740 
  61      E74303EA 
  61      787E2DE6 
  61      634A3D4C 
  62 022c 03A4C581 		.ascii	"\003\244\305\201ap\213\241\201\277\316\303\375\021\336"
  62      61708BA1 
  62      81BFCEC3 
  62      FD11DE
  63 023b 0233BF7B 		.ascii	"\0023\277{0\320\345\320gQB\244b\327K\207=\301\015\215"
  63      30D0E5D0 
  63      675142A4 
  63      62D74B87 
  63      3DC10D8D 
  64 024f 23245CA5 		.ascii	"#$\\\245\204\241\261\021O\204\214\267gzS\226\015\030"
  64      84A1B111 
  64      4F848CB7 
  64      677A5396 
  64      0D18
  65 0261 13F8137E 		.ascii	"\023\370\023~<\214\374\271\276\206\036o\"n\324G>=\001"
  65      3C8CFCB9 
  65      BE861E6F 
  65      226ED447 
  65      3E3D01
  66 0274 9AF85C0C 		.ascii	"\232\370\\\014\213]\252\314\215<M\342\273\224e\030\376"
  66      8B5DAACC 
  66      8D3C4DE2 
  66      BB946518 
  66      FE
  67 0285 40F64F3E 		.ascii	"@\366O>=\021\256\321F\211;\373\0136\026\2739m+\177="
ARM GAS  C:\Users\Pasquale\AppData\Local\Temp\ccg86cRy.s 			page 5


  67      3D11AED1 
  67      46893BFB 
  67      0B3616BB 
  67      396D2B7F 
  68 029a 05EBF817 		.ascii	"\005\353\370\027<\346d\274\016\313\314\316\356h\332"
  68      3CE664BC 
  68      0ECBCCCE 
  68      EE68DA
  69 02a9 0F43C373 		.ascii	"\017C\303s\005\015\331\266C.,\016\267\200\346h\266\016"
  69      050DD9B6 
  69      432E2C0E 
  69      B780E668 
  69      B60E
  70 02bb D1F3156E 		.ascii	"\321\363\025n\200\013\232\021\322L\0330\264\2028z[M"
  70      800B9A11 
  70      D24C1B30 
  70      B482387A 
  70      5B4D
  71 02cd 6E79ABCE 		.ascii	"ny\253\316\253\345\207 \011\267\013ZD\261'\372\253\332"
  71      ABE58720 
  71      09B70B5A 
  71      44B127FA 
  71      ABDA
  72 02df DC664BFD 		.ascii	"\334fK\375\373\266L\300\256\336\244bM\244\006\255\340"
  72      FBB64CC0 
  72      AEDEA462 
  72      4DA406AD 
  72      E0
  73 02f0 E16F0B3C 		.ascii	"\341o\013<*\351\023\203M\2036y\000\213x\231\"oT\001"
  73      2AE91383 
  73      4D833679 
  73      008B7899 
  73      226F5401 
  74 0304 F3117F8B 		.ascii	"\363\021\177\213\360N\201\277M\370c\305=\331q&>\360"
  74      F04E81BF 
  74      4DF863C5 
  74      3DD97126 
  74      3EF0
  75 0316 1A07D01D 		.ascii	"\032\007\320\035\031Q>\226\210v\212p\211\210\016\212"
  75      19513E96 
  75      88768A70 
  75      89880E8A 
  76 0326 C82A2F09 		.ascii	"\310*/\011\245\232\021+\3674\371]pWF\324\216%\342\036"
  76      A59A112B 
  76      F734F95D 
  76      705746D4 
  76      8E25E21E 
  77 033a 45C48988 		.ascii	"E\304\211\210N\212h,:\322-Vq+\242C\227\014h\035K\300"
  77      4E8A682C 
  77      3AD22D56 
  77      712BA243 
  77      970C681D 
  78 0350 7D0A708B 		.ascii	"}\012p\213\200n\012\310\331\237\271)\336\0140\036\003"
  78      806E0AC8 
  78      D99FB929 
  78      DE0C301E 
  78      03
ARM GAS  C:\Users\Pasquale\AppData\Local\Temp\ccg86cRy.s 			page 6


  79 0361 3C90013D 		.ascii	"<\220\001=c\011xH\001\361\"\340\021\005\254\361\372"
  79      63097848 
  79      01F122E0 
  79      1105ACF1 
  79      FA
  80 0372 73DC2220 		.ascii	"s\334\" \370)\364\310\200\201\261\004<\246\200\004\021"
  80      F829F4C8 
  80      8081B104 
  80      3CA68004 
  80      11
  81 0383 F084028E 		.ascii	"\360\204\002\216\037\031\274/\272\340\3174\302\014\236"
  81      1F19BC2F 
  81      BAE0CF34 
  81      C20C9E
  82 0392 0A7503D9 		.ascii	"\012u\003\331\244.\035\357\241A\202\007^\213\036+J\303"
  82      A42E1DEF 
  82      A1418207 
  82      5E8B1E2B 
  82      4AC3
  83 03a4 E219A99C 		.ascii	"\342\031\251\234\033\352\257\214\027\303\302\213\303"
  83      1BEAAF8C 
  83      17C3C28B 
  83      C3
  84 03b1 E2B93551 		.ascii	"\342\2715Qu@\364\022\365\377'\302\213\030\023\241\314"
  84      7540F412 
  84      F5FF27C2 
  84      8B1813A1 
  84      CC
  85 03c2 9C082F69 		.ascii	"\234\010/is\022cL\204Wr\"\274\376\300Dx\305'\002\257"
  85      7312634C 
  85      84577222 
  85      BCFEC044 
  85      78C52702 
  86 03d7 06D739E2 		.ascii	"\006\3279\342Dx\3037\260\017!}\264\312\263\215o\336"
  86      4478C337 
  86      B00F217D 
  86      B4CAB38D 
  86      6FDE
  87 03e9 3A65E39E 		.ascii	":e\343\236G5\256z\353\256\272D\353\010x+G\300\033\274"
  87      4735AE7A 
  87      EBAEBA44 
  87      EB08782B 
  87      47C01BBC 
  88 03fd BF9F5763 		.ascii	"\277\237Wcu^\201HG\341\235t\236x\003t\024Z\253\017\024"
  88      755E8148 
  88      47E19D74 
  88      9E780374 
  88      145AAB0F 
  89 0412 EAE65188 		.ascii	"\352\346Q\210\320/\035\203\026\347U#\"\322y\2120\030"
  89      D02F1D83 
  89      16E75523 
  89      22D2798A 
  89      3018
  90 0424 0979B8C0 		.ascii	"\011y\270\300\3530#\232\0166\035tB:\213v^5b9\023\316"
  90      EB30239A 
  90      0E361D74 
  90      423A8B76 
ARM GAS  C:\Users\Pasquale\AppData\Local\Temp\ccg86cRy.s 			page 7


  90      5E356239 
  91 043a 53440645 		.ascii	"SD\006E\024\274\355\177:\264\012\376\013&\213v^5`%\023"
  91      14BCED7F 
  91      3AB40AFE 
  91      0B268B76 
  91      5E356025 
  92 044f CE53C02A 		.ascii	"\316S\300*\026\265\355=c\341\255fBq\342y\243y\003c\341"
  92      16B5ED3D 
  92      63E1AD66 
  92      4271E279 
  92      A3790363 
  93 0464 65326134 		.ascii	"e2a4\361\326\320\006\024w\326\234O\020#\003`-3\345*"
  93      F1D6D006 
  93      1477D69C 
  93      4F102303 
  93      602D33E5 
  94 0479 133A3FB3 		.ascii	"\023:?\263\350\334;\036\235\3271\024osh[8Y\350\234\205"
  94      E8DC3B1E 
  94      9DD73114 
  94      6F73685B 
  94      3859E89C 
  95 048e 3AAFB726 		.ascii	":\257\267&\252\352\274\201\215N\347\277\330\310:w\231"
  95      AAEABC81 
  95      8D4EE7BF 
  95      D8C83A77 
  95      99
  96 049f 3A67D1CE 		.ascii	":g\321\316$\305\320\371o&t\336\310b\353\\W\344\302j"
  96      24C5D0F9 
  96      6F2674DE 
  96      C862EB5C 
  96      57E4C26A 
  97 04b3 709D23EA 		.ascii	"p\235#\352\274\211\271`3\343\020~\341\317\227\346\335"
  97      BC89B960 
  97      33E3107E 
  97      E1CF97E6 
  97      DD
  98 04c4 EF1C9AC3 		.ascii	"\357\034\232\303|\023\206\272\326\322R\322\234j\325"
  98      7C1386BA 
  98      D6D252D2 
  98      9C6AD5
  99 04d3 790B133A 		.ascii	"y\013\023:o\302\373\263\331\373:+\020\351\034\3440\241"
  99      6FC2FBB3 
  99      D9FB3A2B 
  99      10E91CE4 
  99      30A1
 100 04e5 33F1B672 		.ascii	"3\361\266r\236\325]U\3366&\334%^.\235\253\201m\025}"
 100      9ED55D55 
 100      DE3626DC 
 100      255E2E9D 
 100      AB816D15 
 101 04fa AE217713 		.ascii	"\256!w\023`\273E]\325\004\237T\227\022v\360\212\255"
 101      60BB455D 
 101      D5049F54 
 101      971276F0 
 101      8AAD
 102 050c A6AAF276 		.ascii	"\246\252\362vJS\211\267\313f\252*\317/M%\336n\233\251"
 102      4A5389B7 
ARM GAS  C:\Users\Pasquale\AppData\Local\Temp\ccg86cRy.s 			page 8


 102      CB66AA2A 
 102      CF2F4D25 
 102      DE6E9BA9 
 103 0520 AABC3DD2 		.ascii	"\252\274=\322T\342\345\011\036z\322%\314\304c6l\346"
 103      54E2E509 
 103      1E7AD225 
 103      CCC46336 
 103      6CE6
 104 0532 06360E33 		.ascii	"\0066\0163\363\311!o\341\346<]\230\271\025\315,`\226"
 104      F3C9216F 
 104      E1E63C5D 
 104      98B915CD 
 104      2C6096
 105 0545 445533F7 		.ascii	"DU3\367\216\322\314}1\314\3545\315\334O;\221\034\303"
 105      8ED2CC7D 
 105      31CCEC35 
 105      CDDC4F3B 
 105      911CC3
 106 0558 CC03D2CC 		.ascii	"\314\003\322\314\203\0370\263\223\233\311\253\301u\216"
 106      831F30B3 
 106      939BC9AB 
 106      C1758E
 107 0567 68662137 		.ascii	"hf!7\363\020\356\363!\352\322\365W\201\213\311\262K"
 107      F310EEF3 
 107      21EAD2F5 
 107      57818BC9 
 107      B24B
 108 0579 05515D2A 		.ascii	"\005Q]*\314\014\227\277gf\2214\263\020\357?l3S\201H"
 108      CC0C97BF 
 108      67669134 
 108      B310EF3F 
 108      6C335381 
 109 058e 7D0F4833 		.ascii	"}\017H3\211w\304f\246*\357\2504\223x\377p\236\365\237"
 109      8977C466 
 109      A62AEFA8 
 109      349378FF 
 109      709EF59F 
 110 05a2 5055DE31 		.ascii	"PU\3361\351!\361\216\333<T\345\235\220\036\022\257\330"
 110      E921F18E 
 110      DB3C54E5 
 110      9D901E12 
 110      AFD8
 111 05b4 E6A12AEF 		.ascii	"\346\241*\357\244\364\220x\247l\036\252\362J\244\207"
 111      A4F49078 
 111      A76C1EAA 
 111      F24AA487 
 112 05c4 C42B8DF2 		.ascii	"\304+\215\362\260Wx\230o\361p\357x<,#cZ\002\265\017"
 112      B0577898 
 112      6FF170EF 
 112      783C2C23 
 112      635A02B5 
 113 05d9 DDC2433F 		.ascii	"\335\302C?zx\232Y\022U=,\037\245\207\0251<\214\230\036"
 113      7A789A59 
 113      12553D2C 
 113      1FA58715 
 113      313C8C98 
 114 05ee 9EA19D48 		.ascii	"\236\241\235H\211\341aPzx\366\003\036\016r\017y5\270"
ARM GAS  C:\Users\Pasquale\AppData\Local\Temp\ccg86cRy.s 			page 9


 114      89E16150 
 114      7A78F603 
 114      1E0E720F 
 114      7935B8
 115 0601 CE113D0C 		.ascii	"\316\021=\014q\017+q\237+\251K\371\201\243\333Av\351"
 115      710F2B71 
 115      9F2BA94B 
 115      F981A3DB 
 115      4176E9
 116 0614 74549736 		.ascii	"tT\2276\036\013\377l\325\360\234\3240\204\267W\3314"
 116      1E0BFF6C 
 116      D5F09CD4 
 116      3084B757 
 116      D934
 117 0626 1C3D90BA 		.ascii	"\034=\220\272~^ZH\270\0136\013\025q\325RB\302\325\330"
 117      7E5E5A48 
 117      B80B360B 
 117      1571D552 
 117      42C2D5D8 
 118 063a 2454C45D 		.ascii	"$T\304]\224\016\022\356\222\315AE\334e\251 \341jm\012"
 118      940E12EE 
 118      92CD4145 
 118      DC65A920 
 118      E16A6D0A 
 119 064e 2AE2EAA4 		.ascii	"*\342\352\244\201\204\273b3P\021W/\005$\\C\224\200\021"
 119      8184BB62 
 119      33501157 
 119      2F05245C 
 119      43948011 
 120 0662 21609945 		.ascii	"!`\231E\300\362\361\010\330H\252T\035/\014;\205\200"
 120      C0F2F108 
 120      D848AA54 
 120      1D2F0C3B 
 120      8580
 121 0674 A750C0AB 		.ascii	"\247P\300\253\314\222\250*`x\224\0026\305\020\260#\307"
 121      CC92A82A 
 121      60789402 
 121      36C510B0 
 121      23C7
 122 0686 FC0C8A76 		.ascii	"\374\014\212v\"5\326gPR\300\353\037\020\360|\300\205"
 122      2235D667 
 122      5052C0EB 
 122      1F10F07C 
 122      C085
 123 0698 D5E03A47 		.ascii	"\325\340:G\376\014\212\013\330\214\373\334LM\312{\324"
 123      FE0C8A0B 
 123      D88CFBDC 
 123      4C4DCA7B 
 123      D4
 124 06a9 7D275136 		.ascii	"}'Q6\351jT\223\"\267_\204\342\255\006\266H\003o\340"
 124      E96A5493 
 124      22B75F84 
 124      E2AD06B6 
 124      48036FE0 
 125 06bd FD376D06 		.ascii	"\3757m\006*\020\251\357\255RA\342\265\331\024T\345\335"
 125      2A10A9EF 
 125      AD5241E2 
ARM GAS  C:\Users\Pasquale\AppData\Local\Temp\ccg86cRy.s 			page 10


 125      B5D91454 
 125      E5DD
 126 06cf 920E12EF 		.ascii	"\222\016\022\3576\375\212\272\276\361I\223\370\330\274"
 126      36FD8ABA 
 126      BEF14993 
 126      F8D8BC
 127 06de 9EFE7B79 		.ascii	"\236\376{y\307\242\245jD\273\364\222\":l^\252\362\356"
 127      C7A2A56A 
 127      44BBF492 
 127      223A6C5E 
 127      AAF2EE
 128 06f1 4A318977 		.ascii	"J1\211w\317&\246*\257S\232I\274.\233\231\252\274\373"
 128      CF26A62A 
 128      AF539A49 
 128      BC2E9B99 
 128      AABCFB
 129 0704 524DE275 		.ascii	"RM\342uG\251\331\221c\252\331hQ3\214\217\036\343'7>"
 129      47A9D991 
 129      63AAD968 
 129      51338C8F 
 129      1EE32737 
 130 0719 FAE49BEC 		.ascii	"\372\344\233\354\360\362#\230U\2471M\2339m\232\207\377"
 130      F0F22398 
 130      55A7314D 
 130      9B396D9A 
 130      87FF
 131 072b 59B068F1 		.ascii	"Y\260h\361\374\305iK\247\1771\335\223\266\324\263h\336"
 131      FCC5694B 
 131      A77F31DD 
 131      93B6D4B3 
 131      68DE
 132 073d EF9EF969 		.ascii	"\357\236\371i\363\376\374e\251\347\373\037\346\316\371"
 132      F3FEFC65 
 132      A9E7FB1F 
 132      E6CEF9
 133 074c 71D637B3 		.ascii	"q\3267\263\277\375|\306\334\257f|6\375\273\331\346+"
 133      BFFD7CC6 
 133      DCAF667C 
 133      36FDBBD9 
 133      E62B
 134 075e D31668CE 		.ascii	"\323\026h\316\205K\026\247-q-H\373\343\267\305\013\377"
 134      854B16A7 
 134      2D712D48 
 134      FBE3B7C5 
 134      0BFF
 135 0770 032A49E2 		.ascii	"\003*I\342\227"
 135      97
 136              		.text
 137              		.section	.gnu.lto___early_init.e992eb62,"",%progbits
 138 0000 789C6363 		.ascii	"x\234cc``\270\004\3046@,\015\304\214\314\014\214L\023"
 138      6060B804 
 138      C436402C 
 138      0DC48CCC 
 138      0C8C4C13 
 139 0014 CE313034 		.ascii	"\316104r012\202\030\015\034\214\014\365L\214\365\214"
 139      72303132 
 139      82180D1C 
ARM GAS  C:\Users\Pasquale\AppData\Local\Temp\ccg86cRy.s 			page 11


 139      8C0CF54C 
 139      8CF58C
 140 0027 3DCC5398 		.ascii	"=\314S\230\031\017\265?\333\311\244\271\274\001\010"
 140      190FB53F 
 140      DBC9A4B9 
 140      BC0108
 141 0036 0E4CBFC2 		.ascii	"\016L\277\302\327\326\320*1\207\231\201a\032\020\203"
 141      D7D6D02A 
 141      31879981 
 141      611A1083 
 142 0046 00E36646 		.ascii	"\000\343fFM\006\240\262G\033\377M\345ec\201\2103nad"
 142      4D06A0B2 
 142      471BFF4D 
 142      E5656381 
 142      88336E61 
 143 005b 63600432 		.ascii	"c`\0042\326_b=\320\360\357\177{\303\2013\213\031\357"
 143      D65F623D 
 143      D0F0EF7F 
 143      7BC38133 
 143      8B19EF
 144 006e FAB13030 		.ascii	"\372\26100t\000\345\201\2264\034`\350df\002\261\232"
 144      7400E581 
 144      96341C60 
 144      E8646602 
 144      B19A
 145 0080 0F30BC61 		.ascii	"\0170\274al^\260y.3X\027\320\250\235;\337\334f\257\377"
 145      6C5EB079 
 145      2E335817 
 145      D0A89D3B 
 145      DFDC66AF 
 146 0095 DBC03187 		.ascii	"\333\3001\207\231q\0323\320\030\306\255\214\365\014"
 146      99711A33 
 146      D018C6AD 
 146      8CF50C
 147 00a4 7380CA41 		.ascii	"s\200\312A\012\267\312bW\307\004T\267\015\252\356\035"
 147      0AB7CA62 
 147      57C70454 
 147      B70DAAEE 
 147      1D
 148 00b5 63D382DD 		.ascii	"c\323\202\335s\031\301\012A\240\003h\012\320*\240\022"
 148      7319C10A 
 148      41A00368 
 148      0AD02AA0 
 148      12
 149 00c6 2B3D3D7D 		.ascii	"+==} J\316\310L\312\314/6\2644\324\317/\326\317H\314"
 149      204ACEC8 
 149      4CCACC2F 
 149      36B434D4 
 149      CF2FD6CF 
 150 00dc D14FCA4F 		.ascii	"\321O\312O,J)\326\017\016\211\367\013u\366q\36573\211"
 150      2C4A29D6 
 150      0F0E89F7 
 150      0B75F671 
 150      F5373389 
 151 00f0 77333130 		.ascii	"w310\014r\205\310\350%3\000\000_\253Y\036"
 151      0C7285C8 
 151      E8253300 
ARM GAS  C:\Users\Pasquale\AppData\Local\Temp\ccg86cRy.s 			page 12


 151      005FAB59 
 151      1E
 152              		.text
 153              		.section	.gnu.lto_boardInit.e992eb62,"",%progbits
 154 0000 789C6363 		.ascii	"x\234cc``\250\003b\033 \226\006bFf\006F\246\011\347"
 154      6060A803 
 154      621B2096 
 154      06624666 
 154      0646A609 
 155 0015 18181A39 		.ascii	"\030\030\0329\230\030\031A\214\006\016F\206z&\306z\306"
 155      98181941 
 155      8C060E46 
 155      867A26C6 
 155      7AC6
 156 0027 1EE629CC 		.ascii	"\036\346)\314\214\207\332\237\355d\322\\\336\000\004"
 156      8C87DA9F 
 156      ED64D25C 
 156      DE0004
 157 0036 07A66F10 		.ascii	"\007\246o\020jkh\225\230\303\314\3000\015\210A\200q"
 157      6A6B6895 
 157      98C3CCC0 
 157      300D8841 
 157      8071
 158 0048 33A32603 		.ascii	"3\243&\003P\331\243\215\377\246\362\262\261@\304\031"
 158      50D9A38D 
 158      FFA6F2B2 
 158      B140C419 
 159 0058 B730B231 		.ascii	"\2670\26210\002\031\353/\261\036h\370\367\277\275\341"
 159      300219EB 
 159      2FB11E68 
 159      F8F7BFBD 
 159      E1
 160 0069 C097458C 		.ascii	"\300\227E\214[\203\230\030\030:\200\362@K\032\0160t"
 160      5B839818 
 160      183A80F2 
 160      404B1A0E 
 160      3074
 161 007b 32338158 		.ascii	"23\201X\315\007\030\33616)\200\265\200@\0073#H\030\250"
 161      CD0718DE 
 161      31362980 
 161      B5804007 
 161      33234818 
 162 0090 D44A4F4F 		.ascii	"\324JOO\037\210\22232\2232\363\213\015-\015\365\363"
 162      1F889233 
 162      329332F3 
 162      8B0D2D0D 
 162      F5F3
 163 00a2 8BF53312 		.ascii	"\213\3653\022s\364\223\362\023\213R\212\365\203C\342"
 163      73F493F2 
 163      138B528A 
 163      F58343E2 
 164 00b2 FD429D7D 		.ascii	"\375B\235}\\\375\315L\342\335L\014\014\203\\!2z\311"
 164      5CFDCD4C 
 164      E2DD4C0C 
 164      0C835C21 
 164      327AC9
 165 00c5 0C0075A6 		.ascii	"\014\000u\246=9"
ARM GAS  C:\Users\Pasquale\AppData\Local\Temp\ccg86cRy.s 			page 13


 165      3D39
 166              		.text
 167              		.section	.gnu.lto_.symbol_nodes.e992eb62,"",%progbits
 168 0000 789C55C8 		.ascii	"x\234U\310\313\011\200@\014\000\321I\002[\227\326a1"
 168      CB098040 
 168      0C00D149 
 168      025B97D6 
 168      6131
 169 0012 4909D6B0 		.ascii	"I\011\326\260]\350M\360\344\257\006+\221\015\202\007"
 169      5DE84DF0 
 169      E4AF062B 
 169      910D8207 
 170 0022 0FC3C02B 		.ascii	"\017\303\300+\300\220\241\233:\214\027\344\246X\242"
 170      C090A19B 
 170      3A8C17E4 
 170      A658A2
 171 0031 A4EDEAF2 		.ascii	"\244\355\352\362\331\034}\312\241\256?\221S\335^\201"
 171      D91C7DCA 
 171      A1AE3F91 
 171      53DD5E81 
 172 0041 880E4CA0 		.ascii	"\210\016L\240\336\217\230\030k\236\006p\001\030{"
 172      DE8F9818 
 172      6B9E0670 
 172      01187B
 173              		.text
 174              		.section	.gnu.lto_.refs.e992eb62,"",%progbits
 175 0000 789C6363 		.ascii	"x\234cc```\004b\006\000\000D\000\010"
 175      60606004 
 175      62060000 
 175      440008
 176              		.text
 177              		.section	.gnu.lto_.decls.e992eb62,"",%progbits
 178 0000 789CCD59 		.ascii	"x\234\315Y{PSW\032\317\271'\011I\010\340\200\323u[w"
 178      7B505357 
 178      1ACFB927 
 178      094908E0 
 178      80D3755B 
 179 0015 C671AC65 		.ascii	"\306q\254ev\246\"\350\332\307t:\253\200\342\224*\015"
 179      76A622E8 
 179      DAC7743A 
 179      AB80E294 
 179      2A0D
 180 0027 BA3BDDA5 		.ascii	"\272;\335\245\246\010\2612\213\304B\334\265\333\235"
 180      A608B132 
 180      8BC442DC 
 180      B5DB9D
 181 0036 6D782B82 		.ascii	"mx+\202\200\212\017\360\015\276\012\242mA\345\245\021"
 181      808A0FF0 
 181      0DBE0AA2 
 181      6D41E5A5 
 181      11
 182 0047 14154511 		.ascii	"\024\025E\021\025AA\020\025\361\311\253\"*\312~\347"
 182      15414110 
 182      15F1C9AB 
 182      222ACA7E 
 182      E7
 183 0058 9C9BDC9B 		.ascii	"\234\233\334\233K\330u;\373\307\336\311/\367~\347\374"
ARM GAS  C:\Users\Pasquale\AppData\Local\Temp\ccg86cRy.s 			page 14


 183      4BD8753B 
 183      FBC7DEC9 
 183      2FF77EE7 
 183      FC
 184 0069 EEF77DE7 		.ascii	"\356\367}\347;\337y%J\031\\\277\221\311>\223\313dS\221"
 184      3BDF7925 
 184      4A195CBF 
 184      91C93E93 
 184      CB645391 
 185 007d 4C360417 		.ascii	"L6\004\027<\312\216\313\204\213\310e\200\012\3001I\235"
 185      3CCA8ECB 
 185      848BC865 
 185      800AC031 
 185      499D
 186 008f F5FA1BBC 		.ascii	"\365\372\033\274\353\002\367/\001\357\000~\013\262'"
 186      EB02F72F 
 186      01EF007E 
 186      0BB227
 187 009e A01E9EDD 		.ascii	"\240\036\236\335\001\243\001\177\002\371k@\022 \021"
 187      01A3017F 
 187      02F96B40 
 187      122011
 188 00ad 900CF81C 		.ascii	"\220\014\370\0340\012\352\234\340>\036\360&\340;\300"
 188      300AEA9C 
 188      E03E1EF0 
 188      26E03BC0 
 189 00bd 2780F980 		.ascii	"'\200\371\2009\200@\300g\200y\200`\300?\000\377\004"
 189      398040C0 
 189      67807980 
 189      60C03F00 
 189      FF04
 190 00cf C402FE0E 		.ascii	"\304\002\376\016\370\026\300\361>\246\3023|d\253\221"
 190      F816C0F1 
 190      3EA6C233 
 190      7C64AB91 
 191 00df BD7F8483 		.ascii	"\275\177\204\203y\377\322\341\271\224/\307|\273\312"
 191      79FFD2E1 
 191      B9942FC7 
 191      7CBBCA
 192 00ee 4668D777 		.ascii	"Fh\327w\274\276/y\031\3611\220^\3530*=^q\314\271\025"
 192      BCBE2F79 
 192      19F13190 
 192      5EEB302A 
 192      3D5E71CC 
 193 0104 B520F005 		.ascii	"\265 \360\005\215bl\304\276\341N@\345!\353\205X9\224"
 193      8D626CC4 
 193      BEE14E40 
 193      E521EB85 
 193      583994
 194 0117 72ECC653 		.ascii	"r\354\306S\211`}\005\331J8^\007g\325K?\274\002$\326"
 194      89607D05 
 194      D94A385E 
 194      0767D54B 
 194      3FBC0224 
 195 012c CAEA9939 		.ascii	"\312\352\2319\353\305<g\017\242\367X\021'\030\023\275"
 195      EBC53C67 
 195      0FA2F758 
ARM GAS  C:\Users\Pasquale\AppData\Local\Temp\ccg86cRy.s 			page 15


 195      11271813 
 195      BD
 196 013d 32CC5799 		.ascii	"2\314W\231\255\332\346\224\320H\304\007\341\312\303"
 196      ADDAE694 
 196      D048C407 
 196      E1CAC3
 197 014c D4426D1B 		.ascii	"\324Bm\033\272\001\265\237\313d\031\252%\210\224v\015"
 197      BA01B59F 
 197      CB6419AA 
 197      25889476 
 197      0D
 198 015d 5E3D8231 		.ascii	"^=\2021G\237w\224\245f\270aw\372\234x\261\356\001\232"
 198      479F7794 
 198      A566B861 
 198      77FA9C78 
 198      B1EE019A 
 199 0171 54606697 		.ascii	"T`f\227j3\226\241C\010[\003zr\350\251\305m\025F\356"
 199      6A3396A1 
 199      43085B03 
 199      7A72E8A9 
 199      C56D1546 
 200 0186 1AC48158 		.ascii	"\032\304\201X\337}n\2133\210\2435h\024\210\005\251C"
 200      DF7D6E8B 
 200      3388A335 
 200      68148805 
 200      A943
 201 0198 EB1463D6 		.ascii	"\353\024c\326\223\0273\342\315\2438\364\345\033\250"
 201      931733E2 
 201      CDA338F4 
 201      E51BA8
 202 01a7 048D4547 		.ascii	"\004\215EG\320Xp\247\024\215\201\357(9\323\324\030\327"
 202      D05870A7 
 202      148D81EF 
 202      2839D3D4 
 202      18D7
 203 01b9 F0D065FC 		.ascii	"\360\320e\374v\263\245\315l\351\312\366\314/\3554\233"
 203      76B3A5CD 
 203      6CE9CAF6 
 203      CC2FED34 
 203      9B
 204 01ca 35724242 		.ascii	"5rBB\305\010\243\303h\022iB11\215\212P\033B?\241VhA"
 204      C508A3C3 
 204      68126942 
 204      31318D8A 
 204      501B423F 
 205 01e2 191A0F2F 		.ascii	"\031\032\017/\367<J?\357\2063\020\365\270\346\356\220"
 205      F73C4A3F 
 205      EF863310 
 205      F5B8E6EE 
 205      90
 206 01f3 C509346D 		.ascii	"\305\0114m\007M\015\245\332l\263%\016\034\340\250\252"
 206      074D0DA5 
 206      DA6CB325 
 206      0E1CE0A8 
 206      AA
 207 0204 724155B9 		.ascii	"rAU\271TU\005Uu\256\243\345[\274\205i:\336\271\352\250"
 207      54550555 
ARM GAS  C:\Users\Pasquale\AppData\Local\Temp\ccg86cRy.s 			page 16


 207      75AEA3E5 
 207      5BBC8569 
 207      3ADEB9EA 
 208 0219 12341D04 		.ascii	"\0224\035\004M\225\263\355\024\035\025\024\035\225*"
 208      4D95B3ED 
 208      141D1514 
 208      1D952A
 209 0228 3A461599 		.ascii	":F\025\231;\313\232\335\360\036\246)\375\373\224\243"
 209      3BCB9ADD 
 209      F01EA629 
 209      FDFB94A3 
 210 0238 6AD0D466 		.ascii	"j\320\324f6[N\035x\377ArR\232y\007\2421@\026A\225\205"
 210      365B4E1D 
 210      78FF4172 
 210      529A7907 
 210      A2314016 
 211 024f 8F2C3A4E 		.ascii	"\217,:NU\\L8\270\031\263\350\312I+k\263o\271\262\350"
 211      555C4C38 
 211      B819B3E8 
 211      CA492B6B 
 211      B36FB9B2 
 212 0264 8E23D1AD 		.ascii	"\216#\321\255=\325\314\327\256@ \017\356\355x\003?e"
 212      3DD5CCD7 
 212      AE40200F 
 212      EEED7803 
 212      3F65
 213 0276 F632BB7B 		.ascii	"\3662\273{\327*5+H\344\267\307\233\325\001\204T\005"
 213      D72A352B 
 213      48E4B7C7 
 213      9BD50184 
 213      5405
 214 0288 91AFA491 		.ascii	"\221\257\244\221\257F\032\370\366\032\013\037Bn9\275"
 214      AF461AF8 
 214      F61A0B1F 
 214      426E39BD 
 215 0298 2F9F287A 		.ascii	"/\237(zG\203H\"\271A\321\201\207%\317\\X\021a\324\247"
 215      47834822 
 215      B941D181 
 215      8725CF5C 
 215      581161D4 
 216 02ad F7E639E1 		.ascii	"\367\3469\341X\232\035\\k\323\213fW\244\361\004\355"
 216      589A1D5C 
 216      6BD38B66 
 216      57A4F104 
 216      ED
 217 02be 714CBBCC 		.ascii	"qL\273\314\246\033\235E\236\344%\322\036t\032\012OA"
 217      A61B9D45 
 217      9EE425D2 
 217      1E741A0A 
 217      4F41
 218 02d0 E16EE286 		.ascii	"\341n\342\206\345\356\231\2177\365\232\315\343P\015"
 218      E5EE998F 
 218      37F59ACD 
 218      E3500D
 219 02df D2A03342 		.ascii	"\322\2403B\233\337\321\260\004\330\227\227\271S\211"
 219      9BDFD1B0 
 219      04D89797 
ARM GAS  C:\Users\Pasquale\AppData\Local\Temp\ccg86cRy.s 			page 17


 219      B95389
 220 02ee FB988DB2 		.ascii	"\373\230\215\262\234;'\271\221l\234\037\331F\353\370"
 220      9C3B27B9 
 220      916C9C1F 
 220      D946EBF8 
 221 02fe EA44D245 		.ascii	"\352D\322E\265`\343\234`\243\006\361F\236\344\025\004"
 221      B560E39C 
 221      60A306F1 
 221      469EE415 
 221      04
 222 030f BB67F061 		.ascii	"\273g\360a\371\275\234\362\204\270\\@\356\326\350\020"
 222      F9BD9CF2 
 222      84B85C40 
 222      EED6E810 
 223 031f F2A18E33 		.ascii	"\362\241\2163\325\032\026`3\011p\336\221\266A\204\033"
 223      D51A1660 
 223      330970DE 
 223      91B64184 
 223      1B
 224 0330 310DC9C6 		.ascii	"1\015\311\306\372\037\374I\200\343_\313=x\301R\235\372"
 224      FA1FFC49 
 224      80E35FCB 
 224      3D78C152 
 224      9DFA
 225 0342 08E15BEC 		.ascii	"\010\341[\354\355\0257\223/\361\252\007\210\234]\366"
 225      ED153793 
 225      2FF1AA07 
 225      889C5DF6 
 226 0352 738D82C9 		.ascii	"s\215\202\311*\020\017?\316?\354\302z\332B\252\207*"
 226      2A100F3F 
 226      CE3FECC2 
 226      7ADA42AA 
 226      872A
 227 0364 9F36BAE0 		.ascii	"\2376\272\340{\3705\372\266\321\332\267\223\251\325"
 227      7BF835FA 
 227      B6D1DAB7 
 227      93A9D5
 228 0373 C3C5B95D 		.ascii	"\303\305\271]*\326b\370\342[\334\000\354+\224\335D["
 228      2AD662F8 
 228      E25BDC00 
 228      EC2B94DD 
 228      445B
 229 0385 DC686DF1 		.ascii	"\334hm\361\320\275\246\\5s\243\233\310\033J\332\273"
 229      D0BDA65C 
 229      3573A39B 
 229      C81B4ADA 
 229      BB
 230 0396 5D711F6F 		.ascii	"]q\037o\267\352I\2373~\312\204\346\235\353v\311\031"
 230      B7EA499F 
 230      337ECA84 
 230      E69DEB76 
 230      C919
 231 03a8 B393C85B 		.ascii	"\263\223\310[\006\007\023\344x\220U\306\2255e\362\263"
 231      060713E4 
 231      789055C6 
 231      953565F2 
 231      B3
ARM GAS  C:\Users\Pasquale\AppData\Local\Temp\ccg86cRy.s 			page 18


 232 03b9 421B4D9F 		.ascii	"B\033M\237\270\265yJ\234$\247\225/\036\357\351V\342"
 232      B8B5794A 
 232      9C24A795 
 232      2F1EEFE9 
 232      56E2
 233 03cb 0C261CBE 		.ascii	"\014&\034\276\231u\2147\330H\344\252\276\315=Z\234\315"
 233      99758C37 
 233      D848E4AA 
 233      BECD3D5A 
 233      9CCD
 234 03dd 2A13F32E 		.ascii	"*\023\363.\247:\341<&\\\352\330\221\240e\314:\"\367"
 234      A73AE13C 
 234      265CEAD8 
 234      91A065CC 
 234      3A22F7
 235 03f0 5D4FABD6 		.ascii	"]O\253\326\342BVy\342\364\255K*|\204\011\253N\026W\363"
 235      E2425679 
 235      E2F4AD4B 
 235      2A7C8409 
 235      AB4E1657 
 236 0405 E3E23491 		.ascii	"\343\3424\221c;\017&c\\\311\033\344#\353\316G\266\247"
 236      633B0F26 
 236      635CC91B 
 236      E423EBCE 
 236      47B6A7
 237 0418 AE2A458D 		.ascii	"\256*E\215\317\261\312\332\225k\2628|\231\011{;6\257"
 237      CFB1CADA 
 237      956BB238 
 237      7C99097B 
 237      3B36AF
 238 042b E60DBE4F 		.ascii	"\346\015\276OB\223\323\275E\213\233Y]yn\342>\025\356"
 238      4293D3BD 
 238      458B9B59 
 238      5D796EE2 
 238      3E15EE
 239 043e 6042D9E1 		.ascii	"`B\331\341\362j\276\357&\203\230p>\255Y\213\037\263"
 239      F26ABEEF 
 239      26839870 
 239      3EAD598B 
 239      1FB3
 240 0450 BAC2CE64 		.ascii	"\272\302\316d\213\023\356gBN_\313=\276\261\236DI\355"
 240      8B13EE67 
 240      424E5FCB 
 240      3DBEB19E 
 240      4449ED
 241 0463 B30257FC 		.ascii	"\263\002W\374\212\325Y\307\266;\033\333\345\327\213"
 241      8AD559C7 
 241      B63B1BDB 
 241      E5D78B
 242 0472 BDF00A05 		.ascii	"\275\360\012\005\233\215;K\326\272\341L&<N\270\323\346"
 242      9B8D3B4B 
 242      D6BAE14C 
 242      263C4EB8 
 242      D3E6
 243 0484 CC786340 		.ascii	"\314xc@\274\331r7\305\025g\263\272\244cY\025j\234\307"
 243      BCD97237 
 243      C51567B3 
ARM GAS  C:\Users\Pasquale\AppData\Local\Temp\ccg86cRy.s 			page 19


 243      BAA46359 
 243      156A9CC7 
 244 0498 04EB54EC 		.ascii	"\004\353T\354\316\246\342\023m7\020\336\317\252\036"
 244      CEA6E213 
 244      6D3710DE 
 244      CFAA1E
 245 04a7 A4589A38 		.ascii	"\244X\2328|\210\011\373J\322n*\3601&\334:\234\320/\307"
 245      7C8809FB 
 245      4AD26E2A 
 245      F03126DC 
 245      3A9CD02F 
 246 04bc 554CC81F 		.ascii	"UL\310\037\334Z\247\306\247\231PW\332v\307\025\3271"
 246      DC5AA7C6 
 246      A7995057 
 246      DA76C715 
 246      D731
 247 04ce A1EFC4DE 		.ascii	"\241\357\304\336>\276\1773\310\300\250Y\2213\231e\253"
 247      3EBE7F33 
 247      C8C0A859 
 247      91339965 
 247      AB
 248 04df 590DE2EE 		.ascii	"Y\015\342\356K\331=J|\211r\307\247\264=(\342\320\204"
 248      4BD93D4A 
 248      7C8972C7 
 248      A7B43D28 
 248      E2D084
 249 04f2 09133C26 		.ascii	"\011\023<&8\274<\371\373NsB\274\331\322Z\206\007\362"
 249      38BC3CF9 
 249      FB4E7342 
 249      BCD9D25A 
 249      8607F2
 250 0505 53D2CCDB 		.ascii	"S\322\314\333+\021\252\207L\275\015cx\005\347!\014\256"
 250      2B11AA87 
 250      4CBD0D63 
 250      7805E721 
 250      0CAE
 251 0517 769AB6DE 		.ascii	"v\232\266\336\360%\333I\346\006\313\265/`^N\3004\257"
 251      F025DB49 
 251      E606CBB5 
 251      2F605E4E 
 251      C034AF
 252 052a 9F49D903 		.ascii	"\237I\331\003\224]\205\030\235\030\250\344\351D\371"
 252      945D8518 
 252      9D18A8E4 
 252      E944F9
 253 0539 4B29FD85 		.ascii	"K)\375\205\240<\223\0371f$\227\241xn,\212\343H\035\241"
 253      A03C931F 
 253      31662497 
 253      A1786E2C 
 253      8AE3481D 
 254 054e C3C046DB 		.ascii	"\303\300F\3338O\224\311M@+\001[\000\353\000\311\200"
 254      384F94C9 
 254      4D402B01 
 254      5B00EB00 
 254      C980
 255 0560 1C401620 		.ascii	"\034@\026 \011\220\006X\005X\013\330\011X\017\330\010"
 255      09900658 
ARM GAS  C:\Users\Pasquale\AppData\Local\Temp\ccg86cRy.s 			page 20


 255      05580BD8 
 255      09580FD8 
 255      08
 256 0571 5803C805 		.ascii	"X\003\310\005\244\002\322\001\331\200]\200D\300f\300"
 256      A402D201 
 256      D9805D80 
 256      44C066C0 
 257 0581 56C07640 		.ascii	"V\300v@\012`\023`7 \003\220\007\330\001\330\000X\315"
 257      0A601360 
 257      37200390 
 257      07D801D8 
 257      0058CD
 258 0594 4DA00B05 		.ascii	"M\240\013\005k\324\375\020\241QfN\322(/q\010\310$\331"
 258      6BD4FD10 
 258      A151664E 
 258      D2282F71 
 258      08C824D9 
 259 05a8 AE8FA56C 		.ascii	"\256\217\245l\030\373\260\011`l\353\214\000[#Q|\251"
 259      18FBB009 
 259      606CEB8C 
 259      005B2351 
 259      7CA9
 260 05ba 6E51C0FA 		.ascii	"nQ\300\372\245\001{2,\276\355\013\004\372\003)\375\376"
 260      A5017B32 
 260      2CBEED0B 
 260      04FA0329 
 260      FDFE
 261 05cc 70BA48FB 		.ascii	"p\272H\373S\307\332E\276\\[,\260\023\244\355<\201\244"
 261      53C7DA45 
 261      BE5C5B2C 
 261      B013A4ED 
 261      3C81A4
 262 05df 0DBDBF40 		.ascii	"\015\275\277@h\350=iC;\355\022\011\330\317Ea\271*e_"
 262      68E83D69 
 262      433BED12 
 262      09D8CF45 
 262      61B92A65 
 263 05f4 96BAD22E 		.ascii	"\226\272\322.\012y\254\303\220\213r\264~\201\220\243"
 263      0A79ACC3 
 263      908B72B4 
 263      7E8190A3 
 264 0604 8FA5AD7C 		.ascii	"\217\245\255|4\314\357\336/\004O~\226z\322'\365\344"
 264      34CCEFDE 
 264      2F044F7E 
 264      967AD227 
 264      F5E4
 265 0616 B9C89357 		.ascii	"\271\310\223WR\345W\206E\274^\024\361\347\216\307\213"
 265      52E55786 
 265      45BC5E14 
 265      F1E78EC7 
 265      8B
 266 0627 4879A5A8 		.ascii	"Hy\245\250;{\244\354\356a\236\327\363\035\004\013):"
 266      3B7BA4EC 
 266      EE619ED7 
 266      F31D040B 
 266      293A
 267 0639 29A59F90 		.ascii	")\245\237\220*\257\021)\357r\034\026q\"\352\005v\263"
ARM GAS  C:\Users\Pasquale\AppData\Local\Temp\ccg86cRy.s 			page 21


 267      2AAF1129 
 267      EF721C16 
 267      7122EA05 
 267      76B3
 268 064b 947D4DCA 		.ascii	"\224}M\312\356\025\351\276+e\337\031\346\211((\203\216"
 268      EE15E9BE 
 268      2B65DF19 
 268      E6892828 
 268      838E
 269 065d 67055B33 		.ascii	"g\005[3\241?k\364B\177\336r<C\211C\336+\352\241!\307"
 269      A13F6BF4 
 269      427FDE72 
 269      3C438943 
 269      DE2BEAA1 
 270 0673 3D24F2A5 		.ascii	"=$\362\245^\324\316\233Rv\253\300f;\236\206f\367X\230"
 270      5ED4CE9B 
 270      5276ABC0 
 270      663B9E86 
 270      66F75898 
 271 0687 A4084BC6 		.ascii	"\244\010K\306\357v\204y\341F\253\373\316x\363\351\311"
 271      EF768479 
 271      E146ABFB 
 271      CE78F3E9 
 271      C9
 272 0698 54579B63 		.ascii	"TW\233c]bGkD\343\353\242\224^7\214\376\\\024\265^\307"
 272      5D62476B 
 272      44E3EBA2 
 272      945E378C 
 272      FE5C14B5 
 273 06ae C9211EBC 		.ascii	"\311!\036\274\242\036y\350xf\020'\236\310\225K\216]"
 273      A21E79E8 
 273      78661027 
 273      9EC8954B 
 273      8E5D
 274 06c0 118F0191 		.ascii	"\021\217\001\221\356\016\307\275m\327!\242\020_w\234"
 274      EE0EC7BD 
 274      6DD721A2 
 274      105F779C 
 275 06d0 4A8C4E76 		.ascii	"J\214Nv\214\005\005-\316x\275\222nK_l\253\330\257B\036"
 275      8C05052D 
 275      CE78BD92 
 275      6E4B5F6C 
 275      ABD8AF42 
 276 06e5 9E0E5707 		.ascii	"\236\016W\007\264\017\026\205\377\267\005\202eIG\247"
 276      B40F1685 
 276      FFB70582 
 276      654947A7 
 277 06f5 12CE6E68 		.ascii	"\022\316nh/8\267\207\263\355\212I\316\3206\366o\273"
 277      2F38B787 
 277      B3ED8A49 
 277      CED036F6 
 277      6FBB
 278 0707 7948A14D 		.ascii	"yH\241M\261\355\265)Q\330R~\317i\351\241\004\356@>8"
 278      B1EDB529 
 278      51D8527E 
 278      CF69E9A1 
 278      04EE403E 
ARM GAS  C:\Users\Pasquale\AppData\Local\Temp\ccg86cRy.s 			page 22


 279 071c B4AECD05 		.ascii	"\264\256\315\005\357\244\001A\355qE\247]\360\036&\244"
 279      EFA40141 
 279      ED7145A7 
 279      5DF01E26 
 279      A4
 280 072d ADABAC94 		.ascii	"\255\253\254\224\343\375L\310\335\224\231\254\300?2"
 280      E3FD4CC8 
 280      DD9499AC 
 280      C03F32
 281 073c 61DF9A8C 		.ascii	"a\337\232\214\203\032\\\304\204\215\337_}\256\306\207"
 281      831A5CC4 
 281      848DDF5F 
 281      7DAEC687 
 282 074c 98B0EBF9 		.ascii	"\230\260\353\371\213n\262Y\233H\316\036Xt\362\230\310"
 282      8B6EB259 
 282      9B48CE1E 
 282      5874F298 
 282      C8
 283 075d 4E1EC7CE 		.ascii	"N\036\307\316\236\331\255\305\345,\374\205\331\203\203"
 283      9ED9ADC5 
 283      E52CFC85 
 283      D98383
 284 076c 6ED65301 		.ascii	"n\326S\001\234(\025\2362\333y\022\025C\304'\362\333"
 284      9C28159E 
 284      32DB7912 
 284      1543C427 
 284      F2DB
 285 077e EE1FA14B 		.ascii	"\356\037\241K~\340\204\223\307\304\015\311\344TP\304"
 285      7EE08493 
 285      C7C40DC9 
 285      E45450C4 
 286 078e 69D04F42 		.ascii	"i\320OB\373'\362\273\336\243\231\327;4\370\024\263\021"
 286      FB27F2BB 
 286      DEA399D7 
 286      3B34F814 
 286      B311
 287 07a0 5797D537 		.ascii	"W\227\3257\242\215##\333h\3659AO\036\207\301\306!\301"
 287      A28D2323 
 287      DB68F539 
 287      414F1E87 
 287      C1C621C1 
 288 07b4 06986446 		.ascii	"\006\230dF\342\006v\226\253p\0355\"\357\337[\334\340"
 288      E2067696 
 288      AB701D35 
 288      22EFDF5B 
 288      DCE0
 289 07c6 8A604724 		.ascii	"\212`G$\312$N&\012y"
 289      CA244E26 
 289      0A79
 290 07d0 299F4615 		.ascii	")\237F\025`\260\014\272\263\334\266\336\223\371\347"
 290      60B00CBA 
 290      B3DCB6DE 
 290      93F9E7
 291 07df EE355C9E 		.ascii	"\3565\\\236{>\325\274\3758\242\366J\300\036y\303\346"
 291      7B3ED5BC 
 291      FD38A2F6 
 291      4AC01E79 
ARM GAS  C:\Users\Pasquale\AppData\Local\Temp\ccg86cRy.s 			page 23


 291      C3E6
 292 07f1 A77401BA 		.ascii	"\247t\001\272\377\326&8\274bJ>\350\220\\\202\2049\345"
 292      FFD62638 
 292      BC624A3E 
 292      E8905C82 
 292      8439E5
 293 0804 468E8664 		.ascii	"F\216\206dK\251\375\224\002n\237\252|P\244\201\275\334"
 293      4BA9FD94 
 293      026E9FAA 
 293      7C50A481 
 293      BDDC
 294 0816 684FA6B6 		.ascii	"hO\246\266!\307=\227\316/d\",\004\275\026n\364\010\253"
 294      21C73D97 
 294      CE2F6422 
 294      2C04BD16 
 294      6EF408AB 
 295 082a 20A8EDCF 		.ascii	" \250\355\317q\215\245^\020\353\007Ff\257\341O6tp\011"
 295      718DA55E 
 295      10EB0746 
 295      66AFE14F 
 295      36747009 
 296 083e 21216C12 		.ascii	"!!l\022\222\343\020\222\243\020\222cv\031~>g\014\235"
 296      92E31092 
 296      A3109263 
 296      76197E3E 
 296      670C9D
 297 0851 078165EF 		.ascii	"\007\201e\3574\252-]S\244\036\015JcGV*\263\323H6\361"
 297      34AA2D5D 
 297      53A41E0D 
 297      4A634756 
 297      2AB3D348 
 298 0867 55578AB5 		.ascii	"UW\212\2658\323\211\346\340\235\263\007\342T8\213\011"
 298      38D389E6 
 298      E09DB307 
 298      E254388B 
 298      09
 299 0878 5B6B0BCF 		.ascii	"[k\013\317*\360&&\224\345\027\326sx\033\023\012J\272"
 299      2AF02626 
 299      94E517D6 
 299      73781B13 
 299      0A4ABA
 300 088b 5721BC87 		.ascii	"W!\274\207\011=\311\007L\270\220=\247\327m\273\256\342"
 300      093DC907 
 300      4CB8903D 
 300      A7D76DBB 
 300      AEE2
 301 089d 4F73E457 		.ascii	"Os\344W\222\201\035\267\327p\270\210VjS\353\342/(\020"
 301      92811DB7 
 301      D770B888 
 301      566A53EB 
 301      E22F2810 
 302 08b1 DD027BB0 		.ascii	"\335\002{\260\3150\233\243:\262\371\330\222I\352\024"
 302      CD309BA3 
 302      3AB2F9D8 
 302      9249EA14 
 303 08c1 44AB6EC4 		.ascii	"D\253n\304M\035\235/\337\022\246\264*)\373\305\360\251"
 303      4D1D9D2F 
ARM GAS  C:\Users\Pasquale\AppData\Local\Temp\ccg86cRy.s 			page 24


 303      DF12A6B4 
 303      2A29FBC5 
 303      F0A9
 304 08d3 FB4D817E 		.ascii	"\373M\201~\3021]\274\230\212\330'\245\354\341[\214\312"
 304      C2315DBC 
 304      988AD827 
 304      A5ECE15B 
 304      8CCA
 305 08e5 B102BD40 		.ascii	"\261\002\275@J\027o\311\355\246\32130\236\330\346\246"
 305      4A176FC9 
 305      EDA6D133 
 305      309ED8E6 
 305      A6
 306 08f6 8E4FFE7A 		.ascii	"\216O\376z\350\351K\320/g\001W\000\347\001\265\200s"
 306      E8E94BD0 
 306      2F670157 
 306      00E701B5 
 306      8073
 307 0908 8006C005 		.ascii	"\200\006\300\005\300E\300e\273\315p\215\310z\276\324"
 307      C045C065 
 307      BBCD708D 
 307      C87ABED4 
 308 0918 BA684BC9 		.ascii	"\272hK\311\347M6[?\353\034\256\237\342>8\355\260\017"
 308      E74D365B 
 308      3FEB1CAE 
 308      9FE23E38 
 308      EDB00F
 309 092b C40BB7C8 		.ascii	"\304\013\267\310p\215c\303\342(\335\027\005\265\332"
 309      708D63C3 
 309      E228DD17 
 309      05B5DA
 310 093a 7150ADCA 		.ascii	"qP\255\312a\330\274\312\3210z%d\354~\307A\365\346\227"
 310      61D8BCCA 
 310      D1307A25 
 310      64EC7EC7 
 310      41F5E697 
 311 094e 2C4BED40 		.ascii	",K\355@\221\002\227\320\374\342\216\036\332U\341\204"
 311      910297D0 
 311      FCE28E1E 
 311      DA55E184 
 312 095e 3C3DF8A1 		.ascii	"<=\370\241\275\231.\004M\360\362Ua\222\252\243\013\201"
 312      BD992E04 
 312      4DF0F255 
 312      6192AAA3 
 312      0B81
 313 0970 C3DE408D 		.ascii	"\303\336@\215\320\011\277\264C\310\357\002\205\205="
 313      D009BFB4 
 313      43C8EF02 
 313      85853D
 314 097f 58BCB434 		.ascii	"X\274\2644\331--\3278\255\325\211ktui^\231\264U\211"
 314      D92D2DD7 
 314      38ADD589 
 314      6B747569 
 314      5E99B455 
 315 0994 ABD9C069 		.ascii	"\253\331\300i/m\206\275\365Y&t\255=Y\313\341\013L\350"
 315      2F6D86BD 
 315      F5592674 
ARM GAS  C:\Users\Pasquale\AppData\Local\Temp\ccg86cRy.s 			page 25


 315      AD3D59CB 
 315      E10B4CE8 
 316 09a8 688CDFA4 		.ascii	"h\214\337\244\304W\230\220\361\262\311\254\304-LH\353"
 316      C4579890 
 316      F1B2C9AC 
 316      C42D4C48 
 316      EB
 317 09b9 1AD821C7 		.ascii	"\032\330!\307\267\231p\244\342\221\017;\247\216%\277"
 317      B79970A4 
 317      E2910F3B 
 317      A78E25BF 
 318 09c9 FEB6F458 		.ascii	"\376\266\364X\370_'\333\310\261\265)\376i\203\013\276"
 318      F85F27DB 
 318      C8B1B529 
 318      FE69830B 
 318      BE
 319 09da 4FA9EAB8 		.ascii	"O\251\352\270\306\376*2\016=\330\231\224Mp]\331\037"
 319      C6FE2A32 
 319      0E3DD899 
 319      944D705D 
 319      D91F
 320 09ec 659D4A32 		.ascii	"e\235J2g\204\262\255\036D\254c\304\3552\235gwas\336"
 320      6784B2AD 
 320      1E44AC63 
 320      C4ED329D 
 320      67776173 
 321 0a01 184A6E96 		.ascii	"\030Jn\226\222G:\\\266C\244o\322\303e\007\037\346\373"
 321      92473A5C 
 321      B643A46F 
 321      D2C36507 
 321      1FE6FB
 322 0a14 10E64E08 		.ascii	"\020\346N\010\343C\300]\300=\300\035\300\003\300m\273"
 322      E343C05D 
 322      C03DC01D 
 322      C003C06D 
 322      BB
 323 0a25 85E09A60 		.ascii	"\205\340\232`\357\206\324\336\025\251s5\002\271MJ\226"
 323      EF86D4DE 
 323      15A97335 
 323      02B94D4A 
 323      96
 324 0a36 2E18ED02 		.ascii	".\030\355\002\267\305\261\342*\321\202Q\235\205IVuH"
 324      B7C5B1E2 
 324      2AD18251 
 324      9D854956 
 324      7548
 325 0a48 C710D1D4 		.ascii	"\307\020\321\324\237\345$l\226\257;\016\212xo]/Xnu\350"
 325      9FE5246C 
 325      96AF3B0E 
 325      8A786F5D 
 325      2F586E75 
 326 0a5d A56D6756 		.ascii	"\245mgVU\271\351\225\023\356bi^\260\245b@#\335\231Y"
 326      55B9E995 
 326      13EE6269 
 326      5EB0A562 
 326      4023DD99 
 327 0a72 438BBA20 		.ascii	"C\213\272 \242\377Mt\371fM#\255z\014\357=\022\306J\207"
ARM GAS  C:\Users\Pasquale\AppData\Local\Temp\ccg86cRy.s 			page 26


 327      A2FF4D74 
 327      F9664D23 
 327      AD7A0CEF 
 327      3D12C64A 
 328 0a87 75D3D4B2 		.ascii	"u\323\324\262&\377\241\253\007oo\305\210\366d\377\321"
 328      26FFA1AB 
 328      076F6FC5 
 328      88F664FF 
 328      D1
 329 0a98 18C9C4CC 		.ascii	"\030\311\304\314\352B\265x\224t\333\215\222\036~\003"
 329      EA42B578 
 329      9474DB8D 
 329      921E7E03 
 330 0aa8 D6438748 		.ascii	"\326C\207HJ\361\332\\7<\3102|u\372O?hp\274\212\012\305"
 330      4AF1DA5C 
 330      373CC832 
 330      7C75FA4F 
 330      3F6870BC 
 331 0abf B5476E28 		.ascii	"\265Gn(p\012\023\232{\033\222\235q&\023\016\014\256"
 331      700A139A 
 331      7B1B929D 
 331      7126130E 
 331      0CAE
 332 0ad1 DBA3C41B 		.ascii	"\333\243\304\033\231\320\267\367\307\255*6,\366\222"
 332      99D0B7F7 
 332      C7AD2A36 
 332      2CF692
 333 0ae0 71B025D9 		.ascii	"q\260%\331R\304\217\013\213\206\374\200\226\230\276"
 333      52C48F0B 
 333      8B86FC80 
 333      9698BE
 334 0aef D2096FA3 		.ascii	"\322\011o\243dUW~\277\305\215\377\375\306s\002[\311"
 334      6455577E 
 334      BFC58DFF 
 334      FDC67302 
 334      5BC9
 335 0b01 6F6C745F 		.ascii	"olt_k&\363\"\211M/\304\346%\334m\215\267;\213\321\037"
 335      6B26F322 
 335      894D2FC4 
 335      E625DC6D 
 335      8DB73B8B 
 336 0b17 1C7ECDCE 		.ascii	"\034~\315\316\263\204\375L\312\036~l\257\377\025I\000"
 336      B384FD4C 
 336      CA1E7E6C 
 336      AFFF1549 
 336      00
 337 0b28 427E2225 		.ascii	"B~\"%\217\270x\014\000\343)\035D/\371n6cO4\004Q\036"
 337      8FB8780C 
 337      00E3291D 
 337      442FF96E 
 337      36634F34 
 338 0b3f 04BC02C4 		.ascii	"\004\274\002\304\342\011\3509\334_\010\003\210\374D"
 338      E209E839 
 338      DC5F0803 
 338      88FC44
 339 0b4e 60B3F5B3 		.ascii	"`\263\365\263\324\326#i3\236\277a\345\366K\271\302\360"
 339      D4D62369 
ARM GAS  C:\Users\Pasquale\AppData\Local\Temp\ccg86cRy.s 			page 27


 339      339EBF61 
 339      E5F64BB9 
 339      C2F0
 340 0b60 6199F378 		.ascii	"a\231\363x=\035\020/\207\015\010\222U\342\340\365I5"
 340      3D1D102F 
 340      870D0892 
 340      55E2E0F5 
 340      4935
 341 0b72 890F2BD0 		.ascii	"\211\017+\320\025\325\227\256\276\224\343\335*\366\303"
 341      15D597AE 
 341      BE94E3DD 
 341      2AF6C3
 342 0b81 BB39B56B 		.ascii	"\2739\265kX\216[[\216\022\240\301\257\333x\346\345\253"
 342      588E5B5B 
 342      8E12A0C1 
 342      AFDB78E6 
 342      E5AB
 343 0b93 6CBA18C4 		.ascii	"l\272\030\304c\017\024\207m\011\376\322\232\340\347"
 343      630F1487 
 343      6D09FED2 
 343      9AE0E7
 344 0ba2 93CE1E72 		.ascii	"\223\316\036r\261OpG\306d\377\326\022\331\356T\305j"
 344      B14F7047 
 344      C664FFD6 
 344      12D9EE54 
 344      C56A
 345 0bb4 C5B99D88 		.ascii	"\305\271\235\210\305\271\235\204Yn\303\035\270\227\357"
 345      C5B99D84 
 345      596EC31D 
 345      B897EF
 346 0bc3 C69D513B 		.ascii	"\306\235Q;\036T\262\327\037Q(\031{\200\262g\2266\330"
 346      1E54B2D7 
 346      1F512819 
 346      7B80B267 
 346      9636D8
 347 0bd6 AD14B1A4 		.ascii	"\255\024\261\244?~\375T\245V\316\261QD\376u\202\262"
 347      3F7EFD54 
 347      A556CEB1 
 347      5144FE75 
 347      82B2
 348 0be8 86E4C46B 		.ascii	"\206\344\304kjZF\326\241\225\230\026\336\315|\250\037"
 348      6A5A46D6 
 348      A1959816 
 348      DECD7CA8 
 348      1F
 349 0bf9 F13FAB55 		.ascii	"\361?\253U\230\374g\225\202\371?\255v\264n\250w\346"
 349      98FC6795 
 349      82F93FAD 
 349      76B46EA8 
 349      77E6
 350 0c0b FFB47AB5 		.ascii	"\377\264z\265\357\315\035\361\346\275\360\3328BC+\204"
 350      EFCD1DF1 
 350      E6BDF0DA 
 350      3842432B 
 350      84
 351 0c1c 90C2A3FD 		.ascii	"\220\302\243\375?D\251\230\374\275srKl\2053>\312\374"
 351      3F44A998 
ARM GAS  C:\Users\Pasquale\AppData\Local\Temp\ccg86cRy.s 			page 28


 351      FCBD7372 
 351      4B6C8533 
 351      3ECAFC
 352 0c2f BBD1F238 		.ascii	"\273\321\3628\307\371\355\\s\235\005\366~9c EX\244\322"
 352      C7F9ED5C 
 352      739D05F6 
 352      7E396320 
 352      4558A4D2 
 353 0c43 981A5186 		.ascii	"\230\032Q\206\223\222\005pZX\215\337\206\367\266\015"
 353      93920570 
 353      5A588DDF 
 353      86F7B60D 
 354 0c53 BED8E42A 		.ascii	"\276\330\344*\016/\371KI\010o:\037^rw\2131-\231\342"
 354      0E2FF94B 
 354      49086F3A 
 354      1F5E7277 
 354      8B312D99 
 355 0c68 A3FF6A69 		.ascii	"\243\377ji\204Q\037\021\025a\372`\322$/\370\204-\216"
 355      84511F11 
 355      1561FA60 
 355      D2242FF8 
 355      842D8E
 356 0c7b 5818618C 		.ascii	"X\030a\214\361\376\300\333\313\030\343\26584\322k\241"
 356      F1FEC0DB 
 356      CB18E3B5 
 356      3834D26B 
 356      A1
 357 0c8c 31343A3C 		.ascii	"14:<\306+x\236~\316|\337@\377\271\323\246\352gN\235"
 357      C62B789E 
 357      7ECE7CDF 
 357      40FFB9D3 
 357      A6EA674E 
 358 0ca1 ECADF367 		.ascii	"\354\255\363g5\223\302T\263\346\314\037\347\353\355"
 358      3593C254 
 358      B3E6CC1F 
 358      E7EBED
 359 0cb0 2DFBF017 		.ascii	"-\373\360\027\253\220i\365zCht\3447\324\0255-\235\015"
 359      AB9069F5 
 359      7A436874 
 359      E437D415 
 359      352D9D0D 
 360 0cc4 4FA39893 		.ascii	"O\243\230\223a\221\306\260\277\320\252\217G2\261\324"
 360      6191C6B0 
 360      BFD0AA8F 
 360      4732B1D4 
 361 0cd4 186D2216 		.ascii	"\030m\"\026>\235\342\303\276gN]\276\234\324\350##\303"
 361      3E9DE2C3 
 361      BE674E5D 
 361      BE9CD4E8 
 361      2323C3
 362 0ce7 F5A66F96 		.ascii	"\365\246o\226\032\274'-\226\251u\376\301\376\272?\370"
 362      1ABC272D 
 362      96A975FE 
 362      C1FEBA3F 
 362      F8
 363 0cf8 FBBDA7D1 		.ascii	"\373\275\247\321\353\227ED\231@\271iQ\330\207!Ta\214"
 363      EB974544 
ARM GAS  C:\Users\Pasquale\AppData\Local\Temp\ccg86cRy.s 			page 29


 363      9940B969 
 363      51D88721 
 363      54618C
 364 0d0b 69597884 		.ascii	"iYx\2041\304d4F\306\204|\025\265l\034}\032\027\032\275"
 364      31C46434 
 364      46C6847C 
 364      15B56C1C 
 364      7D1A171A 
 365 0d20 649C61C9 		.ascii	"d\234a\311BCx\270!<\344\275I\223\307\371L\366~\357\353"
 365      424378B8 
 365      213CE4BD 
 365      4993C7F9 
 365      4CF67EEF 
 366 0d35 A92150FE 		.ascii	"\251!P\376n\2241\312\360\256!taDHDTX\344\262pC\310\222"
 366      6E9431CA 
 366      F0AE2174 
 366      61444844 
 366      5458E4B2 
 367 0d4d 50D01565 		.ascii	"P\320\025e\010\321\207\033\026\205.\2134Q\3331`[e\265"
 367      08D1871B 
 367      16852E8B 
 367      3451DB31 
 367      605B65B5 
 368 0d61 F7E7FFA9 		.ascii	"\367\347\377\251\275\230obB\3641\246pP\016F4A\201\201"
 368      BD986F62 
 368      42F431A6 
 368      70500E46 
 368      34418181 
 369 0d75 B37D827D 		.ascii	"\263}\202}g\316\322)\202\203}g\351l-\236\206}\203u\362"
 369      67CED229 
 369      82837D67 
 369      E96C2D9E 
 369      867D8375 
 370 0d8a 197EBE42 		.ascii	"\031~\276B\321\357\324\323\203f\370\004\006\371\317"
 370      D1EFD4D3 
 370      8366F804 
 370      06F9CF
 371 0d99 D191276F 		.ascii	"\321\221'o\366d\255\235\252\236\0360c\012_\033`\343"
 371      F664AD9D 
 371      AA9E1E30 
 371      630A5F1B 
 371      60E3
 372 0dab 05487953 		.ascii	"\005HyS\234\210\026(!woq\215\217\023\321@k\002xF\200"
 372      9C881628 
 372      21776F71 
 372      8D8F13D1 
 372      406B0278 
 373 0dc1 3DC35B45 		.ascii	"=\303[E\336\325\005\317\323\221\007o\362`\253\233\254"
 373      DED505CF 
 373      D391076F 
 373      F260AB9B 
 373      AC
 374 0dd2 226FB3BA 		.ascii	"\"o\263\272\000+)\200\221\260\357l\235\2344\322\011"
 374      002B2980 
 374      91B0EF6C 
 374      9D9C34D2 
 374      09
ARM GAS  C:\Users\Pasquale\AppData\Local\Temp\ccg86cRy.s 			page 30


 375 0de3 DA4BEE9C 		.ascii	"\332K\356\234\257\316\311\317\367\023\362\3500\013\303"
 375      AFCEC9CF 
 375      F713F2E8 
 375      300BC3
 376 0df2 8C4B9618 		.ascii	"\214K\226\030\243\274\014\313M\220\035\242\004\241\371"
 376      A3BC0CCB 
 376      4D901DA2 
 376      04A1F9
 377 0e01 B5087271 		.ascii	"\265\010rq\271\001\242\347\254\363\365\325\317\203\376"
 377      B901A2E7 
 377      ACF3F5D5 
 377      CF83FE
 378 0e10 F2332C92 		.ascii	"\3623,\222O\237\251\013T\004\316\365\375\004\242\026"
 378      4F9FA90B 
 378      5404CEF5 
 378      FD04A216 
 379 0e20 ACD3A13F 		.ascii	"\254\323\241?\242\000EX$d)\237:\336\323\364&\225\365"
 379      A2004558 
 379      2464299F 
 379      3ADED3F4 
 379      2695F5
 380 0e33 01C7184C 		.ascii	"\001\307\030L\037\275Nn\006\006\372y\315\012\232=\367"
 380      1FBD4E6E 
 380      0606FA79 
 380      CD0A9A3D 
 380      F7
 381 0e44 AF3E5EC2 		.ascii	"\257>^\302\000\004\323x\256\237\016\317\366\323)\202"
 381      0004D378 
 381      AE9F0ECF 
 381      F6D32982 
 382 0e54 E607F9E9 		.ascii	"\346\007\371\351\234\346\006\007\371\373\373\351\224"
 382      9CE60607 
 382      F9FBFBE9 
 382      94
 383 0e61 73E77D1E 		.ascii	"s\347}\036\344\257S|:\327\317_G<\012\320\212\206\255"
 383      E4AF537C 
 383      3AD7CF5F 
 383      473C0AD0 
 383      8A86AD
 384 0e74 491EBA28 		.ascii	"I\036\272(:\022\033\303\243\025K\227-\015\217v2\306"
 384      3A121BC3 
 384      A3154B97 
 384      2D0D8F76 
 384      32C6
 385 0e86 2C3518C2 		.ascii	",5\030\302\243\225F\222s\321\212%\306pC4\341,\326R>"
 385      A3954692 
 385      73D18A25 
 385      C6704334 
 385      E12CD652 
 386 0e9b F8B86CA9 		.ascii	"\370\270l\251\336\244\014\362\367\0135\205*\203\374"
 386      DEA40CF2 
 386      F70B3585 
 386      2A83FC
 387 0eaa D8CD97DD 		.ascii	"\330\315\227\335f\260\333tv\013 7\027\372Z\2301jQ\304"
 387      66B0DB74 
 387      760B2037 
 387      17FA5A98 
ARM GAS  C:\Users\Pasquale\AppData\Local\Temp\ccg86cRy.s 			page 31


 387      316A51C4 
 388 0ebe 577A93DA 		.ascii	"Wz\223\3326Wx\320'k\202\263\372\177\001'\331t\343"
 388      365778D0 
 388      276B82B3 
 388      FA7F0127 
 388      D974E3
 389              		.text
 390              		.section	.gnu.lto_.symtab.e992eb62,"",%progbits
 391 0000 5F5F6561 		.ascii	"__early_init\000"
 391      726C795F 
 391      696E6974 
 391      00
 392 000d 00       		.ascii	"\000"
 393 000e 00       		.ascii	"\000"
 394 000f 00       		.ascii	"\000"
 395 0010 00000000 		.ascii	"\000\000\000\000\000\000\000\000"
 395      00000000 
 396 0018 BD000000 		.ascii	"\275\000\000\000"
 397 001c 626F6172 		.ascii	"boardInit\000"
 397      64496E69 
 397      7400
 398 0026 00       		.ascii	"\000"
 399 0027 00       		.ascii	"\000"
 400 0028 00       		.ascii	"\000"
 401 0029 00000000 		.ascii	"\000\000\000\000\000\000\000\000"
 401      00000000 
 402 0031 BF000000 		.ascii	"\277\000\000\000"
 403 0035 73746D33 		.ascii	"stm32_clock_init\000"
 403      325F636C 
 403      6F636B5F 
 403      696E6974 
 403      00
 404 0046 00       		.ascii	"\000"
 405 0047 02       		.ascii	"\002"
 406 0048 00       		.ascii	"\000"
 407 0049 00000000 		.ascii	"\000\000\000\000\000\000\000\000"
 407      00000000 
 408 0051 C1000000 		.ascii	"\301\000\000\000"
 409              		.text
 410              		.section	.gnu.lto_.opts,"",%progbits
 411 0000 272D666D 		.ascii	"'-fmath-errno' '-fsigned-zeros' '-ftrapping-math' '"
 411      6174682D 
 411      6572726E 
 411      6F272027 
 411      2D667369 
 412 0033 2D666E6F 		.ascii	"-fno-trapv' '-fno-openmp' '-fno-openacc' '-mcpu=cor"
 412      2D747261 
 412      70762720 
 412      272D666E 
 412      6F2D6F70 
 413 0066 7465782D 		.ascii	"tex-m4' '-mthumb' '-O2' '-fomit-frame-pointer' '-fa"
 413      6D342720 
 413      272D6D74 
 413      68756D62 
 413      2720272D 
 414 0099 6C69676E 		.ascii	"lign-functions=16' '-ffunction-sections' '-fdata-se"
 414      2D66756E 
ARM GAS  C:\Users\Pasquale\AppData\Local\Temp\ccg86cRy.s 			page 32


 414      6374696F 
 414      6E733D31 
 414      36272027 
 415 00cc 6374696F 		.ascii	"ctions' '-fno-common' '-flto'\000"
 415      6E732720 
 415      272D666E 
 415      6F2D636F 
 415      6D6D6F6E 
 416              		.text
 417              		.comm	__gnu_lto_v1,1,1
 418              		.comm	__gnu_lto_slim,1,1
 419              		.ident	"GCC: (GNU Tools for Arm Embedded Processors 7-2017-q4-major) 7.2.1 20170904 (release) [ARM
ARM GAS  C:\Users\Pasquale\AppData\Local\Temp\ccg86cRy.s 			page 33


DEFINED SYMBOLS
                            *ABS*:00000000 board.c
                            *COM*:00000001 __gnu_lto_v1
                            *COM*:00000001 __gnu_lto_slim

NO UNDEFINED SYMBOLS
