ARM GAS  C:\Users\Pasquale\AppData\Local\Temp\cce9KZHl.s 			page 1


   1              		.cpu cortex-m4
   2              		.eabi_attribute 20, 1
   3              		.eabi_attribute 21, 1
   4              		.eabi_attribute 23, 3
   5              		.eabi_attribute 24, 1
   6              		.eabi_attribute 25, 1
   7              		.eabi_attribute 26, 1
   8              		.eabi_attribute 30, 2
   9              		.eabi_attribute 34, 1
  10              		.eabi_attribute 18, 4
  11              		.file	"hal_pal_lld.c"
  12              		.section	.gnu.lto_.profile.e992d438,"",%progbits
  13 0000 789C6363 		.ascii	"x\234cc```\001bF\006\177_\000\001c\000\250"
  13      60606001 
  13      6246067F 
  13      5F000163 
  13      00A8
  14              		.text
  15              		.section	.gnu.lto_.icf.e992d438,"",%progbits
  16 0000 789C6363 		.ascii	"x\234cc``\340c@\000&\206\246\206\326M|\214\027\346\\"
  16      6060E063 
  16      40002686 
  16      A686D64D 
  16      7C8C17E6 
  17 0015 DEC0CB00 		.ascii	"\336\300\313\000\000'?\005["
  17      00273F05 
  17      5B
  18              		.text
  19              		.section	.gnu.lto_.jmpfuncs.e992d438,"",%progbits
  20 0000 789C6363 		.ascii	"x\234cc``\020g@\000& fdfddd\257\237\303\314\000\304"
  20      60601067 
  20      40002620 
  20      66646664 
  20      6464AF9F 
  21 0018 8C40CCC4 		.ascii	"\214@\314\304\000\000!\215\003\213"
  21      0000218D 
  21      038B
  22              		.text
  23              		.section	.gnu.lto_.inline.e992d438,"",%progbits
  24 0000 789C6363 		.ascii	"x\234cc``0c@\000&\006\006f&F\020\305\300\266@\036D1"
  24      60603063 
  24      40002606 
  24      06662646 
  24      10C5C0B6 
  25 0018 30329C63 		.ascii	"02\234c8\310\310\310\310\244\300\010\224\314\273\264"
  25      38C8C8C8 
  25      C8A4C008 
  25      94CCBBB4 
  26 0028 529841E2 		.ascii	"R\230A\342\302b&&\006\261'_\030Y\300\272\000\267I\010"
  26      C2622626 
  26      06B1275F 
  26      1859C0BA 
  26      00B74908 
  27 003c 45       		.ascii	"E"
  28              		.text
  29              		.section	.gnu.lto_.pureconst.e992d438,"",%progbits
  30 0000 789C6363 		.ascii	"x\234cc```\005b&\006\006F)\000\000\256\000)"
ARM GAS  C:\Users\Pasquale\AppData\Local\Temp\cce9KZHl.s 			page 2


  30      60606005 
  30      62260606 
  30      46290000 
  30      AE0029
  31              		.text
  32              		.section	.gnu.lto__pal_lld_init.e992d438,"",%progbits
  33 0000 789C6363 		.ascii	"x\234cc``\250\003b{ \226\006bFf\006F\246\011\347\030"
  33      6060A803 
  33      627B2096 
  33      06624666 
  33      0646A609 
  34 0016 181A3998 		.ascii	"\030\0329\230\030\031A\214\006\016F\206z&\306z\306\036"
  34      1819418C 
  34      060E4686 
  34      7A26C67A 
  34      C61E
  35 0028 E629CC8C 		.ascii	"\346)\314\214\207\332\237\355d\322\\\336\000\004\007"
  35      87DA9FED 
  35      64D25CDE 
  35      000407
  36 0037 A64F626B 		.ascii	"\246Obkkh\225\230\303\314\3000\015\210A\200q3\243&\003"
  36      6B689598 
  36      C3CCC030 
  36      0D884180 
  36      7133A326 
  37 004c 50D9A38D 		.ascii	"P\331\243\215\377\246\362\262\261@\304\031\2670\262"
  37      FFA6F2B2 
  37      B140C419 
  37      B730B2
  38 005b 31300219 		.ascii	"10\002\031\353/\261\036h\370\367\277\275\341\300\225"
  38      EB2FB11E 
  38      68F8F7BF 
  38      BDE1C095 
  39 006b C58C5BDD 		.ascii	"\305\214[\335\230\030\030:\200\362@K\032\0160t23\201"
  39      9818183A 
  39      80F2404B 
  39      1A0E3074 
  39      323381
  40 007e 58CD0718 		.ascii	"X\315\007\030\33616)\200\265\200@\0073#H\030\250\324"
  40      DE313629 
  40      80B58040 
  40      07332348 
  40      18A8D4
  41 0091 564F4F1F 		.ascii	"VOO\037\210\22232\2232\363\213\015-\015\365\363\213"
  41      88923332 
  41      9332F38B 
  41      0D2D0DF5 
  41      F38B
  42 00a3 F5331273 		.ascii	"\3653\022s\364\013\362\213J\212\365\203C|\215\215\364"
  42      F40BF28B 
  42      4A8AF583 
  42      437C8D8D 
  42      F4
  43 00b4 7D7C5CF4 		.ascii	"}|\\\364\335\003<\375\313\214@R\361\005@\234\223\223"
  43      DD033CFD 
  43      CB8C4052 
  43      F105409C 
ARM GAS  C:\Users\Pasquale\AppData\Local\Temp\cce9KZHl.s 			page 3


  43      9393
  44 00c6 A297CC00 		.ascii	"\242\227\314\000\000\006\235>n"
  44      00069D3E 
  44      6E
  45              		.text
  46              		.section	.gnu.lto__pal_lld_setgroupmode.e992d438,"",%progbits
  47 0000 789CA557 		.ascii	"x\234\245WkPU\327\025\336\353\354\373\342> Ac\024\211"
  47      6B5055D7 
  47      15DEEBEC 
  47      FBE23E20 
  47      41631489 
  48 0014 A211D1A8 		.ascii	"\242\021\321\250\\ \231\370J}d\332\351c@\240\351\217"
  48      5C2099F8 
  48      4A7D64DA 
  48      E96340A0 
  48      E98F
  49 0026 FE6A6BA2 		.ascii	"\376jk\242\035\235Ba\200:\315\214\323^\004/jb\265M\324"
  49      1D9D4261 
  49      803ACD8C 
  49      D35E042F 
  49      6A62B54D 
  50 003b E9155312 		.ascii	"\351\025S\0220\312t\022uB\202`\036\010j\200\012\006"
  50      30CA7412 
  50      75428260 
  50      1E086A80 
  50      0A06
  51 004d 634DC047 		.ascii	"cM\300G4\211X\210(\022\304\027\217\256\265\3669\334"
  51      34895888 
  51      2812C417 
  51      8FAEB5F6 
  51      39DC
  52 005f 87B40E03 		.ascii	"\207\264\016\003\343Y\356\263\316\367\255\275\277\265"
  52      E359EEB3 
  52      CEF7ADBD 
  52      BFB5
  53 006d D63E675F 		.ascii	"\326>g_\213\020bG\244\020\205\370\377\007xA\204\000"
  53      8B106247 
  53      A41085F8 
  53      FF077841 
  53      8400
  54 007f 6D7BB310 		.ascii	"m{\263\020\3716\015\244\032H\315\264)Nx\354N\262N\223"
  54      F9360DA4 
  54      1A48CDB4 
  54      294E78EC 
  54      4EB24E93 
  55 0093 66AE8FC2 		.ascii	"f\256\217\302\273\260\372\247\361\316\254Y\370\231\225"
  55      BBB0FAA7 
  55      F1CEAC59 
  55      F89995
  56 00a2 9F59C0A6 		.ascii	"\237Y\300\246(Vc`\003\247\032\204iv\006:\030h7\334\016"
  56      28566360 
  56      03A71A84 
  56      6976063A 
  56      186837DC 
  57 00b7 63E0D4C2 		.ascii	"c\340\324\302\317;\360\271\253\242V \300\245&?j\013"
  57      CF3BF0B9 
  57      ABA25620 
ARM GAS  C:\Users\Pasquale\AppData\Local\Temp\cce9KZHl.s 			page 4


  57      C0A5263F 
  57      6A0B
  58 00c9 07A081C7 		.ascii	"\007\240\201\307\006\342\317\2324\231-V[\230\335\341"
  58      06E2CF9A 
  58      34992D56 
  58      5B98DDE1 
  59 00d9 748503DE 		.ascii	"t\205\003\336\012\375\357U\371\272\204\332\242\366*"
  59      0AFDEF55 
  59      F9BA84DA 
  59      A2F62A
  60 00e8 6DF63E0F 		.ascii	"m\366>\017\376\325\354\352\261x=\033'\026#b\247\216"
  60      FED5ECEA 
  60      B1783D1B 
  60      27162362 
  60      A78E
  61 00fa 82F76036 		.ascii	"\202\367`6\242Z\012\017\026\313Wd\261\0040\341\355\315"
  61      A25A0A0F 
  61      16CB5764 
  61      B10430E1 
  61      EDCD
  62 010c 26DF37E1 		.ascii	"&\3377\341t\253A\014\336\3265\017\035\266\313e p<p\242"
  62      74AB410C 
  62      DED6350F 
  62      1DB6CB65 
  62      20703C70 
  63 0121 AFDD16B7 		.ascii	"\257\335\026\267\327\343\331\340\251\351/\223\236\031"
  63      D7E3D9E0 
  63      A9E92F93 
  63      9E19
  64 012f C552C207 		.ascii	"\305R\302\007 1 \274\017\321P\001\321\002]\002*!\016"
  64      203120BC 
  64      0FD15001 
  64      D1025D02 
  64      2A210E
  65 0142 E1436F1F 		.ascii	"\341Co\037\334l\223?b\352\027\373\212|v\235zvw\344\336"
  65      DC6C933F 
  65      62EA17FB 
  65      8A7C769D 
  65      7A7677E4 
  66 0157 02CF4F8A 		.ascii	"\002\317O\212\245\011\016\207\222M\002\252\230\374\375"
  66      A5090E87 
  66      924D02AA 
  66      98FCFD
  67 0166 7B7B5F73 		.ascii	"{{_s\310\2371\371\342\365\212\335\006\371\342\356\250"
  67      C89F31F9 
  67      E2F58ADD 
  67      06F9E2EE 
  67      A8
  68 0177 32269BA1 		.ascii	"2&\233\241:\224l\026p\004\342\210\361j~\371%)S\231}"
  68      3A946C16 
  68      7004E288 
  68      F16A7EF9 
  68      25295399 
  69 018c B9BBFBB0 		.ascii	"\271\273\373\260=\266TM]<\361\315\002O\275\307T,-\360"
  69      3DB6544D 
  69      5D3CF1CD 
  69      024FBDC7 
ARM GAS  C:\Users\Pasquale\AppData\Local\Temp\cce9KZHl.s 			page 5


  69      542C2DF0 
  70 01a0 61309FFE 		.ascii	"a0\237\376\020^>t\352o6\371\002S\377\262\355\257%\021"
  70      105E3E74 
  70      EA6F36F9 
  70      0253FFB2 
  70      EDAF2511 
  71 01b4 3AB531DA 		.ascii	":\2651\332\347\251)\214!\342\307#\022o\274v\274I\223"
  71      E7A9298C 
  71      21E2C723 
  71      126FBC76 
  71      BC4993
  72 01c7 BF64E2AE 		.ascii	"\277d\342\256\256\3757\035:\261\326O\254\031\221\330"
  72      AEFD371D 
  72      3AB1D64F 
  72      AC1991D8 
  73 01d7 FE65C1DF 		.ascii	"\376e\301\337-\362WLl\253\337\1775\\'\336\233<L\254"
  73      2DF2574C 
  73      6CABDF7F 
  73      355C27DE 
  73      9B3C4CAC 
  74 01eb 1D91B87D 		.ascii	"\035\221\270}\240\325c\221\277eb\363W\355\305\240\023"
  74      A0D56391 
  74      BF6562F3 
  74      57EDC5A0 
  74      13
  75 01fc 7BFCC463 		.ascii	"{\374\304c#\022\267\336\270\363\246If2\261|\373\226"
  75      2312B7DE 
  75      B8F3A649 
  75      6632B17C 
  75      FB96
  76 020e FB613AB1 		.ascii	"\373a:\261\323O<1\"\361\353C\203;\\\026\023|\012\261"
  76      D34F3C31 
  76      22F1EB43 
  76      833B5C16 
  76      137C0AB1 
  77 0222 701CAF3A 		.ascii	"p\034\257:\274\216\342\365\011^\037A\254j-\250\007\013"
  77      BC8EE2F5 
  77      095E1F41 
  77      AC6A2DA8 
  77      070B
  78 0234 50112E97 		.ascii	"P\021.\227\354\013\223\271<K\361\307{\317h\372,\327"
  78      EC0B93B9 
  78      3C4BF1C7 
  78      7BCF68FA 
  78      2CD7
  79 0246 8BC7970D 		.ascii	"\213\307\227\015\027\241a\344\005~\267\355\025\220\353"
  79      17A161E4 
  79      057EB7ED 
  79      1590EB
  80 0255 987AE5FE 		.ascii	"\230z\345\376\255\355F\375zK\245\247\314\243\021\361"
  80      ADED46FD 
  80      7A4BA5A7 
  80      CCA311F1 
  81 0265 5F231277 		.ascii	"_#\022wt\264\0372\311\227\231\270\255\336{\325(\302"
  81      74B41F32 
  81      C99799B8 
  81      ADDE7BD5 
ARM GAS  C:\Users\Pasquale\AppData\Local\Temp\cce9KZHl.s 			page 6


  81      28C2
  82 0277 193FB169 		.ascii	"\031?\261iD\342@\307\241\177\332\345z&~\324\330[d,\366"
  82      44E240C7 
  82      A17FDAE5 
  82      7A267ED4 
  82      D85B642C 
  83 028c D85BC3C4 		.ascii	"\330[\303\304S\3777%\237a\012\232\361:\211W#\246\202"
  83      53FF3725 
  83      9F610A9A 
  83      F13A8957 
  83      23A682
  84 029f B280B968 		.ascii	"\262\200\271h\301\\\010a\377_\031\013\245\0358m\256"
  84      C15C0861 
  84      FF5F190B 
  84      A51D386D 
  84      AE
  85 02b0 F10C0E15 		.ascii	"\361\014\016\025a\243O>W\321\024\371s\300\276\266jd"
  85      61A34F3E 
  85      57D114F9 
  85      73C0BEB6 
  85      6A64
  86 02c2 24191319 		.ascii	"$\031\023\0313\031\013\031+\031\033\032[\030\215\354"
  86      33190B19 
  86      2B191B1A 
  86      5B188DEC 
  87 02d2 34729071 		.ascii	"4r\220q\322\255\213L8\231\0102\217\220y\224L$\231qd"
  87      D2AD8B4C 
  87      38990832 
  87      8F907994 
  87      4C249971 
  88 02e7 C693798C 		.ascii	"\306\223y\214\314\0042\217\223\231Hf\022\231(2\223\311"
  88      CC04328F 
  88      93994866 
  88      12992832 
  88      93C9
  89 02f9 D0F6B23E 		.ascii	"\320\366\262>Af\012\231\251db\310L#3\235\314\223df\220"
  89      41660A99 
  89      A96462C8 
  89      4C23339D 
  89      CC936466 
  90 030e 89253393 		.ascii	"\211%3\223L\034\231Ydf\223y\212\314\0342s\311\314\343"
  90      4C1C9959 
  90      64669379 
  90      8ACC1C32 
  90      73C9CCE3 
  91 0322 CD1E2F28 		.ascii	"\315\036/(9nA\351I\020\224\240DA)J\022\224\240g\201"
  91      396E41E9 
  91      491094A0 
  91      4441294A 
  91      1294A067 
  92 0337 F6F47CC6 		.ascii	"\366\364|\306,`\314B\306,b\314bA\211|\016(\316\022A"
  92      2C60CC42 
  92      C62C62CC 
  92      6241897C 
  92      0E28CE12 
  93 034c C95C2A28 		.ascii	"\311\\*(\235\313\004%t\271\240\224>\017\364>J\346\271"
  93      9DCB0425 
ARM GAS  C:\Users\Pasquale\AppData\Local\Temp\cce9KZHl.s 			page 7


  93      74B9A094 
  93      3E0FF43E 
  93      4AE6B9
  94 035f 5238C20A 		.ascii	"R8\302\012\216\220\312\021\3228r:\317%\304&\354\337"
  94      8E90CA11 
  94      D238723A 
  94      CF25C426 
  94      ECDF
  95 0371 F30E4F8D 		.ascii	"\363\016O\215\330,5\034\024\324\210N(\350\367^\250\314"
  95      D82C351C 
  95      14D4884E 
  95      28E8F75E 
  95      A8CC
  96 0383 A672FAE4 		.ascii	"\246r\372\344|\237|\226^\254=\007\3679\351\035i\005"
  96      7C9F7C96 
  96      5EAC3D07 
  96      F739E91D 
  96      6905
  97 0395 09A7B117 		.ascii	"\011\247\261\027\332aC\014\267=\306B\024\261z\274]\225"
  97      DA61430C 
  97      B73DC642 
  97      14B17ABC 
  97      5D95
  98 03a7 07A5A281 		.ascii	"\007\245\242\201\242\035\037\272]\023A4\033h\3609\322"
  98      A21D1FBA 
  98      5D134134 
  98      1B68F039 
  98      D2
  99 03b8 3878830E 		.ascii	"8x\203\016Z\2008\004U\034\373\324kS\261\001\316\004"
  99      5A803804 
  99      551CFBD4 
  99      6B53B101 
  99      CE04
 100 03ca C63E4EB1 		.ascii	"\306>N\261\027\250\330\003\225\025:M\303\33007$\326"
 100      17A8D803 
 100      95153A4D 
 100      C3D83037 
 100      24D6
 101 03dc 42F4072F 		.ascii	"B\364\007/\254\216\310\013\025yk\225\2610\251\026\326"
 101      AC8EC80B 
 101      15796B95 
 101      B130A916 
 101      D6
 102 03ed 5056DDEF 		.ascii	"PV\335\357T\0133\303\277C\027\266\010q\301\301\216R"
 102      540B33C3 
 102      BF4317B6 
 102      0871C1C1 
 102      8E52
 103 03ff B0452AD8 		.ascii	"\260E*\330\236\252K:\316\244\202\365n\331x[\252`V8\033"
 103      9EAA4B3A 
 103      CEA482F5 
 103      6ED9785B 
 103      AA605638 
 104 0414 1A6C31E2 		.ascii	"\032l1\342\020\364nO\357\273\026\2452\002\276\010\214"
 104      10F46E4F 
 104      EFBB16A5 
 104      3202BE08 
ARM GAS  C:\Users\Pasquale\AppData\Local\Temp\cce9KZHl.s 			page 8


 104      8C
 105 0425 FD09C55E 		.ascii	"\375\011\305^L\367%\345\341\354\301\312 c\347\306\332"
 105      4CF725E5 
 105      E1ECC1CA 
 105      2063E7C6 
 105      DA
 106 0436 535662E0 		.ascii	"SVb\340~\202/y\377m\306o\015~\012\261J\355\240q\005"
 106      7E822F79 
 106      FF6DC66F 
 106      0D7E0AB1 
 106      4AEDA071 
 107 044b 7D32498D 		.ascii	"}2I\215y\205\211j\314\322\023\324\230s\350Vc\256U\274"
 107      7985896A 
 107      CCD213D4 
 107      9873E856 
 107      63AE55BC 
 108 045f 1A636FF8 		.ascii	"\032co\370\344<\265\324\246\252\365j\255ftq\011\256"
 108      E43CB5D4 
 108      A6AAF56A 
 108      AD667471 
 108      09AE
 109 0471 40E1B9BA 		.ascii	"@\341\271\272c\240{q1\007\256U\335u\251\345\013hU/\203"
 109      63A07B71 
 109      3107AE55 
 109      DD75A9E5 
 109      0B68552F 
 110 0486 3E98E793 		.ascii	">\230\347\223\317i\302'\223]\325o\265@\037\304c+h\325"
 110      CF69C227 
 110      935DD56F 
 110      B5401FC4 
 110      632B68D5 
 111 049a 372E61F9 		.ascii	"7.a\371\323\\\367J[\321\345\306\012jm\354Jqm)EO\002"
 111      D35CF74A 
 111      5BD1E5C6 
 111      0A6A6DEC 
 111      4A716D29 
 112 04b1 9645EBCC 		.ascii	"\226E\353\314\362\311\025\256\352\322\016t$bj5_\017"
 112      F2C915AE 
 112      EAD20E74 
 112      24626A35 
 112      5F0F
 113 04c3 41525D6D 		.ascii	"AR]m\314J\"\301Z\033\373\322]\276\267\217\002j7\211"
 113      CC4A22C1 
 113      5A1BFBD2 
 113      5DBEB78F 
 113      026A3789 
 114 04d7 4D714683 		.ascii	"MqF\203\016T\225h\364\252\361I\374\227\024X\004+\026"
 114      0E549568 
 114      F4AAF149 
 114      FC971458 
 114      042B16
 115 04ea A14D15C1 		.ascii	"\241M\025\301\347m\015S +\342\002\277\374V0\3019\005"
 115      E76D0D53 
 115      202BE202 
 115      BFFC5630 
 115      C13905
 116 04fd EAF66E36 		.ascii	"\352\366n6+\320\022.\226UU\206^c\237Q\276\226(\320\326"
ARM GAS  C:\Users\Pasquale\AppData\Local\Temp\cce9KZHl.s 			page 9


 116      2BD0122E 
 116      96555586 
 116      5E639F51 
 116      BE9628D0 
 117 0512 237F5428 		.ascii	"#\177T(\033\314\211\246\254w\302\206\236\242r\251\234"
 117      1BCC89A6 
 117      AC77C286 
 117      9EA272A9 
 117      9C
 118 0523 4BD1EFE7 		.ascii	"K\321\357\3475\023o\251Z\301\236#\207Aa\302\324B\207"
 118      35136FA9 
 118      5AC19E23 
 118      874161C2 
 118      D44287
 119 0536 F78415F7 		.ascii	"\367\204\025\367\304yc\015\035z ;v6B\203\243/C\277?"
 119      C479630D 
 119      1D7A203B 
 119      76364283 
 119      A32F43BF 
 120 054b FA498ABE 		.ascii	"\372I\212\276L\321\3369\262^A\034\201-f\303\026\273"
 120      4CD1DE39 
 120      B25E411C 
 120      812D66C3 
 120      16BB
 121 055d 00D1A425 		.ascii	"\000\321\244%(\316r\304\371\3434R\234\345\210\250\255"
 121      28CE72C4 
 121      F9E33452 
 121      9CE588A8 
 121      AD
 122 056e EE385710 		.ascii	"\3568W\020\241 \316\300\306\223\374q\370\260\266\351"
 122      A120CEC0 
 122      C693FC71 
 122      F8B0B6E9 
 123 057e 84A504DE 		.ascii	"\204\245\004\336\310\307S\025~)Q\306\363p\221:\000\237"
 123      C8C75315 
 123      7E2951C6 
 123      F370913A 
 123      009F
 124 0590 9DADACAE 		.ascii	"\235\255\254\256t\271\337\361\024\346\323#;|\005%\260"
 124      74B9DFF1 
 124      14E6D323 
 124      3B7C0525 
 124      B0
 125 05a1 834F5B70 		.ascii	"\203O[p\011\3344\373\240\367\256^\003\227\236\223\376"
 125      09DC34FB 
 125      A0F7AE5E 
 125      03979E93 
 125      FE
 126 05b2 E1AA84E3 		.ascii	"\341\252\204\343|\350'\347\035o\203C9#\330O\334\332"
 126      7CE827E7 
 126      1D6F8343 
 126      3923D84F 
 126      DCDA
 127 05c4 335B5AB9 		.ascii	"3[Z\2714!\213(\371\275x\3102.\373\227\3615u`\204Ry\336"
 127      34218B28 
 127      F9BD78C8 
 127      322EFB97 
ARM GAS  C:\Users\Pasquale\AppData\Local\Temp\cce9KZHl.s 			page 10


 127      F1357560 
 128 05dc 50F9C828 		.ascii	"P\371\310(e}\303\361\200\342}k\310\332\254\257\367Q"
 128      657DC3F1 
 128      80E27D6B 
 128      C8DAACAF 
 128      F751
 129 05ee BD18FDDE 		.ascii	"\275\030\375\336\016]V$N\200~%\253U\207\215c\177\302"
 129      0E5D5624 
 129      4E807E25 
 129      AB55878D 
 129      637FC2
 130 0601 98645DF1 		.ascii	"\230d]\361/\243\235d\215S\262.\030\262\306\217R\326"
 130      2FA39D64 
 130      8D53B22E 
 130      18B2C68F 
 130      52D6
 131 0613 558EA751 		.ascii	"U\216\247Q\274\377\260,zm\351\"\036ce\343\225\210*]"
 131      BCFFB02C 
 131      7A6DE922 
 131      1E6365E3 
 131      95882A5D 
 132 0627 C404F627 		.ascii	"\304\004\366'\216ID\207\177\322N\0221\201^6mu}{\236"
 132      8E494487 
 132      7FD24E12 
 132      31815E36 
 132      6D757D7B 
 133 063c 5173CCE7 		.ascii	"Qs\314\347M!\370mg\026e.\334\361\0108U\327\374\306\002"
 133      4D21F86D 
 133      6716652E 
 133      DCF10838 
 133      55D7FCC6 
 134 0651 05A04DD4 		.ascii	"\005\240M\324\320\270k\277S\275\033\255\360\3350\336"
 134      D0B86BBF 
 134      53BD1BAD 
 134      F0DD30DE 
 135 0661 224E5BF8 		.ascii	"\"N[\370\015\201Y\351,\325\263\362\370(\263r\215\027"
 135      0D8159E9 
 135      2CD5B3F2 
 135      F828B372 
 135      8D17
 136 0673 C8E7BA2E 		.ascii	"\310\347\272.\243\330Fi'\252\035\023\220\247I8\001\372"
 136      A3D84669 
 136      27AA1D13 
 136      90A74938 
 136      01FA
 137 0685 83F314C5 		.ascii	"\203\363\024\305\376%*O\035#\346\351O\017\313\323u\377"
 137      FE252A4F 
 137      1D23E6E9 
 137      4F0FCBD3 
 137      75FF
 138 0697 326E509E 		.ascii	"2nP\236\242X\2415@\3415C\341\344Q*\354\346\320&\012"
 138      A258A135 
 138      40E13543 
 138      E1E4512A 
 138      ECE6D026 
 139 06ac 7D335461 		.ascii	"}3Ta\364\003\012\237\300\011\320\037\254p\012\373\307"
 139      F4030A9F 
ARM GAS  C:\Users\Pasquale\AppData\Local\Temp\cce9KZHl.s 			page 11


 139      C009D01F 
 139      AC700AFB 
 139      C7
 140 06bd A6B0C7BF 		.ascii	"\246\260\307\277\214\357I\341\024VhS5g\205]u\272\302"
 140      8CEF49E1 
 140      14566853 
 140      3567855D 
 140      75BAC2
 141 06d0 A9A354D8 		.ascii	"\251\243T\330\313\241\315\024\372\226\321\331\206\302"
 141      CBA1CD14 
 141      FA96D1D9 
 141      86C2
 142 06de 18EEECA9 		.ascii	"\030\356\354\251\301\333s\032\373\343\225\236\273#\352"
 142      C1DB731A 
 142      FBE3959E 
 142      BB23EA
 143 06ed 59F7303D 		.ascii	"Y\3670=}\376Io\223\236i\254'L|;\311\320s\317\3203}\224"
 143      7DFE496F 
 143      939E69AC 
 143      274C7C3B 
 143      C9D073CF 
 144 0705 7AEEF843 		.ascii	"z\356\370C\337\015\325\363$\353\231\036\254g\006\373"
 144      DF0DD5F3 
 144      24EB991E 
 144      AC6706FB 
 145 0715 C7A6E79E 		.ascii	"\307\246\347\236\177\322\373\244g\206\332\210\027\377"
 145      7FD2FBA4 
 145      6786DA88 
 145      17FF
 146 0723 616CC480 		.ascii	"al\304\200\235g\027=NCe\277\321\227\261\243T\331\357"
 146      9D67173D 
 146      4E4365BF 
 146      D197B1A3 
 146      54D9EF
 147 0736 6FF981D0 		.ascii	"o\371\201\320\276\234\371@_\342\371\005?`3\203\373r"
 147      BE9CF940 
 147      5FE2F905 
 147      3F603383 
 147      FB72
 148 0748 16FBC7D6 		.ascii	"\026\373\307\326\227\203\376e\014\221\356Y\254\320\021"
 148      9783FE65 
 148      0C91EE59 
 148      ACD011
 149 0757 A070D050 		.ascii	"\240p\320P8{\224\012=\332p\313\347k!\012\237z@\341\034"
 149      387B940A 
 149      3DDA70CB 
 149      E76B210A 
 149      9F7A40E1 
 150 076c 9C00FDC1 		.ascii	"\234\000\375\301\012\347\262\177l\0127\370\227Q\240"
 150      0AE7B27F 
 150      6C0A37F8 
 150      9751A0
 151 077b A1C2B9AC 		.ascii	"\241\302\271\254\320\251\237-\325)\267e\215:\375%\323"
 151      D0A99F2D 
 151      D529B765 
 151      8D3AFD25 
 151      D3
ARM GAS  C:\Users\Pasquale\AppData\Local\Temp\cce9KZHl.s 			page 12


 152 078c 99704EC0 		.ascii	"\231pN\300y\225O\216\311\352\255}v\177\202\216\012<"
 152      79954F8E 
 152      C9EAAD7D 
 152      767F828E 
 152      0A3C
 153 079e 3798F08C 		.ascii	"7\230\360\214X\250\031\255\341\022\025\265z\330noS\213"
 153      58A819AD 
 153      E11215B5 
 153      7AD86E6F 
 153      538B
 154 07b0 FEC32205 		.ascii	"\376\303\"\005\277\361Aa\371\240\232\242P\027Z\362\024"
 154      BFF14161 
 154      F9A09AA2 
 154      50175AF2 
 154      14
 155 07c1 6A057E32 		.ascii	"j\005~2\371\207C\360\261~\205\202u\265d"
 155      F98743F0 
 155      B17E8582 
 155      75B564
 156 07d0 28582A7E 		.ascii	"(X*~\224\202a|\034NU\260[\351\012\225\206\033\"\030"
 156      9482617C 
 156      1C4E55B0 
 156      5BE90A95 
 156      861B2218 
 157 07e4 C507E234 		.ascii	"\305\007\3424B\355\364n\375\3747\012\226\256>1\357\027"
 157      42EDF46E 
 157      FDFC370A 
 157      96AE3E31 
 157      EF17
 158 07f6 9D3C6457 		.ascii	"\235<dW\237\030\200\215Z\000\213\217\335\351\254-\\"
 158      9F18808D 
 158      5A008B8F 
 158      DDE9AC2D 
 158      5C
 159 0807 FD66BA8E 		.ascii	"\375f\272\216g\367\003\257[\325/`A\277\252\000\037\340"
 159      67F703AF 
 159      5BD52F60 
 159      41BFAA00 
 159      1FE0
 160 0819 37EE07F1 		.ascii	"7\356\007\361\361n\374\367\322\232\265/\256\315\312"
 160      F16EFCF7 
 160      D29AB52F 
 160      AECDCA
 161 0828 4D5C98E8 		.ascii	"M\\\230\350\316\312u\257Y\231\341\316\316\312\311\313"
 161      CECA75AF 
 161      5999E1CE 
 161      CECAC9CB 
 162 0838 75BFF08B 		.ascii	"u\277\360\213\224\247\223\334\311\311?t\3778\355\247"
 162      94A793DC 
 162      C9C93F74 
 162      FF38EDA7 
 163 0848 A9EB92E8 		.ascii	"\251\353\222\350\321\257\263\361\312\310X\025\377\222"
 163      D1AFB3F1 
 163      CAC85815 
 163      FF92
 164 0856 3011CA94 		.ascii	"0\021\312\224\2712\367w\246\314\254U\253\345\213k\363"
 164      B932F777 
ARM GAS  C:\Users\Pasquale\AppData\Local\Temp\cce9KZHl.s 			page 13


 164      A6CCAC55 
 164      ABE58B6B 
 164      F3
 165 0867 4C2B33F2 		.ascii	"L+3\362r\314\331\177\310^\225c\315\312\315^\275zU\216"
 165      72CCD97F 
 165      C85E9563 
 165      CDCACD5E 
 165      BD7A558E 
 166 087b 252BEFE5 		.ascii	"%+\357\345\354\3259f\202\344h\231\317h\231IZf\242\215"
 166      ECD53966 
 166      82E46899 
 166      CF689949 
 166      5A66A28D 
 167 088f 8044FD2F 		.ascii	"\200D\375/j\232\026m"
 167      6A9A166D 
 168              		.text
 169              		.section	.gnu.lto_.symbol_nodes.e992d438,"",%progbits
 170 0000 789C6363 		.ascii	"x\234cc``P\003b\006\246\023L\365\014\014\023\31610\000"
 170      60605003 
 170      6206A613 
 170      4CF50C0C 
 170      13CE3130 
 171 0015 A95D0D8E 		.ascii	"\251]\015\216@\221\223L\365\214(\"\014\000\302C\011"
 171      4091934C 
 171      F58C2822 
 171      0C00C243 
 171      09
 172 0026 75       		.ascii	"u"
 173              		.text
 174              		.section	.gnu.lto_.refs.e992d438,"",%progbits
 175 0000 789C6363 		.ascii	"x\234cc```\004b\006\000\000D\000\010"
 175      60606004 
 175      62060000 
 175      440008
 176              		.text
 177              		.section	.gnu.lto_.decls.e992d438,"",%progbits
 178 0000 789CAD56 		.ascii	"x\234\255VkL\024W\024\236;w\027\227a\001\203\330\220"
 178      6B4C1457 
 178      149E3B77 
 178      17976101 
 178      83D890
 179 0013 EA0F4208 		.ascii	"\352\017B\010\356\037A\260\251m\3236i\205\212)\026\262"
 179      EE1F41B0 
 179      A96DD336 
 179      69858A29 
 179      16B2
 180 0025 6A1ADB4D 		.ascii	"j\032\333MVdW\331\024X\312.M\374\325a\027\353\213*P"
 180      566457D9 
 180      1458CA2E 
 180      4DFCD561 
 180      17EB8B2A 
 181 003a 6A0BABAD 		.ascii	"j\013\253\255\0055\365Q\324\210(\242\262\002\012\202"
 181      0535F551 
 181      D48828A2 
 181      B2020A82 
 182 004a 28624545 		.ascii	"(bEE\005|\000>Py(\362\260\320s\347\316\356,\217M\332"
 182      057C003E 
ARM GAS  C:\Users\Pasquale\AppData\Local\Temp\cce9KZHl.s 			page 14


 182      507928F2 
 182      B0D073E7 
 182      CEEE2C8F 
 183 0060 DA9B3D3B 		.ascii	"\332\233=;\367\234\371\356\371\316=\347\334\231\361"
 183      F79CF9EE 
 183      F9CE3DE7 
 183      DC99F1
 184 006f 60186687 		.ascii	"`\030f\207\027\303XY\206\251\205\371\030\014\014\327"
 184      17C35859 
 184      86A985F9 
 184      180C0CD7 
 185 007f 3320E43A 		.ascii	"3 \344:\0102\0022\312\320\0010F\206\030\206C\314\244"
 185      08320232 
 185      CAD00130 
 185      46861886 
 185      43CCA4
 186 0092 E1093789 		.ascii	"\341\0117\211y\245\250#\021;q\314\004\234\227\210\363"
 186      79A5A823 
 186      113B71CC 
 186      049C9788 
 186      F3
 187 00a3 03F19FC0 		.ascii	"\003\361\237\300S\0012\007\344\013\220\027b,\036 ] "
 187      53013207 
 187      E40B9017 
 187      622C1E20 
 187      5D20
 188 00b5 BD208F40 		.ascii	"\275 \217@\236\200\364\200<\023y\246\212'\017\243\003"
 188      9E80F480 
 188      3C1379A6 
 188      8A270FA3 
 188      03
 189 00c6 ADF7727D 		.ascii	"\255\367r}1\213\310|\353\235\241\034\237\320\003<\035"
 189      318BC87C 
 189      EB9DA11C 
 189      9FD0033C 
 189      1D
 190 00d7 8A6F1974 		.ascii	"\212o\031t\004a\007\360r\346\241\355x3F~\034\222\201"
 190      046107F0 
 190      72E6A1ED 
 190      7833467E 
 190      1C9281
 191 00ea DADB5070 		.ascii	"\332\333Pp\317\007T\177\016\005\272\250~T=4\226\327"
 191      CF07547F 
 191      0E05BAA8 
 191      7E543D34 
 191      96D7
 192 00fc EE8DA305 		.ascii	"\356\215\243\005\257\267k\367\356'\013\347p\210\344"
 192      AFB76BF7 
 192      EE270BE7 
 192      7088E4
 193 010b CE174C07 		.ascii	"\316\027L\007\273\313\206\274\251\211 \232\266\366\355"
 193      BBCB86BC 
 193      A989209A 
 193      B6F6ED
 194 011a 9A869790 		.ascii	"\232\206\227\2209\333vc\344\226\017\342T\033x\336\302"
 194      39DB7663 
 194      E4960FE2 
ARM GAS  C:\Users\Pasquale\AppData\Local\Temp\cce9KZHl.s 			page 15


 194      541B78DE 
 194      C2
 195 012b EFB4F29E 		.ascii	"\357\264\362\236\321\014*E\263\321Q4\233A\247\220\212"
 195      D10C2A45 
 195      B3D15134 
 195      9B41A790 
 195      8A
 196 013c AC2941A1 		.ascii	"\254)A\241\014:\001\30620\356!\261\332kl\037\346\367"
 196      0C3A01C6 
 196      3230EE21 
 196      B1DA6B6C 
 196      1FE6F7
 197 014f F17C203A 		.ascii	"\361| :\2118T\216\260\200\201\215\317\341h\364{w\345"
 197      8938548E 
 197      B080818D 
 197      CFE168F4 
 197      7B77E5
 198 0162 147AE00A 		.ascii	"\024z\340\012$p\224\333:\316\262\3568\354\3569\312\202"
 198      247094DB 
 198      3ACEB2EE 
 198      38ECEE39 
 198      CA82
 199 0174 CEADE379 		.ascii	"\316\255\343y\026U\000\307i\211\003()\311\317M\207\243"
 199      165500C7 
 199      69890328 
 199      29C9CF4D 
 199      87A3
 200 0186 38706AFD 		.ascii	"8pj\375GNa\301\323\314\216v/\232\265\000P\357ZJj\275"
 200      474E61C1 
 200      D3CC8E76 
 200      2F9AB500 
 200      50EF5A4A 
 201 019c F12E5A8C 		.ascii	"\361.Z\214\357\363*+ex\037U\212\362s\326\313\361A\252"
 201      EFF32A2B 
 201      65781F55 
 201      8AF273D6 
 201      CBF141AA 
 202 01b0 ECCDCD3E 		.ascii	"\354\315\315>\304\341\303Ti\352\271\260\303\213\326"
 202      C4E1C354 
 202      69EAB9B0 
 202      C38BD6
 203 01bf 613AA867 		.ascii	"a:\250g\307^\332}\251G\226D\264\357\332\260'>B\241\273"
 203      C75EDA7D 
 203      A9479644 
 203      B4EFDAB0 
 203      273E42A1 
 204 01d4 87477A48 		.ascii	"\207GzH!BH!\260K\031Bh\031*\352\317\357Q\3422\001\314"
 204      21424821 
 204      B04B1942 
 204      68192AEA 
 204      CFEF51E2 
 205 01eb 1617BC7A 		.ascii	"\026\027\274z\345\353\310Q\266\225\227\253\030T\003"
 205      E5EBC851 
 205      B69597AB 
 205      185403
 206 01fa 91D792ED 		.ascii	"\221\327\222\355\\\204\355\204\210\333\251\007c\235"
 206      5C84ED84 
ARM GAS  C:\Users\Pasquale\AppData\Local\Temp\cce9KZHl.s 			page 16


 206      88DBA907 
 206      639D
 207 0208 4B1D427E 		.ascii	"K\035B~ZOr\324\0009\272 \345(DL\321\351\234\233\235"
 207      5A4F72D4 
 207      0039BA20 
 207      E528444C 
 207      D1E99C9B 
 208 021d 1CAEA61C 		.ascii	"\034\256\246\034\226\306\037\373\335r\\v\317Q\026Q-"
 208      96C61FFB 
 208      DD725C76 
 208      CF511651 
 208      2D
 209 022e D4A11138 		.ascii	"\324\241\0218.I\034\015\216:X\006\013O*p\203@\"\033"
 209      2E491C0D 
 209      8E3A5806 
 209      0B4F2A70 
 209      8340221B 
 210 0242 F8FD68B3 		.ascii	"\370\375h\263\017\232\021\034\254\312!\253\263A\020"
 210      0F9A111C 
 210      ACCA21AB 
 210      B34110
 211 0251 2B958641 		.ascii	"+\225\206AW\320\014\342\0015\003\341\237(\030]E\301"
 211      57D00CE2 
 211      013503E1 
 211      9F28185D 
 211      45C1
 212 0263 42CF1792 		.ascii	"B\317\027\222\250\354\227Z\346\331\372\356\363\374&"
 212      A8EC975A 
 212      E6D9FAEE 
 212      F3FC26
 213 0272 A540D704 		.ascii	"\245@\327\004td\2013\3140\342\"|\266\023\377hV>o\267"
 213      74648133 
 213      CC30E222 
 213      7CB613FF 
 213      68563E6F 
 214 0287 60017C7E 		.ascii	"`\001|~Jp\015a\025\267\322j\343\340\240\021\020#\356"
 214      4A700D61 
 214      15B7D26A 
 214      E3E0A011 
 214      1023EE
 215 029a 829E3659 		.ascii	"\202\2366YM\345\343\022\016\005\007\373\253\250\333"
 215      4DE5E312 
 215      0E0507FB 
 215      ABA8DB
 216 02a9 669B5F91 		.ascii	"f\233_\221\225\257\235'\364\336Y\360{\003\371K\3555"
 216      95AF9D27 
 216      F4DE59F0 
 216      7B03F94B 
 216      ED35
 217 02bb 2E08703B 		.ascii	".\010p;`\363\311\020\242 \354\347\334\243s\011\032z"
 217      60F3C910 
 217      A220ECE7 
 217      DCA37309 
 217      1A7A
 218 02cd 954732D7 		.ascii	"\225G2\327\214\0204\311H\013d\344\032d\344\272\230\021"
 218      8C1034C9 
 218      480B64E4 
ARM GAS  C:\Users\Pasquale\AppData\Local\Temp\cce9KZHl.s 			page 17


 218      1A64E4BA 
 218      9811
 219 02df 1AF3455B 		.ascii	"\032\363E[@\006\254 \250\361A\243\206\023\271%\236\376"
 219      4006AC20 
 219      A8F141A3 
 219      8613B925 
 219      9EFE
 220 02f1 E034C3BD 		.ascii	"\3404\303\275Sf\234G\227\006\366\243\015\234Yu\365\250"
 220      53669C47 
 220      9706F6A3 
 220      0D9C5975 
 220      F5A8
 221 0303 126FC142 		.ascii	"\022o\301BGv\324\037\264(p.U\012\312\237\327\311)P\001"
 221      4776D41F 
 221      B428702E 
 221      550ACA9F 
 221      D7C92950 
 222 0318 EA2F0DC5 		.ascii	"\352/\015\305\365r\274\215\336+\337_\334\304\342\355"
 222      F572BC8D 
 222      DE2BDF5F 
 222      DCC4E2ED 
 223 0328 543950D6 		.ascii	"T9P\326\263\031\341]T\351]\177\320\214\367\323\271\255"
 223      B319E15D 
 223      54E95D7F 
 223      D08CF7D3 
 223      B9AD
 224 033a FFF6434F 		.ascii	"\377\366CO\352AE\036w\215\277\336T\320\243c'\207e\360"
 224      EA41451E 
 224      778DBFDE 
 224      54D0A363 
 224      278765F0 
 225 034e B7FBB92C 		.ascii	"\267\373\271,>,`\225Y\215\326Kr(\000\214\031\301*r)"
 225      3E2C6095 
 225      598DD64B 
 225      7228008C 
 225      19C12A72 
 226 0363 E433ADBC 		.ascii	"\3443\255\274\275\263@,\304\031(\304]Hm7\244x|jK\021"
 226      BDB3402C 
 226      C41928C4 
 226      5D486D37 
 226      A4787C6A 
 227 0379 AD048157 		.ascii	"\255\004\201W\316*\340\355\231X@\337\236\210\276\205"
 227      CE2AE0ED 
 227      995840DF 
 227      9E88BE85 
 228 0389 26C287DF 		.ascii	"&\302\207\337\224\340\255S\303\303%t\237\013\272}\""
 228      94E0AD53 
 228      C3C32574 
 228      9F0BBA7D 
 228      22
 229 039a BA6D92F3 		.ascii	"\272m\222\363\312\331\022\274j\"\274\322\005.\035\024"
 229      CAD912BC 
 229      6A22BCD2 
 229      052E1D14 
 230 03aa A8600720 		.ascii	"\250`\007 \356\0137\273\305\203\362\024\332\342\031"
 230      EE0B37BB 
 230      C583F214 
ARM GAS  C:\Users\Pasquale\AppData\Local\Temp\cce9KZHl.s 			page 18


 230      DAE219
 231 03b9 14B10BA4 		.ascii	"\024\261\013\244\027\344\021\310C\220\007 } \217A\236"
 231      17E411C8 
 231      43900720 
 231      7D208F41 
 231      9E
 232 03ca 80F4380F 		.ascii	"\200\3648\017\022a\257sa?>\221\375\230\2645\261\311"
 232      1261AF73 
 232      613F3E91 
 232      FD98B435 
 232      B1C9
 233 03dc 0AFC8426 		.ascii	"\012\374\204&\353\036\1772\250\253V\327\032\334\233"
 233      EB1E7F32 
 233      A8AB56D7 
 233      1ADC9B
 234 03eb B2062E59 		.ascii	"\262\006.Yjr!\356\234\232\3305K\217\\\222zg\352\244"
 234      6A7221EE 
 234      9C9AD835 
 234      4B8F5C92 
 234      7A67EAA4 
 235 03ff 3A9CC319 		.ascii	":\234\303\031\033\265q\024~\023\332\273z\352\244\012"
 235      1BB57114 
 235      7E13DABB 
 235      7AEAA40A 
 236 040f 70E82F7B 		.ascii	"p\350/{\303`\211\034\227\012\375\305\236.\335}j\032"
 236      C360891C 
 236      970AFDC5 
 236      9E2EDD7D 
 236      6A1A
 237 0421 52CD109F 		.ascii	"R\315\020\237\003\333=\310s\340\005,\356\227\036hd\363"
 237      03DB3DC8 
 237      73E0052C 
 237      EE971E68 
 237      64F3
 238 0433 6EAA819E 		.ascii	"n\252\201\236C\021\376kA \226\035\305\305\275X\271\311"
 238      4311FE6B 
 238      4120961D 
 238      C5C5BD58 
 238      B9C9
 239 0445 F90214A8 		.ascii	"\371\002\024\250\245\303:\200\224b\020\200=\266\361"
 239      A5C33A80 
 239      94621080 
 239      3DB6F1
 240 0454 E72E6F5C 		.ascii	"\347.o\\E\343\276\376\340\364\223iH\251r\263\024\015"
 240      45E3BEFE 
 240      E0F49369 
 240      48A972B3 
 240      140D
 241 0466 412CD26A 		.ascii	"A,\322j\272\273\227C\301\345=\344\345<\0107^J\373\003"
 241      BABB9743 
 241      C1E53DE4 
 241      E53C0837 
 241      5E4AFB03 
 242 047a 1CB98095 		.ascii	"\034\271\200\225\034\374\352\201\034o\234%\023X:\207"
 242      1CFCEA81 
 242      1C6F9C25 
 242      13583A87 
ARM GAS  C:\Users\Pasquale\AppData\Local\Temp\cce9KZHl.s 			page 19


 243 048a 324BBCDC 		.ascii	"2K\274\334\275\241_\271}C7\037\367\267\220\256\031\201"
 243      BDA15FB9 
 243      7D43371F 
 243      F7B790AE 
 243      1981
 244 049c DA0D4B3C 		.ascii	"\332\015K<\025\302\213\201X\201g_\303\336W2\234Oy\006"
 244      15C28B81 
 244      5881675F 
 244      C3DE5732 
 244      9C4F7906 
 245 04b0 AABB8A14 		.ascii	"\252\273\212\024\356x\306\334\362\014\277C\2525\012"
 245      EE78C6DC 
 245      F20CBF43 
 245      AA350A
 246 04bf 2C7F4D62 		.ascii	",\177Mb\031\025XN\2349U\341\325\006G\236|\361M\247\037"
 246      1915584E 
 246      9C3955E1 
 246      D506479E 
 246      7CF14DA7 
 247 04d4 7B88FEC3 		.ascii	"{\210\376\303\225\210\240\2179\006\242v\260\262\364"
 247      9588A08F 
 247      3906A276 
 247      B0B2F4
 248 04e3 224289E2 		.ascii	"\"B\211\342X\202\234\026V\364\301:\374\012?\321\001"
 248      58829C16 
 248      56F4C13A 
 248      FC0A3FD1 
 248      01
 249 04f4 72F54AEF 		.ascii	"r\365J\357S:\307\240\037\204t\342\262\216\232X\211\314"
 249      533AC7A0 
 249      1F8474E2 
 249      B28E9A58 
 249      89CC
 250 0506 65C9A458 		.ascii	"e\311\244X\031\347mgP\322&\221\330dW\273\263\212\225"
 250      19E76D67 
 250      50D22691 
 250      D86457BB 
 250      B38A95
 251 0519 EDF02063 		.ascii	"\355\360 c\320\012\206\311V$\013O\341}\007\362;<q\241"
 251      D00A86C9 
 251      56240B4F 
 251      E17D07F2 
 251      3B3C71A1 
 252 052d 8C3EABB3 		.ascii	"\214>\253\263\306\362\344\001\333\204\026\267\362\323"
 252      C6F2E401 
 252      DB8416B7 
 252      F2D3
 253 053b 59B4F20D 		.ascii	"Y\264\362\015\347\353\222AV6\000\376Sd\324]M\277\245"
 253      E7EB9241 
 253      563600FE 
 253      5364D45D 
 253      4DBFA5
 254 054e C5236827 		.ascii	"\305#h'\177\250\035\276\001\266\340\215U\017y\236\223"
 254      7FA81DBE 
 254      01B6E08D 
 254      550F799E 
 254      93
ARM GAS  C:\Users\Pasquale\AppData\Local\Temp\cce9KZHl.s 			page 20


 255 055f 1110B2B0 		.ascii	"\021\020\262\260\3162\300\024\3763\330v\204x\266\015"
 255      CE32C014 
 255      FE33D876 
 255      8478B60D 
 256 056f A833D920 		.ascii	"\2503\331 X\374d\267\365\007_\374\224\262\036\253\255"
 256      58FC64B7 
 256      F5075FFC 
 256      94B21EAB 
 256      AD
 257 0580 D8C0C958 		.ascii	"\330\300\311XZ-\342\037lc\371[\212<\004\033\351\236"
 257      5A2DE21F 
 257      6C63F95B 
 257      8A3C041B 
 257      E99E
 258 0592 EF58C178 		.ascii	"\357X\301x\241\345\334\037\024HZw=5f<\030~\354\3416"
 258      A1E5DC1F 
 258      14485A77 
 258      3D35663C 
 258      187EECE1 
 259 05a7 E68D42CC 		.ascii	"\346\215B\314\033X1\350\356\215Wl\276\020\364N\010\272"
 259      1B5831E8 
 259      EE8D576C 
 259      BE10F44E 
 259      08BA
 260 05b9 8EBC0CA0 		.ascii	"\216\274\014\240A\341\323\005Ph\235\024\364\272\211"
 260      41E1D305 
 260      50689D14 
 260      F4BA89
 261 05c8 416F6283 		.ascii	"Aob\203\230\367CC\303\340\227\220hXe0\232\302\337\015"
 261      98F74343 
 261      C3E09790 
 261      68586530 
 261      9AC2DF0D 
 262 05dc 0F339AC2 		.ascii	"\0173\232\302\022\343\223\302R\215ifS\330\322eK\346"
 262      12E393C2 
 262      528D6966 
 262      53D8D265 
 262      4BE6
 263 05ee 4784C5C4 		.ascii	"G\204\305\304D\206-\212[\034\373M\004\271\245M\005I"
 263      44862D8A 
 263      5B1CFB4D 
 263      04B9A54D 
 263      0549
 264 0600 4AD28526 		.ascii	"J\322\205&(\026}\266<pax8#\373\350\023u\014\247\325"
 264      28167DB6 
 264      3C706178 
 264      3823FBE8 
 264      13750CA7 
 265 0615 A61B52CC 		.ascii	"\246\033R\314\363#\264\346\325\011\357i\004\227&s\272"
 265      F323B4E6 
 265      D509EF69 
 265      04972673 
 265      BA
 266 0626 CE60D498 		.ascii	"\316`\324\230\215\306$\223fMJz\2400\013\214OK\016\324"
 266      8DC62493 
 266      664D4A7A 
 266      A0300B8C 
ARM GAS  C:\Users\Pasquale\AppData\Local\Temp\cce9KZHl.s 			page 21


 266      4F4B0ED4 
 267 063a 27AFD2EB 		.ascii	"'\257\322\353tz\235fA\350\274\300\210y\341\013\276~"
 267      747A9D66 
 267      41E8BCC0 
 267      8879E10B 
 267      BE7E
 268 064c 4B03F6B9 		.ascii	"K\003\366\271)\306\024\375\\}\374*\203\306\220\222\220"
 268      29C614FD 
 268      5C7DFC2A 
 268      83C69092 
 268      90
 269 065d 94AED36B 		.ascii	"\224\256\323k\222\343\301W\212^\243\325\351W\307\247"
 269      92E3C157 
 269      8A5EA3D5 
 269      E957C7A7 
 270 066d 2799B5E6 		.ascii	"'\231\265\346\265\251zSh\"\243p\360}\371\277\362\231"
 270      B5A97A53 
 270      6822A370 
 270      F07DF9BF 
 270      F299
 271 067f D69A345A 		.ascii	"\326\2324Z\223Y\007\316\201D\036\023\273\360S\265\354"
 271      935907CE 
 271      81441E13 
 271      BBF053B5 
 271      EC
 272 0690 E3A56A35 		.ascii	"\343\245j5\372\034E\313\023\222\364\361i\342^\303\337"
 272      FA1C45CB 
 272      1392F4F1 
 272      69E25EC3 
 272      DF
 273 06a1 D69A158E 		.ascii	"\326\232\025\216\0116\351\315\3776\235&s2\304\277&\325"
 273      0936E9CD 
 273      FF369D26 
 273      7332C4BF 
 273      26D5
 274 06b3 6004261C 		.ascii	"`\004&\034\033\251\306\213#\325\362\270\345q\221\352"
 274      1BA9C68B 
 274      23D5F2B8 
 274      E57191EA 
 275 06c3 69B14BE3 		.ascii	"i\261K\343\242\242\"\325\036\261\313V\304E\251\345K"
 275      A2A222D5 
 275      1EB1CB56 
 275      C445A9E5 
 275      4B
 276 06d4 6223A3D4 		.ascii	"b#\243\324$\321\321Ji\225\326\314\031\214\304\267A\247"
 276      24D1D14A 
 276      6995D6CC 
 276      198CC4B7 
 276      41A7
 277 06e6 357FF01A 		.ascii	"5\177\360\032\265Ld\224\324Qr\274\351+\330\224\301\230"
 277      B54C6494 
 277      D45172BC 
 277      E92BD894 
 277      C198
 278 06f8 6CD4E9B5 		.ascii	"l\324\351\265fo\007BkH1\274\026C\0023\323\351\0132\265"
 278      666F0742 
 278      6B4831BC 
ARM GAS  C:\Users\Pasquale\AppData\Local\Temp\cce9KZHl.s 			page 22


 278      16430233 
 278      D3E90B32 
 279 070d 26CD989E 		.ascii	"&\315\230\236J8\376\006\033\362\020n"
 279      4A38FE06 
 279      1BF2106E 
 280              		.text
 281              		.section	.gnu.lto_.symtab.e992d438,"",%progbits
 282 0000 5F70616C 		.ascii	"_pal_lld_init\000"
 282      5F6C6C64 
 282      5F696E69 
 282      7400
 283 000e 00       		.ascii	"\000"
 284 000f 00       		.ascii	"\000"
 285 0010 00       		.ascii	"\000"
 286 0011 00000000 		.ascii	"\000\000\000\000\000\000\000\000"
 286      00000000 
 287 0019 04010000 		.ascii	"\004\001\000\000"
 288 001d 5F70616C 		.ascii	"_pal_lld_setgroupmode\000"
 288      5F6C6C64 
 288      5F736574 
 288      67726F75 
 288      706D6F64 
 289 0033 00       		.ascii	"\000"
 290 0034 00       		.ascii	"\000"
 291 0035 00       		.ascii	"\000"
 292 0036 00000000 		.ascii	"\000\000\000\000\000\000\000\000"
 292      00000000 
 293 003e 0A010000 		.ascii	"\012\001\000\000"
 294              		.text
 295              		.section	.gnu.lto_.opts,"",%progbits
 296 0000 272D666D 		.ascii	"'-fmath-errno' '-fsigned-zeros' '-ftrapping-math' '"
 296      6174682D 
 296      6572726E 
 296      6F272027 
 296      2D667369 
 297 0033 2D666E6F 		.ascii	"-fno-trapv' '-fno-openmp' '-fno-openacc' '-mcpu=cor"
 297      2D747261 
 297      70762720 
 297      272D666E 
 297      6F2D6F70 
 298 0066 7465782D 		.ascii	"tex-m4' '-mthumb' '-O2' '-fomit-frame-pointer' '-fa"
 298      6D342720 
 298      272D6D74 
 298      68756D62 
 298      2720272D 
 299 0099 6C69676E 		.ascii	"lign-functions=16' '-ffunction-sections' '-fdata-se"
 299      2D66756E 
 299      6374696F 
 299      6E733D31 
 299      36272027 
 300 00cc 6374696F 		.ascii	"ctions' '-fno-common' '-flto'\000"
 300      6E732720 
 300      272D666E 
 300      6F2D636F 
 300      6D6D6F6E 
 301              		.text
 302              		.comm	__gnu_lto_v1,1,1
ARM GAS  C:\Users\Pasquale\AppData\Local\Temp\cce9KZHl.s 			page 23


 303              		.comm	__gnu_lto_slim,1,1
 304              		.ident	"GCC: (GNU Tools for Arm Embedded Processors 7-2017-q4-major) 7.2.1 20170904 (release) [ARM
ARM GAS  C:\Users\Pasquale\AppData\Local\Temp\cce9KZHl.s 			page 24


DEFINED SYMBOLS
                            *ABS*:00000000 hal_pal_lld.c
                            *COM*:00000001 __gnu_lto_v1
                            *COM*:00000001 __gnu_lto_slim

NO UNDEFINED SYMBOLS
