ARM GAS  C:\Users\Pasquale\AppData\Local\Temp\ccSUfBvi.s 			page 1


   1              		.cpu cortex-m4
   2              		.eabi_attribute 20, 1
   3              		.eabi_attribute 21, 1
   4              		.eabi_attribute 23, 3
   5              		.eabi_attribute 24, 1
   6              		.eabi_attribute 25, 1
   7              		.eabi_attribute 26, 1
   8              		.eabi_attribute 30, 2
   9              		.eabi_attribute 34, 1
  10              		.eabi_attribute 18, 4
  11              		.file	"hal_st.c"
  12              		.section	.gnu.lto_.profile.e992f1ea,"",%progbits
  13 0000 789C6363 		.ascii	"x\234cc```\001bF\006)\036\000\000\270\0002"
  13      60606001 
  13      62460629 
  13      1E0000B8 
  13      0032
  14              		.text
  15              		.section	.gnu.lto_.icf.e992f1ea,"",%progbits
  16 0000 789C6363 		.ascii	"x\234cc``\220c@\000V\206\325\253\276\376db\274\373\353"
  16      60609063 
  16      40005686 
  16      D5ABBEFE 
  16      6462BCFB 
  17 0015 CD5C46A6 		.ascii	"\315\\F\246\236iw\374\230\247\266\256Z\311\305r\347"
  17      9E6977FC 
  17      98A7B6AE 
  17      5AC9C572 
  17      E7
  18 0026 D54C4706 		.ascii	"\325LG\006\000\345\321\016="
  18      00E5D10E 
  18      3D
  19              		.text
  20              		.section	.gnu.lto_.jmpfuncs.e992f1ea,"",%progbits
  21 0000 789C6363 		.ascii	"x\234cc``\220a@\000V\020\301\010\004\365s\230\031\230"
  21      60609061 
  21      40005610 
  21      C10804F5 
  21      73981998 
  22 0014 181898A1 		.ascii	"\030\030\230\241L\026\2400\000#\314\002t"
  22      4C16A030 
  22      0023CC02 
  22      74
  23              		.text
  24              		.section	.gnu.lto_.inline.e992f1ea,"",%progbits
  25 0000 789C6363 		.ascii	"x\234cc``He@\000V\006\006\026\036F\006& \223m\201<\210"
  25      60604865 
  25      40005606 
  25      06161E46 
  25      06262093 
  26 0018 6260E402 		.ascii	"b`\344\002\021\014l\254@a\266\017zpq&\006\026f\240\020"
  26      110C6CAC 
  26      4061B60F 
  26      7A707126 
  26      061666A0 
  27 002d D3057EB8 		.ascii	"\323\005~\270\0203\246\020\013\246\020\003\000\234z"
  27      1033A610 
ARM GAS  C:\Users\Pasquale\AppData\Local\Temp\ccSUfBvi.s 			page 2


  27      0BA61003 
  27      009C7A
  28 003c 086F     		.ascii	"\010o"
  29              		.text
  30              		.section	.gnu.lto_.pureconst.e992f1ea,"",%progbits
  31 0000 789C6363 		.ascii	"x\234cc``\340\006bV\006\011F)&)f)\026)\000\004\001\000"
  31      6060E006 
  31      62560609 
  31      46292629 
  31      66291629 
  32 0018 A1       		.ascii	"\241"
  33              		.text
  34              		.section	.gnu.lto_stInit.e992f1ea,"",%progbits
  35 0000 789C6363 		.ascii	"x\234cc``X\001\304\352@,\015\304\214\314\014\214L\023"
  35      60605801 
  35      C4EA402C 
  35      0DC48CCC 
  35      0C8C4C13 
  36 0014 CE313034 		.ascii	"\316104r012\202\030\015\034\214\014\365L\214\365\214"
  36      72303132 
  36      82180D1C 
  36      8C0CF54C 
  36      8CF58C
  37 0027 3DCC5398 		.ascii	"=\314S\230\031\017\265?\333\311\244\271\274\001\010"
  37      190FB53F 
  37      DBC9A4B9 
  37      BC0108
  38 0036 0E4CFF21 		.ascii	"\016L\377!\331\260\342\000\343\034f\006\206i@\014\002"
  38      D9B0E200 
  38      E31C6606 
  38      8669400C 
  38      02
  39 0047 8C9B1935 		.ascii	"\214\233\0315\031\200\312\036m\3747\225\227\215\005"
  39      1980CA1E 
  39      6DFC3795 
  39      978D05
  40 0056 22CEB885 		.ascii	"\"\316\270\205\221\215\201\021\310X\177\211\365@\303"
  40      918D8111 
  40      C8587F89 
  40      F540C3
  41 0065 BFFFED0D 		.ascii	"\277\377\355\015\007\356,b\374\317\012\224\353\000b"
  41      07EE2C62 
  41      FCCF0A94 
  41      EB0062
  42 0074 A0250D07 		.ascii	"\240%\015\007\030:\231\231@\254\346\003\014o\030\233"
  42      183A9999 
  42      40ACE603 
  42      0C6F189B 
  43 0084 17FC9606 		.ascii	"\027\374\226\006k\002\232\264s\347\233\333\354\365\177"
  43      6B029AB4 
  43      73E79BDB 
  43      ECF57F
  44 0093 1B38E630 		.ascii	"\0338\34603Nc\006\232\302\270\225\261\236a\016P\365"
  44      334E6306 
  44      9AC2B895 
  44      B19E610E 
  44      50F5
ARM GAS  C:\Users\Pasquale\AppData\Local\Temp\ccSUfBvi.s 			page 3


  45 00a5 3BC6A605 		.ascii	";\306\246\005\377\271\301\352@\240\003(\0114\200\211"
  45      FFB9C1EA 
  45      40A00328 
  45      09348089 
  46 00b5 8141554F 		.ascii	"\201AUOO\037\210\22232\2232\363\213\015-\015\365\363"
  46      4F1F8892 
  46      33329332 
  46      F38B0D2D 
  46      0DF5F3
  47 00c8 8BF53312 		.ascii	"\213\3653\022s\364\213\213\222At|q\211^2\003\000B\371"
  47      73F48B8B 
  47      9241747C 
  47      71895E32 
  47      030042F9 
  48 00dc 4617     		.ascii	"F\027"
  49              		.text
  50              		.section	.gnu.lto_stStartAlarm.e992f1ea,"",%progbits
  51 0000 789C9552 		.ascii	"x\234\225RMh\023A\024\236o'\335\255A\343U1\207\036\014"
  51      4D681341 
  51      149E6F27 
  51      DDAD41E3 
  51      5531871E 
  52 0015 B51EB246 		.ascii	"\265\036\262F/\212W\021\204\366d\357\245\215B\002\221"
  52      2F8A5711 
  52      84F664EF 
  52      A58D4202 
  52      91
  53 0026 946EF068 		.ascii	"\224n\360h\247ibZ\023Q\320F\014Q\027\333\"QB\353om\255"
  53      A769625A 
  53      1351D046 
  53      0C5117DB 
  53      225142EB 
  54 003d 758D55C1 		.ascii	"u\215U\301b\325\202x\361P,\244E\264\250\024D\204\352"
  54      62D58278 
  54      F1502CA4 
  54      45B4A814 
  54      4484EA
  55 0050 9BC92AF5 		.ascii	"\233\311*\365 \350\2603\363\336\343{\337\373\336\333"
  55      20E8B033 
  55      F3DEE37B 
  55      DFFBDEDB 
  56 0060 D1196353 		.ascii	"\321\031cS\032c\235to\241\015\316\240\235\236e\254\247"
  56      1A639D74 
  56      6FA10DCE 
  56      A09D9E65 
  56      ACA7
  57 0072 5E03A421 		.ascii	"^\003\244!\352\301\2725t#\307\317rT2\325q\255\351\212"
  57      EAC1BA35 
  57      7423C7CF 
  57      725432D5 
  57      71ADE98A 
  58 0086 A0E59C9B 		.ascii	"\240\345\234\233\320\217\213\364\246\"g,O[.\334D\023"
  58      D08F8BF4 
  58      A622672C 
  58      4F5B2EDC 
  58      4413
  59 0098 A15EA546 		.ascii	"\241^\245F\213<\313\213\034\360\220\373\371ya\301']"
ARM GAS  C:\Users\Pasquale\AppData\Local\Temp\ccSUfBvi.s 			page 4


  59      8B3CCB8B 
  59      1CF090FB 
  59      F97961C1 
  59      275D
  60 00aa 0D0DE47E 		.ascii	"\015\015\344~\277:\372v#\337\006F\366\345\362\251a\275"
  60      BF3AFA76 
  60      23DF0646 
  60      F6E5F2A9 
  60      61BD
  61 00bc 715888A4 		.ascii	"qX\210\244p>\014r\261\265\3109\356\200\023!n\303\217"
  61      703E0C72 
  61      B1B5C839 
  61      EE801321 
  61      6EC38F
  62 00cf 5BF0330A 		.ascii	"[\3603\0121\214\241Q\342\337]_\035\330\240{\354_5q\027"
  62      318CA151 
  62      E2DF5D5F 
  62      1DD8A07B 
  62      EC5F3571 
  63 00e4 3A031923 		.ascii	":\003\031#su\216X\375\221\021\316\312\020^\357\327I"
  63      73758E58 
  63      FD9111CE 
  63      CA105EEF 
  63      D749
  64 00f6 BD4C617D 		.ascii	"\275La}\204\2426\204\303\372\271&\255^\207U\241I\256"
  64      84A23684 
  64      C3FAB926 
  64      AD5E8755 
  64      A149AE
  65 0109 7EE7C4B4 		.ascii	"~\347\304\264\227\357P:\336dSKF`P\351X>\277\276 \234"
  65      97EF503A 
  65      DE64534B 
  65      466050E9 
  65      583EBFBE 
  66 011f 54839432 		.ascii	"T\203\2242\376\247\024\325\343\004\002\005\342z\217"
  66      FEA714D5 
  66      E3040205 
  66      E27A8F
  67 012e 4AE1DBC7 		.ascii	"J\341\333\307\241\374\356\337\262R\265\261\314\351\\"
  67      A1FCEEDF 
  67      B252B5B1 
  67      CCE95C
  68 013d 6294B63C 		.ascii	"b\224\266<\307\032\331\014\367\240cRJ\246\203\342\371"
  68      C71AD90C 
  68      F7A06352 
  68      4AA683E2 
  68      F9
  69 014e 74E58521 		.ascii	"t\345\205!'\343Q\260\331\362\327O\336\232+\251\344\354"
  69      27E351B0 
  69      D9F2D74F 
  69      DE9A2BA9 
  69      E4EC
  70 0160 EC0B8BEB 		.ascii	"\354\013\213\353l\\D\221\327a\212T\334\227*(\236\251"
  70      6C5C4491 
  70      D7618A54 
  70      DC972A28 
  70      9EA9
ARM GAS  C:\Users\Pasquale\AppData\Local\Temp\ccSUfBvi.s 			page 5


  71 0172 CEBCF499 		.ascii	"\316\274\364\231e\221\352\021\363cg6\177\241$\035\017"
  71      6591EA11 
  71      F3636736 
  71      7FA1241D 
  71      0F
  72 0183 6063801A 		.ascii	"`c\200\032\226e$\310\311%KFhD\202\354\033Da\300\201"
  72      966524C8 
  72      C9254B46 
  72      684482EC 
  72      1B4461C0 
  73 0198 89ED7E17 		.ascii	"\211\355~\027\201\207\010\271\235\254,=K\373\\Q\377"
  73      818708B9 
  73      9DAC2C3D 
  73      4BFB5C51 
  73      FF
  74 01a9 50D23E26 		.ascii	"P\322>&\311*\252\034\\\262G0\327vdP|\2322\025\371\314"
  74      C92AAA1C 
  74      5CB24730 
  74      D7766450 
  74      7C9A3215 
  75 01bf FF933F56 		.ascii	"\377\223?V\344\232K\376D\221O^\312\225\2745r\015O)\263"
  75      E49A4BFE 
  75      44914F5E 
  75      CA95BC35 
  75      720D4F29 
  76 01d4 8AE47CB6 		.ascii	"\212\344|\266\024\226\223V#g\313H\332\327NB=\013\271"
  76      14969356 
  76      2367CB48 
  76      DAD74E42 
  76      3D0BB9
  77 01e7 FA481EFD 		.ascii	"\372H\036\375tz\341\201`\320\244/\034\211vD\343VhO\310"
  77      747AE181 
  77      60D0A42F 
  77      1C897644 
  77      E356684F 
  78 01fc 8C5B66A4 		.ascii	"\214[f\244=fZ]ay\267Y\211`\230\031\355\035V\"z\344\260"
  78      3D665A5D 
  78      6179B759 
  78      89609819 
  78      ED1D5622 
  79 0213 471E7BFF 		.ascii	"G\036{\377\226\322\031\357JX\346\301\326\226];\315\346"
  79      96D219EF 
  79      4A58E6C1 
  79      D6965D3B 
  79      CDE6
  80 0225 E67D66EB 		.ascii	"\346}f\353\201\226\243!\227\244-\026;\024\214\260\237"
  80      8196A321 
  80      97A42D16 
  80      3B148CB0 
  80      9F
  81 0236 E80F044A 		.ascii	"\350\017\004J"
  82              		.text
  83              		.section	.gnu.lto_stStopAlarm.e992f1ea,"",%progbits
  84 0000 789C754F 		.ascii	"x\234uO=HBQ\024>\337\273\366\372\201\232\003\335\242"
  84      3D484251 
  84      143EDFBB 
  84      F6FA819A 
ARM GAS  C:\Users\Pasquale\AppData\Local\Temp\ccSUfBvi.s 			page 6


  84      03DDA2
  85 0013 A1E55D2C 		.ascii	"\241\345],\032\2425\202\300\246\334\245^\203\202`\364"
  85      1AA23582 
  85      C0A6DCA5 
  85      5E838260 
  85      F4
  86 0024 A2D56769 		.ascii	"\242\325gi\03264\324k\261\020\032\232$\242_\013\342"
  86      1A3634D4 
  86      6BB1101A 
  86      9A24A25F 
  86      0BE2
  87 0036 216D4145 		.ascii	"!mAES\243\024\0304D\204T\004Y\347j\204K\207{~\3569\337"
  87      53A31418 
  87      34448454 
  87      0459E76A 
  87      844B877B 
  88 004e 39DF393A 		.ascii	"9\3379:\021\015\202\310d\357e\205 h\253WD\2116\015P"
  88      110D82C8 
  88      64EF6585 
  88      2068AB57 
  88      4489360D 
  89 0063 81DD068A 		.ascii	"\201\335\006\212k\210cE\254\011\224\322\225\242\326"
  89      6B886345 
  89      AC0994D2 
  89      95A2D6
  90 0072 B763B3B8 		.ascii	"\267c\263\270\033o\372\222\235\352\316\011\"\207U\011"
  90      1B6FFA92 
  90      9DEACE09 
  90      22875509 
  91 0082 F6D1470C 		.ascii	"\366\321G\014\273\337\253\255w\352\236F\036\007\320"
  91      BBDFABAD 
  91      77EA9E46 
  91      1E07D0
  92 0091 893968F7 		.ascii	"\2119h\367\266\305\265k\337i\333\275\330\306\327(\327"
  92      B6C5B56B 
  92      DF69DBBD 
  92      D8C6D728 
  92      D7
  93 00a2 32AC4C62 		.ascii	"2\254Lb\273\264,4\025-\272\364\204R\365\343\256\352"
  93      BBB42C34 
  93      152DBAF4 
  93      8452F5E3 
  93      AEEA
  94 00b4 187F7392 		.ascii	"\030\177s\222\015\272O]\324g9\002\315\0348\204\216#"
  94      0DBA4F5D 
  94      D4673902 
  94      CD1C3884 
  94      8E23
  95 00c6 45C186F3 		.ascii	"E\301\206\363N\252t\335\232\0259\201:\354\252\360\376"
  95      4EAA74DD 
  95      9A153981 
  95      3AECAAF0 
  95      FE
  96 00d7 D2D1F8AA 		.ascii	"\322\321\370\2521\036N\3457\037\333\363\330BNh8\201"
  96      311E4EE5 
  96      371FDBF3 
  96      D8424E68 
ARM GAS  C:\Users\Pasquale\AppData\Local\Temp\ccSUfBvi.s 			page 7


  96      3881
  97 00e9 0FC7F091 		.ascii	"\017\307\360\221\202\246+\2277]\262`'\023v\371\341\326"
  97      82A62B97 
  97      375DB260 
  97      271376F9 
  97      E1D6
  98 00fb FBCA4D02 		.ascii	"\373\312M\002E\344\261\316k*\032\302)d3\005o\2023\356"
  98      45E4B1CE 
  98      6B2A1AC2 
  98      29643305 
  98      6F8233EE 
  99 010f 7EC64239 		.ascii	"~\306B9{\336S\277TI\206\013|\215F\324k\030\222\237\031"
  99      7BDE53BF 
  99      5449860B 
  99      7C8D46D4 
  99      6B18929F 
 100 0124 8E4C4562 		.ascii	"\216LEb\226\177\310/c\226\014OF\2455k*\037\262\346\014"
 100      967FC82F 
 100      63960C4F 
 100      46A5356B 
 100      2A1FB2E6 
 101 0139 9386FF43 		.ascii	"\223\206\377C\315\304f\347,9\021\034\037\350\227\201"
 101      CDC466E7 
 101      2C39111C 
 101      1FE89781 
 102 0149 C0880C8E 		.ascii	"\300\210\014\216\215\317\373\177\373B\321\350\264\021"
 102      8DCFFB7F 
 102      FB42D1E8 
 102      B411
 103 0157 A61F2248 		.ascii	"\246\037\"H\210]"
 103      885D
 104              		.text
 105              		.section	.gnu.lto_stSetAlarm.e992f1ea,"",%progbits
 106 0000 789C7592 		.ascii	"x\234u\222MHTQ\024\307\317\377\335\347{&e[\241\201\\"
 106      4D485451 
 106      14C7CFFF 
 106      DDE77B26 
 106      655BA181 
 107 0015 34982DE6 		.ascii	"4\230-\3465\265)\332\006\021\350*\367\242S0\003\023"
 107      35B529DA 
 107      0611E82A 
 107      F7A25330 
 107      0313
 108 0027 23BEA1AD 		.ascii	"#\276\241\255\327il\264\221\012\312\021\206g<2\211\202"
 108      D7696CB4 
 108      910ACA11 
 108      86673C32 
 108      8982
 109 0039 41B30FD3 		.ascii	"A\263\017\323\262^C\273h\372\330\2641\220\222I\202\242"
 109      B25E43BB 
 109      68FAD8B4 
 109      31909249 
 109      82A2
 110 004b DC4408D6 		.ascii	"\334D\010\3269O\213Ztx\367\336s.\377s\356\357\034\236"
 110      394F8B5A 
 110      7478F7DE 
 110      732EFF73 
ARM GAS  C:\Users\Pasquale\AppData\Local\Temp\ccSUfBvi.s 			page 8


 110      EEEF1C9E 
 111 005f 4544A641 		.ascii	"ED\246A\324\307\347.^P\004\343R\215h\260\321\000\304"
 111      D4C7E72E 
 111      5E5004E3 
 111      528D68B0 
 111      D100C4
 112 0072 D18DA001 		.ascii	"\321\215\240\001\003\003\030UW\024\252\205\372\274\321"
 112      03031855 
 112      5714AA85 
 112      FABCD1
 113 0081 7E43B305 		.ascii	"~C\263\005\343\263\3669=\324\342)\242\022/1\334A;\253"
 113      E3B3F639 
 113      3DD4E229 
 113      A2122F31 
 113      DC413BAB 
 114 0095 5EE7673C 		.ascii	"^\347g<UT\236\002L\016\277\275(\177h\226\320@+\207\353"
 114      55549E02 
 114      4C0EBFBD 
 114      287F6896 
 114      D0402B87 
 115 00aa B7669676 		.ascii	"\267f\226v\252\275 \366\257U.NYmSZ\347t\2604\251\364"
 115      AABD20F6 
 115      AF552E4E 
 115      596D535A 
 115      E774B034 
 116 00c0 1E4F29DC 		.ascii	"\036O)\334\207\342\202\270\207\010\356\"B|E\230C\233"
 116      87E282B8 
 116      8708EE22 
 116      427C4598 
 116      439B
 117 00d2 E8DFDFDE 		.ascii	"\350\337\337\336\030\333a\231\376\3577\361\000\026\201"
 117      18DB6199 
 117      FEEF37F1 
 117      001681
 118 00e1 9DE9370D 		.ascii	"\235\3517\015\201\336\370Y\320\301\312u,\0363\231^R"
 118      81DEF859 
 118      D0C1CA75 
 118      2C1E3399 
 118      5E52
 119 00f3 689855DC 		.ascii	"h\230U\334\206\016hD\031\342\235\015\250\016Cj\215\004"
 119      860E6844 
 119      19E29D0D 
 119      A80E436A 
 119      8D04
 120 0105 E79F35A9 		.ascii	"\347\2375\251\375!\307\333b~\325\216N\206\034\265\211"
 120      FD21C7DB 
 120      627ED58E 
 120      4E861CB5 
 120      89
 121 0116 ED651DE4 		.ascii	"\355e\035\344[\005e\376_\224\260\307\005D\313\\\353"
 121      5B0565FE 
 121      5F94B0C7 
 121      0544CB5C 
 121      EB
 122 0127 13AAE51F 		.ascii	"\023\252\345\037\237W\306\017\375\301\312o\216e\301"
 122      9F57C60F 
 122      FDC1CA6F 
ARM GAS  C:\Users\Pasquale\AppData\Local\Temp\ccSUfBvi.s 			page 9


 122      8E65C1
 123 0136 56A209D9 		.ascii	"V\242\011\331J\012\177a\023\036\302\302#A\346\215\357"
 123      4A0A7F61 
 123      131EC2C2 
 123      2341E68D 
 123      EF
 124 0147 4B43D597 		.ascii	"KC\325\227\266L\306\014e\265\312\367\257M\233\241\224"
 124      B64CC60C 
 124      65B5CAF7 
 124      AF4D9BA1 
 124      94
 125 0158 92D9F913 		.ascii	"\222\331\371\023\037\267\371\270\012O5\3401S,\012\005"
 125      1FB7F9B8 
 125      0A4F35E0 
 125      31532C0A 
 125      05
 126 0169 DF17EACF 		.ascii	"\337\027\352\317_5;\025\235\037\324\313s\227w\257q\222"
 126      5F353B15 
 126      9D1FD4CB 
 126      739777AF 
 126      7192
 127 017b 8527F031 		.ascii	"\205'\3601\306\015\3133\"\012Fs7\355\370\264\210\374"
 127      C60DCB33 
 127      220A4673 
 127      37EDF8B4 
 127      88FC
 128 018d 592E6123 		.ascii	"Y.a#\200\203}\221-\005\236\".\235\324\221[.\276K\010"
 128      80837D91 
 128      2D059E22 
 128      2E9DD491 
 128      5B2EBE4B 
 129 01a2 6F084E5F 		.ascii	"o\010N_\220\363\327/ \034\256\3300w\301\243\343\377"
 129      90F3D72F 
 129      201CAED8 
 129      3077C1A3 
 129      E3FF
 130 01b4 241A8B39 		.ascii	"$\032\2139\374%\222\251\336T\306\215\037\216;\031\327"
 130      FC2592A9 
 130      DE54C68D 
 130      1F8E3B19 
 130      D7
 131 01c5 49F6A41D 		.ascii	"I\366\244\035\267?!g\267\233\215%\310\356\351u\263\251"
 131      B73F2167 
 131      B79B8D25 
 131      C8EEE975 
 131      B3A9
 132 01d7 D3A74CD9 		.ascii	"\323\247L\331\216\374/\245/\323\237u\235\023]\235\007"
 132      8EFC2FA5 
 132      2FD39F75 
 132      9D135D9D 
 132      07
 133 01e8 0F381D1D 		.ascii	"\0178\035\035G\235\256\343\235g\342[E\272\323\351\223"
 133      479DAEE3 
 133      9D67E25B 
 133      45BAD3E9 
 133      93
 134 01f9 B124FD02 		.ascii	"\261$\375\002S\305\310\376"
ARM GAS  C:\Users\Pasquale\AppData\Local\Temp\ccSUfBvi.s 			page 10


 134      53C5C8FE 
 135              		.text
 136              		.section	.gnu.lto_stGetAlarm.e992f1ea,"",%progbits
 137 0000 789C7590 		.ascii	"x\234u\220M(\005Q\024\307\317\177\3563\203P\266\274"
 137      4D280551 
 137      14C7CF7F 
 137      EE338350 
 137      B6BC
 138 0012 858D058B 		.ascii	"\205\215\005\213w\033V\262UR\254\330\213g\361\324\253"
 138      771B56B2 
 138      5552ACD8 
 138      8B67F1D4 
 138      AB
 139 0023 27235BD7 		.ascii	"'#[\327\363\204X(<\305\320\224\205,\204<\337\037M\224"
 139      F3845828 
 139      3CC5D094 
 139      852C843C 
 139      DF1F4D94 
 140 0037 8D7CAE2C 		.ascii	"\215|\256,\205(I\330\210\362q.\222\215\333\275s\317"
 140      852849D8 
 140      88F2712E 
 140      928DDBBD 
 140      73CF
 141 0049 39F39B73 		.ascii	"9\363\233s\376\3771\211\250\035Da\276\363\371@\020\214"
 141      FEFF3189 
 141      A81D4461 
 141      BEF3F940 
 141      108C
 142 005b C143A2CE 		.ascii	"\301C\242\316t\003\320\201J\007u\030\350\300\200\030"
 142      7403D081 
 142      4A077518 
 142      E8C08018 
 143 006b 163849CC 		.ascii	"\0268I\314\273\242_\270\214\0058}<\030\273\314\321)"
 143      BBA25FB8 
 143      8C05387D 
 143      3C18BBCC 
 143      D129
 144 007d 50C0E9DD 		.ascii	"P\300\351\335\375^*\253hZ\251\270\362G\237\254\361\324"
 144      FD5E2AAB 
 144      685AA9B8 
 144      F2479FAC 
 144      F1D4
 145 008f B1CA7085 		.ascii	"\261\312p\205AI\306S\010b\021A=c\011E\304\364\305\302"
 145      4149C653 
 145      08621141 
 145      3D630945 
 145      C4F4C5C2 
 146 00a3 FB48B619 		.ascii	"\373H\266\031\360\004i\200\353\3130\211\265\320\334"
 146      F0046980 
 146      EBCB3089 
 146      B5D0DC
 147 00b2 699AAFDE 		.ascii	"i\232\257\336?z\224\1775\205\267Jn\340\012\006z\371"
 147      3F7A947F 
 147      3585B74A 
 147      6EE00A06 
 147      7AF9
 148 00c4 B022E553 		.ascii	"\260\"\345S\037\2278\352\362\351\026;\333/g)7\357\267"
ARM GAS  C:\Users\Pasquale\AppData\Local\Temp\ccSUfBvi.s 			page 11


 148      1F9738EA 
 148      F2E9163B 
 148      DB2F6729 
 148      37EFB7
 149 00d7 5F42F1F2 		.ascii	"_B\361\362\207^\255\257~I\201?\243\010+0\261\252\307"
 149      875EADAF 
 149      7E49813F 
 149      A3082B30 
 149      B1AAC7
 150 00ea F0634C18 		.ascii	"\360cL\030\374*\331\275sdi\013\201/\362p\366\371!\363"
 150      FC2AD9BD 
 150      7364690B 
 150      812FF270 
 150      F6F921F3 
 151 00fe 3BD58DB4 		.ascii	";\325\215\264Io\342&\303\303$\\\221\206uv\261\246]p"
 151      496FE226 
 151      C3C3245C 
 151      91867576 
 151      B1A65D70 
 152 0112 BDE77AFF 		.ascii	"\275\347z\3778G\316\252D\247:\277<\315\035b\253&6\340"
 152      3847CEAA 
 152      44A73ABF 
 152      3CCD1D62 
 152      AB2636E0 
 153 0126 618485EA 		.ascii	"a\204\205\352I\032\362\007\3423\226=\247!o\335p\205"
 153      491AF207 
 153      E233963D 
 153      A7216FDD 
 153      7085
 154 0138 854D4814 		.ascii	"\205MH\024\007\177\010l\301\246{\304\317\373\337vM-"
 154      077F086C 
 154      C1A67BC4 
 154      CFFBDF76 
 154      4D2D
 155 014a 9845F11F 		.ascii	"\230E\361\037`\257\320\0169.\014\205$\357p\244\271\261"
 155      60AFD00E 
 155      392E0C85 
 155      24EF70A4 
 155      B9B1
 156 015c 39E6D865 		.ascii	"9\346\330e\266\21492\322\020\225NkX\337\365N[(L\345"
 156      B68C3932 
 156      D210954E 
 156      6B58DFF5 
 156      4E5B284C 
 157 0171 FF512DB1 		.ascii	"\377Q-\261\3266G\326\326\325\224\226\310\352\352\012"
 157      D63647D6 
 157      D6D59496 
 157      C8EAEA0A 
 158 0181 595755D3 		.ascii	"YWU\323n\377|W\037\2156\205\"\364\011\270\355\234\274"
 158      6EFF7C57 
 158      1F8D3685 
 158      22F409B8 
 158      ED9CBC
 159              		.text
 160              		.section	.gnu.lto_.symbol_nodes.e992f1ea,"",%progbits
 161 0000 789C55C8 		.ascii	"x\234U\310K\015\2000\020\006\341\351_\212.\020\305y"
 161      4B0D8030 
ARM GAS  C:\Users\Pasquale\AppData\Local\Temp\ccSUfBvi.s 			page 12


 161      1006E1E9 
 161      5F8A2E10 
 161      C579
 162 0012 57022250 		.ascii	"W\002\"P\201\202\362\324\200\022B\303m\017\223I\276"
 162      8182F2D4 
 162      801242C3 
 162      6D0F9349 
 162      BE
 163 0023 1E985AA8 		.ascii	"\036\230Z\250\312`\276\241m\365\261\311&KQv\231\242"
 163      CA60BEA1 
 163      6DF5B1C9 
 163      264B5176 
 163      99A2
 164 0035 1CB21CE5 		.ascii	"\034\262\034\345\224uA\322%+\277\200\373\000\231\302"
 164      947541D2 
 164      252BBF80 
 164      FB0099C2 
 165 0045 F2BC890F 		.ascii	"\362\274\211\017\035\013\036<"
 165      1D0B1E3C 
 166              		.text
 167              		.section	.gnu.lto_.refs.e992f1ea,"",%progbits
 168 0000 789C6363 		.ascii	"x\234cc```\004b\006\000\000D\000\010"
 168      60606004 
 168      62060000 
 168      440008
 169              		.text
 170              		.section	.gnu.lto_.decls.e992f1ea,"",%progbits
 171 0000 789CB557 		.ascii	"x\234\265W}L\024I\026\357\352\032p\030\276\334\321\030"
 171      7D4C1449 
 171      16EFEA1A 
 171      7018BEDC 
 171      D118
 172 0012 F78E4B88 		.ascii	"\367\216K\210\301@r+\037\272\027\317\335\315e\335\321"
 172      C140722B 
 172      1FBA17CF 
 172      DDCD65DD 
 172      D1
 173 0023 F34CD6DD 		.ascii	"\363L\326\335\315\350%w9r\263\010\343J\302\207\307\014"
 173      CDE82577 
 173      3972B308 
 173      E34AC287 
 173      C70C
 174 0035 97EC3FB7 		.ascii	"\227\354?\267\215\240|\350\256\240\210\013\312\002\362"
 174      8DA07CE8 
 174      AEA0880B 
 174      CA02F2
 175 0044 212A2288 		.ascii	"!*\"\210\200\300\"(\212\210\240\210\200\362%\250\370"
 175      80C02228 
 175      8A88A088 
 175      80F225A8 
 175      F8
 176 0055 ED29202E 		.ascii	"\355) .*\002\367\252\252\233n\032f\327K\356:\363\246"
 176      2A02F7AA 
 176      AA9B6E1A 
 176      66D74BEE 
 176      3AF3A6
 177 0068 FB55FDEA 		.ascii	"\373U\375\352\367^\275\367\252\272\332\236\343\270;"
ARM GAS  C:\Users\Pasquale\AppData\Local\Temp\ccSUfBvi.s 			page 13


 177      F75EBDF7 
 177      AABADA9E 
 177      E3B83B
 178 0077 EF70DC38 		.ascii	"\357p\3348\317q\371\210\343&\341\262\207\2663 \240r"
 178      CF71F988 
 178      E326E1B2 
 178      87B63320 
 178      A072
 179 0089 B51CBB48 		.ascii	"\265\034\273H[\003H\023\310e\220\026\220k \355\334\314"
 179      5B034813 
 179      C8659016 
 179      906B20ED 
 179      DCCC
 180 009b 2B090662 		.ascii	"+\011\006b\270\177\011\322\001rAl\347E\216\331\306\244"
 180      B87F09D2 
 180      0172416C 
 180      E7458ED9 
 180      C6A4
 181 00ad C218AD38 		.ascii	"\302\030\2558F\0172_\264\375+h\177\027\344\021<\367"
 181      460F325F 
 181      B4FD2B68 
 181      7F17E411 
 181      3CF7
 182 00bf 708C5703 		.ascii	"p\214W\003\272=\210\035b\234\304'7\304\374\375-\232"
 182      BA3D881D 
 182      629CC427 
 182      37C4FCFD 
 182      2D9A
 183 00d1 CE9B0EBA 		.ascii	"\316\233\016\272F\344\225\270z\304\271I\343\311|\226"
 183      46E495B8 
 183      7AC4B949 
 183      E3C97C96 
 184 00e1 A8C6912B 		.ascii	"\250\306\221+\353-}B\242O\274\030\027\037\321\227\345"
 184      EB2D7D42 
 184      A24FBC18 
 184      171FD197 
 184      E5
 185 00f2 2ACE4322 		.ascii	"*\316C\"\237\222\313\363\027\370H\214W\210|\037\252"
 185      9F92CBF3 
 185      17F8488C 
 185      57887C1F 
 185      AA
 186 0103 F89231EA 		.ascii	"\370\2221\352m8|\024\357\300\310S\207H\346\\\241\351"
 186      6D387C14 
 186      EFC0C853 
 186      8748E65C 
 186      A1E9
 187 0115 F8938A57 		.ascii	"\370\223\212W\316\254\211 F\017g\237\266\303<}\316\217"
 187      CEAC8920 
 187      460F679F 
 187      B6C33C7D 
 187      CE8F
 188 0127 2E386BEF 		.ascii	".8k\357] \260K\3739\207J\021\226\250Zw\015\347\314\301"
 188      5D20B04B 
 188      FB39874A 
 188      1196A85A 
 188      770DE7CC 
ARM GAS  C:\Users\Pasquale\AppData\Local\Temp\ccSUfBvi.s 			page 14


 189 013c BE147835 		.ascii	"\276\024x5\246\350\000\241\325\353\220\006\324\241\346"
 189      A6E800A1 
 189      D5EB9006 
 189      D4A1E6
 190 014b B43B2EA0 		.ascii	"\264;.\240\316\327!\367d\314\367u\216\365\270 \235W"
 190      CED721F7 
 190      64CCF775 
 190      8EF5B820 
 190      9D57
 191 015d 9C206C15 		.ascii	"\234 l\0252\243\005\207?q\250\002\271\241S\310\215C"
 191      32A30587 
 191      3F71A802 
 191      B9A153C8 
 191      8D43
 192 016f 55C88B98 		.ascii	"U\310\213\230.C\336\034:\011\215%\320\230G\314\325\366"
 192      2E43DE1C 
 192      3A098D25 
 192      D09847CC 
 192      D5F6
 193 0181 8D7A26C5 		.ascii	"\215z&\305\012\002\217*\221\016\225#L103O\035s\340p"
 193      0A028F2A 
 193      910E9523 
 193      4C313033 
 193      4F1D73E0 
 194 0196 4ED2417B 		.ascii	"N\322A{|\020\021\017\370\252\375w\317\363\266l\234\266"
 194      7C10110F 
 194      F8AAFD77 
 194      CFF3B66C 
 194      9CB6
 195 01a8 6DE3D8A2 		.ascii	"m\343\330\242\372m\304F5\330\370Q\266\001&\231\221]"
 195      FA6DC446 
 195      35D8F851 
 195      B6012699 
 195      915D
 196 01ba A5DD6F5C 		.ascii	"\245\335o\\q,\215\007\277\355J\331C\233F\316\3304r\245"
 196      712C8D07 
 196      BFED4AD9 
 196      439B46CE 
 196      D83472A5 
 197 01ce F1FDF436 		.ascii	"\361\375\3646ApG\265`\244F6RM\215\220V0Ty\246\272\306"
 197      417047B5 
 197      60A44636 
 197      524D8D90 
 197      56305479 
 198 01e5 B10FF522 		.ascii	"\261\017\365\"\310\"\232K\203\214\020\373\207;\021\252"
 198      C8229A4B 
 198      838C10FB 
 198      873B11AA 
 199 01f5 4F4A1762 		.ascii	"OJ\027b\355\320\312\263\233\010%\2124\004M\265\360\""
 199      EDD0CAB3 
 199      9B08258A 
 199      34044DB5 
 199      F022
 200 0207 072FF1D2 		.ascii	"\007/\361\322\237H\200\224\254\254\237\231\223.Vc\354"
 200      9F488094 
 200      ACAC9F99 
 200      932E5663 
ARM GAS  C:\Users\Pasquale\AppData\Local\Temp\ccSUfBvi.s 			page 15


 200      EC
 201 0218 41318E35 		.ascii	"A1\2165\361\2621\305\220\031\276rS\335SN\311\223DbM"
 201      F1B231C5 
 201      9019BE72 
 201      53DD534E 
 201      C9934462 
 202 022d B53FD959 		.ascii	"\265?\331Y\350\324\217nB\357_9.Q\033J\253+\366\304\323"
 202      E8D48F6E 
 202      42EF5F39 
 202      2E511B4A 
 202      AB2BF6C4 
 203 0242 3E3B5CC9 		.ascii	">;\\\311j\362\374\344h\255++5\236T\341`S\272#+\265\271"
 203      6AF2FCE4 
 203      68AD2B2B 
 203      359E54E1 
 203      6053BA23 
 204 0259 A016EC9C 		.ascii	"\240\026\354\234L\266[\230B\302\236\030-\314\345\321"
 204      4CB65B98 
 204      42C29E18 
 204      2DCCE5D1 
 205 0269 970B503D 		.ascii	"\227\013P=$\343<$\203C\027\320B\370\017\3230c\325\023"
 205      24E33C24 
 205      834317D0 
 205      42F80FD3 
 205      3063D513 
 206 027d 6D432E8B 		.ascii	"mC.\2132\205\314~H\321\015\337\373'\005\001JA\320\020"
 206      3285CC7E 
 206      48D10DDF 
 206      FB270501 
 206      4A41D010 
 207 0291 183A27A7 		.ascii	"\030:'\247\351\034\251yT\207\372\021:\213\372\300\265"
 207      E91CA979 
 207      5487FA11 
 207      3A8BFAC0 
 207      B5
 208 02a2 06B40886 		.ascii	"\006\264\010\206G\027t%\330\341\373\314\253\242\202"
 208      47177425 
 208      D8E1FBCC 
 208      ABA282
 209 02b1 63BD5A0D 		.ascii	"c\275Z\015\317\262I,@\233\260\243m\267\253M_.Q_\032"
 209      CFB2492C 
 209      409BB0A3 
 209      6DB7AB4D 
 209      5F2E515F 
 210 02c6 91E84C4E 		.ascii	"\221\350LN\354\267w\235\300\231~p\346\321\273iB\355"
 210      ECB7779D 
 210      C0997E70 
 210      E6D1BB69 
 210      42ED
 211 02d8 56819425 		.ascii	"V\201\224%\240\320E\331\225\213jW\232\250+\027\307N"
 211      A0D045D9 
 211      958B6A57 
 211      9AA82B17 
 211      C74E
 212 02ea B8E011E6 		.ascii	"\270\340\021\346\311\305\316\204B\235H\324\365\353)"
 212      C9C5CE84 
 212      429D48D4 
ARM GAS  C:\Users\Pasquale\AppData\Local\Temp\ccSUfBvi.s 			page 16


 212      F5EB29
 213 02f9 2232A766 		.ascii	"\"2\247f\231\250YMt\231\022\355.\031\315\260\303\002"
 213      99A8594D 
 213      749912ED 
 213      2E19CDB0 
 213      C302
 214 030b A64C9DE5 		.ascii	"\246L\235\345=\015sD\246\306\337Ls\351\212\314tE\315"
 214      3D0D7344 
 214      A6C6DF4C 
 214      73E98ACC 
 214      7445CD
 215 031e D442990A 		.ascii	"\324B\231\012FZN8\223-\2010\275\331\265}\210WF\202\004"
 215      465A4E38 
 215      932D8130 
 215      BDD9B57D 
 215      88574682 
 216 0333 490E45EB 		.ascii	"I\016E\353\264\264\344\324\345\267\363\242\331\313\031"
 216      B4B4E4D4 
 216      E5B7F3A2 
 216      D9CB19
 217 0342 0BB2A285 		.ascii	"\013\262\242\205|\201,\036@\241\253\262\335\253j\273"
 217      7C812C1E 
 217      40A1ABB2 
 217      DDAB6ABB 
 218 0352 D7A8DDA1 		.ascii	"\327\250\335\241\235\3172]q\012\263;9T\330aG\250`\021"
 218      9DCF325D 
 218      710AB33B 
 218      3954D861 
 218      47A86011 
 219 0366 5E7FE291 		.ascii	"^\177\342\221_\364@\210\323\3212@m2S\233\270\247\241"
 219      5FF44088 
 219      D3D13240 
 219      6D32539B 
 219      B8A7A1
 220 0379 76CA90F1 		.ascii	"v\312\220\361f,\325\305)aj\211S\270\264\3129\324\201"
 220      662CD5C5 
 220      29616A89 
 220      53B8B4CA 
 220      39D481
 221 038c 9C2818EE 		.ascii	"\234(\030\356\000.\277\265\267\306\201U\343\015b1\255"
 221      002EBFB5 
 221      B7C68155 
 221      E30D6231 
 221      AD
 222 039d 6AA4D18E 		.ascii	"j\244\321\216\351Z\322\375\364h\2713\253\316Z\322}\355"
 222      E95AD2FD 
 222      F468B933 
 222      ABCE5AD2 
 222      7DED
 223 03af 5E568C13 		.ascii	"^V\214\023\353n!z]\307\205A\015\276\311\274\375\276"
 223      EB6E217A 
 223      5DC78541 
 223      0DBEC9BC 
 223      FDBE
 224 03c1 B578B50E 		.ascii	"\265x\265\016\266\226\350\267\332\277`@S\323X\263\035"
 224      B696E8B7 
 224      DABF6040 
ARM GAS  C:\Users\Pasquale\AppData\Local\Temp\ccSUfBvi.s 			page 17


 224      53D358B3 
 224      1D
 225 03d2 1E60A377 		.ascii	"\036`\243w\234/\255\027\267\340\006\242'W\326U9\342"
 225      9C2FAD17 
 225      B7E006A2 
 225      2757D655 
 225      39E2
 226 03e4 FBACF34E 		.ascii	"\373\254\363N\302\355:{\374\204)\222Sz\321\251\214\356"
 226      C2ED3A7B 
 226      FC842992 
 226      537AD1A9 
 226      8CEE
 227 03f6 178D080F 		.ascii	"\027\215\010\017\262\316\252\362\037\353\305\011\370"
 227      B2CEAAF2 
 227      1FEBC509 
 227      F8
 228 0403 2A96979E 		.ascii	"*\226\227\236-\257\262{\027\353ul>\002\"K\250\265\347"
 228      2DAFB27B 
 228      17EB756C 
 228      3E02224B 
 228      A8B5E7
 229 0416 63FC828D 		.ascii	"c\374\202\215<;\\tH\234\033\006\265?\261n\322\225LG"
 229      3C3B5C74 
 229      489C1B06 
 229      B53FB16E 
 229      D2954C47 
 230 042a 10C308ED 		.ascii	"\020\303\010\355r\024\037\220\255\017\371\270\241\373"
 230      72141F90 
 230      AD0FF9B8 
 230      A1FB
 231 0438 6C2A2F12 		.ascii	"l*/\022\213\376\250O\244\005\"\010\037k\350v|\027\320"
 231      8BFEA84F 
 231      A4052208 
 231      1F6BE876 
 231      7C17D0
 232 044b 0314FD10 		.ascii	"\003\024\375\020\351\2451\004\034u+\367\246\213\022"
 232      E9A53104 
 232      1C752BF7 
 232      A68B12
 233 045a DDF373E8 		.ascii	"\335\363s\350\302\354\334}:\374\2129\271\377y\357C1"
 233      C2ECDC7D 
 233      3AFC8A39 
 233      B9FF79EF 
 233      4331
 234 046c 5F5EA0E6 		.ascii	"_^\240\346\375T\025\255\305\343\254o\317\351\364\346"
 234      FD5415AD 
 234      C5E3AC6F 
 234      CFE9F4E6 
 235 047c 39384A43 		.ascii	"98JC\025\351\025\246\247\2570\264\365\372'x\033\353"
 235      15E915A6 
 235      A7AF30B4 
 235      F5FA2778 
 235      1BEB
 236 048e A949DADD 		.ascii	"\251I\332\335\213p<S\236\306\334\355\027\343\263\020"
 236      8B703C53 
 236      9EC6DCED 
 236      17E3B310 
ARM GAS  C:\Users\Pasquale\AppData\Local\Temp\ccSUfBvi.s 			page 18


 237 049e D4BD971E 		.ascii	"\324\275\227\036{\342\357X\327DC\235'Nf\317\365e\371"
 237      7BE2EF58 
 237      D744439D 
 237      274E66CF 
 237      F565F9
 238 04b1 87104E63 		.ascii	"\207\020Nc\312pZ\375c\035\376\201)\231\255\007Niq\026"
 238      CA705AFD 
 238      631DFE81 
 238      2999AD07 
 238      4E697116 
 239 04c5 53F25EA6 		.ascii	"S\362^\246\3449\341<\246\264U\264\3079\342\243L\211"
 239      E439E13C 
 239      A6B455B4 
 239      C739E2A3 
 239      4C89
 240 04d7 2B2EFEDE 		.ascii	"+.\376\336\021\037g\312\326\252\316$q\013\354'\372@"
 240      111F67CA 
 240      D6AACE24 
 240      710BEC27 
 240      FA40
 241 04e9 EE40A683 		.ascii	"\356@\246\203\230\025{\320\023Z\233F\021.a\340\244\301"
 241      98157BD0 
 241      135A9B46 
 241      112E61E0 
 241      A4C1
 242 04fb E13DF636 		.ascii	"\341=\3666\3630!\345\301\227\246\241\2744\373\231V\235"
 242      F33021E5 
 242      C197A6A1 
 242      BC34FB99 
 242      569D
 243 050d 874E40DF 		.ascii	"\207N@\337\240\350I\032\331\011)\262\347\316U\217#u"
 243      A0E8491A 
 243      D90929B2 
 243      E7CE558F 
 243      2375
 244 051f 1E6CA117 		.ascii	"\036l\241\027\324\306fnsD\036\354\232\347!]^\344\357"
 244      D4C6666E 
 244      73441EEC 
 244      9AE7215D 
 244      5EE4EF
 245 0532 A010132D 		.ascii	"\240\020\023-\324^\330\205\343\213\007\256F\0119\013"
 245      D45ED885 
 245      E38B07AE 
 245      4609390B 
 246 0542 29D5BF61 		.ascii	")\325\277a\215\306\361\363\344u\360\204\362V\220\177"
 246      8DC6F1F3 
 246      E475F084 
 246      F256907F 
 247 0552 8E0DB9FD 		.ascii	"\216\015\271\375\015\354K1\230\302G\324\360a\012\367"
 247      0DEC4B31 
 247      98C247D4 
 247      F0610AF7 
 248 0562 93D16715 		.ascii	"\223\321g\025\350\227j\364\215i\350(\330=\343p\024\205"
 248      E8976AF4 
 248      8D69E828 
 248      D83DE370 
 248      1485
ARM GAS  C:\Users\Pasquale\AppData\Local\Temp\ccSUfBvi.s 			page 19


 249 0574 3F427A74 		.ascii	"?BztO\204Ke\206\356\314\360\245Q\301>:;\273\022\336"
 249      4F844B65 
 249      86EECCF0 
 249      A551C13E 
 249      3A3BBB12 
 250 0589 AA80FFA4 		.ascii	"\252\200\377\244\206\017\250]\037\216\3032\274O\015"
 250      860FA85D 
 250      1F8EC332 
 250      BC4F0D
 251 0598 BFA9604F 		.ascii	"\277\251`O\022\363!\300\253\005\275\001\304\030\355"
 251      12F321C0 
 251      AB05BD01 
 251      C418ED
 252 05a7 2478D840 		.ascii	"$x\330@\320n\336\013\355\344=P<H4\3106\220\355 \311"
 252      D06EDE0B 
 252      EDE43D50 
 252      3C4834C8 
 252      3690ED20 
 253 05bc 205B4112 		.ascii	" [A\022@\276\003\371\026$\005$\012d/H\014H\"\310\016"
 253      40BE03F9 
 253      16240524 
 253      0A642F48 
 253      0C4822C8 
 254 05d1 9058903D 		.ascii	"\220X\220= \273@\222x\017\272{27_\377K\366\362\225\332"
 254      20BB4092 
 254      780FBA7B 
 254      32375FFF 
 254      4BF6F295 
 255 05e6 4B1F7508 		.ascii	"K\037u\010\036)B\360|\366\354M\203+c\320?{\014\224!"
 255      1E2942F0 
 255      7CF6EC4D 
 255      832B63D0 
 255      3F7B0C94 
 256 05fb 53F8F27A 		.ascii	"S\370\362zV_\024\340\327\012W\006\325\340g3\\\031V\300"
 256      565F14E0 
 256      D70A5706 
 256      D5E06733 
 256      5C1956C0 
 257 060f 8766872B 		.ascii	"\207f\207+\353.^\341x\267\032\3365\263\252\225\023\275"
 257      EB2E5EE1 
 257      78B71ADE 
 257      35B3AA95 
 257      13BD
 258 0621 ADC6DF9A 		.ascii	"\255\306\337\232\216\207\032m\214\027+U\340\365h\\\304"
 258      8E871A6D 
 258      8C172B55 
 258      E0F5685C 
 258      C4
 259 0632 4B0B115D 		.ascii	"K\013\021]\227\335a\347\321\247\023\372((\017\202\342"
 259      97DD61E7 
 259      D1A713FA 
 259      28280F82 
 259      E2
 260 0643 C497A09C 		.ascii	"\304\227\240\234\301\2118\\\001'\241x{j\274wvg\025s"
 260      C189385C 
 260      0127A178 
 260      7B6ABC77 
ARM GAS  C:\Users\Pasquale\AppData\Local\Temp\ccSUfBvi.s 			page 20


 260      76671573 
 261 0657 EB5244E2 		.ascii	"\353RD\342\305\354e<\255\352\225S{\254\306\337\231\021"
 261      C5EC653C 
 261      ADEA9553 
 261      7BACC6DF 
 261      9911
 262 0669 3925FCE9 		.ascii	"9%\374\351\354\373\001\205\223o\233\246\216|\027\374"
 262      ECFB0185 
 262      936F9BA6 
 262      8E7C17FC 
 263 0679 9C6E7B7C 		.ascii	"\234n{|i\\g\201+\362\232\307f\334\021\217\243\311\214"
 263      695C6781 
 263      2BF29AC7 
 263      66DC118F 
 263      A3C98C
 264 068c 5361F43E 		.ascii	"Sa\364>~\352\315O\002`c\301\240\357a\235\374\277\327"
 264      7EEACD4F 
 264      026063C1 
 264      A0EF619D 
 264      FCBFD7
 265 069f 0C39F6D7 		.ascii	"\0149\366\327d\225k\224\247\215T\305\0049\224\306\263"
 265      64956B94 
 265      A78D54C5 
 265      043994C6 
 265      B3
 266 06b0 D306DC01 		.ascii	"\323\006\334\001\234U2\222\346\214'\331\306\276\247"
 266      9C553292 
 266      E68C27D9 
 266      C6BEA7
 267 06bf B4BDC61E 		.ascii	"\264\275\306\036\0167\265\375\344p\363\321\321\033\017"
 267      0E37B5FD 
 267      E470F3D1 
 267      D11B0F
 268 06ce 04017862 		.ascii	"\004\001xb\220\206\036\321\366\313\323\204\307\351G"
 268      90861ED1 
 268      F6CBD384 
 268      C7E947
 269 06dd A5033C39 		.ascii	"\245\003<9\350\364\326\335\205\332\332mG\331\262\037"
 269      E8F4D6DD 
 269      85DADA6D 
 269      47D9B21F 
 270 06ed 55D489EF 		.ascii	"U\324\211\357}gP{\016&\347j\330+\345\001\351\316j~\236"
 270      7D67507B 
 270      0E26E76A 
 270      D82BE501 
 270      E9CE6A7E 
 271 0702 A2C3990C 		.ascii	"\242\303\231\014;\366 \271\0231,\361\352^e\3629\235"
 271      3BF620B9 
 271      13312CF1 
 271      EA5E65F2 
 271      399D
 272 0714 CD37CC41 		.ascii	"\3157\314A^|\303d\361\364\025\323\376\262\372\265\023"
 272      5E7CC364 
 272      F1F415D3 
 272      FEB2FAB5 
 272      13
 273 0725 3E4C9934 		.ascii	">L\2314\005\321G\0065\310\313\015\001\034\351\362\244"
ARM GAS  C:\Users\Pasquale\AppData\Local\Temp\ccSUfBvi.s 			page 21


 273      05D14706 
 273      35C8CB0D 
 273      011CE9F2 
 273      A4
 274 0736 0F4D0E1D 		.ascii	"\017M\016\035\342u(\233\307\322\227k\232\000\364\203"
 274      E275289B 
 274      C7D2976B 
 274      9A00F483 
 275 0746 DF906678 		.ascii	"\337\220fx\326\322;\375\010\023\262\005\274\220C\313"
 275      D6D23BFD 
 275      0813B205 
 275      BC9043CB 
 276 0756 E80B0CE5 		.ascii	"\350\013\014\345@\236\016Q{y\274\033\312e\006\005\241"
 276      409E0E51 
 276      7B79BC1B 
 276      CA650605 
 276      A1
 277 0767 E5999DFC 		.ascii	"\345\231\235\374\226B\224;\003\372\177\340\211\177\371"
 277      9642943B 
 277      03FA7FE0 
 277      897FF9
 278 0776 BC5EF292 		.ascii	"\274^\362\222\240\213\0174\274r\320\211\334q\277\304"
 278      A08B0F34 
 278      BC72D089 
 278      DC71BFC4 
 279 0786 3DB9EFC0 		.ascii	"=\271\357\300\320\034%\367\341\237\343~\3318q\002-\316"
 279      D01C25F7 
 279      E19FE37E 
 279      D9387102 
 279      2DCE
 280 0798 165A6AC9 		.ascii	"\026Zj\311\007\307G\251yB\\\021L\346\010,\332L\310\026"
 280      07C747A9 
 280      79425C11 
 280      4CE6082C 
 280      DA4CC816 
 281 07ac 9CE51563 		.ascii	"\234\345\025c\323\241\345\357<\207\216\362\213ah\367"
 281      D3A1E5EF 
 281      3C878EF2 
 281      8B6168F7 
 282 07bc 6445A633 		.ascii	"dE\2463.d\361\317\275\327\034\3550\225\371\367\216)"
 282      2E64F1CF 
 282      BDD71CED 
 282      3095F9F7 
 282      8E29
 283 07ce 324F     		.ascii	"2O"
 284 07d0 CEAA0572 		.ascii	"\316\252\005r\346\013\324\231?F3_\3630'M\203k\031\333"
 284      E60BD499 
 284      3F46335F 
 284      F330274D 
 284      836B19DB 
 285 07e4 FD2BF99B 		.ascii	"\375+\371\233E\262\327\336\354\224\237\305N\371\205"
 285      45B2D7DE 
 285      EC949FC5 
 285      4EF985
 286 07f3 3251A19A 		.ascii	"2Q\241\232\3508%J\251J{\246\301W\031\321\365\316\230"
 286      E838254A 
 286      A94A7BA6 
ARM GAS  C:\Users\Pasquale\AppData\Local\Temp\ccSUfBvi.s 			page 22


 286      C15719D1 
 286      F5CE98
 287 0806 0AB12C1C 		.ascii	"\012\261,\034\025G\343\371\342\321x|\260e\\<\037\222"
 287      1547E3F9 
 287      E2D1787C 
 287      B0655C3C 
 287      1F92
 288 0818 EFDDB186 		.ascii	"\357\335\261\206\355\031\310f\325\234\224\252\246\204"
 288      ED19C866 
 288      D59C94AA 
 288      A684
 289 0826 05FAF4A5 		.ascii	"\005\372\364\245\326N\027u\022O@\260\212i\260Ji\240"
 289      D64E1775 
 289      124F40B0 
 289      8A69B04A 
 289      69A0
 290 0838 4F4A816E 		.ascii	"OJ\201n\273\271\323\240\316\212MpI\367H\203v*+\357\245"
 290      BBB9D3A0 
 290      CE8A4D70 
 290      49F74883 
 290      762A2BEF 
 291 084d 8B592913 		.ascii	"\213Y)\023\263\002\2373\212\261EbV\312iV\312\366\355"
 291      B3029F33 
 291      8AB14562 
 291      56CA6956 
 291      CAF6ED
 292 0860 FD03EE63 		.ascii	"\375\003\356c\263\357>\223\321\305\313I95,'\205|\271"
 292      B3EF3E93 
 292      D1C5CB49 
 292      39352C27 
 292      857CB9
 293 0873 9C926379 		.ascii	"\234\222cyJ\035\313\012\032\313\352\206#\325p\014gl"
 293      4A1DCB0A 
 293      1ACBEA86 
 293      23D5700C 
 293      676C
 294 0885 A92FBA86 		.ascii	"\251/\272\206\234d\2472TN]\233\346T\245\350T\025\277"
 294      9C64A732 
 294      544E5D9B 
 294      E654A5E8 
 294      5415BF
 295 0898 98F3F0F6 		.ascii	"\230\363\360\366\366\201_\340\346\340\215\301\341\026"
 295      F6815FE0 
 295      E6E08DC1 
 295      E116
 296 08a6 BF157E3E 		.ascii	"\277\025~>\341\026\237\315\001!>\226\210@r7Y\254\336"
 296      E1169FCD 
 296      01213E96 
 296      88407237 
 296      59ACDE
 297 08b9 81DA359F 		.ascii	"\201\3325\237\375\331\335\340\347\307\351L\246\310\340"
 297      FDD9DDE0 
 297      E7C7E94C 
 297      A6C8E0
 298 08c8 30EBB2A5 		.ascii	"0\353\262\245&\353\246\300\017\374\351(\21352(8\334"
 298      26EBA6C0 
 298      0FFCE928 
ARM GAS  C:\Users\Pasquale\AppData\Local\Temp\ccSUfBvi.s 			page 23


 298      8B353228 
 298      38DC
 299 08da DF1A1E1E 		.ascii	"\337\032\036\036b\361\377*,\322\235>\271\007D\204\272"
 299      62F1FF2A 
 299      2CD29D3E 
 299      B9074484 
 299      BA
 300 08eb 9B43379A 		.ascii	"\233C7\232\203\202\314A\376\313\275}\335\227\372\372"
 300      8382CC41 
 300      FECBBD7D 
 300      DD97FAFA 
 301 08fb 2DFFC7FB 		.ascii	"-\377\307\373\376\320\276$,<\314\274\304\034\2601\330"
 301      FED0BE24 
 301      2C3CCCBC 
 301      C41CB031 
 301      D8
 302 090c 3F382C30 		.ascii	"?8,0$2\310\354\037\032\000\\af\177S\220yS@d\210\325"
 302      2432C8EC 
 302      1F1A005C 
 302      61667F53 
 302      90795340 
 303 0923 64FD7A8B 		.ascii	"d\375z\213\331\342\275\231\323J\366\376\366?\265g\371"
 303      D9E2BD99 
 303      D34AF6FE 
 303      F63FB567 
 303      F9
 304 0934 DAE20F53 		.ascii	"\332\342\017S\013\002r0\342\000\25258\324l\262z\315"
 304      0B027230 
 304      E200AA35 
 304      38D46CB2 
 304      7ACD
 305 0946 168E08AB 		.ascii	"\026\216\010\253\2178\016:\010\016\206\330[\254k\303"
 305      8F380E3A 
 305      080E86D8 
 305      5BAC6BC3 
 306 0956 82AD8BDF 		.ascii	"\202\255\213\337&|\234\223\305\272\336\032\020a]\031"
 306      267C9C93 
 306      C5BADE1A 
 306      10615D19 
 307 0966 02DE3812 		.ascii	"\002\3368\022%|\013}\326\301\263\331*=\2561O!L!!A\246"
 307      257C0B7D 
 307      D6C1B3D9 
 307      2A3DAE31 
 307      4F214C21 
 308 097d 6030F0A1 		.ascii	"`0\360\241-\003[\302#\254\026\237\365\033\326-[\352"
 308      2D035BC2 
 308      23AC169F 
 308      F51BD62D 
 308      5BEA
 309 098f F3E9A7AB 		.ascii	"\363\351\247\253|6\254]\367O?\321$\031\015>\332\031"
 309      7C36AC5D 
 309      F74F3FD1 
 309      24190D3E 
 309      DA19
 310 09a1 0CEB8CCB 		.ascii	"\014\353\214\313\370\317\215\232U\353V\032\361*\203"
 310      F8CF8D9A 
 310      55EB561A 
ARM GAS  C:\Users\Pasquale\AppData\Local\Temp\ccSUfBvi.s 			page 24


 310      F12A83
 311 09b0 51F3C9AA 		.ascii	"Q\363\311\252\015Fl0\030\261\021d\245\321\210\277Xo"
 311      0D466C30 
 311      18B11164 
 311      A5D188BF 
 311      586F
 312 09c2 C086CF36 		.ascii	"\300\206\3176h\014\206\325F\212_J\377\375\360\3525F"
 312      680C86D5 
 312      468A5F4A 
 312      FFFDF0EA 
 312      3546
 313 09d4 7E3D8C5C 		.ascii	"~=\214\\\273\332\250Y\277\016\320\006\343R\020?@\376"
 313      BBDAA859 
 313      BF0ED006 
 313      E352103F 
 313      40FE
 314 09e6 C5F8C17F 		.ascii	"\305\370\301\177\347\225\305\032JR\030\034\012N9N)&"
 314      E795C51A 
 314      4A52181C 
 314      0A4E394E 
 314      2926
 315 09f8 AB5E9CA8 		.ascii	"\253^\234\250\205\004\307\024@\346\356l2m\212\014\013"
 315      8504C714 
 315      40E6EE6C 
 315      326D8A0C 
 315      0B
 316 0a09 3499BC97 		.ascii	"4\231\274\227\377\356\367\276ZI\323\004n\016\210xg\012"
 316      FFEEF7BE 
 316      5A49D304 
 316      6E0E8878 
 316      670A
 317 0a1b 1EBE85A1 		.ascii	"\036\276\205\241\347J-\346\331\206/\227\272\277\232"
 317      E74A2DE6 
 317      D9862F97 
 317      BABF9A
 318 0a2a AD7B85DF 		.ascii	"\255{\205\337\177\000\332\362 \343"
 318      7F00DAF2 
 318      20E3
 319              		.text
 320              		.section	.gnu.lto_.symtab.e992f1ea,"",%progbits
 321 0000 7374496E 		.ascii	"stInit\000"
 321      697400
 322 0007 00       		.ascii	"\000"
 323 0008 00       		.ascii	"\000"
 324 0009 00       		.ascii	"\000"
 325 000a 00000000 		.ascii	"\000\000\000\000\000\000\000\000"
 325      00000000 
 326 0012 C8000000 		.ascii	"\310\000\000\000"
 327 0016 73745374 		.ascii	"stStartAlarm\000"
 327      61727441 
 327      6C61726D 
 327      00
 328 0023 00       		.ascii	"\000"
 329 0024 00       		.ascii	"\000"
 330 0025 00       		.ascii	"\000"
 331 0026 00000000 		.ascii	"\000\000\000\000\000\000\000\000"
 331      00000000 
ARM GAS  C:\Users\Pasquale\AppData\Local\Temp\ccSUfBvi.s 			page 25


 332 002e CC000000 		.ascii	"\314\000\000\000"
 333 0032 73745374 		.ascii	"stStopAlarm\000"
 333      6F70416C 
 333      61726D00 
 334 003e 00       		.ascii	"\000"
 335 003f 00       		.ascii	"\000"
 336 0040 00       		.ascii	"\000"
 337 0041 00000000 		.ascii	"\000\000\000\000\000\000\000\000"
 337      00000000 
 338 0049 CE000000 		.ascii	"\316\000\000\000"
 339 004d 73745365 		.ascii	"stSetAlarm\000"
 339      74416C61 
 339      726D00
 340 0058 00       		.ascii	"\000"
 341 0059 00       		.ascii	"\000"
 342 005a 00       		.ascii	"\000"
 343 005b 00000000 		.ascii	"\000\000\000\000\000\000\000\000"
 343      00000000 
 344 0063 D0000000 		.ascii	"\320\000\000\000"
 345 0067 73744765 		.ascii	"stGetAlarm\000"
 345      74416C61 
 345      726D00
 346 0072 00       		.ascii	"\000"
 347 0073 00       		.ascii	"\000"
 348 0074 00       		.ascii	"\000"
 349 0075 00000000 		.ascii	"\000\000\000\000\000\000\000\000"
 349      00000000 
 350 007d D3000000 		.ascii	"\323\000\000\000"
 351 0081 73745F6C 		.ascii	"st_lld_init\000"
 351      6C645F69 
 351      6E697400 
 352 008d 00       		.ascii	"\000"
 353 008e 02       		.ascii	"\002"
 354 008f 00       		.ascii	"\000"
 355 0090 00000000 		.ascii	"\000\000\000\000\000\000\000\000"
 355      00000000 
 356 0098 D5000000 		.ascii	"\325\000\000\000"
 357              		.text
 358              		.section	.gnu.lto_.opts,"",%progbits
 359 0000 272D666D 		.ascii	"'-fmath-errno' '-fsigned-zeros' '-ftrapping-math' '"
 359      6174682D 
 359      6572726E 
 359      6F272027 
 359      2D667369 
 360 0033 2D666E6F 		.ascii	"-fno-trapv' '-fno-openmp' '-fno-openacc' '-mcpu=cor"
 360      2D747261 
 360      70762720 
 360      272D666E 
 360      6F2D6F70 
 361 0066 7465782D 		.ascii	"tex-m4' '-mthumb' '-O2' '-fomit-frame-pointer' '-fa"
 361      6D342720 
 361      272D6D74 
 361      68756D62 
 361      2720272D 
 362 0099 6C69676E 		.ascii	"lign-functions=16' '-ffunction-sections' '-fdata-se"
 362      2D66756E 
 362      6374696F 
ARM GAS  C:\Users\Pasquale\AppData\Local\Temp\ccSUfBvi.s 			page 26


 362      6E733D31 
 362      36272027 
 363 00cc 6374696F 		.ascii	"ctions' '-fno-common' '-flto'\000"
 363      6E732720 
 363      272D666E 
 363      6F2D636F 
 363      6D6D6F6E 
 364              		.text
 365              		.comm	__gnu_lto_v1,1,1
 366              		.comm	__gnu_lto_slim,1,1
 367              		.ident	"GCC: (GNU Tools for Arm Embedded Processors 7-2017-q4-major) 7.2.1 20170904 (release) [ARM
ARM GAS  C:\Users\Pasquale\AppData\Local\Temp\ccSUfBvi.s 			page 27


DEFINED SYMBOLS
                            *ABS*:00000000 hal_st.c
                            *COM*:00000001 __gnu_lto_v1
                            *COM*:00000001 __gnu_lto_slim

NO UNDEFINED SYMBOLS
