ARM GAS  C:\Users\Pasquale\AppData\Local\Temp\ccA8mYcc.s 			page 1


   1              		.cpu cortex-m4
   2              		.eabi_attribute 20, 1
   3              		.eabi_attribute 21, 1
   4              		.eabi_attribute 23, 3
   5              		.eabi_attribute 24, 1
   6              		.eabi_attribute 25, 1
   7              		.eabi_attribute 26, 1
   8              		.eabi_attribute 30, 2
   9              		.eabi_attribute 34, 1
  10              		.eabi_attribute 18, 4
  11              		.file	"memstreams.c"
  12              		.section	.gnu.lto_.profile.e992a377,"",%progbits
  13 0000 789C6363 		.ascii	"x\234cc```\001bF\206\000K\000\001Q\000\225"
  13      60606001 
  13      62468600 
  13      4B000151 
  13      0095
  14              		.text
  15              		.section	.gnu.lto_.icf.e992a377,"",%progbits
  16 0000 789C6363 		.ascii	"x\234cc``Pc@\0006\206UG\327\317ae\374\276\257{\017\017"
  16      60605063 
  16      40003686 
  16      5547D7CF 
  16      6165FCBE 
  17 0018 D3F3A6F6 		.ascii	"\323\363\246\366&ff0\311\362\277\363\3644&\326\265\277"
  17      26666630 
  17      C9F2BFF3 
  17      F43426D6 
  17      B5BF
  18 002a 7F7EE162 		.ascii	"\177~\341b\000\000P\025\021}"
  18      00005015 
  18      117D
  19              		.text
  20              		.section	.gnu.lto_.jmpfuncs.e992a377,"",%progbits
  21 0000 789C8D4E 		.ascii	"x\234\215NA\012\2000\014K\332n\036\367^O\373\310^\342"
  21      410A8030 
  21      0C4BDA6E 
  21      1EF75E4F 
  21      FBC85EE2 
  22 0014 C99FB946 		.ascii	"\311\237\271F\004\305\203\030\010M\240\011\251\0006"
  22      04C58318 
  22      084DA009 
  22      A90036
  23 0023 DC2830D2 		.ascii	"\334(0\322\373p$)H\233\344\"\305\341\226\327\253\255"
  23      FB702429 
  23      489BE422 
  23      C5E196D7 
  23      ABAD
  24 0035 24B80791 		.ascii	"$\270\007\221<\022-\323\337\336\237-q\266\274_~\264"
  24      3C122DD3 
  24      DFDE9F2D 
  24      71B6BC5F 
  24      7EB4
  25 0047 466855CB 		.ascii	"FhU\313x\351\327\030\021\023\360\01519"
  25      78E9D718 
  25      1113F00D 
  25      3139
ARM GAS  C:\Users\Pasquale\AppData\Local\Temp\ccA8mYcc.s 			page 2


  26              		.text
  27              		.section	.gnu.lto_.inline.e992a377,"",%progbits
  28 0000 789C6363 		.ascii	"x\234cc``hdd\200\003V\006\006^\036Ff\006\005F\006f\007"
  28      60606864 
  28      64800356 
  28      06065E1E 
  28      46660605 
  29 0018 30990026 		.ascii	"0\231\000&\025\270\330\326\3511p\334\322cb`|\301\316"
  29      15B8D8D6 
  29      E93170DC 
  29      D2636260 
  29      7CC1CE
  30 002b 02214104 		.ascii	"\002!A\004\007\230\311\301\300\262@\236\207\201\361"
  30      0798C9C1 
  30      C0B2409E 
  30      8781F1
  31 003a 2EBB0013 		.ascii	".\273\000\023\230d`\332\305/\0012\220\221\201\207\033"
  31      986460DA 
  31      C52F0132 
  31      90918187 
  31      1B
  32 004b 6A1EC4A4 		.ascii	"j\036\304\244\006F\250\201\314\323\305\031\330\377\252"
  32      0646A881 
  32      CCD3C519 
  32      D8FFAA
  33 005a 61319079 		.ascii	"a1\220y\2218n\003\231\030\004%\031YP\014dR\000\371\000"
  33      91386E03 
  33      99180425 
  33      1959500C 
  33      645200F9 
  34 006f 6C2A3750 		.ascii	"l*7P\033\003\307\007\234\316d\272\300\317\0032Z\006"
  34      1B03C707 
  34      9CCE64BA 
  34      C0CF0332 
  34      5A06
  35 0081 C455000B 		.ascii	"\304U\000\013*\200\0045@F\263\360200O\360\003Af\204"
  35      2A800435 
  35      4046B3F0 
  35      3230304F 
  35      F0034166 
  36 0096 2DD060A0 		.ascii	"-\320`\240\201%,\014\034\354\214\014L\254\035\352\014"
  36      81252C0C 
  36      1CEC8C0C 
  36      4CAC1DEA 
  36      0C
  37 00a7 DC2BDC98 		.ascii	"\334+\334\230\300\021\000\000I\0135\372"
  37      C0110000 
  37      490B35FA 
  38              		.text
  39              		.section	.gnu.lto_.pureconst.e992a377,"",%progbits
  40 0000 789C6363 		.ascii	"x\234cc``\340\006bV\006)F)&)f)\026)\000\004\023\000"
  40      6060E006 
  40      62560629 
  40      46292629 
  40      66291629 
  41 0018 A3       		.ascii	"\243"
  42              		.text
ARM GAS  C:\Users\Pasquale\AppData\Local\Temp\ccA8mYcc.s 			page 3


  43              		.section	.gnu.lto__put.e992a377,"",%progbits
  44 0000 789C9552 		.ascii	"x\234\225R\337K\024Q\024\276\337=\2633\256nF=\365\260"
  44      DF4B1451 
  44      14BEDF3D 
  44      B333AE6E 
  44      463DF5B0 
  45 0014 0F3E24E2 		.ascii	"\017>$\342C;IF\010\365\307\250\010.\270(m\317yuM\263"
  45      433B4946 
  45      08F5C7A8 
  45      082EB828 
  45      6DCF7975 
  46 002a 248472D3 		.ascii	"$\204r\323e\220%\221\242\210\022W+\323\232\324\314_"
  46      65902591 
  46      A2881257 
  46      2BD39AD4 
  46      CC5F
  47 003c 5B560AE2 		.ascii	"[V\012\342\203\017\205K\331/\242\362\321:wfC\243\027"
  47      830F854B 
  47      D92FA2F2 
  47      D13A7766 
  47      43A317
  48 004f 1D76CFDC 		.ascii	"\035v\317\334{\346\234\357\373\316w\257)\204\370BB\234"
  48      7BE69CEF 
  48      FBCE77AF 
  48      2984F842 
  48      429C
  49 0061 E6F749FE 		.ascii	"\346\367I\376#  \273_\012\321R \245\361A\010UH\267\262"
  49      232020BB 
  49      5F0AD152 
  49      20A5F141 
  49      085548B7 
  50 0076 FC0A110C 		.ascii	"\374\012\021\014?o\000z\241\012 \232%\031hF\027]#\274"
  50      3F6F007A 
  50      A10A209A 
  50      25196846 
  50      175D23BC 
  51 008a 6EBBEFD0 		.ascii	"n\273\357\320erH\300\340\355\367l\352}\261\336\002%"
  51      657248C0 
  51      E0EDF76C 
  51      EA7DB1DE 
  51      0225
  52 009c BC1D9C48 		.ascii	"\274\035\234H\214\243\374\246\342\307\275\2364\3733"
  52      8CA3FCA6 
  52      E2C7BD9E 
  52      34FB33
  53 00ab 4B2AE890 		.ascii	"K*\350\220\024I.\317 \214a\2045\373\010\312\271\370"
  53      14492ECF 
  53      208C6184 
  53      35FB08CA 
  53      B9F8
  54 00bd 6D76A5DB 		.ascii	"mv\245\333\242J\010^_\375\365\311\225e\203J\265*wq\200"
  54      A24A085E 
  54      5FFDF5C9 
  54      9565834A 
  54      B52A7771 
  55 00d2 D4518708 		.ascii	"\324Q\207\010\243\240\335\215\234\022x\2002.w\332oo"
  55      A3A0DD8D 
ARM GAS  C:\Users\Pasquale\AppData\Local\Temp\ccA8mYcc.s 			page 4


  55      9C127880 
  55      322E77DA 
  55      6F6F
  56 00e4 109DF25A 		.ascii	"\020\235\362Z\027\266f\247\377\266~n#\025rX\355C\277"
  56      17B666A7 
  56      FFB67E6E 
  56      23157258 
  56      ED43BF
  57 00f7 F54418C7 		.ascii	"\365D\030\307u\243!\360\010e\272\372\307\267\225\205"
  57      75A321F0 
  57      0865BAFA 
  57      C7B79585 
  58 0107 2055799D 		.ascii	" Uy\235wF3\363\241\322\001\2573\327{\370FB\315*\303"
  58      774633F3 
  58      A1D201AF 
  58      33D77BF8 
  58      4642CD2A 
  59 011c A100C6FE 		.ascii	"\241\000\306\376%\326\017\227\277\033\332\3569`\032"
  59      25D60F97 
  59      BF1BDAEE 
  59      39601A
  60 012b 788C523D 		.ascii	"x\214R=\020\3171\016S\200\027\367\336\004\\\265\375"
  60      10CF310E 
  60      538017F7 
  60      DE045CB5 
  60      FD
  61 013c BB43B9EB 		.ascii	"\273C\271\353GV\177f\017\025\2039M\251\003q\260\014"
  61      47567F66 
  61      0F158339 
  61      4DA90371 
  61      B00C
  62 014e 1D027A6B 		.ascii	"\035\002zk\352`q\220A\350Y\212\340\011\023\027\031\217"
  62      EA607190 
  62      41E8598A 
  62      E0091317 
  62      198F
  63 0160 ED56AEE8 		.ascii	"\355V\256\350d\273x\225pE\016\255\351\341\256r\315\242"
  63      64BB7895 
  63      70450EAD 
  63      E9E1AE72 
  63      CDA2
  64 0172 39531414 		.ascii	"9S\024\024\233h\035\373xe\312\324\271\024\201E%/L\276"
  64      9B681DFB 
  64      7865CAD4 
  64      B9148145 
  64      252F4CBE 
  65 0186 B2F40104 		.ascii	"\262\364\001\004\274\221\306'\2633f\032\375-|\002%\016"
  65      BC91C627 
  65      B333661A 
  65      FD2D7C02 
  65      250E
  66 0198 15701326 		.ascii	"\025p\023&\364\010\374m\271cu\275\310\276\253\374OA"
  66      F408FC6D 
  66      B96375BD 
  66      C8BEABFC 
  66      4F41
  67 01aa 3C411A3D 		.ascii	"<A\032=z\016\201\247\260=\354\271\210\217,\367\011\345"
ARM GAS  C:\Users\Pasquale\AppData\Local\Temp\ccA8mYcc.s 			page 5


  67      7A0E81A7 
  67      B03DECB9 
  67      888F2CF7 
  67      09E5
  68 01bc 7A50DA0A 		.ascii	"zP\332\012<c\250\015\264\255MU\346E2\232\347`'\037\037"
  68      3C63A80D 
  68      B4AD4D55 
  68      E645329A 
  68      E760271F 
  69 01d1 DF311ECC 		.ascii	"\3371\036\314\233\2427\221\237\202\366\305ea\322\343"
  69      9BA23791 
  69      9F82F6C5 
  69      6561D2E3 
  70 01e1 D29898F2 		.ascii	"\322\230\230\362d'\234\366\276\200\217e0\234\346c\206"
  70      64279CF6 
  70      BE808F65 
  70      309CE663 
  70      86
  71 01f2 D4DC199D 		.ascii	"\324\334\031\235\333m\221\365\237E\351bG\367\030\230"
  71      DB6D91F5 
  71      9F45E962 
  71      47F71898 
  72 0202 D66478CE 		.ascii	"\326dx\316\320)*\362\005\366%,\0374\260'\201\307\264"
  72      D0292AF2 
  72      05F6252C 
  72      1F34B027 
  72      81C7B4
  73 0215 0F333B3E 		.ascii	"\0173;>\274\360\265%\333\341\243\344\201F:\026\207\012"
  73      BCF0B525 
  73      DBE1A3E4 
  73      81463A16 
  73      870A
  74 0227 B5183E7F 		.ascii	"\265\030>\177\3142\002s-_B^\352\036i\346vh\346a3\266"
  74      CC320273 
  74      2D5F425E 
  74      EA1E69E6 
  74      7668E661 
  75 023d 67AF91BF 		.ascii	"g\257\221\2777_!E\212,\316m\301\342\306\234\223\231"
  75      375F2145 
  75      8A2CCE6D 
  75      C1E2C69C 
  75      9399
  76 024f 39A82925 		.ascii	"9\250)%\316c\001a\271Y\273\333\025\011\201E\204i-\267"
  76      CE630161 
  76      B959BBDB 
  76      15098145 
  76      84692DB7 
  77 0263 04BE87D0 		.ascii	"\004\276\207\320(\354nE$b\363\257\266>Z\023m\214WTU"
  77      28EC6E45 
  77      2462F3AF 
  77      B63E5A13 
  77      6D8C5754 
  78 0278 D88D71BB 		.ascii	"\330\215q\273\276\272\301n\210\326\330\361sg\353\252"
  78      BEBAC16E 
  78      88D6D8F1 
  78      7367EBAA 
  79 0288 63713B56 		.ascii	"cq;V\027\313/#\265BF\233PC\261x\323\037\237\310O\307"
ARM GAS  C:\Users\Pasquale\AppData\Local\Temp\ccA8mYcc.s 			page 6


  79      17CB2F23 
  79      B542469B 
  79      5043B178 
  79      D31F9FC8 
  80              		.text
  81              		.section	.gnu.lto__get.e992a377,"",%progbits
  82 0000 789C9552 		.ascii	"x\234\225R]KTQ\024=\353\236;w>\032\213z\020\202!|H\304"
  82      5D4B5451 
  82      143DEB9E 
  82      3B773E1A 
  82      8B7A1082 
  83 0018 07BD4946 		.ascii	"\007\275IFD\375\221\036U\004\007\034\224\246\307\310"
  83      44FD911E 
  83      5504071C 
  83      94A6C7C8 
  84 0028 A3634E9A 		.ascii	"\243cN\232\017\202i9\\dH\244\017\211\222f\254\306\257"
  84      0F826939 
  84      5C6448A4 
  84      0F899266 
  84      ACC6AF
  85 003b 9BA66939 		.ascii	"\233\246i9e\245TB\021\205R\012FE>\205\266\367\275C\031"
  85      65A55442 
  85      1185520A 
  85      46453E85 
  85      B6F7BD43 
  86 0050 BDE461E6 		.ascii	"\275\344a\346|\354\273\327Z{\257s\014!\304\224\024\342"
  86      7CECBBD7 
  86      5A7BAF73 
  86      0C21C494 
  86      14E2
  87 0062 04AD47E8 		.ascii	"\004\255G\350\017\217\200\326\361T\210F\237\246\351"
  87      0F8F80D6 
  87      F1548846 
  87      9FA6E9
  88 0071 9F845001 		.ascii	"\237\204P\001y-KKPBw\343:\300\033\345\203h\320\244\216"
  88      792D4B4B 
  88      504277E3 
  88      3AC01BE5 
  88      8368D0A4 
  89 0086 06B4CB8B 		.ascii	"\006\264\313\213\022\317\233o[\362\202\264\244\200N"
  89      12CF9B6F 
  89      5BF282B4 
  89      A4804E
  90 0095 C7AFD9C4 		.ascii	"\307\257\331\304\307\335|\004\012\350\330?\032\033A"
  90      C7DD7C04 
  90      0AE8D83F 
  90      1A1B41
  91 00a4 F15545C3 		.ascii	"\361UE\303\276\2241zS\363\312oIMtSz\012!\334A\210\325"
  91      BE94317A 
  91      53F3CA6F 
  91      494D7453 
  91      7A0A21DC 
  92 00bb D328A6E4 		.ascii	"\323(\246\344\227\331\305\016\257,\207\240}\347\217"
  92      97D9C50E 
  92      AF2C87A0 
  92      7DE78F
  93 00ca 355B2BEA 		.ascii	"5[+\352W\252I\331s}R\035\264\244\304\020\344v \205\004"
ARM GAS  C:\Users\Pasquale\AppData\Local\Temp\ccA8mYcc.s 			page 7


  93      57AA49D9 
  93      737D521D 
  93      B4A4C410 
  93      E4762085 
  94 00df EEA288F3 		.ascii	"\356\242\210\363\277\177Y|\342\227G\035\354\300P\352"
  94      BF7F597C 
  94      E297471D 
  94      ECC050EA 
  95 00ef 71B0B0CF 		.ascii	"q\260\260\317\301n\366\354\273\022S3J\267\250\344{\177"
  95      C16EF6EC 
  95      BB125333 
  95      4AB7A8E4 
  95      7B7F
  96 0101 E37950BA 		.ascii	"\343yP\272\325rcY\312\343\016t\25439\256\347\240\033"
  96      D5726359 
  96      CAE30E74 
  96      AC3339AE 
  96      E7A01B
  97 0114 3DF98D31 		.ascii	"=\371\2151u\231\241\036d\\\350\341\020\016\375\006~"
  97      7599A11E 
  97      645CE8E1 
  97      100EFD06 
  97      7E
  98 0125 18DCECCA 		.ascii	"\030\334\354\3123t\014\243\020\367Q\310MQ/#0\004h\345"
  98      33740CA3 
  98      10F751C8 
  98      4D512F23 
  98      300468E5 
  99 0139 F0AD171E 		.ascii	"\360\255\027\036[mn\305\225\275\276\1774\365jo\036\250"
  99      5B6D6EC5 
  99      95BDBE7F 
  99      34F56A6F 
  99      1EA8
 100 014b 6843E349 		.ascii	"hC\343I\322\344\325y\362\360\321\240I\363\201\333\011"
 100      D2E4D579 
 100      F2F0D1A0 
 100      49F381DB 
 100      09
 101 015c 08860639 		.ascii	"\010\206\0069 \304y\342$\333\225-Z\351H\273\230-V\320"
 101      20C479E2 
 101      24DB952D 
 101      5AE948BB 
 101      982D56D0 
 102 0170 94DC6A2F 		.ascii	"\224\334j/f%\326MH\237XES\346\363\365I\203c\011\011"
 102      6625D64D 
 102      489F5845 
 102      53E6F3F5 
 102      49836309 
 103 0185 2AAEFBDC 		.ascii	"*\256\373\334\3043/_\204\356462\221\2356\222\350m\244"
 103      C4332F5F 
 103      84EE3436 
 103      32919D36 
 103      92E86DA4 
 104 0199 9B28B0A4 		.ascii	"\233(\260\244\217@\030e\017\350\333B\374\365\273]\346"
 104      8F401865 
 104      0FE8DB42 
 104      FCF5BB5D 
ARM GAS  C:\Users\Pasquale\AppData\Local\Temp\ccA8mYcc.s 			page 8


 104      E6
 105 01aa 4DE57EF2 		.ascii	"M\345~\362c\014Itq/\002\3430\035\356\331\022\227Y\333"
 105      630C4974 
 105      712F02E3 
 105      301DEED9 
 105      129759DB 
 106 01be 2195ED50 		.ascii	"!\225\355P\201\251\036\020\3252\232\227&\313sE&\270"
 106      81A91E10 
 106      D5329A97 
 106      26CB7345 
 106      26B8
 107 01d0 3F1AAD74 		.ascii	"?\032\255t\215\364\326\2501\247\213\201\230\327M\220"
 107      8DF4D6A8 
 107      31A78B81 
 107      98D74D90 
 108 01e0 3BD2F262 		.ascii	";\322\362b\302\321bNL:e\307\254\2267\036\227K':\326"
 108      C2D1624E 
 108      4C3A65C7 
 108      AC96371E 
 108      974B273A 
 109 01f5 23859F6D 		.ascii	"#\205\237m'\335X`\273K\336\177\\J\036\240{'$\036\262"
 109      27DD5860 
 109      BB4BDE7F 
 109      5C4A1EA0 
 109      7B27241E 
 110 020a 1EA688DD 		.ascii	"\036\246\210\335q>\337\361}\230}\017\260HwK6}\306e\364"
 110      713EDFF1 
 110      7D987D0F 
 110      B048774B 
 110      367DC665 
 111 021f B806A5E3 		.ascii	"\270\006\245\343s\203\001&\365\003\230&4\251.\264\201"
 111      73830126 
 111      F5039826 
 111      34A92EB4 
 111      81
 112 0230 73FEABA5 		.ascii	"s\376\253\245\022F>\372\343\334\014L\342f\226o\361\267"
 112      12463EFA 
 112      E3DC0C4C 
 112      E266966F 
 112      F1B7
 113 0242 E91A572B 		.ascii	"\351\032W+\310\362l\236\236{\025\353\320DB\032\024\333"
 113      C8F26C9E 
 113      9E7B15EB 
 113      D044421A 
 113      14DB
 114 0254 707456AC 		.ascii	"ptV\254\324\364\036\256B\303Y\314\"\244-\255\276'\317"
 114      D4F41EAE 
 114      42C359CC 
 114      22A42DAD 
 114      BE27CF
 115 0267 8332B336 		.ascii	"\2032\2636\017zW`\034\271UVZj\322\257\252&\\\031\256"
 115      0F7A5760 
 115      1CB95556 
 115      5A6AD2AF 
 115      AA265C19 
 116 027c 8B961D2B 		.ascii	"\213\226\035+3\353\242fME\255Y\033\2564\243\247OUWD"
 116      33EBA266 
ARM GAS  C:\Users\Pasquale\AppData\Local\Temp\ccA8mYcc.s 			page 9


 116      4D45AD59 
 116      1BAE34A3 
 116      A74F5557 
 117 0291 A266A43A 		.ascii	"\242f\244:\222\333\226V\011-\\/#\321zT\376\002j\233"
 117      92DB9656 
 117      092D5C2F 
 117      23D17A54 
 117      FE026A9B 
 118 02a5 45CE     		.ascii	"E\316"
 119              		.text
 120              		.section	.gnu.lto__reads.e992a377,"",%progbits
 121 0000 789C9552 		.ascii	"x\234\225R\337KTA\024\236o\346\336\273ws\263\367\360"
 121      DF4B5441 
 121      149E6FE6 
 121      DEBB7773 
 121      B3F7F0
 122 0013 41281105 		.ascii	"A(\021\005\275\010\013\321\357\327\236\373\017T\004"
 122      BD080BD1 
 122      EFD79EFB 
 122      0F5404
 123 0022 17DC94B6 		.ascii	"\027\334\224\266\367\035\177\255\231>\030\351*\313\022"
 123      F71D7FAD 
 123      993E18E9 
 123      2ACB12
 124 0031 1B8B4A44 		.ascii	"\033\213JDTd\226fu\323\262\3244*\215 ((+J1*\312\240"
 124      54649666 
 124      75D3B2D4 
 124      342A8D20 
 124      28282B4A 
 125 0049 5C3B3377 		.ascii	"\\;3w\323\362I/{g\317\2349\3377\337\371\316\265\030"
 125      D3F2492F 
 125      7B67CF9C 
 125      39DF37DF 
 125      F9CEB518 
 126 005d 63C50663 		.ascii	"c\305\006c\207\351?H/L\006\3361\303X\275\315\271\350"
 126      87E93F48 
 126      2F4C06DE 
 126      31C358BD 
 126      CDB9E8
 127 0070 2966729B 		.ascii	")fr\233\361s\027\223\001\001\303K\033\200\012\244\015"
 127      F1731793 
 127      0101C34B 
 127      1B800AA4 
 127      0D
 128 0081 16E5C240 		.ascii	"\026\345\302@\024\355\242S\340I\323\345\244h\023I\301"
 128      14EDA253 
 128      E049D3E5 
 128      A4681349 
 128      C1
 129 0092 60D0F6CB 		.ascii	"`\320\366\313t\342m\256\332\002\371\264]\\\032\037\010"
 129      74E26DAE 
 129      DA02F9B4 
 129      5D5C1A1F 
 129      08
 130 00a3 14F54BD9 		.ascii	"\024\365K\331 \335\356\257\007\31756\037I\012\316\342"
 130      20DDEEAF 
 130      07CF3536 
ARM GAS  C:\Users\Pasquale\AppData\Local\Temp\ccA8mYcc.s 			page 10


 130      1F490ACE 
 130      E2
 131 00b4 543D803C 		.ascii	"T=\200<\\E\236\272\373\032\212\250\366\331\364\\\207"
 131      5C459EBA 
 131      FB1A8AA8 
 131      F6D9F45C 
 131      87
 132 00c5 4F04C128 		.ascii	"O\004\301(>\363}\301\345\205\275\0327\237\026rwR\010"
 132      3EF37DC1 
 132      E585BD1A 
 132      379F1672 
 132      775208
 133 00d8 0C42FC0B 		.ascii	"\014B\374\013\244\024\303u\024R\371\257\266\271\270"
 133      A414C375 
 133      1452F9AF 
 133      B6B9B8
 134 00e7 5FECD1D0 		.ascii	"_\354\321\320\323\037\3723\310B\037\365j\250\201\033"
 134      D31FFA33 
 134      C8421FF5 
 134      6AA8811B 
 135 00f7 1BA106C3 		.ascii	"\033\241\006\303\220\206\256\310\316x\256\330\247\241"
 135      9086AEC8 
 135      CE78AED8 
 135      A7A1
 136 0105 F353E90E 		.ascii	"\363S\351\016\337\337[\3734\224cx#\2243\334D\241\252"
 136      DFDF5BFB 
 136      34946378 
 136      239433DC 
 136      44A1AA
 137 0118 FFF6796E 		.ascii	"\377\366yn\312/\016h\354\205\301\201\311@AZc\237w\233"
 137      CA2F0E68 
 137      EC85C181 
 137      C940415A 
 137      639F779B 
 138 012c 09E936E5 		.ascii	"\011\3516\345'\205\211\221\377\341\352\241\3527W2]\333"
 138      27858991 
 138      FFE1EAA1 
 138      EA375732 
 138      5DDB
 139 013e 2D03B750 		.ascii	"-\003\267P\240\314 \017n\303b\240\340\322S\323\225\231"
 139      A0CC200F 
 139      6EC362A0 
 139      E0D253D3 
 139      9599
 140 0150 D516E9CE 		.ascii	"\325\026\351\316,\243\257\277\035;@wZ\\-B-\206Ro\252"
 140      2CA3AFBF 
 140      1D3B4077 
 140      5A5C2D42 
 140      2D86526F 
 141 0165 C5525B9F 		.ascii	"\305R[\237Zl-\311\017eG\016T\034\200\352\217\261\223"
 141      5A6C2DC9 
 141      0F65470E 
 141      541C80EA 
 141      8FB193
 142 0178 444E6393 		.ascii	"DNc\223.k%\341\0245\272\354=\032R\013S\\]\251\004$\204"
 142      2E6B25E1 
 142      1435BAEC 
ARM GAS  C:\Users\Pasquale\AppData\Local\Temp\ccA8mYcc.s 			page 11


 142      3D1A520B 
 142      535C5DA9 
 143 018f 9F7D42C3 		.ascii	"\237}B\303\360\307\337A\225J\010\220\300x\363\350c\237"
 143      F0C7DF41 
 143      954A0890 
 143      C078F3E8 
 143      639F
 144 01a1 9AA3A9BB 		.ascii	"\232\243\251\273\033\031\235\036\267R8[/\245\244\266"
 144      1B199D1E 
 144      B752385B 
 144      2FA5A4B6 
 145 01b1 7C84C11D 		.ascii	"|\204\301\035\325\016\235\315\266\274x\225\343\\\224"
 145      D50E9DCD 
 145      B6BC7895 
 145      E35C94
 146 01c0 DE11878B 		.ascii	"\336\021\207\213\024\272TO\014w\341h\352\211\022\217"
 146      14BA544F 
 146      0C77E168 
 146      EA89128F 
 147 01d0 996F916A 		.ascii	"\231o\221jTS)[0\246\251\032{b\255\246\307%H(1\262wh"
 147      5453295B 
 147      30A6A91A 
 147      7B62ADA6 
 147      C7254828 
 148 01e8 9A190BAE 		.ascii	"\232\031\013\256\345r\264\305\255\364m\364\024g{]\336"
 148      E572B4C5 
 148      ADF46DF4 
 148      14677B5D 
 148      DE
 149 01f9 AF5B2557 		.ascii	"\257[%W\250B\037\032kNx\303L\010\333\263 s\324#2\266"
 149      A8421F1A 
 149      6B4E78C3 
 149      4C08DBB3 
 149      2073D423 
 150 020f 24D4C03D 		.ascii	"$\324\300=-\224+\241\367=\241\311\330y\237\307e\022"
 150      2D942BA1 
 150      F73DA1C9 
 150      D8799FC7 
 150      6512
 151 0221 9D12BA88 		.ascii	"\235\022\272\210X*W\317\231\010\206\206\026_\372\242"
 151      582A57CF 
 151      99088686 
 151      165FFAA2 
 152 0231 2BD24E0A 		.ascii	"+\322N\012;\256:\3048\242,!\002\272\236\262\331\231"
 152      3BAE3AC4 
 152      38A22C21 
 152      02BA9EB2 
 152      D999
 153 0243 AC1EF248 		.ascii	"\254\036\362H\254M\011*Q\246=X7\355\241\247%\036\203"
 153      AC4D092A 
 153      51A63D58 
 153      37EDA1A7 
 153      251E83
 154 0256 C742102B 		.ascii	"\307B\020+\333\353\354)\235\333<\355\304:\355$\034\342"
 154      DBEBEC29 
 154      9DDB3CED 
 154      C43AED24 
ARM GAS  C:\Users\Pasquale\AppData\Local\Temp\ccA8mYcc.s 			page 12


 154      1CE2
 155 0268 624BE46D 		.ascii	"bK\344m\272}\247Gm\323\301\017\3304\000Nm\0101\374Z"
 155      BA7DA747 
 155      6DD3C10F 
 155      D834004E 
 155      6D0831FC 
 156 027d D0C70765 		.ascii	"\320\307\007e4\331RVZ\352\320\257\262:T\021\252\215"
 156      34D95256 
 156      5AEAD0AF 
 156      B23A5411 
 156      AA8D
 157 028f 94ED2D73 		.ascii	"\224\355-sj#Nuy\215S\023\252p\"'\216W\225\207#N\270"
 157      6A234E75 
 157      798D5313 
 157      AA702227 
 157      8E579587 
 158 02a6 2A9C0D4B 		.ascii	"*\234\015K+\031\017\325\361\212:\034\023\341H\335\037"
 158      2B190FD5 
 158      F18A3A1C 
 158      13E148DD 
 158      1F
 159 02b7 286B5DA1 		.ascii	"(k]\241"
 160              		.text
 161              		.section	.gnu.lto__writes.e992a377,"",%progbits
 162 0000 789C9552 		.ascii	"x\234\225R]KTQ\024=\373\354\3731\343L\366\007|\020J"
 162      5D4B5451 
 162      143DFBEC 
 162      FB31E34C 
 162      F6077C10 
 163 0015 44A1B908 		.ascii	"D\241\271\010\003\225\025\275\3667T\004\007\234\224"
 163      039515BD 
 163      F6375404 
 163      079C94
 164 0024 A6F7397E 		.ascii	"\246\3679~\215\231=\030\351d\303%&\206\232\207\010\213"
 164      8D993D18 
 164      E964C325 
 164      26869A87 
 164      088B
 165 0036 CCF223BD 		.ascii	"\314\362#\275\251M\251h\224\012Q\321\203e\241MFD\021"
 165      A94DA968 
 165      940A51D1 
 165      8365A14D 
 165      464411
 166 0049 8553FB9C 		.ascii	"\205S\373\234{\321\362I/s\367\354\263\317^\353\254\275"
 166      7BD1F249 
 166      2F73F7EC 
 166      B3CF5EEB 
 166      ACBD
 167 005b CE351863 		.ascii	"\3165\030c\025\032c'\351?L/\350\014x\317\002c->\316"
 167      151A6327 
 167      E93F4C2F 
 167      E80C78CF 
 167      02632D3E 
 168 0070 B1BF9289 		.ascii	"\261\277\222\211\"\355\347\001&\202\010\232[\326\000"
 168      22EDE701 
 168      2682089A 
 168      5BD600
ARM GAS  C:\Users\Pasquale\AppData\Local\Temp\ccA8mYcc.s 			page 13


 169 007f 64227CC0 		.ascii	"d\"|\300\342\0345\210\303\005\354Ex\336~\333\306n\264"
 169      E21C3588 
 169      C305EC45 
 169      78DE7EDB 
 169      C66EB4
 170 0092 918146CB 		.ascii	"\221\201F\313\257\363\251w\305r\011PJ\313\374Fn0X\221"
 170      AFF3A977 
 170      C5720950 
 170      4ACBFC46 
 170      6E305891 
 171 00a6 15A25538 		.ascii	"\025\242U8\227\307O\\k\3538e#gI\352\036\204\022\270"
 171      97C74F5C 
 171      6BEB3865 
 171      236749EA 
 171      1E8412B8 
 172 00ba 0B25F2EC 		.ascii	"\013%\362\354{PA\275\213\363\313=&\206\201Q~\351\373"
 172      7B5041BD 
 172      8BF3CB3D 
 172      26868151 
 172      7EE9FB
 173 00cd 2787975F 		.ascii	"'\207\227_W\270|\006\305A\033\021\206\000\377\005R\211"
 173      57B87C06 
 173      C5411B11 
 173      8600FF05 
 173      5289
 174 00df C17D28A7 		.ascii	"\301}(\247\366\337\335\313I?\036V\320\213\037\263\005"
 174      F6DFDDCB 
 174      493F1E56 
 174      D08B1FB3 
 174      05
 175 00f0 F0A0D337 		.ascii	"\360\240\3237\024T\203\007;\241\032\203a\005\335\024"
 175      14548307 
 175      3BA11A83 
 175      6105DD14 
 176 0100 BDC962AC 		.ascii	"\275\311b\254V\320\367s\231\036\323\203\276\311*(\207"
 176      56D0F773 
 176      991ED383 
 176      BEC92A28 
 176      87
 177 0111 919D50CE 		.ascii	"\221\235P\316`\024\312e\377\267/\313s~<\256\2607\207"
 177      6014CA65 
 177      FFB72FCB 
 177      737E3CAE 
 177      B03787
 178 0124 06678365 		.ascii	"\006g\203e\031\205\315%\365\224p\332Km\324a\354\177"
 178      1985CD25 
 178      F59470DA 
 178      4B6DD461 
 178      EC7F
 179 0136 B87CA87B 		.ascii	"\270|\250{\345N\241o\237\241\301C(\223f\220\007\343"
 179      E54EA16F 
 179      9FA1C143 
 179      28936690 
 179      07E3
 180 0148 6030A064 		.ascii	"`0\240d\340\205\356\210\302\237N\341\024V!;\021\330"
 180      E085EE88 
 180      C29F4EE1 
ARM GAS  C:\Users\Pasquale\AppData\Local\Temp\ccA8mYcc.s 			page 14


 180      1456213B 
 180      11D8
 181 015a 0F74A4C1 		.ascii	"\017t\244\301e@\0314\012\246.\203!\227\246\014>\245"
 181      65401934 
 181      0AA62E83 
 181      2197A60C 
 181      3EA5
 182 016c C80FD28D 		.ascii	"\310\017\322\215\000\310<\010r<\306\316\0217\335\232"
 182      00C83C08 
 182      723CC6CE 
 182      1137DD9A 
 183 017c 705817E9 		.ascii	"pX\027\351\246\254\315a\037\2405\235\231\343\362Dy~"
 183      A6ACCD61 
 183      1FA0359D 
 183      99E3F244 
 183      797E
 184 018e 0AFD6C1D 		.ascii	"\012\375l\035ZG\326\326\303\262\224B }\311\216\311g"
 184      5A47D6D6 
 184      C3B29442 
 184      207DC98E 
 184      C967
 185 01a0 A6BC465D 		.ascii	"\246\274F]\015769\2373\322p\265E\010AS\371\010\003\023"
 185      0D373639 
 185      9F33D270 
 185      B5450841 
 185      53F90803 
 186 01b5 721ADA5B 		.ascii	"r\032\332[\352|\3716`\335\022\356\026\007\007\322\320"
 186      EA7CF936 
 186      60DD12EE 
 186      160707D2 
 186      D0
 187 01c6 274762F0 		.ascii	"'Gb\360\010,E=\023r\231\371\036\251&\025\225t\005\246"
 187      082C453D 
 187      137299F9 
 187      1EA92615 
 187      957405A6 
 188 01da 14555B7F 		.ascii	"\024U[\177\342\212\356r!\011%F\266\012\355\013S\341"
 188      E28AEE72 
 188      21092546 
 188      B60AED0B 
 188      53E1
 189 01ec AD5A4039 		.ascii	"\255Z@9\334E\237F\177\2457\353\30015*\271B\035jS\333"
 189      DC459F46 
 189      7FA537EB 
 189      C031352A 
 189      B9421D6A 
 190 0202 72C2BDCB 		.ascii	"r\302\275\313\024\372\\\013\362\325.\221\266'\241&L"
 190      14FA5C0B 
 190      F2D52E91 
 190      B627A126 
 190      4C
 191 0213 2BA15C0A 		.ascii	"+\241\\\012}\354\012\265\023k\236P\235\350\244\320<"
 191      7DEC0AB5 
 191      136B9E50 
 191      9DE8A4D0 
 191      3C
 192 0224 24D2C5EA 		.ascii	"$\322\305\352\232\211`x8\377\332\214o\012\237\215\376"
ARM GAS  C:\Users\Pasquale\AppData\Local\Temp\ccA8mYcc.s 			page 15


 192      9A896078 
 192      38FFDA8C 
 192      6F0A9F8D 
 192      FE
 193 0235 A49C1072 		.ascii	"\244\234\020r\020g\2529Hjl,r\005}>\342\222\030\273\022"
 193      1067AA39 
 193      486A6C2C 
 193      72057D3E 
 193      E29218BB 
 194 024a 74489AF6 		.ascii	"tH\232\366d\333\264\247\256\226d\002\\\026\223\210\274"
 194      64DBB4A7 
 194      AE966402 
 194      5C169388 
 194      BC
 195 025b 5997CEAB 		.ascii	"Y\227\316\253\332\356ig\266ig\301\".\266A\336\216.z"
 195      DAEE6967 
 195      B66967C1 
 195      222EB641 
 195      DE8E2E7A 
 196 026f D43EDAF8 		.ascii	"\324>\332\370\001\004\016p\032\003\361\327+\244\217"
 196      01040E70 
 196      1A03F1D7 
 196      2BA48F
 197 027e 0FA4D164 		.ascii	"\017\244\321dKU(d\321\257\256!R\033i\212U\035\255\262"
 197      4B552864 
 197      D1AFAE21 
 197      521B698A 
 197      551DADB2 
 198 0292 9A625643 		.ascii	"\232bVCM\243\325\030\251\265bg\317\324\327DcV\264>\352"
 198      4DA3D518 
 198      A9B56267 
 198      CFD4D744 
 198      6356B43E 
 199 02a7 A5A13AC6 		.ascii	"\245\241:\306#\315\274\266\031Nc4\326\374\027\222\304"
 199      23CDBCB6 
 199      194E6334 
 199      D6FC1792 
 199      C4
 200 02b8 5D06     		.ascii	"]\006"
 201              		.text
 202              		.section	.gnu.lto_msObjectInit.e992a377,"",%progbits
 203 0000 789C9D92 		.ascii	"x\234\235\222\337K\024Q\024\307\357w\356\374\222E\351"
 203      DF4B1451 
 203      14C7EF77 
 203      EEFC9245 
 203      E9
 204 0011 A187281F 		.ascii	"\241\207(\037|\010\314\227\035\204\036\352\251\227\300"
 204      7C08CC97 
 204      1D841EEA 
 204      A997C0
 205 0020 FE0D9515 		.ascii	"\376\015\225\025\027\\\014\247^\"\330\331]\267]\251"
 205      175C0CA7 
 205      5E22D8D9 
 205      5DB75DA9 
 206 0030 A887DC62 		.ascii	"\250\207\334b\231bQ\267}\222\014\313\322\325\234\266"
 206      996251B7 
 206      7D920CCB 
ARM GAS  C:\Users\Pasquale\AppData\Local\Temp\ccA8mYcc.s 			page 16


 206      D2D59CB6 
 207 0040 B4F2C7C6 		.ascii	"\264\362\307\306FBBidD\011\025\241\220IY\347^7(\351"
 207      46424269 
 207      64440915 
 207      A1904959 
 207      E75E3728 
 208 0055 A5BDCC30 		.ascii	"\245\275\3140\347\316\234\357\347|\347\234\2533\306"
 208      E7CE9CEF 
 208      E77CE79C 
 208      AB33C6
 209 0064 FA38634D 		.ascii	"\3728cM\364\334G78\203r\261\310X\304T\000\0218&XXA\030"
 209      F4DC4737 
 209      388372B1 
 209      C858C454 
 209      00113826 
 210 007c E7F8258E 		.ascii	"\347\370%\216B\342\335\250\322\220shy\227\207\2143N"
 210      42E2DDA8 
 210      D2907368 
 210      7997878C 
 210      334E
 211 008e 7C8F4BF2 		.ascii	"|\217K\362\024\335ba\030\015\224U\352\036r\371Y\356"
 211      14DD6261 
 211      180D9455 
 211      EA1E72F9 
 211      59EE
 212 00a0 7240A5ED 		.ascii	"r@\245\355\227\371\364J\215\330*\250\243\355\332\347"
 212      97F9F44A 
 212      8DD82AA8 
 212      A3EDDAE7 
 213 00b0 85D92A7E 		.ascii	"\205\331*~\020\214\342\215\305\221\003\365Y\307\211"
 213      108CE28D 
 213      C59103F5 
 213      59C789
 214 00bf 3ADEDC00 		.ascii	":\336\334\000w\366\273\234c\004\234x\270\215Z\334B-"
 214      77F6BB9C 
 214      63049C78 
 214      B88D5ADC 
 214      422D
 215 00d1 A3570C77 		.ascii	"\243W\014wPO\331\271\356\374b\025?$\225C\313\353\033"
 215      504FD9B9 
 215      EEFC6215 
 215      3F249543 
 215      CBEB1B
 216 00e4 6659FA3D 		.ascii	"fY\372=+\245*\356\356\224\252\014\243R\332\027Y\230"
 216      2BA52AEE 
 216      EE94AA0C 
 216      A352DA17 
 216      5998
 217 00f6 ADE647A4 		.ascii	"\255\346G\244\364u\317\340y\265,-^\335\335\037s\216"
 217      F475CFE0 
 217      79B52C2D 
 217      5EDDDD1F 
 217      738E
 218 0108 B95CC3D8 		.ascii	"\271\\\303\330N\261\306\220\227\342\257\271\302\224"
 218      4EB1C690 
 218      97E2AFB9 
 218      C294
ARM GAS  C:\Users\Pasquale\AppData\Local\Temp\ccA8mYcc.s 			page 17


 219 0116 CA8F4AF1 		.ascii	"\312\217J\361jjfL\373]w\333\262\206\361\177H'P/\362"
 219      6A6A664C 
 219      FB5D77DB 
 219      B286F17F 
 219      4827502F 
 220 012b DFDCDCEA 		.ascii	"\337\334\334\352\255\326\325\355\026\341\036t\006\012"
 220      ADD6D5ED 
 220      16E11E74 
 220      060A
 221 0139 6E3CD33C 		.ascii	"n<\323<g\353g\302\361\336fQj\362Q\263\351\027U\010\267"
 221      67EB67C2 
 221      F1DE6651 
 221      6AF251B3 
 221      E9175508 
 222 014e 3A445913 		.ascii	":DY\023\222\300\222\244\24398\036\353\341\212\210b\036"
 222      92C092A4 
 222      A339381E 
 222      EBE18A88 
 222      621E
 223 0160 5B457433 		.ascii	"[Et31\221?-pT\"\025/<5D\177\271t8^\230\237\3263\270"
 223      31913F2D 
 223      70542215 
 223      2F3C3544 
 223      7FB97438 
 224 017a 16A12165 		.ascii	"\026\241!e\366\272\\OS\343'\311\226\370\370<\361b\311"
 224      F6BA5C4F 
 224      53E327C9 
 224      96F8F83C 
 224      F162C9
 225 018d 670D8A01 		.ascii	"g\015\212\001\326\271\334\200\207\014z\345\364p\037"
 225      D6B9DC80 
 225      870C7AE5 
 225      F4701F
 226 019c D69F3043 		.ascii	"\326\2370C\302b\233\223k5\341\037\016\215\331\310\210"
 226      C2629B93 
 226      6B35E11F 
 226      0E8DD9C8 
 226      88
 227 01ad 3C7AF7AD 		.ascii	"<z\367\255\3641\351\023\005v\271\334\304\003:\033\205"
 227      F431E913 
 227      0576B9DC 
 227      C4033A1B 
 227      85
 228 01be 323D3630 		.ascii	"2=60\034\007e_\241\312\327!\030\017\211O\354)\204\205"
 228      1C07655F 
 228      A1CAD721 
 228      180F894F 
 228      EC298485 
 229 01d2 EBF48797 		.ascii	"\353\364\207\227+F\331\365\177\330T1-m\212\316\341\021"
 229      2B46D9F5 
 229      7FD85431 
 229      2D6D8ACE 
 229      E111
 230 01e4 AC34CD55 		.ascii	"\2544\315U\322^UB\323\360X\322\024A{\"h\3726m\2512\332"
 230      D25E5542 
 230      D3F058D2 
 230      14417B22 
ARM GAS  C:\Users\Pasquale\AppData\Local\Temp\ccA8mYcc.s 			page 18


 230      68FA366D 
 231 01fb 8CA4C9F1 		.ascii	"\214\244\311\361\316\012\232)h\353\357\227+\243\315"
 231      CE0A9A29 
 231      68EBEF97 
 231      2BA3CD
 232 020a 499A2A68 		.ascii	"I\232*h\363\177\017D\003C\221T\237\020\315\364_\200"
 232      F37F0F44 
 232      03439154 
 232      9F10CDF4 
 232      5F80
 233 021c 3C4B6225 		.ascii	"<Kb%\251/t.\350w\032\375~\213\256\326\366`K\260\323"
 233      A92F742E 
 233      E8771AFD 
 233      7E8BAED6 
 233      F6604BB0 
 234 0231 6E3CDC68 		.ascii	"n<\334hu\332V{s\207\325\021l\261\354\023]\201\346\220"
 234      75DA567B 
 234      7387D511 
 234      6CB1EC13 
 234      5D81E690 
 235 0245 6D8502A1 		.ascii	"m\205\002\241r\350oe<d\037\327[N\266\265\005\272T;x"
 235      72E86F65 
 235      3C641FD7 
 235      5B4EB6B5 
 235      05BA543B 
 236 025a 2AC0039D 		.ascii	"*\300\003\235\366/\011zH\267"
 236      F62F097A 
 236      48B7
 237              		.text
 238              		.section	.gnu.lto_vmt.e992a377,"",%progbits
 239 0000 789C6363 		.ascii	"x\234cc``\330\000\304\306\014\0200\205\231q\347\316"
 239      6060D800 
 239      C4C60C10 
 239      30859971 
 239      E7CE
 240 0012 37B7D9EB 		.ascii	"7\267\331\353\3776t44<\350\336\301<\233y\0163\3034f"
 240      FF367434 
 240      343CE8DE 
 240      C13C9B79 
 240      0E33C334 
 241 0027 0CB905DB 		.ascii	"\014\271\005\333x\34603Ncf\304\220\370\006\324\3014"
 241      78E63033 
 241      4E6366C4 
 241      90F806D4 
 241      C134
 242 0039 8D990943 		.ascii	"\215\231\011Cb\023P\202y\03233Xb\375\233\235?y\273\201"
 242      62135082 
 242      791A3333 
 242      5862FD9B 
 242      9D3F79BB 
 243 004e 222C8C20 		.ascii	"\",\214 \356\331\373s\2370Ylk\350X\320\0200\207\231"
 243      EED9FB73 
 243      9F30596C 
 243      6BE858D0 
 243      10308799 
 244 0062 752A3303 		.ascii	"u*3\003\343vF\231\251\314\214\214\333\030\353\24723"
 244      E3764699 
ARM GAS  C:\Users\Pasquale\AppData\Local\Temp\ccA8mYcc.s 			page 19


 244      A9CC8C8C 
 244      DB18EBA7 
 244      3233
 245 0074 316E0551 		.ascii	"1n\005Q\314\214[@\024\013\343f\306z\006\306\035\214"
 245      CC8C5B40 
 245      140BE366 
 245      C67A06C6 
 245      1D8C
 246 0086 160C867A 		.ascii	"\026\014\206zz\372@\224\234\221\231\224\231_lhi\250"
 246      7AFA4094 
 246      9C919994 
 246      995F6C68 
 246      69A8
 247 0098 9F5FAC9F 		.ascii	"\237_\254\237\221\230\243\237\223\231\244_\\R\224\232"
 247      9198A39F 
 247      9399A45F 
 247      5C52949A 
 248 00a8 985BAC9F 		.ascii	"\230[\254\237\233\232\013e\352%3\000\000\203\244Q\270"
 248      9B9A0B65 
 248      EA253300 
 248      0083A451 
 248      B8
 249              		.text
 250              		.section	.gnu.lto_.symbol_nodes.e992a377,"",%progbits
 251 0000 789C5DC9 		.ascii	"x\234]\311\261\015\302@\020D\321\177s\276k\003\311\225"
 251      B10DC240 
 251      1044D17F 
 251      73BE6B03 
 251      C995
 252 0012 4065BB11 		.ascii	"@e\273\021!r\011.\0039#\003l_\025\204\024\301\012Dr"
 252      2172092E 
 252      03392303 
 252      6C5F1584 
 252      14C10A44 
 253 0027 C1E84B6F 		.ascii	"\301\350Ko*p\211\241\247\014\246\006\221\353|\363\032"
 253      2A7089A1 
 253      A70CA606 
 253      91EB7CF3 
 253      1A
 254 0038 B6CA526F 		.ascii	"\266\312Ro\017\231z\273\313ro\273l\370\333\342'(\233"
 254      0F997ABB 
 254      CB726FBB 
 254      6CF8DBE2 
 254      27289B
 255 004b F011726A 		.ascii	"\360\021rj\262\362\275\300\375\030\242\312\353\374>"
 255      B2F2BDC0 
 255      FD18A2CA 
 255      EBFC3E
 256 005a E4FC2B1F 		.ascii	"\344\374+\037NS&\325"
 256      4E5326D5 
 257              		.text
 258              		.section	.gnu.lto_.refs.e992a377,"",%progbits
 259 0000 789C6363 		.ascii	"x\234cc``\020\000bF\026&VF\026V&f&&&\006&F\006\000\003"
 259      60601000 
 259      62461626 
 259      56461656 
 259      26662626 
ARM GAS  C:\Users\Pasquale\AppData\Local\Temp\ccA8mYcc.s 			page 20


 260 001b 51003B   		.ascii	"Q\000;"
 261              		.text
 262              		.section	.gnu.lto_.decls.e992a377,"",%progbits
 263 0000 789CAD56 		.ascii	"x\234\255V{PT\327\031\277\347\236}\360X\300\250\223"
 263      7B5054D7 
 263      19BFE79E 
 263      7DF058C0 
 263      A893
 264 0012 98293325 		.ascii	"\230)3%\206\314\320\314\204\207\311\324\266\223?\322"
 264      86CCD0CC 
 264      8487C9D4 
 264      B6933FD2 
 265 0022 F18FB47F 		.ascii	"\361\217\264\177\330\316\324&3N\231\256\313r\321M\331"
 265      D8CED426 
 265      334E99AE 
 265      CB72D14D 
 265      D9
 266 0033 5DCA5E9A 		.ascii	"]\312^\232\330\277.O\021AA\024EA\251\242\010\010b\300"
 266      D8BF2E4F 
 266      11414114 
 266      4541A9A2 
 266      080862C0 
 267 0047 274F05F1 		.ascii	"'O\005\361\215d\211\240\021\205\"\306G\015\210(\024"
 267      8D6489A0 
 267      118522C6 
 267      470D8828 
 267      14
 268 0058 11E977CE 		.ascii	"\021\351w\316\271w\367\262\354\246M'w\370\270{\276\373"
 268      B977F7B2 
 268      ECA64D27 
 268      77F8B87B 
 268      BEFB
 269 006a 9DDFEFFB 		.ascii	"\235\337\357\373~\347\273\347\\\035\307q\035!\034\367"
 269      7EE7BBE7 
 269      5C1DC771 
 269      1D211CF7 
 270 007a 01E63889 		.ascii	"\001\3468\211\347\270Y\270\364\340;\003\246\0033\202"
 270      E7B859B8 
 270      F4E03B03 
 270      A6033382 
 271 008a 3581B582 		.ascii	"5\201\265\202\265\203u\202\351\021G/\362<\020~\007\201"
 271      B5837582 
 271      E911472F 
 271      F23C107E 
 271      0781
 272 009c 8580BD06 		.ascii	"\205\200\275\006\266\004,\002\214\204\374L\216S\256"
 272      B6042C02 
 272      8C84FC4C 
 272      8E53AE
 273 00ab 37003F00 		.ascii	"7\000?\000\356\013\301\026\203\365\253\360\011\346j"
 273      EE0BC116 
 273      83F5ABF0 
 273      09E66A
 274 00ba 99478718 		.ascii	"\231G\207\030\027\244\304\275\002C0\3062f\240\007&\271"
 274      17A4C4BD 
 274      024330C6 
 274      3266A007 
ARM GAS  C:\Users\Pasquale\AppData\Local\Temp\ccA8mYcc.s 			page 21


 274      26B9
 275 00cc 7EE20397 		.ascii	"~\342\003\227`\022lo\270\004s\226s\343\006y\301\375"
 275      60126C6F 
 275      B8047396 
 275      73E30679 
 275      C1FD
 276 00de A9076EBB 		.ascii	"\251\007n\273\214\333\252\312\227`\276\013\026\215\346"
 276      8CDBAACA 
 276      9760BE0B 
 276      168DE6
 277 00ed E3C274AA 		.ascii	"\343\302t\252K\204\027\354\267\341a\240\027\354Nn\276"
 277      4B8417EC 
 277      B7E161A0 
 277      17EC4E6E 
 277      BE
 278 00fe 166A7CB5 		.ascii	"\026j|\265\036\004\3775\037\3701\360\320\037\356kT\034"
 278      1E04FF35 
 278      1FF831F0 
 278      D01FEE6B 
 278      541C
 279 0110 04575947 		.ascii	"\004WYG\202;\015\367\027`Z\260\0319g\005\237\324@`\227"
 279      823B0DF7 
 279      17605AB0 
 279      19396705 
 279      9FD44060 
 280 0125 F858CB55 		.ascii	"\370X\313U<[\377\247`w\300\206\301\036\311Z+\230\023"
 280      3C5BFFA7 
 280      6077C086 
 280      C11EC95A 
 280      2B9813
 281 0138 60CFC1A6 		.ascii	"`\317\301\246\300\306\301&\3014\262\326\201\252\236"
 281      C0C6C126 
 281      C134B2D6 
 281      81AA9E
 282 0147 F1BCB661 		.ascii	"\361\274\266at$s\270\322o\023F\241\001h\026\221\361"
 282      742473B8 
 282      D26F1346 
 282      A1016816 
 282      91F1
 283 0159 E3535341 		.ascii	"\343SSAlL\036_Lo\2375`\236\376.?\335\235\255\215<,\261"
 283      6C4C1E5F 
 283      4C6F9F35 
 283      609EFE2E 
 283      3FDD9DAD 
 284 0171 CBEF2F1C 		.ascii	"\313\357/\034:\206\260\202\323\3206^\243\301\037\222"
 284      3A86B082 
 284      D3D0365E 
 284      A3C11F92 
 285 0181 40FE68CD 		.ascii	"@\376h\315\360g(\"\340 \011k\233\334\031\231\271A\222"
 285      F0672822 
 285      E020096B 
 285      9BDC1999 
 285      B94192
 286 0194 78740A05 		.ascii	"xt\012\005\240\023\010\243\343(\222\224\034J\026<[\222"
 286      A01308A3 
 286      E3289294 
 286      1C4A163C 
ARM GAS  C:\Users\Pasquale\AppData\Local\Temp\ccA8mYcc.s 			page 22


 286      5B92
 287 01a6 D22469BF 		.ascii	"\322$i\277\204\227p\350\375P\024\035\312\241\223(\202"
 287      849770E8 
 287      FD50141D 
 287      CAA19328 
 287      82
 288 01b7 909328D4 		.ascii	"\220\223(\324\200BQ=\012%\370\225{\017u\004\341\032"
 288      8042513D 
 288      0A25F895 
 288      7B0F7504 
 288      E11A
 289 01c9 4409EED4 		.ascii	"D\011\356\324\214va\027\303h\355\322\372L\302\320\004"
 289      8C766117 
 289      C368EDD2 
 289      FA4CC2D0 
 289      04
 290 01da 0CA7DD0C 		.ascii	"\014\247\335\014@\350\235\242\321\013\005\231\0144_"
 290      40E89DA2 
 290      D10B0599 
 290      0C345F
 291 01e9 65D49560 		.ascii	"e\324\225`(\177a\000\322\300p\354\352\256\273\3010\\"
 291      287F6100 
 291      D2C070EC 
 291      EAAEBBC1 
 291      305C
 292 01fb 1C80C260 		.ascii	"\034\200\302`X\325p\370`\210!\207 \226\245K\376\277"
 292      58D570F8 
 292      60882187 
 292      2096A54B 
 292      FEBF
 293 020d A18C2D80 		.ascii	"\241\214-\200\320\014\010\034jE\006\242\006\271C\360"
 293      D00C081C 
 293      6A4506A2 
 293      06B943F0 
 294 021d ED0B95D5 		.ascii	"\355\013\225\325\004j5(\013W\210J\334\325L\334\362\251"
 294      046A3528 
 294      0B57884A 
 294      DCD54CDC 
 294      F2A9
 295 022f D113065C 		.ascii	"\321\023\006\\@\325\345\257vO\236\366C\001\021\331."
 295      40D5E5AF 
 295      764F9EF6 
 295      430111D9 
 295      2E
 296 0240 74CE058D 		.ascii	"t\316\005\215: \343\325r\306g\300\331\006NV\374\371"
 296      3A20E3D5 
 296      72C667C0 
 296      D9064E56 
 296      FCF9
 297 0252 CB4B1BEF 		.ascii	"\313K\033\357HR\030j\207T\316\272\213_Mj'N\340\231\272"
 297      4852186A 
 297      8754CEBA 
 297      8B5F4D6A 
 297      274EE099 
 298 0267 7F56D204 		.ascii	"\177V\322\004\310Bd\377\027! \276\373Z\315(\257.\363"
 298      C84264FF 
 298      172120BE 
ARM GAS  C:\Users\Pasquale\AppData\Local\Temp\ccA8mYcc.s 			page 23


 298      FB5ACD28 
 298      AF2EF3
 299 027a DC9C323B 		.ascii	"\334\2342;\3452;i\231\316'WJ\003\231b\013`\270\253\361"
 299      E5323B69 
 299      99CE2757 
 299      4A039962 
 299      0B60B8AB 
 300 028f D9252D1B 		.ascii	"\331%-\033\372\301p\262\342\3549\015\236a\015\264/\365"
 300      FAC170B2 
 300      E2EC390D 
 300      9E610DB4 
 300      2FF5
 301 02a1 FAE5209C 		.ascii	"\372\345 \234\212\351\240\"\243\361\246?\316b\203\202"
 301      8AE9A022 
 301      A3F1A63F 
 301      CE628382 
 302 02b1 D9F2AFFD 		.ascii	"\331\362\257\375q\036\033\314\216\216\337\001Y\330\240"
 302      711E1BCC 
 302      8E8EDF01 
 302      59D8A0
 303 02c0 61C05911 		.ascii	"a\300Y\021\250\201w\200jm\323\020_G\316\246U\324e4\240"
 303      A8817780 
 303      6A6DD310 
 303      5F47CEA6 
 303      55D46534 
 304 02d5 2E445DE7 		.ascii	".D]\347f'\333B\030-\257Jj1K*3\257fG\000\014ul)\364\340"
 304      6627DB42 
 304      182DAF4A 
 304      6A314B2A 
 304      33AF6647 
 305 02f0 1A7EF2E2 		.ascii	"\032~\362\342\270\206\271\210\216_\200\253\264\270\377"
 305      B886B988 
 305      8E5F80AB 
 305      B4B8FF
 306 02ff 6830DE4E 		.ascii	"h0\336Ny\371\226\236\223\031A\252&\376y\361\023\242"
 306      79F9969E 
 306      931941AA 
 306      26FE79F1 
 306      13A2
 307 0311 722F24F1 		.ascii	"r/$\361\265[e\235\334a\322\274\025\273\016\322\352d"
 307      B55B659D 
 307      DC61D2BC 
 307      15BB0ED2 
 307      EA64
 308 0323 697BC0E9 		.ascii	"i{\300\351d\322>\235z\322\240\301{\031G}\341\313\235"
 308      64D23E9D 
 308      7AD2A0C1 
 308      7B19477D 
 308      E1CB9D
 309 0336 C1AA365E 		.ascii	"\301\2526^v\214\266\361M\340\350ss\364\"\237$7\274\223"
 309      768CB6F1 
 309      4DE0E873 
 309      73F4229F 
 309      2437BC93 
 310 034a F4E5F6DC 		.ascii	"\364\345\366\334\322\341\012Fr\342r\377\264\352]\371"
 310      D2E10A46 
 310      72E272FF 
ARM GAS  C:\Users\Pasquale\AppData\Local\Temp\ccA8mYcc.s 			page 24


 310      B4EA5DF9 
 311 035a EEC3EBF4 		.ascii	"\356\303\353\364m\354\007\222o\334$7}\223\334\362N\362"
 311      6DEC0792 
 311      6FDC2437 
 311      7D93DCF2 
 311      4EF2
 312 036c A2F7619A 		.ascii	"\242\367a\232\337\222\"2#?]Z\300\020\277\202\347\335"
 312      DF922232 
 312      233F5D5A 
 312      C010BF82 
 312      E7DD
 313 037e B4496EA3 		.ascii	"\264In\243%\360\377\032\322\260\355a\362Fs\367\234\226"
 313      25F0FF1A 
 313      D2B0ED61 
 313      F24673F7 
 313      9C96
 314 0390 82E7AA96 		.ascii	"\202\347\252\226\272\303Z\012\002G\262N\337\016\306"
 314      BAC35A0A 
 314      0247B24E 
 314      DF0EC6
 315 039f 236CF14B 		.ascii	"#l\361K\206\3636k\351J\267\273\026\277\311y\364\036"
 315      86F3366B 
 315      E94AB7BB 
 315      16BFC979 
 315      F41E
 316 03b1 F3C16B86 		.ascii	"\363\301k\206\006\331\362\317\264\2349\214\225\226\370"
 316      06D9F2CF 
 316      B49C398C 
 316      9596F8
 317 03c0 27F38D34 		.ascii	"'\363\2154\244m\344\325\011\266\317I\360.MpHI\260\345"
 317      A46DE4D5 
 317      09B6CF49 
 317      F02E4D70 
 317      4849B0E5 
 318 03d4 58E50052 		.ascii	"X\345\000R'xwN\202\303\256\004\257\337?5\021\210\307"
 318      2778774E 
 318      82C3AE04 
 318      AFDF3F35 
 318      1188C7
 319 03e7 7D27D85F 		.ascii	"}'\330_8\324\310:\026^\020\364-K&\357\231t-DI\360>\363"
 319      38D4C83A 
 319      165E10F4 
 319      2D4B26EF 
 319      99742D44 
 320 03ff 55DEDEB2 		.ascii	"U\336\336\2629\304w\202\017i\202\017\224\004\017\035"
 320      39C47782 
 320      0F69820F 
 320      94040F1D 
 321 040f 98A9F157 		.ascii	"\230\251\361W'\370pN\202\217\\\011\326:\037<\347\361"
 321      27F8704E 
 321      828F5C09 
 321      D63A1F3C 
 321      E7F1
 322 0421 144BD0D9 		.ascii	"\024K\320\331T\335\025\2147j\350`\354e\351\011\177\366"
 322      54DD158C 
 322      376AE860 
 322      EC65E909 
ARM GAS  C:\Users\Pasquale\AppData\Local\Temp\ccA8mYcc.s 			page 25


 322      7FF6
 323 0433 922C26A2 		.ascii	"\222,&\242\015\344\347\353\331KRF\267\376\333\373\262"
 323      0DE4E7EB 
 323      D94B5246 
 323      B7FEDBFB 
 323      B2
 324 0444 8370118B 		.ascii	"\203p\021\213\255=<]\027\240$\314\012\273'\015\325\004"
 324      AD3D3C5D 
 324      17A024CC 
 324      0ABB270D 
 324      D504
 325 0456 FB5EF131 		.ascii	"\373^\3611\232\357\023%\337\352-\325o\250\323\035\233"
 325      9AEF1325 
 325      DFEA2DD5 
 325      6FA8D31D 
 325      9B
 326 0467 93EE5325 		.ascii	"\223\356S%]}]O\3361\035\012_\024\036\036\036\021\276"
 326      5D7D5D4F 
 326      DE311D0A 
 326      5F141E1E 
 326      1E11BE
 327 047a 8FC4B7F5 		.ascii	"\217\304\267\365m\302\257:\263\244|\023\351\013t\025"
 327      6DC2AF3A 
 327      B3A47C13 
 327      E90B7415 
 328 048a BAF4195A 		.ascii	"\272\364\031Z\344n\310\013\024\241\205\374\347\012h"
 328      E46EC80B 
 328      14A185FC 
 328      E70A68
 329 0499 3660408B 		.ascii	"6`@\213F \342;\022\361X\236\002=\213\376\015\355;\201"
 329      4620E23B 
 329      12F1589E 
 329      023D8BFE 
 329      0DED3B81 
 330 04ad C2D173B0 		.ascii	"\302\321s\260)\260q\260I\024N\317-F\327\215.D\023\375"
 330      29B071B0 
 330      49144ECF 
 330      2D46D78D 
 330      2E4413FD 
 331 04c1 D03D4FA6 		.ascii	"\320=O\246(7\221*\224,\323\277\274\206\306xDB\225h\324"
 331      2837912A 
 331      942CD3BF 
 331      BC86C678 
 331      44429568 
 332 04d6 33F23C72 		.ascii	"3\362<r\205\262wrd\003\206\343\224\004q\362\353\350"
 332      85B27772 
 332      640386E3 
 332      940471F2 
 332      EBE8
 333 04e8 CE6D62F9 		.ascii	"\316mb\371.\251-\003\223\376C\003\336\205\240H x\316"
 333      2EA92D03 
 333      93FE4303 
 333      DE85A048 
 333      2078CE
 334 04fb D68292C0 		.ascii	"\326\202\222\300E\262 \331>\005\341|\252\001\030[\307"
 334      45B220D9 
 334      3E05E17C 
ARM GAS  C:\Users\Pasquale\AppData\Local\Temp\ccA8mYcc.s 			page 26


 334      AA01185B 
 334      C7
 335 050c 9C5B82D4 		.ascii	"\234[\202\324\253\366B\305\307\241iW\223=+\374f \030"
 335      ABF642C5 
 335      C7A16957 
 335      933D2BFC 
 335      662018
 336 051f 5FA1BDA2 		.ascii	"_\241\275\242\357\036\332\260\036\301\372-r\255`gq\350"
 336      EF1EDAB0 
 336      1EC1FA2D 
 336      72AD6067 
 336      71E8
 337 0531 FE740914 		.ascii	"\376t\011\024\200\031\350\012\220K\374\367h\325U\254"
 337      8019E80A 
 337      904BFCF7 
 337      68D555AC 
 338 0541 63551265 		.ascii	"cU\022e/yF\253\252\364X\204\227\236\241*i\2756\006G"
 338      2F7946AB 
 338      AAF45884 
 338      979EA12A 
 338      69BD3606 
 339 0556 C34957A4 		.ascii	"\303IW\244\361\021h\006jO\347\303\321+\270\247\302}"
 339      F1116806 
 339      6A4FE7C3 
 339      D12BB8A7 
 339      C27D
 340 0568 767E5710 		.ascii	"v~W\020\226\213\336\023bm\301Vpb\347\302T`\"a\363\227"
 340      968BDE13 
 340      626DC156 
 340      7062E7C2 
 340      54602261 
 341 057e D0551DD9 		.ascii	"\320U\035\331\257.{\325\202a\201\254\333\253z\373\374"
 341      AF2E7BD5 
 341      826181AC 
 341      DBAB7AFB 
 341      FC
 342 058f 700F9595 		.ascii	"p\017\225\225\257M\313\331n@\021\213\030\207\363M\322"
 342      AF4DCBD9 
 342      6E40118B 
 342      1887F34D 
 342      D2
 343 05a0 24593037 		.ascii	"$Y07\203wm\333\204\320\327K\220\011%\376/\345\002\355"
 343      83776DDB 
 343      84D0D74B 
 343      900925FE 
 343      2FE502ED 
 344 05b4 C4A3E3B7 		.ascii	"\304\243\343\267\364\352e\317\342\325\313\276\201g\007"
 344      F4EA65CF 
 344      E2D5CBBE 
 344      816707
 345 05c3 3EDC21F8 		.ascii	">\334!\370\364\231\346\326\300\001\330\300\311\346\260"
 345      F499E6D6 
 345      C001D8C0 
 345      C9E6B0
 346 05d2 804220C4 		.ascii	"\200B \304\376\303\235\030\373\256U.\304\374\340\345"
 346      FEC39D18 
 346      FBAE552E 
ARM GAS  C:\Users\Pasquale\AppData\Local\Temp\ccA8mYcc.s 			page 27


 346      C4FCE0E5 
 347 05e2 D94D0E25 		.ascii	"\331M\016%\003e\012ryx\031\203Wp\351\237\014\200\324"
 347      03650A72 
 347      79781983 
 347      5770E99F 
 347      0C80D4
 348 05f5 A8EC39A3 		.ascii	"\250\3549\243S.\366-\315~\250\3461\027\357&SM\231\227"
 348      532EF62D 
 348      CD7EA8E6 
 348      3117EF26 
 348      534D9997 
 349 0609 2BE77AEC 		.ascii	"+\347z\354J\312]$RN\201\307\271\265\206A\330\237\340"
 349      4ACA5D24 
 349      524E81C7 
 349      B9B58641 
 349      D89FE0
 350 061c 4B8BE3F2 		.ascii	"K\213\343\362\375\254t\323<\337\\\322\021\202\007\331"
 350      FDAC74D3 
 350      3CDF5CD2 
 350      118207D9 
 351 062c 0E5A937F 		.ascii	"\016Z\223\177\363\031ZZ&\265\015\302\261\013\037\225"
 351      F3195A5A 
 351      26B50DC2 
 351      B10B1F95 
 352 063c ED1BF2A4 		.ascii	"\355\033\362\2442\364\021=\371r\334K\010?\341\377F~"
 352      32F4113D 
 352      F972DC4B 
 352      083FE1FF 
 352      467E
 353 064e 10A16C7E 		.ascii	"\020\241l~\000\3606\361Kav\306Pu\246\037\336\241\245"
 353      00F036F1 
 353      4B6176C6 
 353      5075A61F 
 353      DEA1A5
 354 0661 50F565CE 		.ascii	"P\365e\316\231\020\031\352\321\233\320M\360!\007g8\331"
 354      991019EA 
 354      D19BD04D 
 354      F0210767 
 354      38D9
 355 0673 5273DD48 		.ascii	"Rs\335H\271\236Hy\024\251\363\326\375)\035.aHO\277\334"
 355      B99E4879 
 355      14A9F3D6 
 355      FD291D2E 
 355      61484FBF 
 356 0688 D3A92075 		.ascii	"\323\251 uMb\027\0249\3556\273\2416{Bm\241P=UM\353\360"
 356      4D621714 
 356      39ED36BB 
 356      A1367B42 
 356      6DA1503D 
 357 06a0 7E86D437 		.ascii	"~\206\3247\260\373\272VFzq\000K\333\000g\001=\224\362"
 357      B0FBBA56 
 357      467A7100 
 357      4BDB0067 
 357      013D94F2 
 358 06b4 DD38F99E 		.ascii	"\3358\371\2368\005\024gO\321\326W\201\270Z\353\363\014"
 358      38051467 
 358      4FD1D657 
ARM GAS  C:\Users\Pasquale\AppData\Local\Temp\ccA8mYcc.s 			page 28


 358      81B85AEB 
 358      F30C
 359 06c6 ADABBB58 		.ascii	"\255\253\273X\215\\\276B\236:swVv\371\271N\376m\314"
 359      8D5CBE42 
 359      9E3A7377 
 359      5676F9B9 
 359      4EFE6DCC 
 360 06da 999A5354 		.ascii	"\231\232ST\300N~\350N\264\2359s\312\372\272\347|\233"
 360      C04E7EE8 
 360      4EB49D39 
 360      73CAFABA 
 360      E77C9B
 361 06ed AC795D75 		.ascii	"\254y]uP\355\340\311AU\304\313\007UQ\307\236\033\244"
 361      50EDE0C9 
 361      4155C4CB 
 361      075551C7 
 361      9E1BA4
 362 0700 903228A4 		.ascii	"\2202(\244\263\324\340\222\004\302\320Vw)[=K\331IK\331"
 362      B3D4E092 
 362      04C2D056 
 362      77295B3D 
 362      4BD9494B 
 363 0715 5DD558AF 		.ascii	"]\325X\257\303'Y)W\217<\334\244\303\255lP\267\373\333"
 363      C3275929 
 363      578F3CDC 
 363      A4C3AD6C 
 363      50B7FBDB 
 364 0729 4B7AC80C 		.ascii	"Kz\310\014\355\"3\251'\265\255\"\010w\260\307\373\016"
 364      ED2233A9 
 364      27B5AD22 
 364      0877B0C7 
 364      FB0E
 365 073b EC71FA93 		.ascii	"\354q\372\223\307%\360\030\355f\211{\323\242\275f\272"
 365      C725F018 
 365      ED66897B 
 365      D3A2BD66 
 365      BA
 366 074c 8D556832 		.ascii	"\215Uh2\240=,\256\364\324p\251\277r:\357e\276\336\364"
 366      A03D2CAE 
 366      F4D470A9 
 366      BF723AEF 
 366      65BEDEF4 
 367 0760 DC89E0B7 		.ascii	"\334\211\340\267\256h\367J~\224\255\271\370a\275\206"
 367      AE68F74A 
 367      7E94ADB9 
 367      F861BD86 
 368 0770 C6FC837F 		.ascii	"\306\374\203\177\213\275\346Cy\205z\334\305\370\307"
 368      8BBDE643 
 368      79857ADC 
 368      C5F8C7
 369 077f F68E1FD4 		.ascii	"\366\216\037\324\021\376\375P\343>\"\006\331\326\373"
 369      11FEFD50 
 369      E33E2206 
 369      D9D6FB
 370 078e 8B9BB4B8 		.ascii	"\213\233\264\270\227ET\357(\357\246\005\034 \031\226"
 370      974554EF 
 370      28EFA605 
ARM GAS  C:\Users\Pasquale\AppData\Local\Temp\ccA8mYcc.s 			page 29


 370      1C201996 
 371 079e 3396AC57 		.ascii	"3\226\254WE\365X--$ K\213\016B\010\252\240\352\226)"
 371      45F5582D 
 371      2D24204B 
 371      8B0E4208 
 371      AAA0EA96 
 372 07b3 EA76551D 		.ascii	"\352vU\035;\247\007u\007\241S&\033\337n\255{ e\347H"
 372      3BA70775 
 372      07A15326 
 372      1BDF6EAD 
 372      7B2065E7 
 373 07c8 D1522626 		.ascii	"\321R&&\221\250X\021"
 373      91A85811 
 374 07d0 1895F21A 		.ascii	"\030\225\362\0322b\257\332!\252m\301\331\362\363\370"
 374      3262AFDA 
 374      21AA6DC1 
 374      D9F2F3F8 
 375 07e0 9DFD5277 		.ascii	"\235\375Rw\033}\203N\266;\341\353\224\247g\322\025\366"
 375      1B7D834E 
 375      B63BE1EB 
 375      94A767D2 
 375      15F6
 376 07f2 E9AADAD9 		.ascii	"\351\252\332\331\211\347\317\220l%\377\016L\3358:\332"
 376      89E7CF90 
 376      6C25FF0E 
 376      4CDD383A 
 376      DA
 377 0803 1EA0DED1 		.ascii	"\036\240\336\321\010\231{G\253\222w\264*\272\243yS}"
 377      08997B47 
 377      AB9277B4 
 377      2ABAA379 
 377      537D
 378 0815 E2DAC842 		.ascii	"\342\332\310Be~\032\314\217{]5\335\244\034\203\225-"
 378      657E1ACC 
 378      8F7B5D35 
 378      DDA41C83 
 378      952D
 379 0827 CD55ECB3 		.ascii	"\315U\354\263\3560t_5\357u\352\032\365T\220\2135\024"
 379      EE30745F 
 379      35EF75EA 
 379      1AF55490 
 379      8B3514
 380 083a 04DE983E 		.ascii	"\004\336\230>\371\234\315\256\205\3315l\366\356\202"
 380      F99CCDAE 
 380      85D9356C 
 380      F6EE82
 381 0849 C2D0EFD3 		.ascii	"\302\320\357\323\267\216\352{\204\352K\007\321\221\221"
 381      B78EEA7B 
 381      84EA4B07 
 381      D19191
 382 0858 51F0675E 		.ascii	"Q\360g^g\211\263\330\0351\277\214\211\262;\242\326\231"
 382      6789B3D8 
 382      1D31BF8C 
 382      89B23BA2 
 382      D699
 383 086a 12A3122D 		.ascii	"\022\243\022-qQ\0161Y0Y\035QV\301*\377\2144\373}\374"
 383      71510E31 
ARM GAS  C:\Users\Pasquale\AppData\Local\Temp\ccA8mYcc.s 			page 30


 383      5930591D 
 383      5156C12A 
 383      FF8C34FB 
 384 0880 BB4FC256 		.ascii	"\273O\302V\304\304p\376Fc\212\305&\376\302(&\230\177"
 384      C4C470FE 
 384      46638AC5 
 384      26FEC228 
 384      26987F
 385 0893 154B011C 		.ascii	"\025K\001\034bJ\274\305\036+\332\355\211\216\330\265"
 385      624ABCC5 
 385      1E2BDAED 
 385      898ED8B5 
 386 08a3 B69430FA 		.ascii	"\266\2240\372+\314\224l\015\023\254qB|\274\020\037\273"
 386      2BCC946C 
 386      0D13AC71 
 386      427CBC10 
 386      1FBB
 387 08b5 3C323A6C 		.ascii	"<2:lYt\314\362\277~\020\013\376\367lv\233\360\236`\212"
 387      5974CCF2 
 387      BF7E100B 
 387      FEF76C76 
 387      9BF09E60 
 388 08ca B3C45A6C 		.ascii	"\263\304Zl\346\304\224x!\326j\002,\233\020k\214\027"
 388      E6C49478 
 388      21D66A02 
 388      2C9B106B 
 388      8C17
 389 08dc 124C2989 		.ascii	"\022L)\211\242Q\\\237$8\"\327qz\231\356O?*\235c\275"
 389      A2515C9F 
 389      243822D7 
 389      717A99EE 
 389      4F3F2A9D 
 390 08f2 23D6E810 		.ascii	"#\326\350\020\343\001\0338t\016\313\337\005\243\030"
 390      E3011B38 
 390      740ECBDF 
 390      05A318
 391 0901 FF7F5280 		.ascii	"\377\177R\200h\261k\315f\017\252\345\221\313\"c\334"
 391      68B16BCD 
 391      660FAAE5 
 391      91CB2263 
 391      DC
 392 0912 8422CC4A 		.ascii	"\204\"\314J\000.,\330\035\032\302\247\213KIH\020\222"
 392      002E2CD8 
 392      1D1AC2A7 
 392      8B4B4948 
 392      1092
 393 0924 F1DFAC22 		.ascii	"\361\337\254\"NJ\021AXH\346\375eFQ/\337\265V\307Z\243"
 393      4E4A1141 
 393      5848E6FD 
 393      6546512F 
 393      DFB556C7 
 394 093a F891B7A5 		.ascii	"\370\221\267\2452\333\255V\273-*\311\236,:\242~\375"
 394      32DBAD56 
 394      BB2D2AC9 
 394      9E2C3AA2 
 394      7EFD
 395 094c 87952B56 		.ascii	"\207\225+V~A|I\226D!\331\021\365\361\212\025\020\257"
ARM GAS  C:\Users\Pasquale\AppData\Local\Temp\ccA8mYcc.s 			page 31


 395      7E417C49 
 395      964421D9 
 395      11F5F18A 
 395      1510AF
 396 095f 08A88125 		.ascii	"\010\250\201%\214\327~\236l\021\205\020\213\315!\232"
 396      8CD77E9E 
 396      6C118510 
 396      8BCD219A 
 397 096f 6C66C168 		.ascii	"lf\301hOHp\010\242a\245`]E\227\370\323\225\177\304k"
 397      4F487008 
 397      A261A560 
 397      5D4597F8 
 397      D3957FC4 
 398 0984 0531E607 		.ascii	"\0051\346\007\366\005H\347F\262'\257g`\032#\324\363"
 398      F60548E7 
 398      46B227AF 
 398      67601A23 
 398      D4F3
 399 0996 43A1CC9C 		.ascii	"C\241\314\234\306\010\031\350\214$]\207\336H\023v\030"
 399      C60819E8 
 399      8C245D87 
 399      DE481376 
 399      18
 400 09a7 AC8EDFC7 		.ascii	"\254\216\337\307}&\230\305\337\332,\242\016\302\315"
 400      7D2698C5 
 400      DFDA2CA2 
 400      0EC2CD
 401 09b6 49EB3589 		.ascii	"I\3535\211\202)Ao\263\213\353\222\355\237\243\030}\202"
 401      8229416F 
 401      B38BEB92 
 401      ED9FA318 
 401      7D82
 402 09c8 2DCC9124 		.ascii	"-\314\221$\230\301c\263\245$&~\372\3436\212\230l\261"
 402      98C163B3 
 402      A524267E 
 402      FAE3368A 
 402      986CB1
 403 09db AD8542FF 		.ascii	"\255\205B\377\003\340\212\226\016"
 403      03E08A96 
 403      0E
 404              		.text
 405              		.section	.gnu.lto_.symtab.e992a377,"",%progbits
 406 0000 6D734F62 		.ascii	"msObjectInit\000"
 406      6A656374 
 406      496E6974 
 406      00
 407 000d 00       		.ascii	"\000"
 408 000e 00       		.ascii	"\000"
 409 000f 00       		.ascii	"\000"
 410 0010 00000000 		.ascii	"\000\000\000\000\000\000\000\000"
 410      00000000 
 411 0018 18010000 		.ascii	"\030\001\000\000"
 412              		.text
 413              		.section	.gnu.lto_.opts,"",%progbits
 414 0000 272D666D 		.ascii	"'-fmath-errno' '-fsigned-zeros' '-ftrapping-math' '"
 414      6174682D 
 414      6572726E 
ARM GAS  C:\Users\Pasquale\AppData\Local\Temp\ccA8mYcc.s 			page 32


 414      6F272027 
 414      2D667369 
 415 0033 2D666E6F 		.ascii	"-fno-trapv' '-fno-openmp' '-fno-openacc' '-mcpu=cor"
 415      2D747261 
 415      70762720 
 415      272D666E 
 415      6F2D6F70 
 416 0066 7465782D 		.ascii	"tex-m4' '-mthumb' '-O2' '-fomit-frame-pointer' '-fa"
 416      6D342720 
 416      272D6D74 
 416      68756D62 
 416      2720272D 
 417 0099 6C69676E 		.ascii	"lign-functions=16' '-ffunction-sections' '-fdata-se"
 417      2D66756E 
 417      6374696F 
 417      6E733D31 
 417      36272027 
 418 00cc 6374696F 		.ascii	"ctions' '-fno-common' '-flto'\000"
 418      6E732720 
 418      272D666E 
 418      6F2D636F 
 418      6D6D6F6E 
 419              		.text
 420              		.comm	__gnu_lto_v1,1,1
 421              		.comm	__gnu_lto_slim,1,1
 422              		.ident	"GCC: (GNU Tools for Arm Embedded Processors 7-2017-q4-major) 7.2.1 20170904 (release) [ARM
ARM GAS  C:\Users\Pasquale\AppData\Local\Temp\ccA8mYcc.s 			page 33


DEFINED SYMBOLS
                            *ABS*:00000000 memstreams.c
                            *COM*:00000001 __gnu_lto_v1
                            *COM*:00000001 __gnu_lto_slim

NO UNDEFINED SYMBOLS
