ARM GAS  C:\Users\Pasquale\AppData\Local\Temp\ccvcL0Ok.s 			page 1


   1              		.cpu cortex-m4
   2              		.eabi_attribute 20, 1
   3              		.eabi_attribute 21, 1
   4              		.eabi_attribute 23, 3
   5              		.eabi_attribute 24, 1
   6              		.eabi_attribute 25, 1
   7              		.eabi_attribute 26, 1
   8              		.eabi_attribute 30, 2
   9              		.eabi_attribute 34, 1
  10              		.eabi_attribute 18, 4
  11              		.file	"nullstreams.c"
  12              		.section	.gnu.lto_.profile.e992f48a,"",%progbits
  13 0000 789C6363 		.ascii	"x\234cc```\001bF\006n6\000\000\224\000\035"
  13      60606001 
  13      6246066E 
  13      36000094 
  13      001D
  14              		.text
  15              		.section	.gnu.lto_.icf.e992f48a,"",%progbits
  16 0000 789C6363 		.ascii	"x\234cc``Pe@\0006\206\316\336O\235\354\214\353\316o"
  16      60605065 
  16      40003686 
  16      CEDE4F9D 
  16      EC8CEBCE 
  17 0015 DCCEC174 		.ascii	"\334\316\301t\364\335\216\375|\314\353\036|lgfYpo[\005"
  17      F4DD8EFD 
  17      7CCCEB1E 
  17      7C6C6766 
  17      59706F5B 
  18 002a EBDADF3F 		.ascii	"\353\332\337?\277p1\000\000O5\022R"
  18      BF703100 
  18      004F3512 
  18      52
  19              		.text
  20              		.section	.gnu.lto_.jmpfuncs.e992f48a,"",%progbits
  21 0000 789C458A 		.ascii	"x\234E\212\201\011\000 \014\303\322u\372\230\207\371"
  21      81090020 
  21      0CC3D275 
  21      FA9887F9 
  22 0010 C88E7582 		.ascii	"\310\216u\202`!PB&\260\370\033XRR\246\321.\207\256\341"
  22      60215042 
  22      26B0F81B 
  22      585252A6 
  22      D12E87AE 
  23 0025 193711F1 		.ascii	"\0317\021\361E\372\375\354\252\363\301\001\013\251\007"
  23      45FAFDEC 
  23      AAF3C101 
  23      0BA907
  24 0034 B7       		.ascii	"\267"
  25              		.text
  26              		.section	.gnu.lto_.inline.e992f48a,"",%progbits
  27 0000 789C6363 		.ascii	"x\234cc``\210e@\000V\006\006f&F\006& \223m\201<\210"
  27      60608865 
  27      40005606 
  27      06662646 
  27      06262093 
  28 0018 6260C410 		.ascii	"b`\304\020a\302\020a\306\020aa`a\006\2120\276`g`\357"
ARM GAS  C:\Users\Pasquale\AppData\Local\Temp\ccvcL0Ok.s 			page 2


  28      61C21061 
  28      C6106161 
  28      6061068A 
  28      30BE6067 
  29 002e 50070B31 		.ascii	"P\007\0131\000\000\355\016\005a"
  29      0000ED0E 
  29      0561
  30              		.text
  31              		.section	.gnu.lto_.pureconst.e992f48a,"",%progbits
  32 0000 789C6363 		.ascii	"x\234cc``\340\006bV\006\006F\006&\006f\006\026)\000"
  32      6060E006 
  32      62560606 
  32      46062606 
  32      66061629 
  33 0015 01A3003B 		.ascii	"\001\243\000;"
  34              		.text
  35              		.section	.gnu.lto_writes.e992f48a,"",%progbits
  36 0000 789C5D90 		.ascii	"x\234]\220\317K\002A\024\307\337\233Y\177\004\345?\220"
  36      CF4B0241 
  36      14C7DF9B 
  36      597F04E5 
  36      3F90
  37 0012 870E8178 		.ascii	"\207\016\201xq1\010\212\352\336_\021\250\004.l*m\235"
  37      7131088A 
  37      EADE5F11 
  37      A8042E6C 
  37      2A6D9D
  38 0025 9DB4A8B0 		.ascii	"\235\264\250\260\203\221\031\310\036\012\221=t\250\310"
  38      839119C8 
  38      1E0A913D 
  38      74A8C8
  39 0034 7E59873D 		.ascii	"~Y\207=u\011\2032\351^B\207D\350\320\251\262\336,\036"
  39      75098332 
  39      E95E4287 
  39      44E8D0A9 
  39      B2DE2C1E 
  40 0048 429861BE 		.ascii	"B\230a\276o\346\363\231a\236\033\000\346\020`\232\326"
  40      6FE6F399 
  40      619E1B00 
  40      E610609A 
  40      D6
  41 0059 619AC801 		.ascii	"a\232\310\001Y\376\036`\305\313\020e\020^\2044\3034"
  41      59FE1E60 
  41      C5CB1065 
  41      105E8434 
  41      C334
  42 006b 6EF102C7 		.ascii	"n\361\002\307\207\325c\223\347\270I\230B\345G\275\364"
  42      87D56393 
  42      E7B84998 
  42      42E547BD 
  42      F4
  43 007c EA9325E2 		.ascii	"\352\223%\342\010\225\355\316mu0h\011\221\021\366^m"
  43      0895EDCE 
  43      6D753068 
  43      099111F6 
  43      5E6D
  44 008e E620BB36 		.ascii	"\346 \2736kr\006E\242\253\350\307S\364\313'\3160Hl\243"
ARM GAS  C:\Users\Pasquale\AppData\Local\Temp\ccvcL0Ok.s 			page 3


  44      6B720645 
  44      A2ABE8C7 
  44      53F4CB27 
  44      CE30486C 
  45 00a3 DECC7BF8 		.ascii	"\336\314{\3708\002\345\235\317w\233\005*\216\327*s1"
  45      3802E59D 
  45      CF779B05 
  45      2A8ED72A 
  45      7331
  46 00b5 6A728EE7 		.ascii	"jr\216\347\310\377\213\264\005x\201\001\302\277r\315"
  46      C8FF8BB4 
  46      05788101 
  46      C2BF72CD 
  47 00c5 E2009F70 		.ascii	"\342\000\237p\324\3557\253\213=\365\273\342\250\012"
  47      D4ED37AB 
  47      8B3DF5BB 
  47      E2A80A
  48 00d4 5EF6AB0A 		.ascii	"^\366\253\012\340\225\243\376\210B\321\307\247\034\265"
  48      E095A3FE 
  48      8842D1C7 
  48      A71CB5
  49 00e3 7557CE7B 		.ascii	"uW\316{z\352\223\345\250\014k\375*\003\274\306\200\344"
  49      7AEA93E5 
  49      A80C6BFD 
  49      2A03BCC6 
  49      80E4
  50 00f5 5F4EBABB 		.ascii	"_N\272\273CnE~\207~q\203n\240\306\301\321\243\313\026"
  50      436E457E 
  50      877E7183 
  50      6EA0C6C1 
  50      D1A3CB16 
  51 0109 DDDF7561 		.ascii	"\335\337ua\267-|vQ'\034\0366\210\242\376\011\0336\351"
  51      B72D7C76 
  51      51271C1E 
  51      3688A2FE 
  51      091B36E9 
  52 011d 0E4A591B 		.ascii	"\016JY\033:\230\331?l\240tK\\\312D\241<c\000c\241\220"
  52      3A98D93F 
  52      6CA0744B 
  52      5CCA44A1 
  52      3C630063 
  53 0133 4A2316D7 		.ascii	"J#\026\327\242Z\322\010O\206\325\244\241\306#\272\252"
  53      A25AD208 
  53      4F86D5A4 
  53      A1C623BA 
  53      AA
  54 0144 6B51D558 		.ascii	"kQ\325XZ\234\217,\030jbY\327{9\024\003\246\245X4\205"
  54      5A9C8F2C 
  54      186A6259 
  54      D77B3914 
  54      03A6A558 
  55 015a 893F5284 		.ascii	"\211?R\204\205\026"
  55      8516
  56              		.text
  57              		.section	.gnu.lto_reads.e992f48a,"",%progbits
  58 0000 789C5D90 		.ascii	"x\234]\220\315KBA\024\305\357\231\361+(\377\201\\\264"
  58      CD4B4241 
ARM GAS  C:\Users\Pasquale\AppData\Local\Temp\ccvcL0Ok.s 			page 4


  58      14C5EF99 
  58      F12B28FF 
  58      815CB4
  59 0013 08C48D0F 		.ascii	"\010\304\215\017\203\240\250\366\375\033*\201\202\251"
  59      83A0A8F6 
  59      FD1B2A81 
  59      82A9
  60 0021 64AD9D34 		.ascii	"d\255\2354\251\260\205Q\031\204\213B\264eE\337_\360"
  60      A9B08551 
  60      19848B42 
  60      B46545DF 
  60      5FF0
  61 0033 88681316 		.ascii	"\210h\023\026%n\242U\005-\012#\250ED\326}\017\203\010"
  61      256EA255 
  61      052D0A23 
  61      A84544D6 
  61      7D0F8308 
  62 0047 66987367 		.ascii	"f\230sg\316o.\367\330\210(\004\242~>\333yC\022D\356"
  62      CE6F2EF7 
  62      D8882804 
  62      A27E3EDB 
  62      79431244 
  63 005c 8268DC21 		.ascii	"\202h\334!\000C(\007()\220\304\214\234\227\270\232X"
  63      00432807 
  63      282990C4 
  63      8C9C97B8 
  63      9A58
  64 006e 2FC8AC2C 		.ascii	"/\310\254,\260\315\302\345ke\351\336i\224@\007\227\317"
  64      B0CDC2E5 
  64      6B65E9DE 
  64      69944007 
  64      97CF
  65 0080 F5B3AD56 		.ascii	"\365\263\255V\317\252R)\245/\336\014\254\2443\203\005"
  65      CFAA5229 
  65      A52FDE0C 
  65      ACA43383 
  65      05
  66 0091 2928CFEE 		.ascii	")(\317\356-\270\260\011\227\321b\033\036\366V+\265\234"
  66      2DB8B009 
  66      97D1621B 
  66      1EF6562B 
  66      B59C
  67 00a3 5D768358 		.ascii	"]v\203X\317\275?\351\302]2\271\333\242T\235\005)\261"
  67      CFBD3FE9 
  67      C25D32B9 
  67      DBA2549D 
  67      0529B1
  68 00b6 03F917E4 		.ascii	"\003\371\027\344+\302.\334l\377\314\326\362-\262\307"
  68      2BC22EDC 
  68      6CFFCCD6 
  68      F22DB2C7 
  69 00c6 44671F57 		.ascii	"Dg\037W\033h\242\247%\023\265`\357?j!\354\233\350\227"
  69      1B68A2A7 
  69      2513B560 
  69      EF3F6A21 
  69      EC9BE897 
  70 00da 9ACF3B65 		.ascii	"\232\317;e\237\211>\234\027s\366\337\256e\023\0258\370"
ARM GAS  C:\Users\Pasquale\AppData\Local\Temp\ccvcL0Ok.s 			page 5


  70      9F893E9C 
  70      1773F6DF 
  70      AE651315 
  70      38F8
  71 00ec 8F0AC221 		.ascii	"\217\012\302!\334\206\377n\243\261\320f\263\030\343"
  71      DC86FF6E 
  71      A3B1D066 
  71      B318E3
  72 00fb F01447B0 		.ascii	"\360\024G\260\021\007Gk\327V]5\276'\225\376V\306\207"
  72      1107476B 
  72      D7565D35 
  72      BE2795FE 
  72      56C687
  73 010e 55104DF1 		.ascii	"U\020M\361;'\247t\232f\232UZ\247:R\313/U\030\024\377"
  73      3B27A774 
  73      9A669A55 
  73      5AA73A52 
  73      CB2F5518 
  74 0124 94CF9C5C 		.ascii	"\224\317\234\\\332\215\330\004\010\307f*L\301\3602\337"
  74      DA8DD804 
  74      08C7662A 
  74      4CC1F032 
  74      DF
  75 0135 E5F56ABC 		.ascii	"\345\365j\274\202\241p \034K\370z}Z,\241\205\374\021"
  75      82A17020 
  75      1C4BF87A 
  75      7D5A2CA1 
  75      85FC11
  76 0148 2D120E68 		.ascii	"-\022\016h\211\321\221!\377pB\213\216E\"M\355\015\222"
  76      89D19121 
  76      FF70428B 
  76      8E45224D 
  76      ED0D92
  77 015b 08C74520 		.ascii	"\010\307E \216\350\017E\241\211E"
  77      8EE80F45 
  77      A18945
  78              		.text
  79              		.section	.gnu.lto_put.e992f48a,"",%progbits
  80 0000 789C4D8F 		.ascii	"x\234M\217\273J\003A\024\206\317\277\263&)\324\007\320"
  80      BB4A0341 
  80      1486CFBF 
  80      B32629D4 
  80      07D0
  81 0012 14164208 		.ascii	"\024\026B\010B\326(\202y\001\3615\222 da5\342j\2351"
  81      42D62882 
  81      7901F135 
  81      92206461 
  81      35E26A9D 
  82 0027 172F9822 		.ascii	"\027/\230\"\240F\224-\024\015\202M\024\3577X$\205 Q"
  82      A046942D 
  82      140D824D 
  82      14EF3758 
  82      24852051 
  83 003b 547C012F 		.ascii	"T|\001/\225 Xh\025\242g\242\202\303\014\363\237\231"
  83      95205868 
  83      15A267A2 
  83      82C30CF3 
ARM GAS  C:\Users\Pasquale\AppData\Local\Temp\ccvcL0Ok.s 			page 6


  83      9F99
  84 004d FF9B39BF 		.ascii	"\377\2339\277\207\210\272@\024\341\275\235\027\004A"
  84      8788BA40 
  84      14E1BD9D 
  84      170441
  85 005c 2B5C134D 		.ascii	"+\\\023M\3724@\011\351\003\2454\244\220\027\013\002"
  85      FA344009 
  85      E903A534 
  85      A490170B 
  85      02
  86 006d B7D96D47 		.ascii	"\267\331mG\314\011\207m:\227\357\325\225\247VU\002\035"
  86      CC09876D 
  86      3A97EFD5 
  86      95A75655 
  86      021D
  87 007f 5C96CE33 		.ascii	"\\\226\3163g\010nJ\036\356R-\262\226\311\015:B\243\""
  87      67086E4A 
  87      1EEE522D 
  87      B296C90D 
  87      3A42A322 
  88 0093 BBF7E0C7 		.ascii	"\273\367\340\307.\374\352\213}\004\331{_}(xE\037\210"
  88      2EFCEA8B 
  88      7D04D97B 
  88      5F7D2878 
  88      451F88
  89 00a6 F5FCC7AB 		.ascii	"\365\374\307\253\253\005JR\246\245[Y\027\262\323\021"
  89      AB054A52 
  89      A6A55B59 
  89      17B2D311 
  90 00b6 020710FF 		.ascii	"\002\007\020\377A>\"\034\"\300vgj\353E\210\376\006z"
  90      413E221C 
  90      22C07667 
  90      6AEB4588 
  90      FE067A
  91 00c9 F57959F9 		.ascii	"\365yY\371C\237\263B6;B\307\321\017\332\353G\267\002"
  91      439FB342 
  91      363B42C7 
  91      D10FDAEB 
  91      47B702
  92 00dc 75C23102 		.ascii	"u\3021\002\312\375\270S_l\361\350\252#n\344\004\036"
  92      CAFDB853 
  92      5F6CF1E8 
  92      AA236EE4 
  92      041E
  93 00ee E2EC54BE 		.ascii	"\342\354T\276kre\375kZ\272\265\015,\017hD3|\317\341"
  93      6B7265FD 
  93      6B5ABAB5 
  93      0D2C0F68 
  93      44337CCF 
  94 0103 A54BB3DC 		.ascii	"\245K\263\334?\253\214KoH\257\226\363m\212\342\227\212"
  94      3FAB8C4B 
  94      6F48AF96 
  94      F36D8AE2 
  94      978A
  95 0115 B98B1BAF 		.ascii	"\271\213\033\257J\256\201p\332\010\306\024\224\227\371"
  95      4AAE8170 
  95      DA08C614 
ARM GAS  C:\Users\Pasquale\AppData\Local\Temp\ccvcL0Ok.s 			page 7


  95      9497F9
  96 0124 9E50C8E0 		.ascii	"\236P\310\340\031O\23013i\207#a#i\033\211\250eXf\314"
  96      194F9831 
  96      33698723 
  96      6123691B 
  96      89A86558 
  97 013a B0C7C786 		.ascii	"\260\307\307\206\242\303\26612aY\277:\024'\315\034E"
  97      A2C3B631 
  97      326159BF 
  97      3A1427CD 
  97      1C45
  98 014c EC1B627E 		.ascii	"\354\033b~s\305"
  98      73C5
  99              		.text
 100              		.section	.gnu.lto_get.e992f48a,"",%progbits
 101 0000 789C4D4F 		.ascii	"x\234MOMKBA\024\275g\346\3652\242~@\271p\021\210\233"
 101      4D4B4241 
 101      14BD67E6 
 101      F532A27E 
 101      40B97011 
 102 0016 371844F4 		.ascii	"7\030D\364\007\372\037*\201\017^\031\275Z;iP\221\013"
 102      07FA1F2A 
 102      810F5E19 
 102      BD5A3B69 
 102      50910B
 103 0029 A12F8847 		.ascii	"\241/\210G\004\"-+\263,(\230\240\255\321\007\355\243"
 103      04222D2B 
 103      B32C2898 
 103      A0ADD107 
 103      EDA3
 104 003b DA098144 		.ascii	"\332\011\201D[\353N\264h\230\013\347\314\234s\356\275"
 104      5BEB4EB4 
 104      68980BE7 
 104      CC9C73EE 
 104      BD
 105 004c 2E117D72 		.ascii	".\021}rMr\215rA\022D\365\216h9&\000\013t\014T\024(\242"
 105      4D728D72 
 105      411244F5 
 105      8E683926 
 105      000B740C 
 106 0064 22B7241E 		.ascii	"\"\267$\036V\216#\271!#\2269L\273\355\275\267aK\201"
 106      568E23B9 
 106      21239639 
 106      4CBBEDBD 
 106      B7614B81 
 107 0078 04D3FA75 		.ascii	"\004\323\372u\371\012\251C\315\307\354F\356~\363^\017"
 107      F90AA943 
 107      CDC7EC46 
 107      EE7EF35E 
 107      0F
 108 0089 4452D00E 		.ascii	"DR\320\016\313\233\210\343\024q\333\343\014)\026?\265"
 108      CB9B88E3 
 108      1471DBE3 
 108      0C29163F 
 108      B5
 109 009a 9FABFD72 		.ascii	"\237\253\375r\002\304x\363\253cD\262\256uI\233\333\232"
 109      02C478F3 
ARM GAS  C:\Users\Pasquale\AppData\Local\Temp\ccvcL0Ok.s 			page 8


 109      AB6344B2 
 109      AE75499B 
 109      DB9A
 110 00ac D4639194 		.ascii	"\324c\221\2248\207\374o\344'B\013I\253\177=\351m\017"
 110      3887FC6F 
 110      E427420B 
 110      49AB7F3D 
 110      E96D0F
 111 00bf B98E0DE6 		.ascii	"\271\216\015\346\274\013\270\004\006G\217}F\367\276"
 111      BC0BB804 
 111      06478F7D 
 111      46F7BE
 112 00ce 57B579AF 		.ascii	"W\265y\257\2415-\210\326\370\237\227\320\206\326y\014"
 112      A1352D88 
 112      D6F89F97 
 112      D086D679 
 112      0C
 113 00df 4665431F 		.ascii	"FeC\037(\035t*#\326\305I7/\215\356\240\335@\300\301"
 113      281D742A 
 113      23D6C549 
 113      372F8DEE 
 113      A0DD40C0 
 114 00f4 E5EF7CEC 		.ascii	"\345\357|\354\202\325\262\177\334\363\024\337\\\336"
 114      82D5B27F 
 114      DCF314DF 
 114      5CDE
 115 0102 CFFA8530 		.ascii	"\317\372\2050=\225V\205P\3453\201\012\374\254\012\027"
 115      3D955685 
 115      50E53381 
 115      0AFCAC0A 
 115      17
 116 0113 176632B3 		.ascii	"\027f2\263\241\232[\012\202?\354\345H\370\363?8\267"
 116      A19A5B0A 
 116      823FECE5 
 116      48F8F33F 
 116      38B7
 117 0125 641A     		.ascii	"d\032"
 118              		.text
 119              		.section	.gnu.lto_nullObjectInit.e992f48a,"",%progbits
 120 0000 789C4D50 		.ascii	"x\234MPMK[A\024\275\347\335\227\327`P\272\024u\221\205"
 120      4D4B5B41 
 120      14BDE7DD 
 120      97D76050 
 120      BA147591 
 121 0015 10DCE461 		.ascii	"\020\334\344a\241\320\376\001\377\207\021\301@\214\342"
 121      A1D0FE01 
 121      FF8711C1 
 121      408CE2
 122 0024 B39B6E32 		.ascii	"\263\233n2&\306\244\330\202\013cE\237\362\012)u\023"
 122      26C6A4D8 
 122      820B6345 
 122      9FF20A29 
 122      7513
 123 0036 5ABF4D6B 		.ascii	"Z\277Mk\233G\026\256\264%\342\302\225\213\012-\024m"
 123      9B4716AE 
 123      B425E2C2 
 123      958B0A2D 
ARM GAS  C:\Users\Pasquale\AppData\Local\Temp\ccvcL0Ok.s 			page 9


 123      146D
 124 0048 150BC580 		.ascii	"\025\013\305\200\037wR\027^f\230{g\316\234{\316\265"
 124      1F775217 
 124      5E66987B 
 124      67CE9C7B 
 124      CEB5
 125 005a 88A800A2 		.ascii	"\210\250\000\242'r\266\313\006\023\214\251\257DcA\003"
 125      2772B6CB 
 125      06138CA9 
 125      AF446341 
 125      03
 126 006b D0890A82 		.ascii	"\320\211\012\202R\006Rx\311\323\214j\356G\331\350z\247"
 126      52065278 
 126      C9D38C6A 
 126      EE47D9E8 
 126      7AA7
 127 007d 24FCD767 		.ascii	"$\374\327g\326\204\312\266\272L4#[\007V\321%\250\332"
 127      D684CAB6 
 127      BA4C3423 
 127      5B0756D1 
 127      25A8DA
 128 0090 F8079727 		.ascii	"\370\007\227'\331e\300\224\362|o\356\270E\227\006\302"
 128      D965C094 
 128      F27C6FEE 
 128      B8459706 
 128      C2
 129 00a1 52FE7CB3 		.ascii	"R\376|\263rb\362c\220\344\013K\265\371\246\310[\245"
 129      7262F263 
 129      90E40B4B 
 129      B5F9A6C8 
 129      5BA5
 130 00b3 D2CADF2D 		.ascii	"\322\312\337-\262\352t\231\261\001\026B\254\243\003"
 130      B2EA7499 
 130      B1011642 
 130      ACA303
 131 00c2 6BE820B9 		.ascii	"k\350 \271\"l\"\242\361\337\227\257\013\315\226\371"
 131      226C22A2 
 131      F1DF97AF 
 131      0BCD96F9 
 132 00d2 BF21B660 		.ascii	"\277!\266`\221\210\247\367\373\001_]\337\344\224\377"
 132      9188A7F7 
 132      FB015F5D 
 132      DFE494FF 
 133 00e2 B7887F3D 		.ascii	"\267\210\177=\246H\327x\312\013J<(\237^\260\241\263"
 133      A648D778 
 133      CA0B4A3C 
 133      289F5EB0 
 133      A1B3
 134 00f4 8C4FBF90 		.ascii	"\214O\277\220\256\347J\233\303\372\263\020\316d\253"
 134      AEE74A9B 
 134      C3FAB310 
 134      CE64AB
 135 0103 DF1E686D 		.ascii	"\337\036hm\334\320\263]\335\333\261<,\216\211A\257\315"
 135      DCD0B35D 
 135      DDDBB13C 
 135      2C8E8941 
 135      AFCD
ARM GAS  C:\Users\Pasquale\AppData\Local\Temp\ccvcL0Ok.s 			page 10


 136 0115 65734E44 		.ascii	"esND\227E\204~<\310\035\036\205\354\2226\037v9\200\217"
 136      9745847E 
 136      3CC81D1E 
 136      85EC9236 
 136      1F763980 
 137 012a F0506838 		.ascii	"\360Ph8\307'\330\367\311\002\015\262L\275r\321\222\272"
 137      C727D8F7 
 137      C9020DB2 
 137      4CBD72D1 
 137      92BA
 138 013c 5232A280 		.ascii	"R2\242\200\247qrwY;\315\207t\203\207.[\370,s\335\276"
 138      A7717277 
 138      593BCD87 
 138      7483872E 
 138      5BF82C73 
 139 0152 63CF1457 		.ascii	"c\317\024W\263\020\364\254t~\256)\276\010\275PW\220"
 139      B310F4AC 
 139      747EAE29 
 139      BE08BD50 
 139      5790
 140 0164 A2DF487B 		.ascii	"\242\337H{\177^\241aXG^\324\212\035\203\350Q4j\313\352"
 140      7F5EA161 
 140      58475ED4 
 140      8A1D83E8 
 140      51346ACB 
 141 0179 1B88C7E2 		.ascii	"\033\210\307\342CN\367\323n{\310\261\007z\023v\"\036"
 141      434EF7D3 
 141      6E7BC8B1 
 141      077A1376 
 141      221E
 142 018b B39DD191 		.ascii	"\263\235\321\221\376\336A\307N>K$\356\362h\037q\322"
 142      FEDE41C7 
 142      4E3E4B24 
 142      EEF2681F 
 142      71D2
 143 019d 19BE0542 		.ascii	"\031\276\005B\200\232\002"
 143      809A02
 144              		.text
 145              		.section	.gnu.lto_vmt.e992f48a,"",%progbits
 146 0000 789C6363 		.ascii	"x\234cc``\330\000\304&\014\0200\205\231q\347\3167\267"
 146      6060D800 
 146      C4260C10 
 146      30859971 
 146      E7CE37B7 
 147 0014 D9EBFF36 		.ascii	"\331\353\3776t44<\350\236\313<\223y\0163\3034f\014\271"
 147      7434343C 
 147      E89ECB3C 
 147      93790E33 
 147      C334660C 
 148 0029 059B78E6 		.ascii	"\005\233x\34603Ncf\304\220\370\006\324\3014\215\231"
 148      30334E63 
 148      66C490F8 
 148      06D4C134 
 148      8D99
 149 003b 0943621B 		.ascii	"\011Cb\033P\202y\03233Xb\375\233\235?y\273\201\",\214"
 149      5082791A 
 149      33335862 
ARM GAS  C:\Users\Pasquale\AppData\Local\Temp\ccvcL0Ok.s 			page 11


 149      FD9B9D3F 
 149      79BB8122 
 150 0051 20EED9FB 		.ascii	" \356\331\373s\2370Ylk\350X\320\0200\207\231u*3\003"
 150      739F3059 
 150      6C6BE858 
 150      D0103087 
 150      99752A33 
 151 0066 E3764699 		.ascii	"\343vF\231\251\314\214\214\333\030\353\247231n\005Q"
 151      A9CC8C8C 
 151      DB18EBA7 
 151      3233316E 
 151      0551
 152 0078 CC8C5B40 		.ascii	"\314\214[@\024\013\343f\306z\006\306\035\214\026\014"
 152      140BE366 
 152      C67A06C6 
 152      1D8C160C 
 153 0088 467A7AFA 		.ascii	"Fzz\372@\224\234\221\231\224\231_lhi\250\237_\254\237"
 153      40949C91 
 153      9994995F 
 153      6C6869A8 
 153      9F5FAC9F 
 154 009c 9198A39F 		.ascii	"\221\230\243\237\223\231\244_\\R\224\232\230[\254\237"
 154      9399A45F 
 154      5C52949A 
 154      985BAC9F 
 155 00ac 579A9303 		.ascii	"W\232\223\003e\353%3\000\000\277\231R\031"
 155      65EB2533 
 155      0000BF99 
 155      5219
 156              		.text
 157              		.section	.gnu.lto_.symbol_nodes.e992f48a,"",%progbits
 158 0000 789C6363 		.ascii	"x\234cc``\310\005b\006\246\023L\365\014\014\023\316"
 158      6060C805 
 158      6206A613 
 158      4CF50C0C 
 158      13CE
 159 0012 313000A9 		.ascii	"10\000\251\035\013\0166\260\001\305N2\3253\242\213\235"
 159      1D0B0E36 
 159      B001C54E 
 159      32D533A2 
 159      8B9D
 160 0024 62AA6742 		.ascii	"b\252gB\027;\315T\317\214.v\226\251\236\005&\266\253"
 160      173BCD54 
 160      CF8C2E76 
 160      96A99E05 
 160      26B6AB
 161 0037 C1918181 		.ascii	"\301\221\201\201\365\014\023C\203\022\003\0033\003\000"
 161      F50C1343 
 161      83120303 
 161      330300
 162 0046 D2131DC0 		.ascii	"\322\023\035\300"
 163              		.text
 164              		.section	.gnu.lto_.refs.e992f48a,"",%progbits
 165 0000 789C6363 		.ascii	"x\234cc``\020\000bF\026&VF\026V&\006&F&&&f\006\000\003"
 165      60601000 
 165      62461626 
 165      56461656 
ARM GAS  C:\Users\Pasquale\AppData\Local\Temp\ccvcL0Ok.s 			page 12


 165      26062646 
 166 001b 3F003B   		.ascii	"?\000;"
 167              		.text
 168              		.section	.gnu.lto_.decls.e992f48a,"",%progbits
 169 0000 789CAD56 		.ascii	"x\234\255V}L[\327\025\177\347]\177\20018*Q\233IhB\021"
 169      7D4C5BD7 
 169      157FE75D 
 169      7F803138 
 169      2A519B49 
 170 0017 95F8A776 		.ascii	"\225\370\247v\240U\263M\233\264)\177t\373#\235\264n"
 170      A055B34D 
 170      9BB4297F 
 170      74FB239D 
 170      B46E
 171 0029 93D0ACB9 		.ascii	"\223\320\254\271`\233\304\225?2\336ck\367\327\013\001"
 171      609BC495 
 171      3F32DE63 
 171      6BF7D70B 
 171      01
 172 003a E2902F68 		.ascii	"\342\220/h\332\225\244E\215H\232\206%\260fqB\363EHJ"
 172      DA95A445 
 172      8D489A86 
 172      25B06671 
 172      42F34548 
 173 004f 6906A1A1 		.ascii	"i\006\241\241$!i\371lJJ\2322>\022\212\013$\361\316\275"
 173      242169F9 
 173      6C4A4A9A 
 173      323E128A 
 173      0B24F1CE 
 174 0064 F7D97E76 		.ascii	"\367\331~vmM\235v\345\363\236\357y\347\234\337\357\236"
 174      6D4D9D76 
 174      E5F39EEF 
 174      79E79CDF 
 174      EF9E
 175 0076 7BEE79CF 		.ascii	"{\356y\317 \010\202\305,\010\215\242 \\\003A\210\340"
 175      200882C5 
 175      2C088DA2 
 175      205C0341 
 175      88E0
 176 0088 30A2EE02 		.ascii	"0\242\356\002\212\001\305\201\322\211\322\205\322\215"
 176      8A01C581 
 176      D289D285 
 176      D28D
 177 0096 D2811211 		.ascii	"\322\201\022\021\370\320\243\020\364\321\243\030P\214"
 177      F8D0A310 
 177      F4D1A318 
 177      508C
 178 00a4 285928F8 		.ascii	"(Y(\370\023\314 $\014\243\310\355\037CY\251\306\213"
 178      13CC2024 
 178      0CA3C8ED 
 178      1F4359A9 
 178      C68B
 179 00b6 C6A603D4 		.ascii	"\306\246\003\324X\311#+\215_\267\306O\237\302/;\311"
 179      58C9232B 
 179      8D5FB7C6 
 179      4F9FC22F 
 179      3BC9
ARM GAS  C:\Users\Pasquale\AppData\Local\Temp\ccvcL0Ok.s 			page 13


 180 00c8 EF53D5AF 		.ascii	"\357S\325\257C\343gH\341gA?]\012\277\250\2171\205\317"
 180      43E36748 
 180      E167413F 
 180      5D0ABFA8 
 180      8F3185CF 
 181 00dc 13E84373 		.ascii	"\023\350Cs\366\242\306\217\346\350\021\312\267(a\325"
 181      F6A2C68F 
 181      E6E811CA 
 181      B72861D5 
 182 00ec 7759BDA7 		.ascii	"wY\275\247\313\321\017D\236\363\031\224!\224\317Q&Q"
 182      CBD10F44 
 182      9EF31994 
 182      2194CF51 
 182      2651
 183 00fe 4AD41874 		.ascii	"J\324\030t=\367Q\346P\026PfQ\346\005\316\327\250\356"
 183      3DF751E6 
 183      50165066 
 183      51E605CE 
 183      D7A8EE
 184 0111 01CD45AA 		.ascii	"\001\315E\252<\276F\340\223\352\367\336\"\333\011<f"
 184      3CBE46E0 
 184      93EAF7DE 
 184      22DB093C 
 184      66
 185 0122 021D4EE7 		.ascii	"\002\035N\347\372\366}\221\203\323\225&\310\307\351"
 185      FAF67D91 
 185      83D39526 
 185      C8C7E9
 186 0131 3F6A265A 		.ascii	"?j&Z2p\232g\202\010\320\371\324\251\305l>\247\316\301"
 186      32709A67 
 186      8208D0F9 
 186      D4A9C56C 
 186      3EA7CEC1 
 187 0145 E6CDA339 		.ascii	"\346\315\2439Dd\377C#3C\026\353Q\205\217\014\257\000"
 187      4464FF43 
 187      23334316 
 187      EB51858F 
 187      0CAF00
 188 0158 ED40A228 		.ascii	"\355@\242(\241\316\373\255:\3623j(\036k\235x\011\012"
 188      A1CEFBAD 
 188      3AF2336A 
 188      281E6B9D 
 188      78090A
 189 016b 4D87A859 		.ascii	"M\207\250Yg\244\321Z\263UQD8\003&8\005\004\336\007+"
 189      67A4D15A 
 189      B3555144 
 189      38032638 
 189      0504DE07 
 190 0180 4D489E09 		.ascii	"MH\236\011\257AE\251R\224\003\012Y%\300\323y\260&O\200"
 190      AF4145A9 
 190      5294030A 
 190      5925C0D3 
 190      79B0264F 
 191 0195 D35048C1 		.ascii	"\323PH\301\251\025\234\204<8\001y4~\313\333\207\273"
 191      A9159C84 
 191      3C380179 
 191      347ECBDB 
ARM GAS  C:\Users\Pasquale\AppData\Local\Temp\ccvcL0Ok.s 			page 14


 191      87BB
 192 01a7 B2491B30 		.ascii	"\262I\0330\200\321\326\231\217I\014!\334\266\372x\015"
 192      80D1D699 
 192      8F490C21 
 192      DCB6FA78 
 192      0D
 193 01b8 45E84084 		.ascii	"E\350@\204\263q\004\004L\015q.5\304\342\344EEgR\355"
 193      B3710404 
 193      4C0D712E 
 193      35C4E2E4 
 193      45456752 
 194 01cd 83FFDDBE 		.ascii	"\203\377\335\276\377J\353\214h\256\243\366\373\267("
 194      FF4AEB8C 
 194      68AEA3F6 
 194      FBB728
 195 01dc 99BF84F3 		.ascii	"\231\277\204\363\210\037\302\347\307\361\271\000\235"
 195      881FC2E7 
 195      C7F1B900 
 195      9D
 196 01e9 6066D583 		.ascii	"`f\325\203w4\036\271\324r\204\356B\011\346\031\207E"
 196      77341EB9 
 196      D47284EE 
 196      4209E619 
 196      8745
 197 01fb 93EA129E 		.ascii	"\223\352\022\236\352\203\2133\355f\362*\313\265\330"
 197      EA838B33 
 197      ED66F22A 
 197      CBB5D8
 198 020a D71F3E9D 		.ascii	"\327\037>\235\001\246\302`,\272\020\013\015\037\"\237"
 198      01A6C260 
 198      2CBA100B 
 198      0D1F229F 
 199 021a 1295CF45 		.ascii	"\022\225\317ET^@%O\305\225\336\325gF\025%\037\272\220"
 199      545E4025 
 199      4FC595DE 
 199      D5674615 
 199      251FBA90 
 200 022e CA07F154 		.ascii	"\312\007\361T\224\320LP%\342\374=t\364\220EK\273#\201"
 200      94D04C50 
 200      25E2FC3D 
 200      74F49045 
 200      4BBB2381 
 201 0242 76B74ABB 		.ascii	"v\267J\273\233\321n\210\034\274\226I\036\361\002\030"
 201      9BD16E88 
 201      1CBC9649 
 201      1EF10218 
 202 0252 98BDDC94 		.ascii	"\230\275\334\224\305+i\005N\367\235\231\357\321\363"
 202      C52B6905 
 202      4EF79D99 
 202      EFD1F3
 203 0261 69064E23 		.ascii	"i\006N#3\367G\315\244\212\360Z\031\033x7K\207\205\315"
 203      33F747CD 
 203      A48AF05A 
 203      191B7837 
 203      4B8785CD 
 204 0275 A2FB7554 		.ascii	"\242\373uT\327U\267\375\005\246r\230\241\027\230\352"
 204      D755B7FD 
ARM GAS  C:\Users\Pasquale\AppData\Local\Temp\ccvcL0Ok.s 			page 15


 204      05A67298 
 204      A11798EA 
 205 0285 C348B8D3 		.ascii	"\303H\270\323\302C\210\032\200\225\034\240fg\353\033"
 205      C243881A 
 205      80951CA0 
 205      6667EB1B 
 206 0295 269C1A78 		.ascii	"&\234\032x\316\214\250\232\230]:\251\343*\272\340\227"
 206      CE8CA89A 
 206      985D3AA9 
 206      E32ABAE0 
 206      97
 207 02a6 51D5B477 		.ascii	"Q\325\264w\370X\016\251e\270b\307\325\367\253\2635\265"
 207      F8580EA9 
 207      65B862C7 
 207      D5F7ABB3 
 207      35B5
 208 02b8 F7ECDE59 		.ascii	"\367\354\336Y\232\216\253H\342\223x:\014ja(\337I\355"
 208      9A8EAB48 
 208      E293783A 
 208      0C6A6128 
 208      DF49ED
 209 02cb 00A6D6A0 		.ascii	"\000\246\326\240\246\266\037\225W\370V\337[\234\015"
 209      A6B61F95 
 209      57F856DF 
 209      5B9C0D
 210 02da E9483DC7 		.ascii	"\351H=\3078\276\347Ac\216\246\372\212O\260\352\033D"
 210      38BEE741 
 210      638EA6FA 
 210      8A4FB0EA 
 210      1B44
 211 02ec 8C6B718C 		.ascii	"\214kq\214\253\220\026\344zj\220\033;\256\016\031H#"
 211      AB9016E4 
 211      7A6A901B 
 211      3BAE0E19 
 211      4823
 212 02fe 0769EF1D 		.ascii	"\007i\357\035^\326\224\370\327?\275\316\016\321\247"
 212      5ED694F8 
 212      D73FBDCE 
 212      0ED1A7
 213 030d 0872230E 		.ascii	"\010r#\0162\230\036\344fj\220\245\301\257\2522V\375"
 213      32981EE4 
 213      666A90A5 
 213      C1AFAA32 
 213      56FD
 214 031f 8D7AD46F 		.ascii	"\215z\324oQV\360\210\037\343\363>\266\373\237\301*\274"
 214      5156F088 
 214      1FE3F33E 
 214      B6FB9FC1 
 214      2ABC
 215 0331 5E061D3F 		.ascii	"^\006\035?\325\341\233\347\372\023J\034\237kje\210\327"
 215      D5E19BE7 
 215      FA134A1C 
 215      9F6B6A65 
 215      88D7
 216 0343 0A1A4ED7 		.ascii	"\012\032N\327\236\036\311!c|\363\337\232\330\271K\317"
 216      9E1EC921 
 216      637CF3DF 
ARM GAS  C:\Users\Pasquale\AppData\Local\Temp\ccvcL0Ok.s 			page 16


 216      9AD8B94B 
 216      CF
 217 0354 76BA2BB6 		.ascii	"v\272+\266\371g\007\216\335\346:,,\030\341\333\377\260"
 217      F967078E 
 217      DDE63A2C 
 217      2C18E1DB 
 217      FFB0
 218 0366 E3C25112 		.ascii	"\343\302Q\022-\211Q\256\233\016Um\023\265\004\273\022"
 218      2D8951AE 
 218      9B0E556D 
 218      13B504BB 
 218      12
 219 0377 088E3382 		.ascii	"\010\2163\202cQ\202\035'Z\306@Kp<\201\340\3471\202\327"
 219      6351821D 
 219      275AC640 
 219      4B703C81 
 219      E0E73182 
 220 038c 274F2D64 		.ascii	"'O-d\221\211\364\004\207\367\334:\303+\026\017,|\301"
 220      9189F404 
 220      87F7DC3A 
 220      C32B160F 
 220      2C7CC1
 221 039f C9EC9C57 		.ascii	"\311\354\234W\256X\242\004'\270\256ed\367.Kz\202_2\202"
 221      AE58A204 
 221      27B8AE65 
 221      64F72E4B 
 221      7A825F32 
 222 03b4 B7A3040F 		.ascii	"\267\243\004\017\277\363\2605SK\360\313\004\202\223"
 222      BFF3B035 
 222      534BF0CB 
 222      048293
 223 03c3 31826D03 		.ascii	"1\202m\003w\276\021\311]N\260\252m\376r\016Y\342\223"
 223      77BE11C9 
 223      5D4EB0AA 
 223      6DFE720E 
 223      59E293
 224 03d6 B9074DED 		.ascii	"\271\007M\355\231\374\220\254\244I\033\253\2577\362"
 224      99FC90AC 
 224      A4491BAB 
 224      AF37F2
 225 03e5 43B29F75 		.ascii	"C\262\237u\354\221\346`6\011\352\230m\333\321\345\367"
 225      EC91E660 
 225      3609EA98 
 225      6DDBD1E5 
 225      F7
 226 03f6 4C51C27C 		.ascii	"LQ\302|a\267\225[\2559\351w|\232\361\375w\224\357\221"
 226      61B7955B 
 226      AD39E977 
 226      7C9AF1FD 
 226      7794EF91 
 227 040a DD479ED0 		.ascii	"\335G\236\320\322\235N\240;\023\245k\374\347\345\340"
 227      D29D4EA0 
 227      3B13A56B 
 227      FCE7E5E0 
 228 041a F62C2828 		.ascii	"\366,((\310-((,h\246\366\235\223\333\310tw\255R_J\353"
 228      C82D2828 
 228      2C68A6F6 
ARM GAS  C:\Users\Pasquale\AppData\Local\Temp\ccvcL0Ok.s 			page 17


 228      9D93DBC8 
 228      7477AD52 
 229 0431 027AB04A 		.ascii	"\002z\260J\357An\274 \377\305\"\204\350U\340\016\375"
 229      EF416EBC 
 229      20FFC522 
 229      84E855E0 
 229      0EFD
 230 0443 70690DCD 		.ascii	"pi\015\315\000\334J\266\265\305M\033\030q\024d\010_"
 230      00DC4AB6 
 230      B5C54D1B 
 230      18711464 
 230      085F
 231 0455 A3C15D6A 		.ascii	"\243\301]j\360\225\352\201\345\015\337`\245\337\207"
 231      F095EA81 
 231      E50DDF60 
 231      A5DF87
 232 0464 02984359 		.ascii	"\002\230CY@\231E\231\207\002\366f\322\000\321m\272\223"
 232      40994599 
 232      8702F666 
 232      D200D16D 
 232      BA93
 233 0476 12A82889 		.ascii	"\022\250(\211\022\256\022\246\222-/A\314\224\237\311"
 233      12AE12A6 
 233      922D2F41 
 233      CC949FC9 
 234 0486 E95A826F 		.ascii	"\351Z\202oAj$\250\3071\016\270\360\354>\245\263\232"
 234      416A24A8 
 234      C7310EB8 
 234      F0EC3EA5 
 234      B39A
 235 0498 D0FA83E1 		.ascii	"\320\372\203\341\324\211`\2210\341\355s\227\232I\256"
 235      D4896091 
 235      30E1ED73 
 235      979A49AE 
 236 04a8 BACA60DA 		.ascii	"\272\312`\332U\012i\227\2101&ko\314%\034\323\260\006"
 236      550A6997 
 236      8831266B 
 236      6FCC251C 
 236      D3B006
 237 04bb 4F806FA3 		.ascii	"O\200o\243\273F\036\264\327]\324AnaA\203\3322\030^\334"
 237      BB461EB4 
 237      D75DD441 
 237      6E614183 
 237      DA32185E 
 238 04d0 72514DE9 		.ascii	"rQM\351\022\246tY\215\317W\273\360\006[\355b\252\325"
 238      12A67459 
 238      8DCF57BB 
 238      F0065BED 
 238      62AAD5
 239 04e3 7637FEF0 		.ascii	"v7\376\360\300\026\005\023\207@\360\021r^L\235bz\362"
 239      C0160513 
 239      8740F011 
 239      725E4C9D 
 239      627AF2
 240 04f6 760D9F34 		.ascii	"v\015\2374\223\363\254X\305\233\273Cmz(\314\345\010"
 240      93F3AC58 
 240      C59BBB43 
ARM GAS  C:\Users\Pasquale\AppData\Local\Temp\ccvcL0Ok.s 			page 18


 240      6D7A28CC 
 240      E508
 241 0508 838D068A 		.ascii	"\203\215\006\212\360\010}\037\304;\034\005T\213 \231"
 241      F0087D1F 
 241      C43B1C05 
 241      548B2099 
 242 0518 2E3C4496 		.ascii	".<D\226\251\030#\316\261\360\353\275\011\031y\224\220"
 242      A91823CE 
 242      B1F0EBBD 
 242      09197994 
 242      90
 243 0529 9188FA92 		.ascii	"\221\210\372\222\213\260\227\334\351\013\347\316g\215"
 243      8BB097DC 
 243      E90BE7CE 
 243      678D
 244 0537 6153A2E7 		.ascii	"aS\242\347f\005\013\001\300\257x\247\302\346\221\350"
 244      66050B01 
 244      C0AF78A7 
 244      C2E691E8 
 245 0547 00AE47AD 		.ascii	"\000\256G\255\310o\252)\235D] \246\021\325\030b4.\373"
 245      C86FAA29 
 245      9D445D20 
 245      A611D518 
 245      62342EFB 
 246 055b A901401B 		.ascii	"\251\001@\033\225?\347p\321\301\277\035\371\037\215"
 246      953FE770 
 246      D1C1BF1D 
 246      F91F8D
 247 056a 1F578971 		.ascii	"\037W\211q0\215\313w\270\012\261\3071R\361EB\264AN\355"
 247      308DCB77 
 247      B80AB1C7 
 247      3152F145 
 247      42B4414E 
 248 057f 68338F63 		.ascii	"h3\217c\027\306\257\005A\250\317\360\261~\322\373fS"
 248      17C6AF05 
 248      41A8CFF0 
 248      B17ED2FB 
 248      6653
 249 0591 03901EDE 		.ascii	"\003\220\036\336\\\206\266\276\372\216q\365~\245\177"
 249      5C86B6BE 
 249      FA8E71F5 
 249      7EA57F
 250 05a0 1CBF34F6 		.ascii	"\034\2774\366\221\221\216;\212b\322\261\216V%\306v\014"
 250      91918E3B 
 250      8A62D2B1 
 250      8E5625C6 
 250      760C
 251 05b2 FFE275B3 		.ascii	"\377\342u\2638\016\240\210c\030n\213\270\232~]5\364"
 251      380EA088 
 251      63186E8B 
 251      B89A7E5D 
 251      35F4
 252 05c4 85F4A45A 		.ascii	"\205\364\244Z\317?+\227\233\303\242\032\351\356!\242"
 252      CF3F2B97 
 252      9BC3A21A 
 252      E9EE21A2 
 253 05d4 BC86DBBB 		.ascii	"\274\206\333\273\202\365\356\352x\240\352\344@5,PP\351"
ARM GAS  C:\Users\Pasquale\AppData\Local\Temp\ccvcL0Ok.s 			page 19


 253      82F5EEEA 
 253      78A0EAE4 
 253      40352C50 
 253      50E9
 254 05e6 BB96ADFA 		.ascii	"\273\226\255\372.L\022<h\370\275\206\257F\372j\352\211"
 254      2E4C123C 
 254      68F8BD86 
 254      AF46FA6A 
 254      EA89
 255 05f8 174E0F24 		.ascii	"\027N\017$y\3272\357\327\317\326\2360\250\336\367V\305"
 255      79D732EF 
 255      D7CFD69E 
 255      30A8DEF7 
 255      56C5
 256 060a 9C699B9B 		.ascii	"\234i\233\233\212;O%;oe\316\365\273\226\2263H\035_\303"
 256      8A3B4F25 
 256      3B6F65CE 
 256      F5BB9696 
 256      33481D5F 
 257 061f DB07C30F 		.ascii	"\333\007\303\017sX\253\305*R{\355g=\241\301\204\227"
 257      7358ABC5 
 257      2A527BED 
 257      673DA1C1 
 257      8497
 258 0631 D78B8F6B 		.ascii	"\327\213\217kZm\235H[\3556Qm\265{\232\226OR*\373\221"
 258      5A6D9D48 
 258      5BED3651 
 258      6DB57B9A 
 258      964F522A 
 259 0647 4AF79BE6 		.ascii	"J\367\233\346\030\0274\203`<\015\301\3444lg\\\252\336"
 259      18173483 
 259      603C0DC1 
 259      E4346C67 
 259      5CAADE
 260 065a DD7C38EB 		.ascii	"\335|8\353\311\003J\177'\266\242\275\217c\006\371\261"
 260      C9034A7F 
 260      27B6A2BD 
 260      8F6306F9 
 260      B1
 261 066b FF88AF22 		.ascii	"\377\210\257\"\326D\004\246\371\243(\300\016\361I\241"
 261      D64404A6 
 261      F9A328C0 
 261      0EF149A1 
 262 067b C86AB5E1 		.ascii	"\310j\265\341\317\271\321S\346\011HE?.\262\005$\333"
 262      CFB9D153 
 262      E6094845 
 262      3F2EB205 
 262      24DB
 263 068d C652AFCD 		.ascii	"\306R\257\315\353)\263Ir\205\273\324'\331\374\225^\257"
 263      EB29B349 
 263      7285BBD4 
 263      27D9FC95 
 263      5EAF
 264 069f FADFEACC 		.ascii	"\372\337\352\314x\356\371\337\345\257+*\0222\035\216"
 264      78EEF9DF 
 264      E5AF2B2A 
 264      12321D8E 
ARM GAS  C:\Users\Pasquale\AppData\Local\Temp\ccvcL0Ok.s 			page 20


 265 06af 4A8F5FFE 		.ascii	"J\217_\376\221C.w\376\304\316\"Hr\245\313\023\260\313"
 265      91432E77 
 265      FEC4CE22 
 265      4872A5CB 
 265      13B0CB
 266 06c2 818057B2 		.ascii	"\201\200W\262o\360W\346\263\177\371\245\025\276|\267"
 266      6FF057E6 
 266      B37FF9A5 
 266      15BE7CB7 
 267 06d2 AFCCED72 		.ascii	"\257\314\355r\271]\366\265\3265\371\305k\212\326\376"
 267      B95DF6B5 
 267      D635F9C5 
 267      6B8AD6FE 
 268 06e2 E9193BEA 		.ascii	"\351\031;\352\237\362\007\374\356\247\334\245e\036\273"
 268      9FF207FC 
 268      EEA7DCA5 
 268      651EBB
 269 06f1 C7EFF456 		.ascii	"\307\357\364V\272\334v_)\306\362\273\355\016\227\273"
 269      BADC765F 
 269      29C6F2BB 
 269      ED0E97BB 
 270 0701 BCB4D22B 		.ascii	"\274\264\322+;\344W6\271%\353F\301\250\302\375\341\377"
 270      3BE45736 
 270      B925EB46 
 270      C1A8C2FD 
 270      E1FF
 271 0713 0A27BD22 		.ascii	"\012'\275\"\331\035\222\354\302\330\210a\220<\177u;"
 271      D91D92EC 
 271      C2D88861 
 271      903C7F75 
 271      3B
 272 0724 64D7FF08 		.ascii	"d\327\377\010\201Y\263op:\223\240\326Z\213\255Eq@\031"
 272      8159B36F 
 272      703A93A0 
 272      D65A8BAD 
 272      45714019 
 273 0738 BDCA118B 		.ascii	"\275\312\021\213\374\331'\223M\2252&\022\301\237.v\310"
 273      FCD92793 
 273      4D953226 
 273      12C19F2E 
 273      76C8
 274 074a 46F5AEF7 		.ascii	"F\365\256\367I\033\034\362\317S\355\2153\340\363\005"
 274      491B1CF2 
 274      CF53ED8D 
 274      33E0F305 
 275 075a FCB64D81 		.ascii	"\374\266M\201\012Y\262\375\3427\353\327\255\177\231"
 275      0A59B2FD 
 275      E237EBD7 
 275      AD7F99
 276 0769 EA3679BC 		.ascii	"\3526y\274\356\012\311\366\334\272uh\037M\230\016\267"
 276      EE0AC9F6 
 276      DCBA7568 
 276      1F4D980E 
 276      B7
 277 077a CCA5FF4B 		.ascii	"\314\245\377K\205Gv[<~I.\365;\335\216@y\271\344\226"
 277      8547765B 
 277      3C7E492E 
ARM GAS  C:\Users\Pasquale\AppData\Local\Temp\ccvcL0Ok.s 			page 21


 277      F53BDD8E 
 277      4079B9E4 
 278 078f B39FC73D 		.ascii	"\263\237\307=}\201\355\351\357\327\377\226lp\313\305"
 278      7D81EDE9 
 278      EFD7FF96 
 278      6C70CBC5 
 279 079f DFB71236 		.ascii	"\337\267\0226\012\246x\020\003C\221\276w\020\247\240"
 279      0AA67810 
 279      034391BE 
 279      7710A7A0 
 280 07af A724A51C 		.ascii	"\247$\245\034\252\374u\331Kn\247\374+\277G\376\017\022"
 280      AAFC75D9 
 280      4B6EA7FC 
 280      2BBF47FE 
 280      0F12
 281 07c1 A958C8   		.ascii	"\251X\310"
 282              		.text
 283              		.section	.gnu.lto_.symtab.e992f48a,"",%progbits
 284 0000 6E756C6C 		.ascii	"nullObjectInit\000"
 284      4F626A65 
 284      6374496E 
 284      697400
 285 000f 00       		.ascii	"\000"
 286 0010 00       		.ascii	"\000"
 287 0011 00       		.ascii	"\000"
 288 0012 00000000 		.ascii	"\000\000\000\000\000\000\000\000"
 288      00000000 
 289 001a 0B010000 		.ascii	"\013\001\000\000"
 290              		.text
 291              		.section	.gnu.lto_.opts,"",%progbits
 292 0000 272D666D 		.ascii	"'-fmath-errno' '-fsigned-zeros' '-ftrapping-math' '"
 292      6174682D 
 292      6572726E 
 292      6F272027 
 292      2D667369 
 293 0033 2D666E6F 		.ascii	"-fno-trapv' '-fno-openmp' '-fno-openacc' '-mcpu=cor"
 293      2D747261 
 293      70762720 
 293      272D666E 
 293      6F2D6F70 
 294 0066 7465782D 		.ascii	"tex-m4' '-mthumb' '-O2' '-fomit-frame-pointer' '-fa"
 294      6D342720 
 294      272D6D74 
 294      68756D62 
 294      2720272D 
 295 0099 6C69676E 		.ascii	"lign-functions=16' '-ffunction-sections' '-fdata-se"
 295      2D66756E 
 295      6374696F 
 295      6E733D31 
 295      36272027 
 296 00cc 6374696F 		.ascii	"ctions' '-fno-common' '-flto'\000"
 296      6E732720 
 296      272D666E 
 296      6F2D636F 
 296      6D6D6F6E 
 297              		.text
 298              		.comm	__gnu_lto_v1,1,1
ARM GAS  C:\Users\Pasquale\AppData\Local\Temp\ccvcL0Ok.s 			page 22


 299              		.comm	__gnu_lto_slim,1,1
 300              		.ident	"GCC: (GNU Tools for Arm Embedded Processors 7-2017-q4-major) 7.2.1 20170904 (release) [ARM
ARM GAS  C:\Users\Pasquale\AppData\Local\Temp\ccvcL0Ok.s 			page 23


DEFINED SYMBOLS
                            *ABS*:00000000 nullstreams.c
                            *COM*:00000001 __gnu_lto_v1
                            *COM*:00000001 __gnu_lto_slim

NO UNDEFINED SYMBOLS
