ARM GAS  C:\Users\Pasquale\AppData\Local\Temp\cc7VJlwg.s 			page 1


   1              		.cpu cortex-m4
   2              		.eabi_attribute 20, 1
   3              		.eabi_attribute 21, 1
   4              		.eabi_attribute 23, 3
   5              		.eabi_attribute 24, 1
   6              		.eabi_attribute 25, 1
   7              		.eabi_attribute 26, 1
   8              		.eabi_attribute 30, 2
   9              		.eabi_attribute 34, 1
  10              		.eabi_attribute 18, 4
  11              		.file	"nvic.c"
  12              		.section	.gnu.lto_.profile.e992f38c,"",%progbits
  13 0000 789C6363 		.ascii	"x\234cc```\001bF\006)1\000\000\302\000<"
  13      60606001 
  13      62460629 
  13      310000C2 
  13      003C
  14              		.text
  15              		.section	.gnu.lto_.icf.e992f38c,"",%progbits
  16 0000 789C6363 		.ascii	"x\234cc``\220b@\000\026\206\035[N\235bc\234\266c\346"
  16      60609062 
  16      40001686 
  16      1D5B4E9D 
  16      62639CB6 
  17 0016 036EA647 		.ascii	"\003n\246G\007g\357\341g^\364z\357\013f\006\000\245"
  17      0767EFE1 
  17      675EF47A 
  17      EF0B6606 
  17      00A5
  18 0028 A60C41   		.ascii	"\246\014A"
  19              		.text
  20              		.section	.gnu.lto_.jmpfuncs.e992f38c,"",%progbits
  21 0000 789C6363 		.ascii	"x\234cc``\320a@\000\026\006&FF\346\3729\314\014 \314"
  21      6060D061 
  21      40001606 
  21      264646E6 
  21      FA39CC0C 
  22 0016 0804209A 		.ascii	"\010\004 \232\011Y\220\031*\310\000\000\237-\007\005"
  22      09599019 
  22      2AC80000 
  22      9F2D0705 
  23              		.text
  24              		.section	.gnu.lto_.inline.e992f38c,"",%progbits
  25 0000 789C4D8C 		.ascii	"x\234M\214\321\021\2000\014B!\215i\364\307\021\352\004"
  25      D1118030 
  25      0C42218D 
  25      69F4C711 
  25      EA04
  26 0012 2ED9453A 		.ascii	".\331E:\222\2438\202\261\236U>\270\343\036`\000*>)\260"
  26      92A33882 
  26      B19E553E 
  26      B8E31E60 
  26      002A3E29 
  27 0027 CC146E8C 		.ascii	"\314\024n\214p\233\332\271\303Z\021\310\261*\"y\020"
  27      709BDAB9 
  27      C35A11C8 
  27      B12A2279 
ARM GAS  C:\Users\Pasquale\AppData\Local\Temp\cc7VJlwg.s 			page 2


  27      10
  28 0038 07E199EC 		.ascii	"\007\341\231\354\225\244\255<\225\240\332O\004\223\222"
  28      95A4AD3C 
  28      95A0DA4F 
  28      049392
  29 0047 FD25C5EE 		.ascii	"\375%\305\356w\020J\310\366N\007\034S\\\2260\015\244"
  29      77104AC8 
  29      F64E071C 
  29      535C9630 
  29      0DA4
  30              		.text
  31              		.section	.gnu.lto_.pureconst.e992f38c,"",%progbits
  32 0000 789C6363 		.ascii	"x\234cc``\340\004b\026\006)F)&)f)\000\002\304\000\202"
  32      6060E004 
  32      62160629 
  32      46292629 
  32      66290002 
  33              		.text
  34              		.section	.gnu.lto_nvicEnableVector.e992f38c,"",%progbits
  35 0000 789C9D53 		.ascii	"x\234\235SAk\023A\024\236o\337\356&\3264w1h\017B\351"
  35      416B1341 
  35      149E6FDF 
  35      EE26D634 
  35      7731680F 
  36 0016 A54B1044 		.ascii	"\245K\020D\301\213\010\036\204^\374\007\232K\0036)\215"
  36      C18B081E 
  36      845EFC07 
  36      9A4B0336 
  36      298D
  37 0028 146F9D24 		.ascii	"\024o\235$5i5\207B\333\024\302*)\266Z\220\032CZ5\265"
  37      35693587 
  37      42DB14C2 
  37      2A29B65A 
  37      901A435A 
  38 003e EA1A5BDB 		.ascii	"\352\032[\333\"*\226\342][,T,\265'\205\266\372f7\240"
  38      222A96E2 
  38      5D5B2C54 
  38      2CB52785 
  38      B6FA6637 
  39 0053 A01E74D8 		.ascii	"\240\036t\330y;\363\336\367\336\373\276\231]S\010q\226"
  39      793BF3DE 
  39      F7DEFBBE 
  39      995D5308 
  39      7196
  40 0065 8438C9EF 		.ascii	"\2048\311\357\203<A\002\332\300k!\222~\015P\013\351"
  40      833C4102 
  40      DAC06B21 
  40      927E0D50 
  40      0BE9
  41 0077 87E8D1D0 		.ascii	"\207\350\321\320\203\034\015\021j\331\217U\255\345\266"
  41      831C0D11 
  41      6AD98F55 
  41      ADE5B6
  42 0086 E4E18C6C 		.ascii	"\344\341\214l\037\220\023\016lN\317\363T\003\025\264"
  42      1F90130E 
  42      6C4ECFF3 
  42      540315B4 
ARM GAS  C:\Users\Pasquale\AppData\Local\Temp\cc7VJlwg.s 			page 3


  43 0096 30EA6DEF 		.ascii	"0\352m\357=\233\256\221M\200\316\333/\257\012\253A\265"
  43      3D9BAE91 
  43      4D80CEDB 
  43      2FAF0AAB 
  43      41B5
  44 00a8 D5D0C4DB 		.ascii	"\325\320\304\333]9\224\017\3221\010^\257\275\2749\340"
  44      5D39940F 
  44      D231085E 
  44      AFBDBC39 
  44      E0
  45 00b9 6B1E9732 		.ascii	"k\036\2272%\235\2711\222Gl\"\334\007qAL#\204)\204\004"
  45      259DB931 
  45      92476C22 
  45      DC077141 
  45      4C238429 
  46 00cf BB041EA0 		.ascii	"\273\004\036\240\231\341wR\353\237\211\216\273\251\037"
  46      99E17752 
  46      EB9F898E 
  46      BBA91F
  47 00de 16DF0F19 		.ascii	"\026\337\017\031\365\324\265\361z\352\303?\244V\321"
  47      F5D4B5F1 
  47      7AEAC33F 
  47      A456D1
  48 00ed ECE2CB7B 		.ascii	"\354\342\313{\303\215\246\356q\305\014L\001^\224\226"
  48      C38DA6EE 
  48      71C50C4C 
  48      015E9496 
  49 00fd 0D47EE7D 		.ascii	"\015G\356}\317Jg\345\026F\316\004\3009\272\246\014\261"
  49      CF4A67E5 
  49      1646CE04 
  49      C039BAA6 
  49      0CB1
  50 010f 3174650C 		.ascii	"1te\0146\246\011U\310\017\305D\210>.\302\247#\035\321"
  50      36A60955 
  50      C80FC544 
  50      883E2EC2 
  50      A7231DD1 
  51 0123 4F9A5AA5 		.ascii	"O\232Z\245\035\261\201\324vv\267\324\240j\027\010\005"
  51      1DB181D4 
  51      7676B7D4 
  51      A06A1708 
  51      05
  52 0134 32D995DE 		.ascii	"2\331\225\336\312\300sh\354\373\365lL\350x\304\0347"
  52      CAC07368 
  52      ECFBF56C 
  52      4CE878C4 
  52      1C37
  53 0146 505BB9FA 		.ascii	"P[\271\372\215\024\210\303\371+\2657>\025\366\271\""
  53      8D1488C3 
  53      F92BB537 
  53      3E15F6B9 
  53      22
  54 0157 A74637BF 		.ascii	"\247F7\277\006\274\255\254\245e\220]\225O\203\253\276"
  54      06BCADAC 
  54      A565905D 
  54      954F83AB 
  54      BE
ARM GAS  C:\Users\Pasquale\AppData\Local\Temp\cc7VJlwg.s 			page 4


  55 0168 226E24F9 		.ascii	"\"n$\371\016\212\207l\362\3431\253\235\345J*a>\227\034"
  55      0E8A876C 
  55      F2E331AB 
  55      9DE54A2A 
  55      613E971C 
  56 017c 6DB02665 		.ascii	"m\260&eoR6\331\264\017OP\304\260{;\034|\267<]\011\206"
  56      6F5236D9 
  56      B40F4F50 
  56      C4B07B3B 
  56      1C7CB73C 
  57 0193 4B2A588C 		.ascii	"K*X\214\331\324\200\247\260\012\344wo\316A\2309*\306"
  57      D9D480A7 
  57      B00AE477 
  57      6FCE4198 
  57      392AC6
  58 01a6 3B99EBE5 		.ascii	";\231\353\345\011\315#M\034\346\304\301\261\273\325"
  58      09CD234D 
  58      1CE6C4C1 
  58      B1BBD5
  59 01b5 4645C3C0 		.ascii	"FE\303\300a<sI\247\2673\375\206\007\322=\320\322\330"
  59      613C7349 
  59      A7B733FD 
  59      8607D23D 
  59      D0D2D8
  60 01c8 CC4EC053 		.ascii	"\314N\300Sf\240\346\201\2662K>\017d(5s\013\031\277\207"
  60      66A0E681 
  60      B6324B3E 
  60      0F642835 
  60      730B19BF 
  61 01dd 009E23C4 		.ascii	"\000\236#\304\365\353\362\215\272\374\177\021\267\037"
  61      F5EBF28D 
  61      BAFC7F11 
  61      B71F
  62 01eb 73AE38FC 		.ascii	"s\2568\374.\256\333\246\000\346\2258\335\025\367B\211"
  62      2EAEDBA6 
  62      00E69538 
  62      DD15F742 
  62      89
  63 01fc 33BC5E93 		.ascii	"3\274^\223\345Y\374W\267\005\267\233\366\227n\213?\273"
  63      E559FC57 
  63      B705B79B 
  63      F6976E8B 
  63      3FBB
  64 020e 2D79DD36 		.ascii	"-y\3356\221*\226rn/\367\347\350c\246\374\245p\201\243"
  64      912A9672 
  64      6E2FF7E7 
  64      E863A6FC 
  64      A57081A3 
  65 0222 ADAD163F 		.ascii	"\255\255\026?\221\366\350\205h<\021>\021\266\342\011"
  65      91F6E885 
  65      683C113E 
  65      11B6E209 
  66 0232 ABFDFC45 		.ascii	"\253\375\374E\2533\336u)aE\342\035\035\361\230u\352"
  66      AB33DE75 
  66      296145E2 
  66      1D1DF198 
  66      75EA
ARM GAS  C:\Users\Pasquale\AppData\Local\Temp\cc7VJlwg.s 			page 5


  67 0244 5CDBE9B6 		.ascii	"\\\333\351\266\313V\254;\032i\215\010\304\364\316\256"
  67      CB56AC3B 
  67      1A698D08 
  67      C4F4CEAE 
  68 0254 68FC0733 		.ascii	"h\374\0073\230\035a"
  68      981D61
  69              		.text
  70              		.section	.gnu.lto_nvicDisableVector.e992f38c,"",%progbits
  71 0000 789C9551 		.ascii	"x\234\225QKk\024A\020\356oj\036k\036{\026\\4\007!\344"
  71      4B6B1441 
  71      10EE6F6A 
  71      1E6B1E7B 
  71      165C3407 
  72 0016 B2C32028 		.ascii	"\262\303 (\036E\360\226\213\377@\367\222E\263#\256\004"
  72      1E45F096 
  72      8BFF40F7 
  72      9245B323 
  72      AE04
  73 0028 6FE9CD26 		.ascii	"o\351\315&\223\207\021\002IVX\006\231\340\212\001\321"
  73      93871102 
  73      49565806 
  73      99E08A01 
  73      D1
  74 0039 28BB5137 		.ascii	"(\273Q7\276\3061\"A\243\030\324\037\340\006\021\205"
  74      BEC63122 
  74      41A318D4 
  74      1FE00611 
  74      85
  75 004a A0E24121 		.ascii	"\240\342A!\017\253g<\010\236,\246{\252\272\277\252\357"
  75      0FAB673C 
  75      089E2CA6 
  75      7BAABABF 
  75      AAEF
  76 005c EB2A5308 		.ascii	"\353*S\010qJ\023\342\020\377\367\360\002\011hS\257\204"
  76      714A13E2 
  76      10FFF7F0 
  76      02096853 
  76      AF84
  77 006e 28A53440 		.ascii	"(\2454@92\0051\250a\020\2234C\210F?6\265\236k\222-\274"
  77      39320531 
  77      A8611093 
  77      34438846 
  77      3F36B59E 
  78 0086 D4303D39 		.ascii	"\3240=9\262\333'!*\274\224\241\216\036F\275\031\276"
  78      B2DB2721 
  78      2ABC94A1 
  78      8E1E46BD 
  78      19BE
  79 0098 E5D305F2 		.ascii	"\345\323\005\362\011\3209\374\266Zm\245U\250\241\213"
  79      09D039FC 
  79      B65A6DA5 
  79      55A8A18B 
  80 00a8 C32D3953 		.ascii	"\303-9SI\323A\010\366\327_\\\231\262\272\257J9$\303"
  80      49D34108 
  80      F6D75F5C 
  80      99B2BAAF 
  80      4A3924C3 
ARM GAS  C:\Users\Pasquale\AppData\Local\Temp\cc7VJlwg.s 			page 6


  81 00bc 973592FB 		.ascii	"\2275\222\373}\"\334\001qA,\"\203\0062\202\217\004\356"
  81      7D22DC01 
  81      71412C22 
  81      83063282 
  81      8F04EE
  82 00cf A25BE13F 		.ascii	"\242[\341?\334\336\236\3554\365\204\020\367`\012\260"
  82      DCDE9EED 
  82      34F58410 
  82      F7600AB0 
  83 00df B3B06684 		.ascii	"\263\260f\204r{gT\206\3535\274;\306\212}\3225\265\021"
  83      727B6754 
  83      86EB35BC 
  83      3BC68A7D 
  83      D235B511 
  84 00f3 6F868E38 		.ascii	"o\206\2168]\214q\022?I\206b\2344\345\225C\361\031\345"
  84      5D8C7112 
  84      3F498662 
  84      9C34E595 
  84      43F119E5 
  85 0107 4D6FB53E 		.ascii	"Mo\265>\257\251bUB\225\224\342\351\332\315f\247R\254"
  85      AFA96255 
  85      429594E2 
  85      E9DACD66 
  85      A752AC
  86 011a 631F9AAC 		.ascii	"c\037\232\254\201a\337\275q#\001i\011h\245\266\264\331"
  86      8161DFBD 
  86      71230169 
  86      0968A5B6 
  86      B4D9
  87 012c A140060C 		.ascii	"\241@\006\014,%\240\257\336\212\225\200T\267\032\313"
  87      2C25A0AF 
  87      DE8A9580 
  87      54B71ACB 
  88 013c CFBD5482 		.ascii	"\317\275T\202\000\356#\303\365\031\024\275\235\370\025"
  88      00EE23C3 
  88      F51914BD 
  88      9DF815
  89 014b 57624465 		.ascii	"WbDe$zm)\204\031\267\2431\267\361\263#\011eT\226i>\252"
  89      247A6D29 
  89      8419B7A3 
  89      31B7F1B3 
  89      23096554 
  90 0163 7F996E59 		.ascii	"\177\231nY\001.\227\270\345\301^\237,<\344\276<`:\225"
  90      012E97B8 
  90      E5C15E9F 
  90      2C3CE4BE 
  90      3C603A95 
  91 0177 F06CB234 		.ascii	"\360l\2624\327f\337\220\303%\331\345S\012\217\020`6"
  91      D766DF90 
  91      C325D9E5 
  91      530A8F10 
  91      6036
  92 0189 1E065FBE 		.ascii	"\036\006_\276_[\254\247\235\005u\031\014\370\264\013"
  92      5F5BACA7 
  92      9D057519 
  92      0CF8B40B 
  93 0199 8F61B3FA 		.ascii	"\217a\263\372xP!\034\326\250\324\374\3704\337\262\376"
ARM GAS  C:\Users\Pasquale\AppData\Local\Temp\cc7VJlwg.s 			page 7


  93      7850211C 
  93      D6A8D4FC 
  93      F834DFB2 
  93      FE
  94 01aa C8F91FB2 		.ascii	"\310\371\037\2626<\211\311\360/Y\301\247vD\212L\217"
  94      363C89C9 
  94      F02F59C1 
  94      A776448A 
  94      4C8F
  95 01bc C99EC2F9 		.ascii	"\311\236\302\371\373\255\355\020X\346\232\033\030\012"
  95      FBADED10 
  95      58E69A1B 
  95      180A
  96 01ca AE5F443C 		.ascii	"\256_D<Fec\\\213\247\302\002\017d\2636\177\271\276\374"
  96      4665635C 
  96      8BA7C202 
  96      0F64B336 
  96      7FB9BEFC 
  97 01de C9BC5B74 		.ascii	"\311\274[t\016;\266[\264\373N\234\266\317\270g\317\025"
  97      0E3BB65B 
  97      B4FB4E9C 
  97      B6CFB867 
  97      CF15
  98 01f0 ED9CDBDF 		.ascii	"\355\234\333\337\357\026\354#\307{\217\366\236\267\013"
  98      EF16EC23 
  98      C77B8FF6 
  98      9EB70B
  99 01ff 03F95C36 		.ascii	"\003\371\\6'P\370\015\004\013\327Q"
  99      2750F80D 
  99      040BD751 
 100              		.text
 101              		.section	.gnu.lto_nvicSetSystemHandlerPriority.e992f38c,"",%progbits
 102 0000 789C6D51 		.ascii	"x\234mQKk\023Q\024>\337=3\223Q\260n\213v\321\205\020"
 102      4B6B1351 
 102      143EDF3D 
 102      339351B0 
 102      6E8B76D1 
 103 0016 BAC91004 		.ascii	"\272\311\020\004\301\215\240n\334t\343?\250QH\240\315"
 103      C18DA06E 
 103      DC74E33F 
 103      A85148A0 
 103      CD
 104 0027 9444C45D 		.ascii	"\224D\304]o\222\266\251U\244h\332J\030d6\245\026\221"
 104      6F92B6A9 
 104      55A468DA 
 104      4A186436 
 104      A51691
 105 003a 2AF5151B 		.ascii	"*\365\025\033\353\220\225\233\252-\"\330\235\017\024"
 105      EB90959B 
 105      AA2D22D8 
 105      9D0F14
 106 0049 028ADA2C 		.ascii	"\002\212\332,\272\252\236;F\350\302\313}\234\327w\356"
 106      BAAA9E3B 
 106      46E8C2CB 
 106      7D9CD777 
 106      EE
 107 005a 77CE7188 		.ascii	"w\316q\210h\033D\247\344=,\007LP3\257\210J\256\002\214"
ARM GAS  C:\Users\Pasquale\AppData\Local\Temp\cc7VJlwg.s 			page 8


 107      681B44A7 
 107      E43D2C07 
 107      4C5033AF 
 107      884AAE02 
 108 006f A05DD098 		.ascii	"\240]\320\230\302\030\256q\215\321\252~i\250\201E-+"
 108      C218AE71 
 108      8DD1AA7E 
 108      69A88145 
 108      2D2B
 109 0081 9AEF3893 		.ascii	"\232\3578\223z\2427`\24299fa\005\003\022\2651~?\340"
 109      7AA23760 
 109      A2393966 
 109      61050312 
 109      B5317E3F 
 110 0096 AB1C3060 		.ascii	"\253\0340`\211\372s\275\376\251\307\250\012\375\242"
 110      89FA73BD 
 110      FEA9C7A8 
 110      0AFDA2
 111 00a5 566EAE35 		.ascii	"Vn\2565]>\006\022ys\345\326\231\344\202\326e\035}^`"
 111      5D3E0612 
 111      7973E5D6 
 111      99E482D6 
 111      651D7D5E 
 112 00ba 7D2460C6 		.ascii	"}$`\306c\260\344\303#\364\341!\372HL\204'HJ\364\335"
 112      63B0E4C3 
 112      23F4E121 
 112      FA484C84 
 112      27484AF4 
 113 00cf F2D76FCC 		.ascii	"\362\327o\314'b\344\307\227\037jv\027\332Y\354B\237"
 113      2762E4C7 
 113      971F6A76 
 113      17DA59EC 
 113      429F
 114 00e1 FE07DA40 		.ascii	"\376\007\332@2\216\177\260;{\300\261\302\177l\361\014"
 114      328E7FB0 
 114      3B7BC0B1 
 114      C27F6CF1 
 114      0C
 115 00f2 0E49E5B4 		.ascii	"\016I\345\264\274iGz\367wU\030\364nm\273\011\010\314"
 115      BC69477A 
 115      F7775518 
 115      F46E6DBB 
 115      0908CC
 116 0105 52E612FA 		.ascii	"R\346\022\372\002\266a~'\232\022\2244DGt\205\225\221"
 116      02B6617E 
 116      279A1294 
 116      34444774 
 116      859591
 117 0118 2A11B551 		.ascii	"*\021\265Q\376U]o4a\262\325\031u\371\260\215\312\217"
 117      FE555D6F 
 117      3461B2D5 
 117      1975F9B0 
 117      8DCA8F
 118 012b C9AE4189 		.ascii	"\311\256A\211mo?lXX\025bm\264\336N\277\267M\220\270"
 118      6D6F3F6C 
 118      58581562 
 118      6DB4DE4E 
ARM GAS  C:\Users\Pasquale\AppData\Local\Temp\cc7VJlwg.s 			page 9


 118      BFB74D90 
 119 0140 E7265AAF 		.ascii	"\347&Z\257\023\306\355\304\225\225\032\315\232\375W"
 119      13C6EDC4 
 119      95951ACD 
 119      9AFD57
 120 014f D55B15DD 		.ascii	"\325[\025\335#\246\366F\347\215\035\342vI\372\036\036"
 120      23A6F646 
 120      E78D1DE2 
 120      7649FA1E 
 120      1E
 121 0160 0A3881E7 		.ascii	"\0128\201\347RbS2\031\300\215\351\245\245\375\336=="
 121      52625332 
 121      19C08DE9 
 121      A5A5FDDE 
 121      3D3D
 122 0172 5ED2FD01 		.ascii	"^\322\375\001\273XC\210\331x\"\342|wgg\376`z\3318\303"
 122      BB584388 
 122      D97822E2 
 122      7C776767 
 122      FE607AD9 
 123 0188 7CC0FBF0 		.ascii	"|\300\373\360\002^\235\355xZ\021\322\302\221\276\243"
 123      025E9DED 
 123      785A11D2 
 123      C291BEA3 
 124 0198 1CAE5E8F 		.ascii	"\034\256^\217)\307S\234b\230\372\024\321\321T\312\223"
 124      29C7539C 
 124      6298FA14 
 124      D1D154CA 
 124      93
 125 01a9 9DC9E6CE 		.ascii	"\235\311\346\316\345\374b\372x\332\363\213^vh\330\033"
 125      E5FC62FA 
 125      78DAF38B 
 125      5E7668D8 
 125      1B
 126 01ba F50B178B 		.ascii	"\365\013\027\213^\306\037\031\361\363\336\311\263\203"
 126      5EC61F19 
 126      F1F3DEC9 
 126      B383
 127 01c8 A7072F7B 		.ascii	"\247\007/{\371K\271L*C\211\354P\376\374\360\205\202"
 127      F94BB94C 
 127      2A4389EC 
 127      50FEFCF0 
 127      8582
 128 01da 355AC8F9 		.ascii	"5Z\310\371\177\000IT\264\230"
 128      7F004954 
 128      B498
 129              		.text
 130              		.section	.gnu.lto_nvicClearPending.e992f38c,"",%progbits
 131 0000 789C3551 		.ascii	"x\2345Q\317k\023Q\020\236\357\315n6J\233\263`\260=\010"
 131      CF6B1351 
 131      109EEFCD 
 131      6E364A9B 
 131      B360B03D 
 132 0015 A5085982 		.ascii	"\245\010Y\202\240x\024\017\236z\361?\260\2714`\263b"
 132      A078140F 
 132      9E7AF13F 
 132      B0B93460 
ARM GAS  C:\Users\Pasquale\AppData\Local\Temp\cc7VJlwg.s 			page 10


 132      B362
 133 0027 A478EB4B 		.ascii	"\244x\353K\322&\255-Xh\033!,\262\245\021\361\240U\322"
 133      D226AD2D 
 133      58681B21 
 133      2CB2A511 
 133      F1A055D2 
 134 003b AA49FDB1 		.ascii	"\252I\375\261\004=\210\250\264\210'OV\012U(Z\020<\264"
 134      043D88A8 
 134      B488274F 
 134      560A5528 
 134      5A103CB4 
 135 004f D579BB38 		.ascii	"\325y\2738\274\0373\363\346\233\367\275\357%\210\350"
 135      BC1F33F3 
 135      E69BF7BD 
 135      EF2588E8 
 136 005f 3788CECA 		.ascii	"7\210\316\312~\\&\230\240\346>\020\225\222\0120\216"
 136      7E5C2698 
 136      A0E63E10 
 136      95920A30 
 136      8E
 137 0070 4E82C615 		.ascii	"N\202\306\025\3061\313\013\214nm\273\255\006\357i\261"
 137      C631CB0B 
 137      8C6E6DBB 
 137      AD06EF69 
 137      B1
 138 0081 F076C7A9 		.ascii	"\360v\307\251\352\311c>\023\325e\032C\013\203R\2651"
 138      EAC9633E 
 138      13D5651A 
 138      430B8352 
 138      B531
 139 0093 F1C8E719 		.ascii	"\361\310\347\031\366\031\260$\374\365\276\261\2252\241"
 139      F619B024 
 139      FCF5BEB1 
 139      9532A1
 140 00a2 42BF8407 		.ascii	"B\277\204\007z\241\236\3423 \361\277\275[\236s\006\356"
 140      7AA19EE2 
 140      3320F1BF 
 140      BD5B9E73 
 140      06EE
 141 00b4 6A5DD6E1 		.ascii	"j]\326\341\353&\353\223>3\236\200\245!\326\220\306*"
 141      EB26EB93 
 141      3E339E80 
 141      A521D690 
 141      C62A
 142 00c6 D22429C2 		.ascii	"\322$)\302S\014\230\372\257\217\017\027{\023V|!\236"
 142      530C98FA 
 142      AF8F0F17 
 142      7B13567C 
 142      219E
 143 00d8 2141429E 		.ascii	"!AB\236V6\355P\037\376\255\351\360K\023\033\027\205"
 143      5636ED50 
 143      1FFEADE9 
 143      F04B131B 
 143      1785
 144 00ea B1CF9692 		.ascii	"\261\317\226\222\305f\343Yf\261\021\365\240)A\312\273"
 144      C566E359 
 144      66B111F5 
ARM GAS  C:\Users\Pasquale\AppData\Local\Temp\cc7VJlwg.s 			page 11


 144      A02941CA 
 144      BB
 145 00fb 7448D3AC 		.ascii	"tH\323\254\214W\011\351;*\373\325\203\365@\231\216\015"
 145      8C5709E9 
 145      3B2AFBD5 
 145      83F54099 
 145      8E0D
 146 010d 46836DB9 		.ascii	"F\203m\271k\276\371\260\335kh[\350C[\210H\331\317\352"
 146      6BBEF9B0 
 146      DD6B685B 
 146      E8435B88 
 146      48D9CFEA 
 147 0121 7D272E52 		.ascii	"}'.R8\225\226R\223\334\253N\333q\222c\344\333fg\277"
 147      38959652 
 147      93DCAB4E 
 147      DB719263 
 147      E4DB6667 
 148 0136 C7206DD8 		.ascii	"\307 m\330\350D\310\362^\355?\322\022\260d\272\237n"
 148      E844C8F2 
 148      5EED3FD2 
 148      12B064BA 
 148      9F6E
 149 0148 EE443001 		.ascii	"\356D0\001\324'\273\037\035\003HD\252\254.\355\376\351"
 149      D427BB1F 
 149      1D034844 
 149      AAAC2EED 
 149      FEE9
 150 015a 8943DDAD 		.ascii	"\211C\335\255\350\224\244Z?\346\267\234\000wJ\242|p"
 150      E894A45A 
 150      3FE6B79C 
 150      00774AA2 
 150      7C70
 151 016c C26707CF 		.ascii	"\302g\007\317E\236u\351m\000ofKKG\335\007z\242\244\373"
 151      459E75E9 
 151      6D006F66 
 151      4B4B47DD 
 151      077AA2A4 
 152 0181 7D4EE205 		.ascii	"}N\342\005\002,F\177\"\207\2377\327Z\251\354\2129\014"
 152      022C467F 
 152      22879F37 
 152      D75AA9EC 
 152      8A390C
 153 0194 C67C3E82 		.ascii	"\306|>\202\227p\205j\364_\257\220\025B\264\213r\260"
 153      9770856A 
 153      F45FAF90 
 153      1542B48B 
 153      72B0
 154 01a6 7C0B91A0 		.ascii	"|\013\221\240\306\246\344a\"\215\":\235\311\2702r#\371"
 154      C6A6E461 
 154      228D223A 
 154      9DC9B832 
 154      7223F9
 155 01b9 E1BC57CC 		.ascii	"\341\274W\314\236\313\272^\321\035\271|\305\275\352"
 155      9ECBBA5E 
 155      D11DB97C 
 155      C5BDEA
 156 01c8 5DBB5E74 		.ascii	"]\273^ts\336\350\250Wp\317_\032\2720t\303-\214\345s"
ARM GAS  C:\Users\Pasquale\AppData\Local\Temp\cc7VJlwg.s 			page 12


 156      73DEE8A8 
 156      5770CF5F 
 156      1ABA3074 
 156      C32D8CE5 
 157 01dd 991CA1F0 		.ascii	"\231\034\241\360\017\230\013\257\365"
 157      0F980BAF 
 157      F5
 158              		.text
 159              		.section	.gnu.lto_.symbol_nodes.e992f38c,"",%progbits
 160 0000 789C6363 		.ascii	"x\234cc``\360\002b\006\246\023L\365\014\014\023\316"
 160      6060F002 
 160      6206A613 
 160      4CF50C0C 
 160      13CE
 161 0012 313000A9 		.ascii	"10\000\251]\015\216@\221\223L\365\214\250\"\247\230"
 161      5D0D8E40 
 161      91934CF5 
 161      8CA822A7 
 161      98
 162 0023 EA995045 		.ascii	"\352\231PEN3\3253\243\2100\000\000\335^\022\351"
 162      4E33D533 
 162      A3883000 
 162      00DD5E12 
 162      E9
 163              		.text
 164              		.section	.gnu.lto_.refs.e992f38c,"",%progbits
 165 0000 789C6363 		.ascii	"x\234cc```\004b\006\000\000D\000\010"
 165      60606004 
 165      62060000 
 165      440008
 166              		.text
 167              		.section	.gnu.lto_.decls.e992f38c,"",%progbits
 168 0000 789CBD59 		.ascii	"x\234\275YkPU\327\025\276\373\354\013\\\336\026\231"
 168      6B5055D7 
 168      15BEFBEC 
 168      0B5CDE16 
 168      99
 169 0011 C6B4646A 		.ascii	"\306\264dj\0353\341G\003\250\311\230\366G\032r\325\312"
 169      1D33E147 
 169      03A8C998 
 169      F6471A72 
 169      D5CA
 170 0023 0F53E692 		.ascii	"\017S\346\2228M\313\224 \334D\022\036)`G\177\365\360"
 170      384DCB94 
 170      20DC4412 
 170      1E296047 
 170      7FF5F0
 171 0036 30821805 		.ascii	"0\202\030\005AP\300\200\200\257\200\002QAE\364\202\012"
 171      4150C080 
 171      80AF8002 
 171      514145F4 
 171      820A
 172 0048 C8D3A068 		.ascii	"\310\323\240h\220\247\010\210\210<E\004\021\272\366"
 172      90A70888 
 172      883C4504 
 172      11BAF6
 173 0057 E3700F07 		.ascii	"\343p\017\007\256Mg:=\343\272\347\256\275\277\275\326"
ARM GAS  C:\Users\Pasquale\AppData\Local\Temp\cc7VJlwg.s 			page 13


 173      AE4D673A 
 173      3DE3BAE7 
 173      AEBDBFBD 
 173      D6
 174 0068 B7D7DA7B 		.ascii	"\267\327\332{\355}\321\\\245Rmy]\245j\021T\252t\244"
 174      ED7DD15C 
 174      A5526D79 
 174      5DA56A11 
 174      54AA74A4 
 175 007c 52CDC263 		.ascii	"R\315\302c\006me \240\252JU\354Q\203T\202\324\200\324"
 175      066D6520 
 175      A0AA4A55 
 175      EC518354 
 175      82D480D4 
 176 0090 8134A816 		.ascii	"\2014\250\026>\373`\200-\274?\003q\000q\344\343\235"
 176      3EFB6080 
 176      2DBC3F03 
 176      710071E4 
 176      E39D
 177 00a2 40DE02F9 		.ascii	"@\336\002\371\024\344\267\200\371\015H\037|\177\010"
 177      14E4B780 
 177      F90D481F 
 177      7C7F08
 178 00b1 F21C6402 		.ascii	"\362\034d\002\004\203,\201v'\020{\304|W.\342#\005:l"
 178      04832C81 
 178      7627107B 
 178      C47C572E 
 178      E223053A 
 179 00c6 16F1A1B4 		.ascii	"\026\361\241\264/\331\225\374\300\364TK\021\363\201"
 179      2FD995FC 
 179      C0F4544B 
 179      11F381
 180 00d5 F83C944F 		.ascii	"\370<\224O\032tX\231\340Ol\207B\377\327 \037!f\223\330"
 180      1A745899 
 180      E04F6C87 
 180      42FFD720 
 180      1F216693 
 181 00ea F994DBAB 		.ascii	"\371\224\333\253\343z\004\232o3\303\204M\302\367\257"
 181      E37A049A 
 181      6F33C384 
 181      4DC2F7AF 
 182 00fa 8BF025C3 		.ascii	"\213\360%\303\235\270\315\305b\234\204Q[\325\311\\\034"
 182      9DB8CDC5 
 182      629C8451 
 182      5BD5C95C 
 182      1C
 183 010b 87D15B56 		.ascii	"\207\321[V\210d\313\036\232\362\007.L\332\262&\202\310"
 183      8864CB1E 
 183      9AF2072E 
 183      4CDAB226 
 183      82C8
 184 011d 1DA81AB7 		.ascii	"\035\250\032\267\305\002\375\036\231\322:n\355\222'"
 184      C502FD1E 
 184      99D23A6E 
 184      ED9227
 185 012c B24713A4 		.ascii	"\262G\023\244B\347\020\226L5\356\033\315\261\300\357"
 185      42E71096 
ARM GAS  C:\Users\Pasquale\AppData\Local\Temp\cc7VJlwg.s 			page 14


 185      4C35EE1B 
 185      CDB1C0EF 
 186 013c 53E08FD1 		.ascii	"S\340\217\321\005\351\304\254\203\025R\203:R\227\372"
 186      05E9C4AC 
 186      83155283 
 186      3A5297FA 
 187 014c C00E5447 		.ascii	"\300\016TG+\264<\011\013\035\315/Z\355\220\225s\214"
 187      2BB43C09 
 187      0B1DCD2F 
 187      5AED9095 
 187      738C
 188 015e 28468A99 		.ascii	"(F\212\231Q\242\345F\025\272\200\234\320y\344\244B%"
 188      51A2E546 
 188      15BA809C 
 188      D079E4A4 
 188      4225
 189 0170 C899B82E 		.ascii	"\310\231\270.B.*t\026\032\317@\3431\342\316\320p\350"
 189      422E2A74 
 189      161ACF40 
 189      E331E2CE 
 189      D070E8
 190 0183 FD43A3A2 		.ascii	"\375C\243\242\270\034]DV\250\030a\212\201\331\275e\305"
 190      B81C5D44 
 190      56A81861 
 190      8A81D9BD 
 190      65C5
 191 0195 089CCC49 		.ascii	"\010\234\314I\3102\307\005\2100\020J\322z\256\013\246"
 191      C832C705 
 191      8830104A 
 191      D27AAE0B 
 191      A6
 192 01a6 7C5C36ED 		.ascii	"|\\6\355#\177E\305NQ\024P)\370\270d\364\001.\311\013"
 192      237F45C5 
 192      4E511450 
 192      29F8B864 
 192      F4012EC9 
 193 01bb 5AC1D1C5 		.ascii	"Z\301\321\305\262\322+\326\035\250\015\301B@K\350\374"
 193      B2D22BD6 
 193      1DA80DC1 
 193      42404BE8 
 193      FC
 194 01cc 11629FF0 		.ascii	"\021b\237\360&B\365Y\351A\254\035Z\005\366\342P\242"
 194      2642F559 
 194      E941AC1D 
 194      5A05F6E2 
 194      50A2
 195 01de 4843D05C 		.ascii	"HC\320\\\213\300m\010\222]\372\217\033@r\253\254\237"
 195      8BC06D08 
 195      925DFA8F 
 195      1B4072AB 
 195      AC9F
 196 01f0 B9931E96 		.ascii	"\271\223\036\226v\366E6\2165\011Fg\262!\013\270\252"
 196      76F64536 
 196      8E350946 
 196      67B2210B 
 196      B8AA
 197 0202 E6BAE748 		.ascii	"\346\272\347H\031'\211x\272\233\006\366\234\266\351"
ARM GAS  C:\Users\Pasquale\AppData\Local\Temp\cc7VJlwg.s 			page 15


 197      19278978 
 197      BA9B06F6 
 197      9CB6E9
 198 0211 44EDD00B 		.ascii	"D\355\320\013\3539^\023D\023\237v\273+[\300\007\330"
 198      EB395E13 
 198      44139F76 
 198      BB2B5BC0 
 198      07D8
 199 0223 72A93C71 		.ascii	"r\251<q\256\014\251\005\0267\024\254&m5\023\307\257"
 199      AE0CA905 
 199      163714AC 
 199      266D3513 
 199      C7AF
 200 0235 A8E7DACA 		.ascii	"\250\347\332\312\021m\274>;a\260g\313E +i\270\366\260"
 200      116DBC3E 
 200      3B61B067 
 200      CB45202B 
 200      69B8F6B0 
 201 0249 355B2E4B 		.ascii	"5[.K\310\352\271\334\236,,K&\371\211\217\022\227\010"
 201      C8EAB9DC 
 201      9E2C2C4B 
 201      26F9898F 
 201      129708
 202 025c E8B35FA2 		.ascii	"\350\263_\242\353\220\265k\2205\025\252@\313\340\363"
 202      EB90B56B 
 202      903515AA 
 202      40CBE0F3 
 203 026c 2A52335A 		.ascii	"*R3Z\205q/wiVd\212\231\235\242a\242v\345\303\263\242"
 203      85712F77 
 203      6956648A 
 203      999DA261 
 203      A276E5C3 
 204 0282 08F914D5 		.ascii	"\010\371\024\325\004\207\312\214\011-#\013\027\031P"
 204      0487CA8C 
 204      092D230B 
 204      171950
 205 0291 27425750 		.ascii	"'BWP\007L\242\022\255 \263j/\035\306\370\236i\376)\267"
 205      074CA212 
 205      AD20B36A 
 205      2F1DC6F8 
 205      9E69FE29 
 206 02a6 B22EDA9A 		.ascii	"\262.\332\232$SM\311\334\220\310\3146\227\365\331q2"
 206      24534DC9 
 206      DC90C8CC 
 206      3697F5D9 
 206      7132
 207 02b8 8DAFA78A 		.ascii	"\215\257\247\212\206H\221\254-@\241*#\225*%\225\032"
 207      864891AC 
 207      2D40A12A 
 207      23952A25 
 207      951A
 208 02ca 4AA5F0F9 		.ascii	"J\245\360\371\343(\214\007\030\225\304\350\204$K\311"
 208      E3288C07 
 208      1895C4E8 
 208      84244BC9 
 209 02da D2AFE72C 		.ascii	"\322\257\347,\221I\325\032-\325*-\325QK\245\307S<p,"
 209      9149D51A 
ARM GAS  C:\Users\Pasquale\AppData\Local\Temp\cc7VJlwg.s 			page 16


 209      2DD52A2D 
 209      D5514BA5 
 209      C7533C70 
 210 02ef A686462E 		.ascii	"\246\206F.E\374\205\333\351\177c\036\243z\243\235z\245"
 210      45FC85DB 
 210      E97F631E 
 210      A37AA39D 
 210      7AA5
 211 0301 9D066A27 		.ascii	"\235\006j'\257)\243\304\206\245It\"\266\312v\235\345"
 211      AF29A3C4 
 211      86A54974 
 211      22B6CA76 
 211      9DE5
 212 0313 FAB005E8 		.ascii	"\372\260\005\350I\247\036\024#\246\307;\202\336\327"
 212      49A71E14 
 212      23A6C73B 
 212      82DED7
 213 0322 743CD596 		.ascii	"t<\325\226\345Q<\202\240\341\360\364t\264\032\2472&"
 213      E5513C82 
 213      A0E1F0F4 
 213      74B41AA7 
 213      3226
 214 0334 F7EFCCD4 		.ascii	"\367\357\314\324\360\032\021eFVFO\353\001[\253\030\022"
 214      F01A1165 
 214      4656464F 
 214      EB015BAB 
 214      1812
 215 0346 59BA5F49 		.ascii	"Y\272_I\207\264cU\350\016\331\200\310\325\0115\201J"
 215      87B46355 
 215      E80ED980 
 215      C8D50935 
 215      814A
 216 0358 CA5272D6 		.ascii	"\312Rr\3269\354\020O\363 \212\037\250i\212n\001\274"
 216      39EC104F 
 216      F3208A1F 
 216      A8698A6E 
 216      01BC
 217 036a 91C2EF22 		.ascii	"\221\302\357\"\007i\020Aw\037\355\316\264\344\314\315"
 217      07691041 
 217      771FEDCE 
 217      B4E4CCCD 
 218 037a 41FF26A1 		.ascii	"A\377&\241+\333\2163'\304n&\354ITs\246\244\006\356\275"
 218      2BDB8E33 
 218      27C46E26 
 218      EC495473 
 218      A6A406EE 
 219 038f 9BF0479C 		.ascii	"\233\360G\234\303x\376T\230X`\306\260C\004{1\365N\252"
 219      C378FE54 
 219      985860C6 
 219      B043047B 
 219      31F54EAA 
 220 03a3 B5499E6D 		.ascii	"\265I\236m\022\317V\3063\177g\367I\015\214v\202\002"
 220      12CF56C6 
 220      337F67F7 
 220      490D8C76 
 220      8202
 221 03b5 8B64D5D5 		.ascii	"\213d\325\325\211U\327\263\206\261Sj|\234z\022\012O"
ARM GAS  C:\Users\Pasquale\AppData\Local\Temp\cc7VJlwg.s 			page 17


 221      8955D7B3 
 221      86B1536A 
 221      7C9C7A12 
 221      0A4F
 222 03c7 757F899C 		.ascii	"u\177\211\234\255\244j\347\262s\027\311M\027L\254\323"
 222      ADA46AE7 
 222      B27317C9 
 222      4D174CAC 
 222      D3
 223 03d8 981B2732 		.ascii	"\230\033'2%Z\325\304l\021/S\2415N\310\015j\332}\250"
 223      255AD5C4 
 223      6C112F53 
 223      A1354EC8 
 223      0D6ADA7D 
 224 03ed 694EBCA6 		.ascii	"iN\274\246u\000\235v\346\377d\306\211k\266\270\2209"
 224      75009D76 
 224      E6FF64C6 
 224      896BB6B8 
 224      9039
 225 03ff 683F3554 		.ascii	"h?5T\217\215\036\362W\234\241\265\256\007<<0z\350B&"
 225      8F8D1EF2 
 225      579CA1B5 
 225      AE073C3C 
 225      307AE842 
 226 0414 5C742FEE 		.ascii	"\\t/\356\242\251#\271\305\332\230\012D\355\335\203\376"
 226      A2A923B9 
 226      C5DA980A 
 226      44EDDD83 
 226      FE
 227 0425 661A915E 		.ascii	"f\032\221^\232\2126)\025\221\327b\037#\022\276\250\237"
 227      9A8A3629 
 227      1591D762 
 227      1F2312BE 
 227      A89F
 228 0437 67FDE0F5 		.ascii	"g\375\340\365\311!\265\334\372\303WY/\352H\212\345K"
 228      C921B5DC 
 228      FAC35759 
 228      2FEA488A 
 228      E54B
 229 0449 32939C3C 		.ascii	"2\223\234<\027\333F\014\326L\357$\341\237\0348\330\244"
 229      17DB460C 
 229      D64CEF24 
 229      E19F1C38 
 229      D8A4
 230 045b E189B603 		.ascii	"\341\211\266\003\375\352X\372\210\015\276\3002]\336"
 230      FDEA58FA 
 230      880DBEC0 
 230      325DDE
 231 046a 521AC333 		.ascii	"R\032\3033\275\026\324\332\275\027zL/\310A)\321O\030"
 231      BD16D4DA 
 231      BD177A4C 
 231      2FC84129 
 231      D14F18
 232 047d CF99CCF4 		.ascii	"\317\231\314\364;\202rA>\006x?\205\017Q\236\203\022"
 232      3B827241 
 232      3E06783F 
 232      850F519E 
ARM GAS  C:\Users\Pasquale\AppData\Local\Temp\cc7VJlwg.s 			page 18


 232      8312
 233 048f CF942793 		.ascii	"\317\224'\223\277\342\353Q~@:\320\003\022\235\356\273"
 233      BFE2EB51 
 233      7E403AD0 
 233      03129DEE 
 233      BB
 234 04a0 926EC559 		.ascii	"\222n\305Y\222\202x\365VZ\256\005\276\312X>\335\275"
 234      928278F5 
 234      565AAE05 
 234      BECA583E 
 234      DDBD
 235 04b2 7382EF1B 		.ascii	"s\202\357\033\262\351\272\253G\177\2603\311r\\b\371"
 235      B2E9BAAB 
 235      477FB033 
 235      C9725C62 
 235      F9
 236 04c3 94B14CEF 		.ascii	"\224\261L\357\037\233\265S\262\034\005\370\010\205?"
 236      1F9BB553 
 236      B21C05F8 
 236      08853F
 237 04d2 A32CC725 		.ascii	"\243,\307%\226\007\033\013\327\263T\375\234\023\024"
 237      96071B0B 
 237      D7B354FD 
 237      9C1314
 238 04e1 06DCBA3C 		.ascii	"\006\334\272<\325`/7?\361*\363\023E/Z\370\25431Y\032"
 238      D5602F37 
 238      3FF12AF3 
 238      13452F5A 
 238      F8AC3331 
 239 04f7 25CD09FC 		.ascii	"%\315\011\374\030\350\224\357ZG\276k#\372\012va\\\305"
 239      18E894EF 
 239      5A47BE6B 
 239      23FA0A76 
 239      615CC5
 240 050a C23096B2 		.ascii	"\3020\226\2623V\303\300\257\201z$\177p@c2\0143R\030"
 240      3356C3C0 
 240      AF817A24 
 240      7F704063 
 240      320C3352 
 241 051f 5E329E2F 		.ascii	"^2\236/\313;\262\354\225ax\001\360)\012\237\245<g$\236"
 241      CB3BB2EC 
 241      95617801 
 241      F0290A9F 
 241      A53C6724 
 242 0534 674B478E 		.ascii	"gKG\216J\325\203\360\354\311\355\312\266\302\215\214"
 242      4AD583F0 
 242      ECC9EDCA 
 242      B6C28D8C 
 243 0544 C7F786B8 		.ascii	"\307\367\206\270*\236\216L\222\253\331\264\341\3036"
 243      2A9E8E4C 
 243      92ABD9B4 
 243      E1C336
 244 0553 F82EEB94 		.ascii	"\370.\353\224\022\351\300\023\331\360\250\250P\300\367"
 244      12E9C013 
 244      D9F0A8A8 
 244      50C0F7
 245 0562 59E7CB8E 		.ascii	"Y\347\313\216\370x\013>\222\254\315\216\346\246B\033"
ARM GAS  C:\Users\Pasquale\AppData\Local\Temp\cc7VJlwg.s 			page 19


 245      F8780B3E 
 245      92ACCD8E 
 245      E6A6421B 
 246 0572 DCCB3A8B 		.ascii	"\334\313:\213zoTH#Igl~W\234\031\036\342\245\263\355"
 246      7A6F5448 
 246      2349676C 
 246      7E579C19 
 246      1EE2A5B3 
 247 0587 E16E3BFC 		.ascii	"\341n;\374\224)\225\025\221_\342\031\366\275\346A\364"
 247      94299515 
 247      915FE219 
 247      F6BDE641 
 247      F4
 248 0598 EFD8A068 		.ascii	"\357\330\240hR\240\257\347\024f`\026\300L\272\374\317"
 248      52A0AFE7 
 248      14666016 
 248      C04CBAFC 
 248      CF
 249 05a9 94ED8EB2 		.ascii	"\224\355\216\262\307Qj\002\266\357\230\212\352\260A"
 249      C7516A02 
 249      B6EF988A 
 249      EAB041
 250 05b8 2BD9B374 		.ascii	"+\331\263t\2453}g\211\321\021\242\2412\026\237\257\253"
 250      A5337D67 
 250      89D111A2 
 250      A132169F 
 250      AFAB
 251 05ca 86509623 		.ascii	"\206P\226#\364\0349\2408\001\243da\351\\*!\224\020\240"
 251      F41C39A0 
 251      3801A364 
 251      61E95C2A 
 251      219410A0 
 252 05de 55E432CB 		.ascii	"U\3442\313\0064\006\302G\004\224|\000\267 \006\2266"
 252      063406C2 
 252      4704947C 
 252      00B72006 
 252      9636
 253 05f0 29FA09C9 		.ascii	")\372\011\311\320\244\362L}\005\350hL\342\214\2469Z"
 253      D0A4F24C 
 253      7D05E868 
 253      4CE28CA6 
 253      395A
 254 0602 8A3E9A44 		.ascii	"\212>\232D\012\333\345\201\014M\210\214!\005\221a%\272"
 254      0ADBE581 
 254      0C4D888C 
 254      21059161 
 254      25BA
 255 0614 F12B233A 		.ascii	"\361+#:VI;FP0\351\2271\211\022\024L\"\345\350\350(\321"
 255      56493B46 
 255      5030E997 
 255      31891214 
 255      4C22E5E8 
 256 062b D015984A 		.ascii	"\320\025\230J\321dU\357\345\350\271-q\323\310$\201/"
 256      D16455EF 
 256      E5E8B92D 
 256      71D3C824 
 256      812F
ARM GAS  C:\Users\Pasquale\AppData\Local\Temp\cc7VJlwg.s 			page 20


 257 063d 2C112E02 		.ascii	",\021.\002\350[\301\011\355\241\226\010\034v\014:(8"
 257      E85BC109 
 257      EDA19608 
 257      1C760C3A 
 257      2838
 258 064f A37DC24A 		.ascii	"\243}\302J\224\012\222\010\222\002r\030$\011$\035$\001"
 258      940A9208 
 258      92027218 
 258      2409241D 
 258      2401
 259 0661 643F481A 		.ascii	"d?H\032H<\310!\220\003\302Jz\007c\264\357\311h\357R"
 259      483CC821 
 259      9003C24A 
 259      7A0763B4 
 259      EFC968EF 
 260 0676 D2FEC648 		.ascii	"\322\376\306H\233\025\372g\375\016\021\300\205\240T"
 260      9B15FA67 
 260      FD0E11C0 
 260      85A054
 261 0685 BCC81B4D 		.ascii	"\274\310\033M\265\0178\356\027\305*7rd\242\333<\274"
 261      B50F38EE 
 261      17C52A37 
 261      7264A2DB 
 261      3CBC
 262 0697 D2418A7E 		.ascii	"\322A\212~T\246\256Z\346y\267\322\363\310\0024O\035"
 262      54A6AE5A 
 262      E679B7D2 
 262      F3C80234 
 262      4F1D
 263 06a9 543F34C0 		.ascii	"T?4\300mK5\021=R\246nT\226\272\010e\352DA\201\356\222"
 263      6D4B3511 
 263      3D52A66E 
 263      5496BA08 
 263      65EA4441 
 264 06c0 A1772AD1 		.ascii	"\241w*\321\321F4\251\315w:\256!\\M\227\275\0209UXd\206"
 264      D14634A9 
 264      CD773AAE 
 264      215C4D97 
 264      BD103955 
 265 06d7 963A2F9A 		.ascii	"\226:/\232$\330\303\316\377\223<\261\310CM\202\337I"
 265      24D8C3CE 
 265      FF933CB1 
 265      C8434D82 
 265      DF49
 266 06e9 28030C7E 		.ascii	"(\003\014~'\314\035\260$\017\224W\354\303\251\032l\263"
 266      27CC1DB0 
 266      240F9457 
 266      ECC3A91A 
 266      6CB3
 267 06fb 7BEE270A 		.ascii	"{\356'\012\005\032\253\326\021\301\206^\273\341Mn_u"
 267      051AABD6 
 267      11C1865E 
 267      BBE14D6E 
 267      5F75
 268 070d 95ADBCD0 		.ascii	"\225\255\274\320\304\220\275<\373\2509\233W\245az\263"
 268      C490BD3C 
 268      FBA8399B 
ARM GAS  C:\Users\Pasquale\AppData\Local\Temp\cc7VJlwg.s 			page 21


 268      57A5617A 
 268      B3
 269 071e 9B3E5CCC 		.ascii	"\233>\\\314uGYuq\344\325e\340`\\\224\275\311\002yL\340"
 269      75475975 
 269      71E4D565 
 269      E0605C94 
 269      BDC90279 
 270 0734 05F23C2B 		.ascii	"\005\362<+\220\267\333z\222m\224\005\362(\004)\207\006"
 270      90B7DB7A 
 270      926D9405 
 270      F2280429 
 270      8706
 271 0746 F6B8E020 		.ascii	"\366\270\340 \015\"\350s\215w\237Y\342\3334\276\250"
 271      0D22E873 
 271      8D779F59 
 271      E2DB34BE 
 271      A8
 272 0757 3979F780 		.ascii	"9y\367\200\231tj\304\374\234S#\247\267p\310R\356\354"
 272      99746AC4 
 272      FC9C5323 
 272      A7B770C8 
 272      52EEEC
 273 076a A4F00A67 		.ascii	"\244\360\012g\267z\217D\363#\376\246J\366k\301\201\375"
 273      B77A8F44 
 273      F323FEA6 
 273      4AF66BC1 
 273      81FD
 274 077c 5A900AA7 		.ascii	"Z\220\012\247#/\234%\025\2157\020nf\334\312G\013\216"
 274      232F9C25 
 274      158D3710 
 274      6E66DCCA 
 274      470B8E
 275 078f F3B1A490 		.ascii	"\363\261\244\220w\306_\2355\035\223\002)&\371\002\245"
 275      77C65F9D 
 275      351D9302 
 275      2926F902 
 275      A5
 276 07a0 391E5FB0 		.ascii	"9\036_\260A\031\222S\3002\217\262,\244,\013$\226\207"
 276      41199253 
 276      C0328FB2 
 276      2CA42C0B 
 276      249687
 277 07b3 0EF79F16 		.ascii	"\016\367\237\026\224s2\211\216\273~\256\202\347\266"
 277      94733289 
 277      8EBB7EAE 
 277      82E7B6
 278 07c2 8AE8BD33 		.ascii	"\212\350\2753g\252-p;#\235\270\377y"
 278      67AA2D70 
 278      3B239DB8 
 278      FF79
 279 07d0 B5067731 		.ascii	"\265\006w1\245x0\267\330\226!\015DO-yZ\315\357,\032"
 279      A57830B7 
 279      D896210D 
 279      444F2D79 
 279      5ACDEF2C 
 280 07e5 59B723EF 		.ascii	"Y\267#\357\036\313\035>j\216{\331\330\204\341\321Ds"
 280      1ECB1D3E 
ARM GAS  C:\Users\Pasquale\AppData\Local\Temp\cc7VJlwg.s 			page 22


 280      6A8E7BD9 
 280      D884E1D1 
 280      4473
 281 07f7 93D3BD28 		.ascii	"\223\323\275(M\327\215\316\266\370\\\366\220F9\335\363"
 281      4DD78DCE 
 281      B6F85CF6 
 281      904639DD 
 281      F3
 282 0808 3081623A 		.ascii	"0\201b:\201\022:\201\213\322\004J\"r\232\260r\272&\321"
 282      81123A81 
 282      8BD2044A 
 282      22729AB0 
 282      72BA26D1 
 283 081c 277AD3F7 		.ascii	"'z\323\367\3624\274G\256\031\223G\372mq?#\371dp:\337"
 283      F234BC47 
 283      AE199347 
 283      FA6D713F 
 283      23F96470 
 284 0832 0E0F31A5 		.ascii	"\016\0171\245\244\370R\005\237\235\033\271\364\347\225"
 284      A4F85205 
 284      9F9D1BB9 
 284      F4E795
 285 0841 D55BE3A7 		.ascii	"\325[\343\247\254o:>\343\214%\236bJ\332X\333#\276\370"
 285      AC6F3A3E 
 285      E38C259E 
 285      624ADA58 
 285      DB23BEF8 
 286 0855 9D499EB3 		.ascii	"\235I\236\263\277\333o\211gY\337l|\314!\013\034mF\225"
 286      BFDB6F89 
 286      6759DF6C 
 286      7CCC210B 
 286      1C6D4695 
 287 0869 A4FAA46C 		.ascii	"\244\372\244lk\034\313\224\301\350\236N\276t\226\201"
 287      6B1CCB94 
 287      C1E89E4E 
 287      BE749681 
 288 0879 FAA22FA9 		.ascii	"\372\242/\251\231\377~\261\221]G\034\371u\344\364\263"
 288      99FF7EB1 
 288      915D471C 
 288      F975E4F4 
 288      B3
 289 088a BD29D678 		.ascii	"\275)\326x\037\033z\2679\372\002\307Z\203\032\225w\271"
 289      1F1B7AB7 
 289      39FA02C7 
 289      5A831A95 
 289      77B9
 290 089c C8CC6468 		.ascii	"\310\314dhk\245\320\326\260\225\364\355\351\234+\346"
 290      6BA5D0D6 
 290      B095F4ED 
 290      E99C2BE6 
 291 08ac CA1BF30D 		.ascii	"\312\033\363\015\210V\025\215V\035\215V\255\024\255"
 291      8856158D 
 291      561D8D56 
 291      AD14AD
 292 08bb FADEB806 		.ascii	"\372\336\270\006k\345\015\330$\272\264\261\365\003\234"
 292      6BE50DD8 
 292      24BAB4B1 
ARM GAS  C:\Users\Pasquale\AppData\Local\Temp\cc7VJlwg.s 			page 23


 292      F5039C
 293 08ca C8488ED7 		.ascii	"\310H\216\327\267\336G8\205)\32157\216[\3404\246\014"
 293      B7DE4738 
 293      8529D135 
 293      378E5BE0 
 293      34A60C
 294 08dd 9CACAB32 		.ascii	"\234\254\2532\307G\230\322\335;u\036\343cL96\220\365"
 294      C74798D2 
 294      DD3B751E 
 294      E3634C39 
 294      3690F5
 295 08f0 AD25CEE5 		.ascii	"\255%\316\345c\272\007\353y\200\366\220\315\364b\270"
 295      63BA07EB 
 295      7980F690 
 295      CDF462B8 
 296 0900 E8B61412 		.ascii	"\350\266\024\022\262\334\372\307{f5\270\220\202_+l\254"
 296      B2DCFAC7 
 296      7B6635B8 
 296      90825F2B 
 296      6CAC
 297 0912 CDB444F4 		.ascii	"\315\264D\364.a|\234\371;KL\202r\335>\311\017\233\037"
 297      2E617C9C 
 297      F93B4B4C 
 297      8272DD3E 
 297      C90F9B1F 
 298 0926 0407741A 		.ascii	"\004\007t\032*b\013\024<iW\240\\e\211/\337\316n\025"
 298      2A620B14 
 298      3C6957A0 
 298      5C65892F 
 298      DFCE6E15 
 299 093a F580AEE6 		.ascii	"\365\200\256\346hi\342\250R\216N\202\323\271q\007;\235"
 299      6869E2A8 
 299      528E4E82 
 299      D3B97107 
 299      3B9D
 300 094c C9D23BCB 		.ascii	"\311\322;\313\321s\245\347\014E_@\013\216\347;`\257"
 300      D173A5E7 
 300      0C455F40 
 300      0B8EE73B 
 300      60AF
 301 095e 8976B6F0 		.ascii	"\211v\266\360\262\377\020\312~?\224\362v\220>\220' "
 301      B2FF10CA 
 301      7E3F94F2 
 301      76903E90 
 301      2720
 302 0970 9D20F741 		.ascii	"\235 \367A\232A\036\201<\006\351\006\351\005\351\001"
 302      9A411E81 
 302      3C06E906 
 302      E905E901 
 303 0980 69051900 		.ascii	"i\005\031\000\031\004\351\000\271\007\362\023H\033\310"
 303      1904E900 
 303      B907F213 
 303      481BC8
 304 098f 0390AEB9 		.ascii	"\003\220\256\271\343\233\334#F\267\033\357\021W\224"
 304      E39BDC23 
 304      46B71BEF 
 304      115794
ARM GAS  C:\Users\Pasquale\AppData\Local\Temp\cc7VJlwg.s 			page 24


 305 099e 4C4BE7CD 		.ascii	"LK\347\315\213\034t;\330A\367=D\341\004GK\325\221_X"
 305      8B1C743B 
 305      D841F73D 
 305      44E10447 
 305      4BD5915F 
 306 09b3 6577947B 		.ascii	"ew\224{!F\333\267\224\266]\215A`1\253\226\305\354\334"
 306      2146DBB7 
 306      94B65D8D 
 306      416031AB 
 306      96C5ECDC 
 307 09c7 E23193D9 		.ascii	"\3421\223\331\036\225\331\276\251D\347)\321S2t\303\342"
 307      1E95D9BE 
 307      A944E729 
 307      D1533274 
 307      C3E2
 308 09d9 68890A35 		.ascii	"h\211\0125\276\303\010\277\253\204g-\270\270\361\240"
 308      BEC308BF 
 308      AB84672D 
 308      B8B8F1A0 
 309 09e9 C0E140EF 		.ascii	"\300\341@\357!\363\202\222\275\300\370=Y\304\257)\215"
 309      21F38292 
 309      BDC0F83D 
 309      59C4AF29 
 309      8D
 310 09fa 5F5D00EF 		.ascii	"_]\000\357\227\301\313\224p\303\002x\227\014^\2768\\"
 310      97C1CB94 
 310      70C30278 
 310      970C5EBE 
 310      385C
 311 0a0c 761DAB18 		.ascii	"v\035\253\030b\327\261\026\345u\214\230\352\035r\314"
 311      62D7B116 
 311      E5758C98 
 311      EA1D72CC 
 312 0a1c 8A223B84 		.ascii	"\212\";\204\330jT\332*V\306\270Z\346\271B\211f\3271"
 312      D86A54DA 
 312      2A56C6B8 
 312      5AE6B942 
 312      8966D731 
 313 0a30 79BA1B43 		.ascii	"y\272\033C\214\351\276\275\350\342\220\331n\224\331"
 313      8CE9BEBD 
 313      E8E290D9 
 313      6E94D9
 314 0a3f BEBE78CC 		.ascii	"\276\276x\314\344\331\226\241//\276\246\347EX\2668~"
 314      E4D996A1 
 314      2F2FBEA6 
 314      E74558B6 
 314      387E
 315 0a51 5C7C9A73 		.ascii	"\\|\232s\304I%\340\351\276\004\351\276\300\341\322\361"
 315      C44925E0 
 315      E9BE04E9 
 315      BEC0E1D2 
 315      F1
 316 0a62 828AE65D 		.ascii	"\202\212\346]\366\352;\016\324\253q1\255IB\333\243\263"
 316      F6EA3B0E 
 316      D4AB7131 
 316      AD4942DB 
 316      A3B3
ARM GAS  C:\Users\Pasquale\AppData\Local\Temp\cc7VJlwg.s 			page 25


 317 0a74 71D6CACB 		.ascii	"q\326\312\313\236\264\345\321\010\354\364\377\307\256"
 317      9EB4E5D1 
 317      08ECF4FF 
 317      C7AE
 318 0a82 67799F99 		.ascii	"gy\237\2314'\227\301ap8d\274\014\266H\227\301\354\336"
 318      342797C1 
 318      61703864 
 318      BC0CB648 
 318      97C1ECDE 
 319 0a96 AEAB6AF9 		.ascii	"\256\253j\371epx\336ep\224_\006G\351e\260\2413#Q\300"
 319      657078DE 
 319      6570945F 
 319      0647E965 
 319      B0A13323 
 320 0aac 0656A5B3 		.ascii	"\006V\245\263\372\352n\360S\362\015\362\367\230\304"
 320      FAEA6EF0 
 320      53F20DF2 
 320      F798C4
 321 0abb 81BD8815 		.ascii	"\201\275\210\025\351>R\264\217\324\215%[\341z\206=_"
 321      E93E52B4 
 321      8FD48D25 
 321      5BE17A86 
 321      3D5F
 322 0acd FA643583 		.ascii	"\372d5\203\222\037\210mq\255-\310\344\261\365\\:\266"
 322      921F886D 
 322      71AD2DC8 
 322      E4B1F55C 
 322      3AB6
 323 0adf 26D8B1D5 		.ascii	"&\330\261\325\364\274t\012~\332RC\352\274\250\357\207"
 323      F4BC740A 
 323      7EDA5243 
 323      EABCA8EF 
 323      87
 324 0af0 D5C8D909 		.ascii	"\325\310\331\011\001\034\261\277(\221\377\023P\241\227"
 324      011CB1BF 
 324      2891FF13 
 324      50A197
 325 0aff B0B62605 		.ascii	"\260\266&\005,\375'C\252\010\346\207\377E\232\341\273"
 325      2CFD2743 
 325      AA08E687 
 325      FF459AE1 
 325      BB
 326 0b10 86BE17F9 		.ascii	"\206\276\027\371\333\322\024\204\377%\3657\015\331y"
 326      DBD21484 
 326      FF25F537 
 326      0DD979
 327 0b1f C11C6664 		.ascii	"\301\034fd\\\276\203\344'\037\261=\016\375Oi\306g\350"
 327      5CBE83E4 
 327      271FB13D 
 327      0EFD4F69 
 327      C667E8
 328 0b32 C9F75C3A 		.ascii	"\311\367\\:\371\012\323\253&-\255\270\355\230\377d;"
 328      F90AD3AB 
 328      262DADB8 
 328      ED98FF64 
 328      3B
 329 0b43 7734677A 		.ascii	"w4gz\336\251:\373*\333y\373k\322\2047\263\305\233\006"
ARM GAS  C:\Users\Pasquale\AppData\Local\Temp\cc7VJlwg.s 			page 26


 329      DEA93AFB 
 329      2ADB79FB 
 329      6BD28437 
 329      B3C59B06 
 330 0b57 D13056EB 		.ascii	"\3210V\353\226\026i\020\243>@\"v@\317 \225uh\205l\350"
 330      96166910 
 330      A33E4022 
 330      7640CF20 
 330      95756885 
 331 0b6d 18B4FC5D 		.ascii	"\030\264\374]P\241\010\374\246j\265\213\213+\374\363"
 331      50A108FC 
 331      A66AB58B 
 331      8B2BFCF3 
 332 0b7d DB1AB025 		.ascii	"\333\032\260% $l\325\357W\271\206\204\271n\365\015t"
 332      20246CD5 
 332      EF57B986 
 332      84B96EF5 
 332      0D74
 333 0b8f FD3A2434 		.ascii	"\375:$4<\314\325/$(($\330\325]\267I\273i\273k\360?\003"
 333      3CCCD52F 
 333      24282824 
 333      D8D55DB7 
 333      49BB69BB 
 334 0ba7 FC5CFC34 		.ascii	"\374\\\3744\177\372\350\223\345\332U\253TV>>\333\002"
 334      7FFAE893 
 334      E5DA55AB 
 334      54563E3E 
 334      DB02
 335 0bb9 82C3D7AC 		.ascii	"\202\303\327\254\366\011\377\334\357\017\336\324FX\370"
 335      F609FFDC 
 335      EF0FDED4 
 335      4658F8
 336 0bc8 36FF8010 		.ascii	"6\377\200\020\357\360\220\220\3000\357/\202\267-\247"
 336      EFF09090 
 336      C030EF2F 
 336      82B72DA7 
 337 0bd8 DF96FB86 		.ascii	"\337\226\373\206\006-\327\007m\321\373\373\353\375\275"
 337      062DD707 
 337      6DD1FBFB 
 337      EBFDBD
 338 0be7 D7BAB82D 		.ascii	"\327\272\270-_\355\266j\355?\336\361\206\366\267\203"
 338      5FEDB66A 
 338      ED3FDEF1 
 338      86F6B783 
 339 0bf7 4382F56F 		.ascii	"C\202\365o\353}\267\004x\007\004\373\005n\363\327{\007"
 339      EB7DB704 
 339      780704FB 
 339      056EF3D7 
 339      7B07
 340 0c09 F982AD60 		.ascii	"\371\202\255`\275\267\217\277\376s\337m\201\341>\341"
 340      BDB78FBF 
 340      FE73DF6D 
 340      81E13EE1 
 341 0c19 3BBED687 		.ascii	";\276\326\207\271lUi$\177\177\373\237\372\013\333\021"
 341      B96C5569 
 341      247F7FFB 
 341      9FFA0BDB 
ARM GAS  C:\Users\Pasquale\AppData\Local\Temp\cc7VJlwg.s 			page 27


 341      11
 342 0c2a E6ED1316 		.ascii	"\346\355\023\026\356\017\306\301\311\0222\315\365\301"
 342      EE0FC6C1 
 342      C91232CD 
 342      F5C1
 343 0c38 BE5B02F5 		.ascii	"\276[\002\365\233\365~\341!\241k\376\373\030\251~A\336"
 343      9BF57EE1 
 343      21A16BFE 
 343      FB18A97E 
 343      41DE
 344 0c4a EB02C28C 		.ascii	"\353\002\302\214V\234H\213\227>\334kGX\270>h\243o\260"
 344      569C488B 
 344      973EDC6B 
 344      4758B83E 
 344      68A36FB0 
 345 0c5e 7FA03ED4 		.ascii	"\177\240>\32434 $4 |\007\365\251\015\324\373\206z\352"
 345      33342024 
 345      34207C07 
 345      F5A90DD4 
 345      FB867AEA 
 346 0c72 8381C717 		.ascii	"\203\201\307\027\226\272\365^\353u\233\327\257{W\360"
 346      96BAF55E 
 346      EB759BD7 
 346      AF7B57F0 
 347 0c82 F0B46481 		.ascii	"\360\264d\201~\317'\334\202\277\347\272\337Q{\270\177"
 347      7ECF27DC 
 347      82BFE7BA 
 347      DF517BB8 
 347      7F
 348 0c93 A89B53D7 		.ascii	"\250\233S\327\250=\264\236Fu\265\332\303\313S\247\321"
 348      A83DB49E 
 348      4675B5DA 
 348      C3CB53A7 
 348      D1
 349 0ca4 316D1574 		.ascii	"1m\025t\2567v\272A\347z\235\332\353c\017\235\373b3\344"
 349      AE3776BA 
 349      41E77A9D 
 349      DAEB630F 
 349      9DFB6233 
 350 0cb9 F3D26F0F 		.ascii	"\363\322o\017'ss\325n\362\362\360r\325\206\204\352]"
 350      277373D5 
 350      6EF2F2F0 
 350      72D58684 
 350      EA5D
 351 0ccb 3D58DC00 		.ascii	"=X\334\000\021\252\367\361\013z\007\202f\371\321f\017"
 351      11AAF7F1 
 351      0B7A0782 
 351      66F9D166 
 351      0F
 352 0cdc ADCFC790 		.ascii	"\255\317\307\220'\260\352\256So\332\264A\207\335\327"
 352      27B0EAAE 
 352      536FDAB4 
 352      4187DDD7 
 353 0cec E9F03A78 		.ascii	"\351\360:x{n\320\251\3357x\351\324\037np\327\231A\027"
 353      7B6ED0A9 
 353      DD3778E9 
 353      D41F6E70 
ARM GAS  C:\Users\Pasquale\AppData\Local\Temp\cc7VJlwg.s 			page 28


 353      D7994117 
 354 0d00 00D6117D 		.ascii	"\000\326\021}#\371\320\302\207\231\327F\255\227\016"
 354      23F9D0C2 
 354      8799D746 
 354      AD970E
 355 0d0f 7B6DF4C4 		.ascii	"{m\364\304Z-\274\265:3w\017\235V\247\336\374\361\237"
 355      5A2DBCB5 
 355      3A33770F 
 355      9D56A7DE 
 355      FCF19F
 356 0d22 75401B10 		.ascii	"u@\033\020Z\317O<\326\301\247\273V\247\361\322~H}\331"
 356      5ACF4F3C 
 356      D6C1A7BB 
 356      56A7F1D2 
 356      7E487DD9 
 357 0d36 FAF87CBE 		.ascii	"\372\370|\276-\330\317\307\307e\355\273\357\275\253"
 357      2DD8CFC7 
 357      C765EDBB 
 357      EFBDAB
 358 0d45 9134B5DF 		.ascii	"\2214\265\337V\337\320\177\003\014W#*"
 358      56DFD07F 
 358      030C5723 
 358      2A
 359              		.text
 360              		.section	.gnu.lto_.symtab.e992f38c,"",%progbits
 361 0000 6E766963 		.ascii	"nvicEnableVector\000"
 361      456E6162 
 361      6C655665 
 361      63746F72 
 361      00
 362 0011 00       		.ascii	"\000"
 363 0012 00       		.ascii	"\000"
 364 0013 00       		.ascii	"\000"
 365 0014 00000000 		.ascii	"\000\000\000\000\000\000\000\000"
 365      00000000 
 366 001c C7000000 		.ascii	"\307\000\000\000"
 367 0020 6E766963 		.ascii	"nvicDisableVector\000"
 367      44697361 
 367      626C6556 
 367      6563746F 
 367      7200
 368 0032 00       		.ascii	"\000"
 369 0033 00       		.ascii	"\000"
 370 0034 00       		.ascii	"\000"
 371 0035 00000000 		.ascii	"\000\000\000\000\000\000\000\000"
 371      00000000 
 372 003d CB000000 		.ascii	"\313\000\000\000"
 373 0041 6E766963 		.ascii	"nvicSetSystemHandlerPriority\000"
 373      53657453 
 373      79737465 
 373      6D48616E 
 373      646C6572 
 374 005e 00       		.ascii	"\000"
 375 005f 00       		.ascii	"\000"
 376 0060 00       		.ascii	"\000"
 377 0061 00000000 		.ascii	"\000\000\000\000\000\000\000\000"
 377      00000000 
ARM GAS  C:\Users\Pasquale\AppData\Local\Temp\cc7VJlwg.s 			page 29


 378 0069 CD000000 		.ascii	"\315\000\000\000"
 379 006d 6E766963 		.ascii	"nvicClearPending\000"
 379      436C6561 
 379      7250656E 
 379      64696E67 
 379      00
 380 007e 00       		.ascii	"\000"
 381 007f 00       		.ascii	"\000"
 382 0080 00       		.ascii	"\000"
 383 0081 00000000 		.ascii	"\000\000\000\000\000\000\000\000"
 383      00000000 
 384 0089 CF000000 		.ascii	"\317\000\000\000"
 385              		.text
 386              		.section	.gnu.lto_.opts,"",%progbits
 387 0000 272D666D 		.ascii	"'-fmath-errno' '-fsigned-zeros' '-ftrapping-math' '"
 387      6174682D 
 387      6572726E 
 387      6F272027 
 387      2D667369 
 388 0033 2D666E6F 		.ascii	"-fno-trapv' '-fno-openmp' '-fno-openacc' '-mcpu=cor"
 388      2D747261 
 388      70762720 
 388      272D666E 
 388      6F2D6F70 
 389 0066 7465782D 		.ascii	"tex-m4' '-mthumb' '-O2' '-fomit-frame-pointer' '-fa"
 389      6D342720 
 389      272D6D74 
 389      68756D62 
 389      2720272D 
 390 0099 6C69676E 		.ascii	"lign-functions=16' '-ffunction-sections' '-fdata-se"
 390      2D66756E 
 390      6374696F 
 390      6E733D31 
 390      36272027 
 391 00cc 6374696F 		.ascii	"ctions' '-fno-common' '-flto'\000"
 391      6E732720 
 391      272D666E 
 391      6F2D636F 
 391      6D6D6F6E 
 392              		.text
 393              		.comm	__gnu_lto_v1,1,1
 394              		.comm	__gnu_lto_slim,1,1
 395              		.ident	"GCC: (GNU Tools for Arm Embedded Processors 7-2017-q4-major) 7.2.1 20170904 (release) [ARM
ARM GAS  C:\Users\Pasquale\AppData\Local\Temp\cc7VJlwg.s 			page 30


DEFINED SYMBOLS
                            *ABS*:00000000 nvic.c
                            *COM*:00000001 __gnu_lto_v1
                            *COM*:00000001 __gnu_lto_slim

NO UNDEFINED SYMBOLS
