ARM GAS  C:\Users\Pasquale\AppData\Local\Temp\ccj26CNq.s 			page 1


   1              		.cpu cortex-m4
   2              		.eabi_attribute 20, 1
   3              		.eabi_attribute 21, 1
   4              		.eabi_attribute 23, 3
   5              		.eabi_attribute 24, 1
   6              		.eabi_attribute 25, 1
   7              		.eabi_attribute 26, 1
   8              		.eabi_attribute 30, 2
   9              		.eabi_attribute 34, 1
  10              		.eabi_attribute 18, 4
  11              		.file	"stm32_isr.c"
  12              		.section	.gnu.lto_.profile.e992d52f,"",%progbits
  13 0000 789C6363 		.ascii	"x\234cc```\005bF\206\245\214\252\000\002\243\000\330"
  13      60606005 
  13      624686A5 
  13      8CAA0002 
  13      A300D8
  14              		.text
  15              		.section	.gnu.lto_.icf.e992d52f,"",%progbits
  16 0000 789C6363 		.ascii	"x\234cc``\340c@\000&\206\376%\347W\2603\256\274pt!#"
  16      6060E063 
  16      40002686 
  16      FE25E757 
  16      B033AEBC 
  17 0018 03002B56 		.ascii	"\003\000+V\005\251"
  17      05A9
  18              		.text
  19              		.section	.gnu.lto_.jmpfuncs.e992d52f,"",%progbits
  20 0000 789C6363 		.ascii	"x\234cc``8\317\310\000\007L@\314\3028\205\231q\353\351"
  20      606038CF 
  20      C800074C 
  20      40CCC238 
  20      859971EB 
  21 0015 03B7D8BB 		.ascii	"\003\267\330\273\231\347030j0nf\224a`<\300\302\250\001"
  21      99E73033 
  21      306A306E 
  21      66946160 
  21      3CC0C2A8 
  22 002a C40C0C20 		.ascii	"\304\014\014 \351\247+\016?\346\202H\2631n\201J\263"
  22      E9A72B0E 
  22      3FE68248 
  22      B3316E81 
  22      4AB3
  23 003c 81A5C1DA 		.ascii	"\201\245\301\332\037\317|\272\213\033\"/\316\270\025"
  23      1FCF7CBA 
  23      8B1B222F 
  23      CEB815
  24 004b 2A2F0ED1 		.ascii	"*/\016\321\216M\375\331\205k\316\261A\324s1n\203\312"
  24      8E4DFDD9 
  24      856BCEB1 
  24      41D47331 
  24      6E83CA
  25 005e 73E1563F 		.ascii	"s\341V?\355\354\304]P\365\234\214\333\241\362\234\270"
  25      EDECC45D 
  25      50F59C8C 
  25      DBA1F29C 
  25      B8
ARM GAS  C:\Users\Pasquale\AppData\Local\Temp\ccj26CNq.s 			page 2


  26 006f D577FDBA 		.ascii	"\325w\375\272\336\307\001Q\317\301\270\003*\317\201"
  26      DEC70151 
  26      CFC1B803 
  26      2ACF81
  27 007e 5BFDC953 		.ascii	"[\375\311S\323W\360@\324\2633\356\204\312\263\343P\217"
  27      D357F040 
  27      D4B333EE 
  27      84CAB3E3 
  27      508F
  28 0090 2680C107 		.ascii	"&\200\301\007\006+#Z\030\002\005PC\005(\200\352m\240"
  28      062B235A 
  28      18020550 
  28      43052880 
  28      EA6DA0
  29 00a3 00AABF80 		.ascii	"\000\252\277\200\002\250\016\007\012\240\272\214\011"
  29      02A80E07 
  29      0AA0BA8C 
  29      09
  30 00b0 DD660600 		.ascii	"\335f\006\000M\273U\224"
  30      4DBB5594 
  31              		.text
  32              		.section	.gnu.lto_.inline.e992d52f,"",%progbits
  33 0000 789C6363 		.ascii	"x\234cc``hf@\000&\006\006\211k\014\214 \232\201m\201"
  33      60606866 
  33      40002606 
  33      06896B0C 
  33      8C209A81 
  34 0016 3C886260 		.ascii	"<\210b`\346\001\213\023O12\010\236G3\203\211\033$L\014"
  34      E6018B13 
  34      4F313208 
  34      9E473383 
  34      891B244C 
  35 002b C90000AF 		.ascii	"\311\000\000\257K\004\310"
  35      4B04C8
  36              		.text
  37              		.section	.gnu.lto_.pureconst.e992d52f,"",%progbits
  38 0000 789C6363 		.ascii	"x\234cc```\005b&\006\011F\011\000\000\364\000?"
  38      60606005 
  38      62260609 
  38      46090000 
  38      F4003F
  39              		.text
  40              		.section	.gnu.lto_irqInit.e992d52f,"",%progbits
  41 0000 789C7DD2 		.ascii	"x\234}\322?HBA\030\000\360\357{W\317\247\025\215\005"
  41      3F484241 
  41      1800F0EF 
  41      7B57CFA7 
  41      158D05
  42 0013 45732E3E 		.ascii	"Es.>\324\226\376\314m\321P{\224\213Ba\370\034\334\336"
  42      D496FECC 
  42      6DD1507B 
  42      948B4261 
  42      F81CDCDE 
  43 0027 AB30FB47 		.ascii	"\2530\373G\030\224\022\210XK\016\201H\231=\313z\331"
  43      18941288 
  43      584B0E81 
  43      48993DCB 
ARM GAS  C:\Users\Pasquale\AppData\Local\Temp\ccj26CNq.s 			page 3


  43      7AD9
  44 0039 54A1434B 		.ascii	"T\241CKPS\231MR{\220u\317\013\342\015\275\217\373\356"
  44      5053994D 
  44      527B9075 
  44      CF0BE20D 
  44      BD8FFBEE 
  45 004d 3EEEEE77 		.ascii	">\356\356w7\334\361\0000\314\001\214\320\261\207&\022"
  45      37DCF100 
  45      30CC018C 
  45      D0B18726 
  45      12
  46 005e 402E5A01 		.ascii	"@.Z\001X\0208D\275P\004\004\231C\0317\3106\301R\344"
  46      58103844 
  46      BD500404 
  46      99431937 
  46      C836C152 
  47 0073 4DE5EC07 		.ascii	"M\345\354\007\012\015-\036\355\\V\302\335\011\002\020"
  47      0A0D2D1E 
  47      ED5C56C2 
  47      DD090210 
  48 0083 A3A9071E 		.ascii	"\243\251\007\036\241\035\350\266\227lc\247\203oa\363"
  48      A11DE8B6 
  48      976C63A7 
  48      836F61F3 
  49 0093 788C3C20 		.ascii	"x\214< -2\367\255\232\322\370\216(\332\353>\346\307"
  49      2D32F7AD 
  49      9AD2F88E 
  49      28DAEB3E 
  49      E6C7
  50 00a5 AD002B74 		.ascii	"\255\000+t\235^\242h\260J8\275Z\322\240\216\341T&I\232"
  50      9D5EA268 
  50      B04A38BD 
  50      5AD2A08E 
  50      E1542649 
  51 00ba 8A1EA5AA 		.ascii	"\212\036\245\252\365'\213\374\245\010\011\2021B\217"
  51      F5278BFC 
  51      A5080982 
  51      31428F
  52 00c9 C11CCAFA 		.ascii	"\301\034\312\372B-}]\265\255\223\004\341\220\307\023"
  52      422D7D5D 
  52      B5AD9304 
  52      E190C713 
  53 00d9 ECD53341 		.ascii	"\354\3253AH\323g\373\376\347y\306on\343\351v\306-xj"
  53      48D367FB 
  53      FEE779C6 
  53      6F6EE3E9 
  53      76C62D78 
  54 00ee E43913AE 		.ascii	"\3449\023\2562\276\366\371\260)0.`\301\310U\023~\306"
  54      32BEF6F9 
  54      B029302E 
  54      60C1C855 
  54      137EC6
  55 0101 78ACBC55 		.ascii	"x\254\274U\340\031\267\342\271\221\027Mx\221\361\362"
  55      E019B7E2 
  55      B991174D 
  55      7891F1F2 
  56 0111 DE61E597 		.ascii	"\336a\345\227\333\360\302\310\237M\370%\343\325\335"
ARM GAS  C:\Users\Pasquale\AppData\Local\Temp\ccj26CNq.s 			page 4


  56      DBF0C2C8 
  56      9F4DF825 
  56      E3D5DD
  57 0120 5AA18DF1 		.ascii	"Z\241\215\361.\324\214\274f\302\257\030\317\335i\217"
  57      2ED48CBC 
  57      66C2AF18 
  57      CFDD698F 
  58 0130 16C6FBB1 		.ascii	"\026\306\373\261\364\307\337q1\365\221\304\246\327c"
  58      F4C7DF71 
  58      31F591C4 
  58      A6D763
  59 013f 8522FAA6 		.ascii	"\205\"\372\246\364{\0159\034\"m\036\257o\306\347\227"
  59      F47B0D39 
  59      1C226D1E 
  59      AF6FC6E7 
  59      97
  60 0150 9C834ED1 		.ascii	"\234\203N\321/\211\336\351Yq\336\037\010J\342\304\344"
  60      2F89DEE9 
  60      5971DE1F 
  60      084AE2C4 
  60      E4
  61 0161 98DBC5FA 		.ascii	"\230\333\305\372\321\201PH\224\202sn\327\224O\0128<"
  61      D1815048 
  61      9482736E 
  61      D7944F0A 
  61      383C
  62 0173 F0031E8B 		.ascii	"\360\003\036\213\305\302"
  62      C5C2
  63              		.text
  64              		.section	.gnu.lto_irqDeinit.e992d52f,"",%progbits
  65 0000 789C7DD2 		.ascii	"x\234}\322MH\002A\024\000\340\367vj]\255\350XP\3405"
  65      4D480241 
  65      1400E0F7 
  65      766A5DAD 
  65      E85850E0 
  66 0015 2F2E6A97 		.ascii	"/.j\227\242s\267\350P\367(/\012\205\341z\360\266\333"
  66      A273B7E8 
  66      50F7282F 
  66      0A85E17A 
  66      F0B6DB
  67 0028 AFF64314 		.ascii	"\257\366C\024\224\022\010Z\227<\004\021e\266\226\265"
  67      9412085A 
  67      973C0411 
  67      65B696B5 
  68 0038 D9A9420F 		.ascii	"\331\251B\017\021\004u*1\010\254S\020\024\375\314:\301"
  68      1104752A 
  68      3108AC53 
  68      1014FDCC 
  68      3AC1
  69 004a 9EDAC7FC 		.ascii	"\236\332\307\374<\346\3157s\230\341\001\300\316\001"
  69      3CE6CD37 
  69      7398E101 
  69      C0CE01
  70 0059 F4D0B98D 		.ascii	"\364\320\271\215v$\200\334r\011`B\340\020\365D\021\020"
  70      762480DC 
  70      72096042 
  70      E010F544 
ARM GAS  C:\Users\Pasquale\AppData\Local\Temp\ccj26CNq.s 			page 5


  70      1110
  71 006b 640E655C 		.ascii	"d\016e\\$\253\004\013\221'\225sl)4\264\370M\363\254"
  71      24AB040B 
  71      91279573 
  71      6C2934B4 
  71      F84DF3AC 
  72 007f 32D39A20 		.ascii	"2\323\232 \0001\332\365\300=t\000\335\366\270\373\275"
  72      0031DAF5 
  72      C03D7400 
  72      DDF6B8FB 
  72      BD
  73 0090 D6C4D7B1 		.ascii	"\326\304\327\261u\334G\036\220&;\327\365\232\362\375"
  73      75DC471E 
  73      90263BD7 
  73      F59AF2FD 
  74 00a0 1351B4B7 		.ascii	"\023Q\264\267M\374\354\267\002Di\235^\242h0G8=\233\322"
  74      4DFCECB7 
  74      0244699D 
  74      5EA26830 
  74      47383D9B 
  75 00b5 A08AD3A9 		.ascii	"\240\212\323\251l\222\324\024=JU\253\367\026\371K\021"
  75      6C92D414 
  75      3D4A55AB 
  75      F716F94B 
  75      11
  76 00c6 12046384 		.ascii	"\022\004c\204\036\203\031\224\365B%}^\266-\220\004\341"
  76      1E831994 
  76      F542257D 
  76      5EB62D90 
  76      04E1
  77 00d8 90C7036C 		.ascii	"\220\307\003lO\020R\263\252\375\177\232e\364\3422\236"
  77      4F1052B3 
  77      AAFD7F9A 
  77      65F4E232 
  77      9E
  78 00e9 6E64D482 		.ascii	"nd\324\202\207\006\315\233P\225\321\371\217\333%\201"
  78      8706CD9B 
  78      5095D1F9 
  78      8FDB2581 
  79 00f9 51017306 		.ascii	"Q\001s\006}0\241G\214\306\212+9\236Q+\036\033\264bB"
  79      7D30A147 
  79      8CC68A2B 
  79      399E512B 
  79      1E1BB462 
  80 010e F38C1637 		.ascii	"\363\214\0267\266K\177\324\206'\006}6\241\247\214\226"
  80      B64B7FD4 
  80      8627067D 
  80      36A1A78C 
  80      96
  81 011f D72BB906 		.ascii	"\327+\271\006F[P3\350\213\011=c4s\245\335Y\030\355\300"
  81      465B5033 
  81      E88B093D 
  81      633473A5 
  81      DD5918ED 
  82 0134 02A3AF38 		.ascii	"\002\243\2578\231zOb\315\352\021\245\200\276\033\375"
  82      997A4F62 
  82      CDEA11A5 
ARM GAS  C:\Users\Pasquale\AppData\Local\Temp\ccj26CNq.s 			page 6


  82      80BE1BFD 
  83 0144 42DD4EA7 		.ascii	"B\335N\247H\233\327\347\037\361\007$W\227K\014H\242"
  83      489BD7E7 
  83      1FF10724 
  83      57974B0C 
  83      48A2
  84 0156 6F78541C 		.ascii	"oxT\034\017\004C\22280\330\347q\263\261\2673\034\026"
  84      0F044392 
  84      3830D8E7 
  84      71B3B1B7 
  84      331C16
  85 0169 A5D098C7 		.ascii	"\245\320\230\307=\344\227\202N/\374\002!\233\300\363"
  85      3DE49782 
  85      4E2FFC02 
  85      219BC0F3 
  86              		.text
  87              		.section	.gnu.lto_.symbol_nodes.e992d52f,"",%progbits
  88 0000 789C55CB 		.ascii	"x\234U\313\315\011\2000\014\206\341\257)8\227N\226\036"
  88      CD098030 
  88      0C86E1AF 
  88      2938974E 
  88      961E
  89 0012 3A804374 		.ascii	":\200Ct\010\361\334\203?\340\014\012\235CL\365\023\364"
  89      08F1DC83 
  89      3FE00C0A 
  89      9D434CF5 
  89      13F4
  90 0024 109EF086 		.ascii	"\020\236\360\2064\000\006\033\310$\012\364\033`\214"
  90      3400061B 
  90      C8240AF4 
  90      1B608C
  91 0033 A1B3328B 		.ascii	"\241\2632\213\272_q\213\250\334\005\010\241\265\260"
  91      BA5F718B 
  91      A8DC0508 
  91      A1B5B0
  92 0042 8AFA6FF0 		.ascii	"\212\372o\360\020\244\375t\325L\013\215\307c\242\231"
  92      10A4FD74 
  92      D54C0B8D 
  92      C763A299 
  93 0052 96AA6DF7 		.ascii	"\226\252m\367\237\231i\241\361\275\323L\353\037.\232"
  93      9F9969A1 
  93      F1BDD34C 
  93      EB1F2E9A 
  94 0062 EB36A7   		.ascii	"\3536\247"
  95              		.text
  96              		.section	.gnu.lto_.refs.e992d52f,"",%progbits
  97 0000 789C6363 		.ascii	"x\234cc```\004b\006\000\000D\000\010"
  97      60606004 
  97      62060000 
  97      440008
  98              		.text
  99              		.section	.gnu.lto_.decls.e992d52f,"",%progbits
 100 0000 789CAD53 		.ascii	"x\234\255S[l\024U\030>\377\314R\332i\241\325\030\202"
 100      5B6C1455 
 100      183EFFCC 
 100      52DA69A1 
 100      D51882
ARM GAS  C:\Users\Pasquale\AppData\Local\Temp\ccj26CNq.s 			page 7


 101 0013 090F9BBE 		.ascii	"\011\017\233\276\300\013\273\335\226\204\313\003\321"
 101      C00BBBDD 
 101      9684CB03 
 101      D1
 102 0020 005E1EEA 		.ascii	"\000^\036\352\203\267\3048\311\262\335\035\354$\273"
 102      83B7C438 
 102      C9B2DD1D 
 102      EC24BB
 103 002f 33B0336B 		.ascii	"3\2603kJ\302\303\261(!\024SL*\310Rc\305F \020l\224k"
 103      4AC2C3B1 
 103      28211453 
 103      4C2AC852 
 103      63C54620 
 104 0047 A1ED2EDA 		.ascii	"\241\355.\332n\265[z\021BL\244\333\000\206\213<\000"
 104      6EB55B7A 
 104      11424CA4 
 104      DB00868B 
 104      3C00
 105 0059 511B9164 		.ascii	"Q\033\221d\375\31793\273\253\270>\030O\346\314\231\363"
 105      FDCF3933 
 105      BBABB83E 
 105      184FE6CC 
 105      99F3
 106 006b 9DFFFFBE 		.ascii	"\235\377\377\276\357\234\363O\005!\344S\017!C@\310a"
 106      EF9CF34F 
 106      0521E453 
 106      0F214340 
 106      C861
 107 007d FCCE6393 		.ascii	"\374\316c\223qLcG\210\014\020\3210\204\014c\317`\317"
 107      714C6347 
 107      880C10D1 
 107      30840C63 
 107      CF60CF
 108 0090 629F248F 		.ascii	"b\237$\217\267\016\020q\033\261O9\271c\316\232\344\344"
 108      B70E1071 
 108      1BB14F39 
 108      B963CE9A 
 108      E4E4
 109 00a2 67FF21AF 		.ascii	"g\377!\257\263$o\332\311\233(\311\313\224\321\353\222"
 109      B3246FDA 
 109      C99B28C9 
 109      CB94D1EB 
 109      92
 110 00b3 E1EAE891 		.ascii	"\341\352\350\221\243r\207\014K\025`\316k\021\372\342"
 110      A372870C 
 110      4B1560CE 
 110      6B11FAE2 
 111 00c3 EED9DF17 		.ascii	"\356\331\337\027\010\210EL>\272Cke\211\177\017\036z"
 111      0888454C 
 111      3EBA436B 
 111      65897F0F 
 111      1E7A
 112 00d5 BFABCA77 		.ascii	"\277\253\312w\214\212V\271\215\300I\220]\252\351\316"
 112      8C8A56B9 
 112      8DC04990 
 112      5DAAE9CE 
 113 00e5 07BDF3E5 		.ascii	"\007\275\363\345\015<p\352\335\276nF\373\244\002\036"
ARM GAS  C:\Users\Pasquale\AppData\Local\Temp\ccj26CNq.s 			page 8


 113      0D3C70EA 
 113      DDBE6E46 
 113      FBA4021E 
 114 00f5 9CDE1F4F 		.ascii	"\234\336\037O^_\210\323\247\024\360v\311R\356\207?~"
 114      5E5F88D3 
 114      A714F076 
 114      C952EE87 
 114      3F7E
 115 0107 5C08CAB2 		.ascii	"\\\010\312\262\235\224\266\323\236\355\264\352\005\002"
 115      9D94B6D3 
 115      9EEDB4EA 
 115      0502
 116 0115 6761099C 		.ascii	"ga\011\234\201%\004\316\3012&}\012|\004N \370\025\202"
 116      812504CE 
 116      C132267D 
 116      0A7C044E 
 116      20F81582 
 117 0129 9F33B954 		.ascii	"\2373\271T&\271v\377\003J\275\320\017\012\234\006\231"
 117      26B976FF 
 117      034ABDD0 
 117      0F0A9C06 
 117      99
 118 013a C7E0292F 		.ascii	"\307\340)/U\204\201#\275\037\034\254\220O\003s \235"
 118      55848123 
 118      BD1F1CAC 
 118      904F0373 
 118      209D
 119 014c 3BF0D3B0 		.ascii	";\360\323\260TNc\260\274\306\231\372\221\367(\225`\000"
 119      544E63B0 
 119      BCC699FA 
 119      91F72895 
 119      6000
 120 015e 35CE1735 		.ascii	"5\316\0275P\222\015\210\242P\177z`\250:\007W\001\017"
 120      50920D88 
 120      A2507F7A 
 120      60A83A07 
 120      57010F
 121 0171 17EAF8FE 		.ascii	"\027\352\370\376\001\304\033G\326\371<\3576\0208\242"
 121      01C41B47 
 121      D6F93CEF 
 121      361038A2 
 122 0181 92189C50 		.ascii	"\222\030\234P6qS\240\200H\016\207\344\362\362\307!\200"
 122      367153A0 
 122      80480E87 
 122      E4F2F2C7 
 122      2180
 123 0193 5256B12E 		.ascii	"RV\261.\344\334&\312N|\224\344\011H*\212\225\244<\346"
 123      E4DC26CA 
 123      4E7C94E4 
 123      09482A8A 
 123      95A43CE6 
 124 01a7 9514960B 		.ascii	"\225\024\226\013\246\212\233\004\347\272/\337\335}\274"
 124      A68A9B04 
 124      E7BA2FDF 
 124      DD7DBC
 125 01b6 66166670 		.ascii	"f\026fp\365\015B\366T\306\370\305w\374\374\260\023\344"
 125      F50D42F6 
ARM GAS  C:\Users\Pasquale\AppData\Local\Temp\ccj26CNq.s 			page 9


 125      54C6F8C5 
 125      77FCFCB0 
 125      13E4
 126 01c8 6E512EC3 		.ascii	"nQ.\303\371\271T\255\250\002\211\025\310\275\354\307"
 126      F9B954AD 
 126      A8028915 
 126      C8BDECC7 
 127 01d8 D5A20AEA 		.ascii	"\325\242\012\352pzlw\276k\336\342\275\354\330\367l\247"
 127      707A6C77 
 127      BE6BDEE2 
 127      BDECD8F7 
 127      6CA7
 128 01ea 75126C5C 		.ascii	"u\022l\\\004_\343e\\\300\313 \360\015,\306\267\341\021"
 128      045FE365 
 128      5CC0CB20 
 128      F00D2CC6 
 128      B7E111
 129 01fd 62EFECF8 		.ascii	"b\357\354\370d_u}\017\355\231\245\251\233Y\357\371\354"
 129      645F757D 
 129      0FED99A5 
 129      A99B59EF 
 129      F9EC
 130 020f 0E3A8979 		.ascii	"\016:\211y\317\3608H\027\357)\315\352\021R0\0130\004"
 130      CFF03848 
 130      17EF29CD 
 130      EA115230 
 130      0B3004
 131 0222 39F4360C 		.ascii	"9\3646\014\365\230\177\353\306o\277(rN\330\352=5\362"
 131      F5987FEB 
 131      C66FBF28 
 131      724ED8EA 
 131      3D35F2
 132 0235 91EC904D 		.ascii	"\221\354\220M\257M\322T;e7\316\230F\212L#\177g\312p"
 132      AF4DD254 
 132      3B6537CE 
 132      98468A4C 
 132      237F67CA 
 133 024a A60397AE 		.ascii	"\246\003\227\256}&\311\267\005S\346\360\3114x$Q\030"
 133      7D26C9B7 
 133      0553E6F0 
 133      C9347824 
 133      5118
 134 025c CC2C6263 		.ascii	"\314,bcs\207\206<\005\354[\340\340\375\301\231\275R"
 134      7387863C 
 134      05EC5BE0 
 134      E0FDC199 
 134      BD52
 135 026e D9BD8EF1 		.ascii	"\331\275\216\361\275~\007\316f{\277\354>Z\203\376f\261"
 135      BD7E07CE 
 135      667BBFEC 
 135      3E5A83FE 
 135      66B1
 136 0280 1EAFE456 		.ascii	"\036\257\344V\355\357\273Ew*<\012F\213\376F\235?\017"
 136      EDEFBB45 
 136      772A3C0A 
 136      468BFE46 
 136      9D3F0F
ARM GAS  C:\Users\Pasquale\AppData\Local\Temp\ccj26CNq.s 			page 10


 137 0293 B2DCD7E5 		.ascii	"\262\334\327\345\231\201{\262|\\.\353k\337\367\007\373"
 137      99817BB2 
 137      7C5C2EEB 
 137      6BDFF707 
 137      FB
 138 02a4 1794B530 		.ascii	"\027\224\2650\301-\\t-\364\374:\327\3408x\370t\222^"
 138      C12D5C74 
 138      2DF4FC3A 
 138      D7E03878 
 138      F874925E 
 139 02b8 9058008C 		.ascii	"\220X\000\214\027\325\307]\365I\256\236l\357\273VQ\263"
 139      17D5C75D 
 139      F549AE9E 
 139      6CEFBB56 
 139      51B3
 140 02ca ABF0AF71 		.ascii	"\253\360\257q\263\356\357F`\012jx0\216\030\374a~\356"
 140      B3EEEF46 
 140      600A6A78 
 140      308E18FC 
 140      617EEE
 141 02dd FABCD2E0 		.ascii	"\372\274\322\340\211\277\004O;\301l\\\355\363\371\361"
 141      89BF044F 
 141      3BC16C5C 
 141      EDF3F9F1 
 142 02ed 09B7EA2D 		.ascii	"\011\267\352-\272i\005V\007\374\246\345o\015E\375\233"
 142      BA690556 
 142      07FCA6E5 
 142      6F0D45FD 
 142      9B
 143 02fe CDB86DF9 		.ascii	"\315\270m\371_y\265\271\251Q\274\237[\321\326\346\267"
 143      5F79B5B9 
 143      A951BC9F 
 143      5BD1D6E6 
 143      B7
 144 030f EC585363 		.ascii	"\354XScP\267\342\276p\345\363/\275\346]\027\010\020"
 144      50B7E2BE 
 144      70E5F32F 
 144      BDE65D17 
 144      0810
 145 0321 25184CE8 		.ascii	"%\030L\350\206\215\270\275)\274F\345T\226\235\210\350"
 145      868DB8BD 
 145      29BC46E5 
 145      54969D88 
 145      E8
 146 0332 A66A9B66 		.ascii	"\246j\233f\324R\3372\022^\376\345\015\305c^-\326\242"
 146      D452DF32 
 146      125EFEE5 
 146      0DC5635E 
 146      2DD6A2
 147 0345 45225A44 		.ascii	"E\"ZD]\351k\36066\004VnY\241\"\276\3340\015m\271\026"
 147      5DE96BF0 
 147      36360456 
 147      6E59A122 
 147      BEDC300D 
 148 035c 6AD155DD 		.ascii	"j\321U\335\010G\023\021M\215\205\220\313\320\324`D\333"
 148      08471311 
 148      4D8D8590 
ARM GAS  C:\Users\Pasquale\AppData\Local\Temp\ccj26CNq.s 			page 11


 148      CBD0D460 
 148      44DB
 149 036e 144A44ED 		.ascii	"\024JD\355\240\275u\263f\371ZI\245\253\367\346\377\252"
 149      A0BD75B3 
 149      66F95A49 
 149      A5ABF7E6 
 149      FFAA
 150 0380 676DB5D4 		.ascii	"gm\265\324\240eG\220\034E\346\353\361-/\032\272\275"
 150      A0654790 
 150      1C45E6EB 
 150      F12D2F1A 
 150      BABD
 151 0392 E63F9F10 		.ascii	"\346?\237\020\251B\212\365\232\216$u\306\333zx\203\021"
 151      A9428AF5 
 151      9A8E2475 
 151      C6DB7A78 
 151      8311
 152 03a4 6A896AAF 		.ascii	"j\211j\257ka\333\2147\375;k\330\214\305L\303\377\354"
 152      6B61DB8C 
 152      37FD3B6B 
 152      D88CC54C 
 152      C3FFEC
 153 03b7 CBCDEB9A 		.ascii	"\313\315\353\232\333\374,\031\035=\301\306\365\272U"
 153      DBFC2C19 
 153      1D3DC1C6 
 153      F5BA55
 154 03c6 64F9134A 		.ascii	"d\371\023J\\\340\210"
 154      5CE088
 155              		.text
 156              		.section	.gnu.lto_.symtab.e992d52f,"",%progbits
 157 0000 69727149 		.ascii	"irqInit\000"
 157      6E697400 
 158 0008 00       		.ascii	"\000"
 159 0009 00       		.ascii	"\000"
 160 000a 00       		.ascii	"\000"
 161 000b 00000000 		.ascii	"\000\000\000\000\000\000\000\000"
 161      00000000 
 162 0013 C5000000 		.ascii	"\305\000\000\000"
 163 0017 69727144 		.ascii	"irqDeinit\000"
 163      65696E69 
 163      7400
 164 0021 00       		.ascii	"\000"
 165 0022 00       		.ascii	"\000"
 166 0023 00       		.ascii	"\000"
 167 0024 00000000 		.ascii	"\000\000\000\000\000\000\000\000"
 167      00000000 
 168 002c C7000000 		.ascii	"\307\000\000\000"
 169 0030 6E766963 		.ascii	"nvicEnableVector\000"
 169      456E6162 
 169      6C655665 
 169      63746F72 
 169      00
 170 0041 00       		.ascii	"\000"
 171 0042 02       		.ascii	"\002"
 172 0043 00       		.ascii	"\000"
 173 0044 00000000 		.ascii	"\000\000\000\000\000\000\000\000"
 173      00000000 
ARM GAS  C:\Users\Pasquale\AppData\Local\Temp\ccj26CNq.s 			page 12


 174 004c CC000000 		.ascii	"\314\000\000\000"
 175 0050 6E766963 		.ascii	"nvicDisableVector\000"
 175      44697361 
 175      626C6556 
 175      6563746F 
 175      7200
 176 0062 00       		.ascii	"\000"
 177 0063 02       		.ascii	"\002"
 178 0064 00       		.ascii	"\000"
 179 0065 00000000 		.ascii	"\000\000\000\000\000\000\000\000"
 179      00000000 
 180 006d D0000000 		.ascii	"\320\000\000\000"
 181              		.text
 182              		.section	.gnu.lto_.opts,"",%progbits
 183 0000 272D666D 		.ascii	"'-fmath-errno' '-fsigned-zeros' '-ftrapping-math' '"
 183      6174682D 
 183      6572726E 
 183      6F272027 
 183      2D667369 
 184 0033 2D666E6F 		.ascii	"-fno-trapv' '-fno-openmp' '-fno-openacc' '-mcpu=cor"
 184      2D747261 
 184      70762720 
 184      272D666E 
 184      6F2D6F70 
 185 0066 7465782D 		.ascii	"tex-m4' '-mthumb' '-O2' '-fomit-frame-pointer' '-fa"
 185      6D342720 
 185      272D6D74 
 185      68756D62 
 185      2720272D 
 186 0099 6C69676E 		.ascii	"lign-functions=16' '-ffunction-sections' '-fdata-se"
 186      2D66756E 
 186      6374696F 
 186      6E733D31 
 186      36272027 
 187 00cc 6374696F 		.ascii	"ctions' '-fno-common' '-flto'\000"
 187      6E732720 
 187      272D666E 
 187      6F2D636F 
 187      6D6D6F6E 
 188              		.text
 189              		.comm	__gnu_lto_v1,1,1
 190              		.comm	__gnu_lto_slim,1,1
 191              		.ident	"GCC: (GNU Tools for Arm Embedded Processors 7-2017-q4-major) 7.2.1 20170904 (release) [ARM
ARM GAS  C:\Users\Pasquale\AppData\Local\Temp\ccj26CNq.s 			page 13


DEFINED SYMBOLS
                            *ABS*:00000000 stm32_isr.c
                            *COM*:00000001 __gnu_lto_v1
                            *COM*:00000001 __gnu_lto_slim

NO UNDEFINED SYMBOLS
